Build started 12/19/2011 4:12:20 PM.
     1>Project "C:\cygwin\home\nsinha\trunk\src\modules\video_processing_unittests.vcxproj" on node 3 (build target(s)).
     1>C:\WINDOWS\Microsoft.NET\Framework\v4.0.30319\Microsoft.Common.Targets(1200,9): warning : The referenced project 'src\modules\video_processing.vcxproj' does not exist.
     1>C:\WINDOWS\Microsoft.NET\Framework\v4.0.30319\Microsoft.Common.Targets(1200,9): warning : The referenced project 'src\modules\webrtc_utility.vcxproj' does not exist.
     1>C:\WINDOWS\Microsoft.NET\Framework\v4.0.30319\Microsoft.Common.Targets(1200,9): warning : The referenced project 'test\test_support_main.vcxproj' does not exist.
     1>C:\WINDOWS\Microsoft.NET\Framework\v4.0.30319\Microsoft.Common.Targets(1200,9): warning : The referenced project 'testing\gtest.vcxproj' does not exist.
     1>C:\WINDOWS\Microsoft.NET\Framework\v4.0.30319\Microsoft.Common.Targets(1200,9): warning : The referenced project 'src\modules\audio_coding_module.vcxproj' does not exist.
     1>C:\WINDOWS\Microsoft.NET\Framework\v4.0.30319\Microsoft.Common.Targets(1200,9): warning : The referenced project 'src\modules\CNG.vcxproj' does not exist.
     1>C:\WINDOWS\Microsoft.NET\Framework\v4.0.30319\Microsoft.Common.Targets(1200,9): warning : The referenced project 'src\common_audio\signal_processing.vcxproj' does not exist.
     1>C:\WINDOWS\Microsoft.NET\Framework\v4.0.30319\Microsoft.Common.Targets(1200,9): warning : The referenced project 'src\modules\G711.vcxproj' does not exist.
     1>C:\WINDOWS\Microsoft.NET\Framework\v4.0.30319\Microsoft.Common.Targets(1200,9): warning : The referenced project 'src\modules\G722.vcxproj' does not exist.
     1>C:\WINDOWS\Microsoft.NET\Framework\v4.0.30319\Microsoft.Common.Targets(1200,9): warning : The referenced project 'src\modules\iLBC.vcxproj' does not exist.
     1>C:\WINDOWS\Microsoft.NET\Framework\v4.0.30319\Microsoft.Common.Targets(1200,9): warning : The referenced project 'src\modules\iSAC.vcxproj' does not exist.
     1>C:\WINDOWS\Microsoft.NET\Framework\v4.0.30319\Microsoft.Common.Targets(1200,9): warning : The referenced project 'src\modules\iSACFix.vcxproj' does not exist.
     1>C:\WINDOWS\Microsoft.NET\Framework\v4.0.30319\Microsoft.Common.Targets(1200,9): warning : The referenced project 'src\modules\PCM16B.vcxproj' does not exist.
     1>C:\WINDOWS\Microsoft.NET\Framework\v4.0.30319\Microsoft.Common.Targets(1200,9): warning : The referenced project 'src\modules\NetEq.vcxproj' does not exist.
     1>C:\WINDOWS\Microsoft.NET\Framework\v4.0.30319\Microsoft.Common.Targets(1200,9): warning : The referenced project 'src\common_audio\resampler.vcxproj' does not exist.
     1>C:\WINDOWS\Microsoft.NET\Framework\v4.0.30319\Microsoft.Common.Targets(1200,9): warning : The referenced project 'src\common_audio\vad.vcxproj' does not exist.
     1>C:\WINDOWS\Microsoft.NET\Framework\v4.0.30319\Microsoft.Common.Targets(1200,9): warning : The referenced project 'src\system_wrappers\source\system_wrappers.vcxproj' does not exist.
     1>C:\WINDOWS\Microsoft.NET\Framework\v4.0.30319\Microsoft.Common.Targets(1200,9): warning : The referenced project 'src\modules\webrtc_video_coding.vcxproj' does not exist.
     1>C:\WINDOWS\Microsoft.NET\Framework\v4.0.30319\Microsoft.Common.Targets(1200,9): warning : The referenced project 'src\modules\webrtc_i420.vcxproj' does not exist.
     1>C:\WINDOWS\Microsoft.NET\Framework\v4.0.30319\Microsoft.Common.Targets(1200,9): warning : The referenced project 'src\modules\webrtc_vp8.vcxproj' does not exist.
     1>C:\WINDOWS\Microsoft.NET\Framework\v4.0.30319\Microsoft.Common.Targets(1200,9): warning : The referenced project 'src\common_video\webrtc_libyuv.vcxproj' does not exist.
     1>C:\WINDOWS\Microsoft.NET\Framework\v4.0.30319\Microsoft.Common.Targets(1200,9): warning : The referenced project 'third_party\libyuv\libyuv.vcxproj' does not exist.
     1>C:\WINDOWS\Microsoft.NET\Framework\v4.0.30319\Microsoft.Common.Targets(1200,9): warning : The referenced project 'test\test_support.vcxproj' does not exist.
     1>C:\WINDOWS\Microsoft.NET\Framework\v4.0.30319\Microsoft.Common.Targets(1200,9): warning : The referenced project 'testing\gmock.vcxproj' does not exist.
     1>C:\WINDOWS\Microsoft.NET\Framework\v4.0.30319\Microsoft.Common.Targets(1200,9): warning : The referenced project 'third_party\libvpx\libvpx.vcxproj' does not exist.
     1>InitializeBuildStatus:
         Creating "C:\cygwin\home\nsinha\trunk\Debug\obj\video_processing_unittests\video_processing_unittests.unsuccessfulbuild" because "AlwaysCreate" was specified.
       ClCompile:
         C:\Program Files\Microsoft Visual Studio 10.0\VC\bin\CL.exe /c /I.. /I..\.. /I..\..\third_party\wtl\include /I..\..\test /Ivideo_processing\main\interface /Iutility\interface /Iinterface /Iaudio_coding\main\interface /I..\..\testing\gtest\include /I..\..\third_party\platformsdk_win7\files\Include /I..\..\third_party\directxsdk\files\Include /I"C:\Program Files\Microsoft Visual Studio 10.0\\VC\atlmfc\include" /Zi /nologo /W4 /WX- /Od /Oy- /D _DEBUG /D _WIN32_WINNT=0x0601 /D WINVER=0x0601 /D WIN32 /D _WINDOWS /D NOMINMAX /D PSAPI_VERSION=1 /D _CRT_RAND_S /D CERT_CHAIN_PARA_HAS_EXTRA_FIELDS /D WIN32_LEAN_AND_MEAN /D _ATL_NO_OPENGL /D _HAS_EXCEPTIONS=0 /D _SECURE_ATL /D CHROMIUM_BUILD /D TOOLKIT_VIEWS=1 /D ENABLE_REMOTING=1 /D ENABLE_P2P_APIS=1 /D ENABLE_CONFIGURATION_POLICY /D ENABLE_INPUT_SPEECH /D ENABLE_GPU=1 /D ENABLE_EGLIMAGE=1 /D USE_SKIA=1 /D __STD_C /D _CRT_SECURE_NO_DEPRECATE /D _SCL_SECURE_NO_DEPRECATE /D ENABLE_REGISTER_PROTOCOL_HANDLER=1 /D WEBRTC_TARGET_PC /D UNIT_TEST /D __STDC_FORMAT_MACROS /D DYNAMIC_ANNOTATIONS_ENABLED=1 /D WTF_USE_DYNAMIC_ANNOTATIONS=1 /D _UNICODE /D UNICODE /Gm- /RTC1 /MTd /GS /Gy /fp:precise /Zc:wchar_t /Zc:forScope /GR- /Fo"C:\cygwin\home\nsinha\trunk\Debug\obj\video_processing_unittests\\" /Fd"C:\cygwin\home\nsinha\trunk\Debug\obj\video_processing_unittests\vc100.pdb" /Gd /TP /wd4351 /wd4396 /wd4503 /wd4819 /wd4100 /wd4121 /wd4125 /wd4127 /wd4130 /wd4131 /wd4189 /wd4201 /wd4238 /wd4244 /wd4245 /wd4310 /wd4355 /wd4428 /wd4481 /wd4505 /wd4510 /wd4512 /wd4530 /wd4610 /wd4611 /wd4701 /wd4702 /wd4706 /wd4800 /wd4389 /analyze- /errorReport:prompt video_processing\main\test\unit_test\denoising_test.cc video_processing\main\test\unit_test\brightness_detection_test.cc video_processing\main\test\unit_test\color_enhancement_test.cc video_processing\main\test\unit_test\unit_test.cc video_processing\main\test\unit_test\deflickering_test.cc video_processing\main\test\unit_test\content_metrics_test.cc /MP /we4389 
         denoising_test.cc
         brightness_detection_test.cc
         color_enhancement_test.cc
         unit_test.cc
         deflickering_test.cc
         content_metrics_test.cc
       ManifestResourceCompile:
         C:\Program Files\Microsoft SDKs\Windows\v7.0A\bin\rc.exe /nologo /fo"C:\cygwin\home\nsinha\trunk\Debug\obj\video_processing_unittests\video_processing_unittests.exe.embed.manifest.res" C:\cygwin\home\nsinha\trunk\Debug\obj\video_processing_unittests\video_processing_unittests_manifest.rc 
       Link:
         C:\Program Files\Microsoft Visual Studio 10.0\VC\bin\link.exe /ERRORREPORT:PROMPT /OUT:"../..\build\Debug\video_processing_unittests.exe" /INCREMENTAL /NOLOGO /LIBPATH:../../third_party/platformsdk_win7/files/Lib /LIBPATH:../../third_party/directxsdk/files/Lib/x86 wininet.lib dnsapi.lib version.lib msimg32.lib ws2_32.lib usp10.lib psapi.lib dbghelp.lib winmm.lib shlwapi.lib winmm.lib kernel32.lib user32.lib gdi32.lib winspool.lib comdlg32.lib advapi32.lib shell32.lib ole32.lib oleaut32.lib uuid.lib odbc32.lib odbccp32.lib Delayimp.lib /DELAYLOAD:dbghelp.dll /DELAYLOAD:dwmapi.dll /DELAYLOAD:uxtheme.dll /MANIFEST /ManifestFile:"C:\cygwin\home\nsinha\trunk\Debug\obj\video_processing_unittests\video_processing_unittests.exe.intermediate.manifest" /MANIFESTUAC:"level='asInvoker' uiAccess='false'" /DEBUG /PDB:"C:\cygwin\home\nsinha\trunk\build\Debug\video_processing_unittests.pdb" /SUBSYSTEM:CONSOLE /TLBID:1 /DYNAMICBASE:NO /FIXED:NO /NXCOMPAT /IMPLIB:"../..\build\Debug\lib\video_processing_unittests.lib" /MACHINE:X86 C:\cygwin\home\nsinha\trunk\Debug\obj\video_processing_unittests\video_processing_unittests.exe.embed.manifest.res
         C:\cygwin\home\nsinha\trunk\Debug\obj\video_processing_unittests\denoising_test.obj
         C:\cygwin\home\nsinha\trunk\Debug\obj\video_processing_unittests\brightness_detection_test.obj
         C:\cygwin\home\nsinha\trunk\Debug\obj\video_processing_unittests\color_enhancement_test.obj
         C:\cygwin\home\nsinha\trunk\Debug\obj\video_processing_unittests\unit_test.obj
         C:\cygwin\home\nsinha\trunk\Debug\obj\video_processing_unittests\deflickering_test.obj
         C:\cygwin\home\nsinha\trunk\Debug\obj\video_processing_unittests\content_metrics_test.obj /safeseh /dynamicbase /ignore:4199 /ignore:4221 /nxcompat 
     1>deflickering_test.obj : error LNK2019: unresolved external symbol "public: __thiscall testing::internal::AssertHelper::~AssertHelper(void)" (??1AssertHelper@internal@testing@@QAE@XZ) referenced in function "private: virtual void __thiscall webrtc::VideoProcessingModuleTest_Deflickering_Test::TestBody(void)" (?TestBody@VideoProcessingModuleTest_Deflickering_Test@webrtc@@EAEXXZ)
     1>content_metrics_test.obj : error LNK2001: unresolved external symbol "public: __thiscall testing::internal::AssertHelper::~AssertHelper(void)" (??1AssertHelper@internal@testing@@QAE@XZ)
     1>denoising_test.obj : error LNK2001: unresolved external symbol "public: __thiscall testing::internal::AssertHelper::~AssertHelper(void)" (??1AssertHelper@internal@testing@@QAE@XZ)
     1>brightness_detection_test.obj : error LNK2001: unresolved external symbol "public: __thiscall testing::internal::AssertHelper::~AssertHelper(void)" (??1AssertHelper@internal@testing@@QAE@XZ)
     1>color_enhancement_test.obj : error LNK2001: unresolved external symbol "public: __thiscall testing::internal::AssertHelper::~AssertHelper(void)" (??1AssertHelper@internal@testing@@QAE@XZ)
     1>unit_test.obj : error LNK2001: unresolved external symbol "public: __thiscall testing::internal::AssertHelper::~AssertHelper(void)" (??1AssertHelper@internal@testing@@QAE@XZ)
     1>deflickering_test.obj : error LNK2019: unresolved external symbol "public: void __thiscall testing::internal::AssertHelper::operator=(class testing::Message const &)const " (??4AssertHelper@internal@testing@@QBEXABVMessage@2@@Z) referenced in function "private: virtual void __thiscall webrtc::VideoProcessingModuleTest_Deflickering_Test::TestBody(void)" (?TestBody@VideoProcessingModuleTest_Deflickering_Test@webrtc@@EAEXXZ)
     1>content_metrics_test.obj : error LNK2001: unresolved external symbol "public: void __thiscall testing::internal::AssertHelper::operator=(class testing::Message const &)const " (??4AssertHelper@internal@testing@@QBEXABVMessage@2@@Z)
     1>denoising_test.obj : error LNK2001: unresolved external symbol "public: void __thiscall testing::internal::AssertHelper::operator=(class testing::Message const &)const " (??4AssertHelper@internal@testing@@QBEXABVMessage@2@@Z)
     1>brightness_detection_test.obj : error LNK2001: unresolved external symbol "public: void __thiscall testing::internal::AssertHelper::operator=(class testing::Message const &)const " (??4AssertHelper@internal@testing@@QBEXABVMessage@2@@Z)
     1>color_enhancement_test.obj : error LNK2001: unresolved external symbol "public: void __thiscall testing::internal::AssertHelper::operator=(class testing::Message const &)const " (??4AssertHelper@internal@testing@@QBEXABVMessage@2@@Z)
     1>unit_test.obj : error LNK2001: unresolved external symbol "public: void __thiscall testing::internal::AssertHelper::operator=(class testing::Message const &)const " (??4AssertHelper@internal@testing@@QBEXABVMessage@2@@Z)
     1>deflickering_test.obj : error LNK2019: unresolved external symbol "public: __thiscall testing::internal::AssertHelper::AssertHelper(enum testing::TestPartResult::Type,char const *,int,char const *)" (??0AssertHelper@internal@testing@@QAE@W4Type@TestPartResult@2@PBDH1@Z) referenced in function "private: virtual void __thiscall webrtc::VideoProcessingModuleTest_Deflickering_Test::TestBody(void)" (?TestBody@VideoProcessingModuleTest_Deflickering_Test@webrtc@@EAEXXZ)
     1>content_metrics_test.obj : error LNK2001: unresolved external symbol "public: __thiscall testing::internal::AssertHelper::AssertHelper(enum testing::TestPartResult::Type,char const *,int,char const *)" (??0AssertHelper@internal@testing@@QAE@W4Type@TestPartResult@2@PBDH1@Z)
     1>denoising_test.obj : error LNK2001: unresolved external symbol "public: __thiscall testing::internal::AssertHelper::AssertHelper(enum testing::TestPartResult::Type,char const *,int,char const *)" (??0AssertHelper@internal@testing@@QAE@W4Type@TestPartResult@2@PBDH1@Z)
     1>brightness_detection_test.obj : error LNK2001: unresolved external symbol "public: __thiscall testing::internal::AssertHelper::AssertHelper(enum testing::TestPartResult::Type,char const *,int,char const *)" (??0AssertHelper@internal@testing@@QAE@W4Type@TestPartResult@2@PBDH1@Z)
     1>color_enhancement_test.obj : error LNK2001: unresolved external symbol "public: __thiscall testing::internal::AssertHelper::AssertHelper(enum testing::TestPartResult::Type,char const *,int,char const *)" (??0AssertHelper@internal@testing@@QAE@W4Type@TestPartResult@2@PBDH1@Z)
     1>unit_test.obj : error LNK2001: unresolved external symbol "public: __thiscall testing::internal::AssertHelper::AssertHelper(enum testing::TestPartResult::Type,char const *,int,char const *)" (??0AssertHelper@internal@testing@@QAE@W4Type@TestPartResult@2@PBDH1@Z)
     1>denoising_test.obj : error LNK2019: unresolved external symbol "class testing::internal::String __cdecl testing::internal::GetBoolAssertionFailureMessage(class testing::AssertionResult const &,char const *,char const *,char const *)" (?GetBoolAssertionFailureMessage@internal@testing@@YA?AVString@12@ABVAssertionResult@2@PBD11@Z) referenced in function "private: virtual void __thiscall webrtc::VideoProcessingModuleTest_Denoising_Test::TestBody(void)" (?TestBody@VideoProcessingModuleTest_Denoising_Test@webrtc@@EAEXXZ)
     1>color_enhancement_test.obj : error LNK2001: unresolved external symbol "class testing::internal::String __cdecl testing::internal::GetBoolAssertionFailureMessage(class testing::AssertionResult const &,char const *,char const *,char const *)" (?GetBoolAssertionFailureMessage@internal@testing@@YA?AVString@12@ABVAssertionResult@2@PBD11@Z)
     1>unit_test.obj : error LNK2001: unresolved external symbol "class testing::internal::String __cdecl testing::internal::GetBoolAssertionFailureMessage(class testing::AssertionResult const &,char const *,char const *,char const *)" (?GetBoolAssertionFailureMessage@internal@testing@@YA?AVString@12@ABVAssertionResult@2@PBD11@Z)
     1>deflickering_test.obj : error LNK2001: unresolved external symbol "class testing::internal::String __cdecl testing::internal::GetBoolAssertionFailureMessage(class testing::AssertionResult const &,char const *,char const *,char const *)" (?GetBoolAssertionFailureMessage@internal@testing@@YA?AVString@12@ABVAssertionResult@2@PBD11@Z)
     1>deflickering_test.obj : error LNK2019: unresolved external symbol "class std::basic_string<char,struct std::char_traits<char>,class std::allocator<char> > __cdecl webrtc::test::OutputPath(void)" (?OutputPath@test@webrtc@@YA?AV?$basic_string@DU?$char_traits@D@std@@V?$allocator@D@2@@std@@XZ) referenced in function "private: virtual void __thiscall webrtc::VideoProcessingModuleTest_Deflickering_Test::TestBody(void)" (?TestBody@VideoProcessingModuleTest_Deflickering_Test@webrtc@@EAEXXZ)
     1>content_metrics_test.obj : error LNK2001: unresolved external symbol "class std::basic_string<char,struct std::char_traits<char>,class std::allocator<char> > __cdecl webrtc::test::OutputPath(void)" (?OutputPath@test@webrtc@@YA?AV?$basic_string@DU?$char_traits@D@std@@V?$allocator@D@2@@std@@XZ)
     1>denoising_test.obj : error LNK2001: unresolved external symbol "class std::basic_string<char,struct std::char_traits<char>,class std::allocator<char> > __cdecl webrtc::test::OutputPath(void)" (?OutputPath@test@webrtc@@YA?AV?$basic_string@DU?$char_traits@D@std@@V?$allocator@D@2@@std@@XZ)
     1>brightness_detection_test.obj : error LNK2001: unresolved external symbol "class std::basic_string<char,struct std::char_traits<char>,class std::allocator<char> > __cdecl webrtc::test::OutputPath(void)" (?OutputPath@test@webrtc@@YA?AV?$basic_string@DU?$char_traits@D@std@@V?$allocator@D@2@@std@@XZ)
     1>color_enhancement_test.obj : error LNK2001: unresolved external symbol "class std::basic_string<char,struct std::char_traits<char>,class std::allocator<char> > __cdecl webrtc::test::OutputPath(void)" (?OutputPath@test@webrtc@@YA?AV?$basic_string@DU?$char_traits@D@std@@V?$allocator@D@2@@std@@XZ)
     1>unit_test.obj : error LNK2001: unresolved external symbol "class std::basic_string<char,struct std::char_traits<char>,class std::allocator<char> > __cdecl webrtc::test::OutputPath(void)" (?OutputPath@test@webrtc@@YA?AV?$basic_string@DU?$char_traits@D@std@@V?$allocator@D@2@@std@@XZ)
     1>deflickering_test.obj : error LNK2001: unresolved external symbol "bool __cdecl testing::internal::IsTrue(bool)" (?IsTrue@internal@testing@@YA_N_N@Z)
     1>content_metrics_test.obj : error LNK2001: unresolved external symbol "bool __cdecl testing::internal::IsTrue(bool)" (?IsTrue@internal@testing@@YA_N_N@Z)
     1>denoising_test.obj : error LNK2019: unresolved external symbol "bool __cdecl testing::internal::IsTrue(bool)" (?IsTrue@internal@testing@@YA_N_N@Z) referenced in function "public: void __thiscall testing::internal::scoped_ptr<class std::basic_string<char,struct std::char_traits<char>,class std::allocator<char> > >::reset(class std::basic_string<char,struct std::char_traits<char>,class std::allocator<char> > *)" (?reset@?$scoped_ptr@V?$basic_string@DU?$char_traits@D@std@@V?$allocator@D@2@@std@@@internal@testing@@QAEXPAV?$basic_string@DU?$char_traits@D@std@@V?$allocator@D@2@@std@@@Z)
     1>brightness_detection_test.obj : error LNK2001: unresolved external symbol "bool __cdecl testing::internal::IsTrue(bool)" (?IsTrue@internal@testing@@YA_N_N@Z)
     1>color_enhancement_test.obj : error LNK2001: unresolved external symbol "bool __cdecl testing::internal::IsTrue(bool)" (?IsTrue@internal@testing@@YA_N_N@Z)
     1>unit_test.obj : error LNK2001: unresolved external symbol "bool __cdecl testing::internal::IsTrue(bool)" (?IsTrue@internal@testing@@YA_N_N@Z)
     1>deflickering_test.obj : error LNK2001: unresolved external symbol "public: __thiscall testing::AssertionResult::AssertionResult(class testing::AssertionResult const &)" (??0AssertionResult@testing@@QAE@ABV01@@Z)
     1>content_metrics_test.obj : error LNK2001: unresolved external symbol "public: __thiscall testing::AssertionResult::AssertionResult(class testing::AssertionResult const &)" (??0AssertionResult@testing@@QAE@ABV01@@Z)
     1>denoising_test.obj : error LNK2019: unresolved external symbol "public: __thiscall testing::AssertionResult::AssertionResult(class testing::AssertionResult const &)" (??0AssertionResult@testing@@QAE@ABV01@@Z) referenced in function "class testing::AssertionResult __cdecl testing::internal::CmpHelperGE<int,int>(char const *,char const *,int const &,int const &)" (??$CmpHelperGE@HH@internal@testing@@YA?AVAssertionResult@1@PBD0ABH1@Z)
     1>brightness_detection_test.obj : error LNK2001: unresolved external symbol "public: __thiscall testing::AssertionResult::AssertionResult(class testing::AssertionResult const &)" (??0AssertionResult@testing@@QAE@ABV01@@Z)
     1>color_enhancement_test.obj : error LNK2001: unresolved external symbol "public: __thiscall testing::AssertionResult::AssertionResult(class testing::AssertionResult const &)" (??0AssertionResult@testing@@QAE@ABV01@@Z)
     1>unit_test.obj : error LNK2001: unresolved external symbol "public: __thiscall testing::AssertionResult::AssertionResult(class testing::AssertionResult const &)" (??0AssertionResult@testing@@QAE@ABV01@@Z)
     1>deflickering_test.obj : error LNK2001: unresolved external symbol "class testing::AssertionResult __cdecl testing::AssertionFailure(void)" (?AssertionFailure@testing@@YA?AVAssertionResult@1@XZ)
     1>content_metrics_test.obj : error LNK2019: unresolved external symbol "class testing::AssertionResult __cdecl testing::AssertionFailure(void)" (?AssertionFailure@testing@@YA?AVAssertionResult@1@XZ) referenced in function "public: class testing::Message & __thiscall testing::Message::operator<<<char const >(char const * const &)" (??$?6$$CBD@Message@testing@@QAEAAV01@ABQBD@Z)
     1>denoising_test.obj : error LNK2001: unresolved external symbol "class testing::AssertionResult __cdecl testing::AssertionFailure(void)" (?AssertionFailure@testing@@YA?AVAssertionResult@1@XZ)
     1>brightness_detection_test.obj : error LNK2001: unresolved external symbol "class testing::AssertionResult __cdecl testing::AssertionFailure(void)" (?AssertionFailure@testing@@YA?AVAssertionResult@1@XZ)
     1>color_enhancement_test.obj : error LNK2001: unresolved external symbol "class testing::AssertionResult __cdecl testing::AssertionFailure(void)" (?AssertionFailure@testing@@YA?AVAssertionResult@1@XZ)
     1>unit_test.obj : error LNK2001: unresolved external symbol "class testing::AssertionResult __cdecl testing::AssertionFailure(void)" (?AssertionFailure@testing@@YA?AVAssertionResult@1@XZ)
     1>deflickering_test.obj : error LNK2001: unresolved external symbol "class testing::AssertionResult __cdecl testing::AssertionSuccess(void)" (?AssertionSuccess@testing@@YA?AVAssertionResult@1@XZ)
     1>content_metrics_test.obj : error LNK2019: unresolved external symbol "class testing::AssertionResult __cdecl testing::AssertionSuccess(void)" (?AssertionSuccess@testing@@YA?AVAssertionResult@1@XZ) referenced in function "class std::basic_ostream<char,struct std::char_traits<char> > & __cdecl std::operator<<<struct std::char_traits<char> >(class std::basic_ostream<char,struct std::char_traits<char> > &,char const *)" (??$?6U?$char_traits@D@std@@@std@@YAAAV?$basic_ostream@DU?$char_traits@D@std@@@0@AAV10@PBD@Z)
     1>denoising_test.obj : error LNK2001: unresolved external symbol "class testing::AssertionResult __cdecl testing::AssertionSuccess(void)" (?AssertionSuccess@testing@@YA?AVAssertionResult@1@XZ)
     1>brightness_detection_test.obj : error LNK2001: unresolved external symbol "class testing::AssertionResult __cdecl testing::AssertionSuccess(void)" (?AssertionSuccess@testing@@YA?AVAssertionResult@1@XZ)
     1>color_enhancement_test.obj : error LNK2001: unresolved external symbol "class testing::AssertionResult __cdecl testing::AssertionSuccess(void)" (?AssertionSuccess@testing@@YA?AVAssertionResult@1@XZ)
     1>unit_test.obj : error LNK2001: unresolved external symbol "class testing::AssertionResult __cdecl testing::AssertionSuccess(void)" (?AssertionSuccess@testing@@YA?AVAssertionResult@1@XZ)
     1>deflickering_test.obj : error LNK2019: unresolved external symbol "class testing::AssertionResult __cdecl testing::internal::EqFailure(char const *,char const *,class testing::internal::String const &,class testing::internal::String const &,bool)" (?EqFailure@internal@testing@@YA?AVAssertionResult@2@PBD0ABVString@12@1_N@Z) referenced in function "struct std::random_access_iterator_tag __cdecl std::_Iter_cat<char const *>(char const * const &)" (??$_Iter_cat@PBD@std@@YA?AUrandom_access_iterator_tag@0@ABQBD@Z)
     1>content_metrics_test.obj : error LNK2001: unresolved external symbol "class testing::AssertionResult __cdecl testing::internal::EqFailure(char const *,char const *,class testing::internal::String const &,class testing::internal::String const &,bool)" (?EqFailure@internal@testing@@YA?AVAssertionResult@2@PBD0ABVString@12@1_N@Z)
     1>denoising_test.obj : error LNK2001: unresolved external symbol "class testing::AssertionResult __cdecl testing::internal::EqFailure(char const *,char const *,class testing::internal::String const &,class testing::internal::String const &,bool)" (?EqFailure@internal@testing@@YA?AVAssertionResult@2@PBD0ABVString@12@1_N@Z)
     1>brightness_detection_test.obj : error LNK2001: unresolved external symbol "class testing::AssertionResult __cdecl testing::internal::EqFailure(char const *,char const *,class testing::internal::String const &,class testing::internal::String const &,bool)" (?EqFailure@internal@testing@@YA?AVAssertionResult@2@PBD0ABVString@12@1_N@Z)
     1>color_enhancement_test.obj : error LNK2001: unresolved external symbol "class testing::AssertionResult __cdecl testing::internal::EqFailure(char const *,char const *,class testing::internal::String const &,class testing::internal::String const &,bool)" (?EqFailure@internal@testing@@YA?AVAssertionResult@2@PBD0ABVString@12@1_N@Z)
     1>unit_test.obj : error LNK2001: unresolved external symbol "class testing::AssertionResult __cdecl testing::internal::EqFailure(char const *,char const *,class testing::internal::String const &,class testing::internal::String const &,bool)" (?EqFailure@internal@testing@@YA?AVAssertionResult@2@PBD0ABVString@12@1_N@Z)
     1>deflickering_test.obj : error LNK2001: unresolved external symbol "class testing::internal::String __cdecl testing::internal::StringStreamToString(class std::basic_stringstream<char,struct std::char_traits<char>,class std::allocator<char> > *)" (?StringStreamToString@internal@testing@@YA?AVString@12@PAV?$basic_stringstream@DU?$char_traits@D@std@@V?$allocator@D@2@@std@@@Z)
     1>content_metrics_test.obj : error LNK2019: unresolved external symbol "class testing::internal::String __cdecl testing::internal::StringStreamToString(class std::basic_stringstream<char,struct std::char_traits<char>,class std::allocator<char> > *)" (?StringStreamToString@internal@testing@@YA?AVString@12@PAV?$basic_stringstream@DU?$char_traits@D@std@@V?$allocator@D@2@@std@@@Z) referenced in function "public: class std::basic_string<char,struct std::char_traits<char>,class std::allocator<char> > & __thiscall std::basic_string<char,struct std::char_traits<char>,class std::allocator<char> >::operator=(class std::basic_string<char,struct std::char_traits<char>,class std::allocator<char> > const &)" (??4?$basic_string@DU?$char_traits@D@std@@V?$allocator@D@2@@std@@QAEAAV01@ABV01@@Z)
     1>denoising_test.obj : error LNK2001: unresolved external symbol "class testing::internal::String __cdecl testing::internal::StringStreamToString(class std::basic_stringstream<char,struct std::char_traits<char>,class std::allocator<char> > *)" (?StringStreamToString@internal@testing@@YA?AVString@12@PAV?$basic_stringstream@DU?$char_traits@D@std@@V?$allocator@D@2@@std@@@Z)
     1>brightness_detection_test.obj : error LNK2001: unresolved external symbol "class testing::internal::String __cdecl testing::internal::StringStreamToString(class std::basic_stringstream<char,struct std::char_traits<char>,class std::allocator<char> > *)" (?StringStreamToString@internal@testing@@YA?AVString@12@PAV?$basic_stringstream@DU?$char_traits@D@std@@V?$allocator@D@2@@std@@@Z)
     1>color_enhancement_test.obj : error LNK2001: unresolved external symbol "class testing::internal::String __cdecl testing::internal::StringStreamToString(class std::basic_stringstream<char,struct std::char_traits<char>,class std::allocator<char> > *)" (?StringStreamToString@internal@testing@@YA?AVString@12@PAV?$basic_stringstream@DU?$char_traits@D@std@@V?$allocator@D@2@@std@@@Z)
     1>unit_test.obj : error LNK2001: unresolved external symbol "class testing::internal::String __cdecl testing::internal::StringStreamToString(class std::basic_stringstream<char,struct std::char_traits<char>,class std::allocator<char> > *)" (?StringStreamToString@internal@testing@@YA?AVString@12@PAV?$basic_stringstream@DU?$char_traits@D@std@@V?$allocator@D@2@@std@@@Z)
     1>deflickering_test.obj : error LNK2001: unresolved external symbol "class testing::TestInfo * __cdecl testing::internal::MakeAndRegisterTestInfo(char const *,char const *,char const *,char const *,void const *,void (__cdecl*)(void),void (__cdecl*)(void),class testing::internal::TestFactoryBase *)" (?MakeAndRegisterTestInfo@internal@testing@@YAPAVTestInfo@2@PBD000PBXP6AXXZ2PAVTestFactoryBase@12@@Z)
     1>content_metrics_test.obj : error LNK2019: unresolved external symbol "class testing::TestInfo * __cdecl testing::internal::MakeAndRegisterTestInfo(char const *,char const *,char const *,char const *,void const *,void (__cdecl*)(void),void (__cdecl*)(void),class testing::internal::TestFactoryBase *)" (?MakeAndRegisterTestInfo@internal@testing@@YAPAVTestInfo@2@PBD000PBXP6AXXZ2PAVTestFactoryBase@12@@Z) referenced in function "public: __thiscall webrtc::VideoProcessingModuleTest_ContentAnalysis_Test::VideoProcessingModuleTest_ContentAnalysis_Test(void)" (??0VideoProcessingModuleTest_ContentAnalysis_Test@webrtc@@QAE@XZ)
     1>denoising_test.obj : error LNK2001: unresolved external symbol "class testing::TestInfo * __cdecl testing::internal::MakeAndRegisterTestInfo(char const *,char const *,char const *,char const *,void const *,void (__cdecl*)(void),void (__cdecl*)(void),class testing::internal::TestFactoryBase *)" (?MakeAndRegisterTestInfo@internal@testing@@YAPAVTestInfo@2@PBD000PBXP6AXXZ2PAVTestFactoryBase@12@@Z)
     1>brightness_detection_test.obj : error LNK2001: unresolved external symbol "class testing::TestInfo * __cdecl testing::internal::MakeAndRegisterTestInfo(char const *,char const *,char const *,char const *,void const *,void (__cdecl*)(void),void (__cdecl*)(void),class testing::internal::TestFactoryBase *)" (?MakeAndRegisterTestInfo@internal@testing@@YAPAVTestInfo@2@PBD000PBXP6AXXZ2PAVTestFactoryBase@12@@Z)
     1>color_enhancement_test.obj : error LNK2001: unresolved external symbol "class testing::TestInfo * __cdecl testing::internal::MakeAndRegisterTestInfo(char const *,char const *,char const *,char const *,void const *,void (__cdecl*)(void),void (__cdecl*)(void),class testing::internal::TestFactoryBase *)" (?MakeAndRegisterTestInfo@internal@testing@@YAPAVTestInfo@2@PBD000PBXP6AXXZ2PAVTestFactoryBase@12@@Z)
     1>unit_test.obj : error LNK2001: unresolved external symbol "class testing::TestInfo * __cdecl testing::internal::MakeAndRegisterTestInfo(char const *,char const *,char const *,char const *,void const *,void (__cdecl*)(void),void (__cdecl*)(void),class testing::internal::TestFactoryBase *)" (?MakeAndRegisterTestInfo@internal@testing@@YAPAVTestInfo@2@PBD000PBXP6AXXZ2PAVTestFactoryBase@12@@Z)
     1>deflickering_test.obj : error LNK2001: unresolved external symbol "public: static int __cdecl webrtc::Trace::SetTraceFile(char const *,bool)" (?SetTraceFile@Trace@webrtc@@SAHPBD_N@Z)
     1>content_metrics_test.obj : error LNK2001: unresolved external symbol "public: static int __cdecl webrtc::Trace::SetTraceFile(char const *,bool)" (?SetTraceFile@Trace@webrtc@@SAHPBD_N@Z)
     1>denoising_test.obj : error LNK2019: unresolved external symbol "public: static int __cdecl webrtc::Trace::SetTraceFile(char const *,bool)" (?SetTraceFile@Trace@webrtc@@SAHPBD_N@Z) referenced in function "protected: static void __cdecl webrtc::VideoProcessingModuleTest::SetUpTestCase(void)" (?SetUpTestCase@VideoProcessingModuleTest@webrtc@@KAXXZ)
     1>brightness_detection_test.obj : error LNK2001: unresolved external symbol "public: static int __cdecl webrtc::Trace::SetTraceFile(char const *,bool)" (?SetTraceFile@Trace@webrtc@@SAHPBD_N@Z)
     1>color_enhancement_test.obj : error LNK2001: unresolved external symbol "public: static int __cdecl webrtc::Trace::SetTraceFile(char const *,bool)" (?SetTraceFile@Trace@webrtc@@SAHPBD_N@Z)
     1>unit_test.obj : error LNK2001: unresolved external symbol "public: static int __cdecl webrtc::Trace::SetTraceFile(char const *,bool)" (?SetTraceFile@Trace@webrtc@@SAHPBD_N@Z)
     1>deflickering_test.obj : error LNK2001: unresolved external symbol "public: static void __cdecl webrtc::Trace::CreateTrace(void)" (?CreateTrace@Trace@webrtc@@SAXXZ)
     1>content_metrics_test.obj : error LNK2001: unresolved external symbol "public: static void __cdecl webrtc::Trace::CreateTrace(void)" (?CreateTrace@Trace@webrtc@@SAXXZ)
     1>denoising_test.obj : error LNK2019: unresolved external symbol "public: static void __cdecl webrtc::Trace::CreateTrace(void)" (?CreateTrace@Trace@webrtc@@SAXXZ) referenced in function "protected: static void __cdecl webrtc::VideoProcessingModuleTest::SetUpTestCase(void)" (?SetUpTestCase@VideoProcessingModuleTest@webrtc@@KAXXZ)
     1>brightness_detection_test.obj : error LNK2001: unresolved external symbol "public: static void __cdecl webrtc::Trace::CreateTrace(void)" (?CreateTrace@Trace@webrtc@@SAXXZ)
     1>color_enhancement_test.obj : error LNK2001: unresolved external symbol "public: static void __cdecl webrtc::Trace::CreateTrace(void)" (?CreateTrace@Trace@webrtc@@SAXXZ)
     1>unit_test.obj : error LNK2001: unresolved external symbol "public: static void __cdecl webrtc::Trace::CreateTrace(void)" (?CreateTrace@Trace@webrtc@@SAXXZ)
     1>deflickering_test.obj : error LNK2001: unresolved external symbol "public: static void __cdecl webrtc::Trace::ReturnTrace(void)" (?ReturnTrace@Trace@webrtc@@SAXXZ)
     1>content_metrics_test.obj : error LNK2001: unresolved external symbol "public: static void __cdecl webrtc::Trace::ReturnTrace(void)" (?ReturnTrace@Trace@webrtc@@SAXXZ)
     1>denoising_test.obj : error LNK2019: unresolved external symbol "public: static void __cdecl webrtc::Trace::ReturnTrace(void)" (?ReturnTrace@Trace@webrtc@@SAXXZ) referenced in function "protected: static void __cdecl webrtc::VideoProcessingModuleTest::TearDownTestCase(void)" (?TearDownTestCase@VideoProcessingModuleTest@webrtc@@KAXXZ)
     1>brightness_detection_test.obj : error LNK2001: unresolved external symbol "public: static void __cdecl webrtc::Trace::ReturnTrace(void)" (?ReturnTrace@Trace@webrtc@@SAXXZ)
     1>color_enhancement_test.obj : error LNK2001: unresolved external symbol "public: static void __cdecl webrtc::Trace::ReturnTrace(void)" (?ReturnTrace@Trace@webrtc@@SAXXZ)
     1>unit_test.obj : error LNK2001: unresolved external symbol "public: static void __cdecl webrtc::Trace::ReturnTrace(void)" (?ReturnTrace@Trace@webrtc@@SAXXZ)
     1>deflickering_test.obj : error LNK2001: unresolved external symbol "public: virtual __thiscall testing::Test::~Test(void)" (??1Test@testing@@UAE@XZ)
     1>content_metrics_test.obj : error LNK2001: unresolved external symbol "public: virtual __thiscall testing::Test::~Test(void)" (??1Test@testing@@UAE@XZ)
     1>denoising_test.obj : error LNK2019: unresolved external symbol "public: virtual __thiscall testing::Test::~Test(void)" (??1Test@testing@@UAE@XZ) referenced in function "public: virtual __thiscall webrtc::VideoProcessingModuleTest::~VideoProcessingModuleTest(void)" (??1VideoProcessingModuleTest@webrtc@@UAE@XZ)
     1>brightness_detection_test.obj : error LNK2001: unresolved external symbol "public: virtual __thiscall testing::Test::~Test(void)" (??1Test@testing@@UAE@XZ)
     1>color_enhancement_test.obj : error LNK2001: unresolved external symbol "public: virtual __thiscall testing::Test::~Test(void)" (??1Test@testing@@UAE@XZ)
     1>unit_test.obj : error LNK2001: unresolved external symbol "public: virtual __thiscall testing::Test::~Test(void)" (??1Test@testing@@UAE@XZ)
     1>brightness_detection_test.obj : error LNK2019: unresolved external symbol "public: static int __cdecl webrtc::VideoProcessingModule::GetFrameStats(struct webrtc::VideoProcessingModule::FrameStats &,class webrtc::VideoFrame const &)" (?GetFrameStats@VideoProcessingModule@webrtc@@SAHAAUFrameStats@12@ABVVideoFrame@2@@Z) referenced in function "private: virtual void __thiscall VideoProcessingModuleTest_BrightnessDetection_Test::TestBody(void)" (?TestBody@VideoProcessingModuleTest_BrightnessDetection_Test@@EAEXXZ)
     1>unit_test.obj : error LNK2001: unresolved external symbol "public: static int __cdecl webrtc::VideoProcessingModule::GetFrameStats(struct webrtc::VideoProcessingModule::FrameStats &,class webrtc::VideoFrame const &)" (?GetFrameStats@VideoProcessingModule@webrtc@@SAHAAUFrameStats@12@ABVVideoFrame@2@@Z)
     1>deflickering_test.obj : error LNK2001: unresolved external symbol "public: static int __cdecl webrtc::VideoProcessingModule::GetFrameStats(struct webrtc::VideoProcessingModule::FrameStats &,class webrtc::VideoFrame const &)" (?GetFrameStats@VideoProcessingModule@webrtc@@SAHAAUFrameStats@12@ABVVideoFrame@2@@Z)
     1>color_enhancement_test.obj : error LNK2019: unresolved external symbol "public: static int __cdecl webrtc::VideoProcessingModule::ColorEnhancement(unsigned char *,unsigned int,unsigned int)" (?ColorEnhancement@VideoProcessingModule@webrtc@@SAHPAEII@Z) referenced in function "private: virtual void __thiscall webrtc::VideoProcessingModuleTest_ColorEnhancement_Test::TestBody(void)" (?TestBody@VideoProcessingModuleTest_ColorEnhancement_Test@webrtc@@EAEXXZ)
     1>unit_test.obj : error LNK2001: unresolved external symbol "public: static int __cdecl webrtc::VideoProcessingModule::ColorEnhancement(unsigned char *,unsigned int,unsigned int)" (?ColorEnhancement@VideoProcessingModule@webrtc@@SAHPAEII@Z)
     1>color_enhancement_test.obj : error LNK2019: unresolved external symbol "public: static int __cdecl webrtc::VideoProcessingModule::ColorEnhancement(class webrtc::VideoFrame &)" (?ColorEnhancement@VideoProcessingModule@webrtc@@SAHAAVVideoFrame@2@@Z) referenced in function "private: virtual void __thiscall webrtc::VideoProcessingModuleTest_ColorEnhancement_Test::TestBody(void)" (?TestBody@VideoProcessingModuleTest_ColorEnhancement_Test@webrtc@@EAEXXZ)
     1>unit_test.obj : error LNK2001: unresolved external symbol "public: static int __cdecl webrtc::VideoProcessingModule::ColorEnhancement(class webrtc::VideoFrame &)" (?ColorEnhancement@VideoProcessingModule@webrtc@@SAHAAVVideoFrame@2@@Z)
     1>color_enhancement_test.obj : error LNK2019: unresolved external symbol "class std::basic_string<char,struct std::char_traits<char>,class std::allocator<char> > __cdecl webrtc::test::ResourcePath(class std::basic_string<char,struct std::char_traits<char>,class std::allocator<char> >,class std::basic_string<char,struct std::char_traits<char>,class std::allocator<char> >)" (?ResourcePath@test@webrtc@@YA?AV?$basic_string@DU?$char_traits@D@std@@V?$allocator@D@2@@std@@V34@0@Z) referenced in function "private: virtual void __thiscall webrtc::VideoProcessingModuleTest_ColorEnhancement_Test::TestBody(void)" (?TestBody@VideoProcessingModuleTest_ColorEnhancement_Test@webrtc@@EAEXXZ)
     1>unit_test.obj : error LNK2001: unresolved external symbol "class std::basic_string<char,struct std::char_traits<char>,class std::allocator<char> > __cdecl webrtc::test::ResourcePath(class std::basic_string<char,struct std::char_traits<char>,class std::allocator<char> >,class std::basic_string<char,struct std::char_traits<char>,class std::allocator<char> >)" (?ResourcePath@test@webrtc@@YA?AV?$basic_string@DU?$char_traits@D@std@@V?$allocator@D@2@@std@@V34@0@Z)
     1>deflickering_test.obj : error LNK2001: unresolved external symbol "class std::basic_string<char,struct std::char_traits<char>,class std::allocator<char> > __cdecl webrtc::test::ResourcePath(class std::basic_string<char,struct std::char_traits<char>,class std::allocator<char> >,class std::basic_string<char,struct std::char_traits<char>,class std::allocator<char> >)" (?ResourcePath@test@webrtc@@YA?AV?$basic_string@DU?$char_traits@D@std@@V?$allocator@D@2@@std@@V34@0@Z)
     1>unit_test.obj : error LNK2019: unresolved external symbol "int __cdecl webrtc::CalcBufferSize(enum webrtc::VideoType,int,int)" (?CalcBufferSize@webrtc@@YAHW4VideoType@1@HH@Z) referenced in function "protected: __thiscall webrtc::VideoProcessingModuleTest::VideoProcessingModuleTest(void)" (??0VideoProcessingModuleTest@webrtc@@IAE@XZ)
     1>unit_test.obj : error LNK2019: unresolved external symbol "protected: __thiscall testing::Test::Test(void)" (??0Test@testing@@IAE@XZ) referenced in function "protected: __thiscall webrtc::VideoProcessingModuleTest::VideoProcessingModuleTest(void)" (??0VideoProcessingModuleTest@webrtc@@IAE@XZ)
     1>unit_test.obj : error LNK2019: unresolved external symbol "public: static class webrtc::VideoProcessingModule * __cdecl webrtc::VideoProcessingModule::Create(int)" (?Create@VideoProcessingModule@webrtc@@SAPAV12@H@Z) referenced in function "protected: virtual void __thiscall webrtc::VideoProcessingModuleTest::SetUp(void)" (?SetUp@VideoProcessingModuleTest@webrtc@@MAEXXZ)
     1>unit_test.obj : error LNK2019: unresolved external symbol "public: static void __cdecl webrtc::VideoProcessingModule::Destroy(class webrtc::VideoProcessingModule *)" (?Destroy@VideoProcessingModule@webrtc@@SAXPAV12@@Z) referenced in function "protected: virtual void __thiscall webrtc::VideoProcessingModuleTest::TearDown(void)" (?TearDown@VideoProcessingModuleTest@webrtc@@MAEXXZ)
     1>unit_test.obj : error LNK2019: unresolved external symbol "public: static int __cdecl webrtc::VideoProcessingModule::GetVersion(char *,unsigned int &,unsigned int &)" (?GetVersion@VideoProcessingModule@webrtc@@SAHPADAAI1@Z) referenced in function "private: virtual void __thiscall webrtc::VideoProcessingModuleTest_GetVersionTest_Test::TestBody(void)" (?TestBody@VideoProcessingModuleTest_GetVersionTest_Test@webrtc@@EAEXXZ)
     1>unit_test.obj : error LNK2019: unresolved external symbol "public: static int __cdecl webrtc::VideoProcessingModule::GetFrameStats(struct webrtc::VideoProcessingModule::FrameStats &,unsigned char const *,unsigned int,unsigned int)" (?GetFrameStats@VideoProcessingModule@webrtc@@SAHAAUFrameStats@12@PBEII@Z) referenced in function "private: virtual void __thiscall webrtc::VideoProcessingModuleTest_HandleNullBuffer_Test::TestBody(void)" (?TestBody@VideoProcessingModuleTest_HandleNullBuffer_Test@webrtc@@EAEXXZ)
     1>unit_test.obj : error LNK2019: unresolved external symbol "public: static void __cdecl webrtc::VideoProcessingModule::ClearFrameStats(struct webrtc::VideoProcessingModule::FrameStats &)" (?ClearFrameStats@VideoProcessingModule@webrtc@@SAXAAUFrameStats@12@@Z) referenced in function "private: virtual void __thiscall webrtc::VideoProcessingModuleTest_FrameStats_Test::TestBody(void)" (?TestBody@VideoProcessingModuleTest_FrameStats_Test@webrtc@@EAEXXZ)
     1>unit_test.obj : error LNK2019: unresolved external symbol "public: static bool __cdecl webrtc::VideoProcessingModule::ValidFrameStats(struct webrtc::VideoProcessingModule::FrameStats const &)" (?ValidFrameStats@VideoProcessingModule@webrtc@@SA_NABUFrameStats@12@@Z) referenced in function "private: virtual void __thiscall webrtc::VideoProcessingModuleTest_FrameStats_Test::TestBody(void)" (?TestBody@VideoProcessingModuleTest_FrameStats_Test@webrtc@@EAEXXZ)
     1>content_metrics_test.obj : error LNK2019: unresolved external symbol "public: __thiscall webrtc::VPMContentAnalysis::~VPMContentAnalysis(void)" (??1VPMContentAnalysis@webrtc@@QAE@XZ) referenced in function "private: virtual void __thiscall webrtc::VideoProcessingModuleTest_ContentAnalysis_Test::TestBody(void)" (?TestBody@VideoProcessingModuleTest_ContentAnalysis_Test@webrtc@@EAEXXZ)
     1>content_metrics_test.obj : error LNK2019: unresolved external symbol "public: struct webrtc::VideoContentMetrics * __thiscall webrtc::VPMContentAnalysis::ComputeContentMetrics(class webrtc::VideoFrame const *)" (?ComputeContentMetrics@VPMContentAnalysis@webrtc@@QAEPAUVideoContentMetrics@2@PBVVideoFrame@2@@Z) referenced in function "private: virtual void __thiscall webrtc::VideoProcessingModuleTest_ContentAnalysis_Test::TestBody(void)" (?TestBody@VideoProcessingModuleTest_ContentAnalysis_Test@webrtc@@EAEXXZ)
     1>content_metrics_test.obj : error LNK2019: unresolved external symbol "public: int __thiscall webrtc::VPMContentAnalysis::Initialize(unsigned short,unsigned short)" (?Initialize@VPMContentAnalysis@webrtc@@QAEHGG@Z) referenced in function "private: virtual void __thiscall webrtc::VideoProcessingModuleTest_ContentAnalysis_Test::TestBody(void)" (?TestBody@VideoProcessingModuleTest_ContentAnalysis_Test@webrtc@@EAEXXZ)
     1>content_metrics_test.obj : error LNK2019: unresolved external symbol "public: __thiscall webrtc::VPMContentAnalysis::VPMContentAnalysis(bool)" (??0VPMContentAnalysis@webrtc@@QAE@_N@Z) referenced in function "private: virtual void __thiscall webrtc::VideoProcessingModuleTest_ContentAnalysis_Test::TestBody(void)" (?TestBody@VideoProcessingModuleTest_ContentAnalysis_Test@webrtc@@EAEXXZ)
     1>LIBCMTD.lib(crt0.obj) : error LNK2019: unresolved external symbol _main referenced in function ___tmainCRTStartup
     1>../..\build\Debug\video_processing_unittests.exe : fatal error LNK1120: 33 unresolved externals
     1>Done Building Project "C:\cygwin\home\nsinha\trunk\src\modules\video_processing_unittests.vcxproj" (build target(s)) -- FAILED.

Build FAILED.

Time Elapsed 00:00:07.71
