Build started 12/19/2011 4:33:12 PM.
     1>Project "C:\cygwin\home\nsinha\trunk\src\modules\audio_coding_module_test.vcxproj" on node 2 (build target(s)).
     1>C:\WINDOWS\Microsoft.NET\Framework\v4.0.30319\Microsoft.Common.Targets(1200,9): warning : The referenced project 'trunk\src\modules\audio_coding_module.vcxproj' does not exist.
     1>C:\WINDOWS\Microsoft.NET\Framework\v4.0.30319\Microsoft.Common.Targets(1200,9): warning : The referenced project 'trunk\testing\gtest.vcxproj' does not exist.
     1>C:\WINDOWS\Microsoft.NET\Framework\v4.0.30319\Microsoft.Common.Targets(1200,9): warning : The referenced project 'trunk\src\system_wrappers\source\system_wrappers.vcxproj' does not exist.
     1>C:\WINDOWS\Microsoft.NET\Framework\v4.0.30319\Microsoft.Common.Targets(1200,9): warning : The referenced project 'trunk\src\modules\CNG.vcxproj' does not exist.
     1>C:\WINDOWS\Microsoft.NET\Framework\v4.0.30319\Microsoft.Common.Targets(1200,9): warning : The referenced project 'trunk\src\common_audio\signal_processing.vcxproj' does not exist.
     1>C:\WINDOWS\Microsoft.NET\Framework\v4.0.30319\Microsoft.Common.Targets(1200,9): warning : The referenced project 'trunk\src\modules\G711.vcxproj' does not exist.
     1>C:\WINDOWS\Microsoft.NET\Framework\v4.0.30319\Microsoft.Common.Targets(1200,9): warning : The referenced project 'trunk\src\modules\G722.vcxproj' does not exist.
     1>C:\WINDOWS\Microsoft.NET\Framework\v4.0.30319\Microsoft.Common.Targets(1200,9): warning : The referenced project 'trunk\src\modules\iLBC.vcxproj' does not exist.
     1>C:\WINDOWS\Microsoft.NET\Framework\v4.0.30319\Microsoft.Common.Targets(1200,9): warning : The referenced project 'trunk\src\modules\iSAC.vcxproj' does not exist.
     1>C:\WINDOWS\Microsoft.NET\Framework\v4.0.30319\Microsoft.Common.Targets(1200,9): warning : The referenced project 'trunk\src\modules\iSACFix.vcxproj' does not exist.
     1>C:\WINDOWS\Microsoft.NET\Framework\v4.0.30319\Microsoft.Common.Targets(1200,9): warning : The referenced project 'trunk\src\modules\PCM16B.vcxproj' does not exist.
     1>C:\WINDOWS\Microsoft.NET\Framework\v4.0.30319\Microsoft.Common.Targets(1200,9): warning : The referenced project 'trunk\src\modules\NetEq.vcxproj' does not exist.
     1>C:\WINDOWS\Microsoft.NET\Framework\v4.0.30319\Microsoft.Common.Targets(1200,9): warning : The referenced project 'trunk\src\common_audio\resampler.vcxproj' does not exist.
     1>C:\WINDOWS\Microsoft.NET\Framework\v4.0.30319\Microsoft.Common.Targets(1200,9): warning : The referenced project 'trunk\src\common_audio\vad.vcxproj' does not exist.
     1>InitializeBuildStatus:
         Creating "C:\cygwin\home\nsinha\trunk\src\modules\Debug\obj\audio_coding_module_test\audio_coding_module_test.unsuccessfulbuild" because "AlwaysCreate" was specified.
       ClCompile:
         C:\Program Files\Microsoft Visual Studio 10.0\VC\bin\CL.exe /c /I.. /I..\.. /I..\..\third_party\wtl\include /Iaudio_coding\main\interface /Iinterface /I..\..\testing\gtest\include /I..\system_wrappers\interface /I..\..\third_party\platformsdk_win7\files\Include /I..\..\third_party\directxsdk\files\Include /I"C:\Program Files\Microsoft Visual Studio 10.0\\VC\atlmfc\include" /Zi /nologo /W4 /WX- /Od /Oy- /D _DEBUG /D _WIN32_WINNT=0x0601 /D WINVER=0x0601 /D WIN32 /D _WINDOWS /D NOMINMAX /D PSAPI_VERSION=1 /D _CRT_RAND_S /D CERT_CHAIN_PARA_HAS_EXTRA_FIELDS /D WIN32_LEAN_AND_MEAN /D _ATL_NO_OPENGL /D _HAS_EXCEPTIONS=0 /D _SECURE_ATL /D CHROMIUM_BUILD /D TOOLKIT_VIEWS=1 /D ENABLE_REMOTING=1 /D ENABLE_P2P_APIS=1 /D ENABLE_CONFIGURATION_POLICY /D ENABLE_INPUT_SPEECH /D ENABLE_GPU=1 /D ENABLE_EGLIMAGE=1 /D USE_SKIA=1 /D __STD_C /D _CRT_SECURE_NO_DEPRECATE /D _SCL_SECURE_NO_DEPRECATE /D ENABLE_REGISTER_PROTOCOL_HANDLER=1 /D WEBRTC_TARGET_PC /D UNIT_TEST /D __STDC_FORMAT_MACROS /D DYNAMIC_ANNOTATIONS_ENABLED=1 /D WTF_USE_DYNAMIC_ANNOTATIONS=1 /D _UNICODE /D UNICODE /Gm- /RTC1 /MTd /GS /Gy /fp:precise /Zc:wchar_t /Zc:forScope /GR- /Fo"C:\cygwin\home\nsinha\trunk\src\modules\Debug\obj\audio_coding_module_test\\" /Fd"C:\cygwin\home\nsinha\trunk\src\modules\Debug\obj\audio_coding_module_test\vc100.pdb" /Gd /TP /wd4351 /wd4396 /wd4503 /wd4819 /wd4100 /wd4121 /wd4125 /wd4127 /wd4130 /wd4131 /wd4189 /wd4201 /wd4238 /wd4244 /wd4245 /wd4310 /wd4355 /wd4428 /wd4481 /wd4505 /wd4510 /wd4512 /wd4530 /wd4610 /wd4611 /wd4701 /wd4702 /wd4706 /wd4800 /wd4389 /analyze- /errorReport:prompt audio_coding\main\test\TestFEC.cpp audio_coding\main\test\Tester.cpp audio_coding\main\test\APITest.cpp audio_coding\main\test\Channel.cpp audio_coding\main\test\TestVADDTX.cpp audio_coding\main\test\ACMTest.cpp audio_coding\main\test\EncodeDecodeTest.cpp audio_coding\main\test\TestStereo.cpp audio_coding\main\test\utility.cpp audio_coding\main\test\TimedTrace.cpp audio_coding\main\test\PCMFile.cpp audio_coding\main\test\SpatialAudio.cpp audio_coding\main\test\TestAllCodecs.cpp audio_coding\main\test\TwoWayCommunication.cpp audio_coding\main\test\RTPFile.cpp audio_coding\main\test\iSACTest.cpp /MP /we4389 
         TestFEC.cpp
         Tester.cpp
     1>c:\cygwin\home\nsinha\trunk\src\modules\audio_coding\main\test\Channel.h(55): warning C4373: 'webrtc::Channel::SendData': virtual function overrides 'webrtc::AudioPacketizationCallback::SendData', previous versions of the compiler did not override when parameters only differed by const/volatile qualifiers
                 C:\cygwin\home\nsinha\trunk\src\modules\audio_coding\main\interface\audio_coding_module.h(30) : see declaration of 'webrtc::AudioPacketizationCallback::SendData'
     1>c:\cygwin\home\nsinha\trunk\src\modules\audio_coding\main\test\Channel.h(55): warning C4373: 'webrtc::Channel::SendData': virtual function overrides 'webrtc::AudioPacketizationCallback::SendData', previous versions of the compiler did not override when parameters only differed by const/volatile qualifiers
                 C:\cygwin\home\nsinha\trunk\src\modules\audio_coding\main\interface\audio_coding_module.h(30) : see declaration of 'webrtc::AudioPacketizationCallback::SendData'
     1>c:\cygwin\home\nsinha\trunk\src\modules\audio_coding\main\test\EncodeDecodeTest.h(31): warning C4373: 'webrtc::TestPacketization::SendData': virtual function overrides 'webrtc::AudioPacketizationCallback::SendData', previous versions of the compiler did not override when parameters only differed by const/volatile qualifiers
                 C:\cygwin\home\nsinha\trunk\src\modules\audio_coding\main\interface\audio_coding_module.h(30) : see declaration of 'webrtc::AudioPacketizationCallback::SendData'
     1>c:\cygwin\home\nsinha\trunk\src\modules\audio_coding\main\test\TestAllCodecs.h(28): warning C4373: 'webrtc::TestPack::SendData': virtual function overrides 'webrtc::AudioPacketizationCallback::SendData', previous versions of the compiler did not override when parameters only differed by const/volatile qualifiers
                 C:\cygwin\home\nsinha\trunk\src\modules\audio_coding\main\interface\audio_coding_module.h(30) : see declaration of 'webrtc::AudioPacketizationCallback::SendData'
     1>c:\cygwin\home\nsinha\trunk\src\modules\audio_coding\main\test\TestStereo.h(28): warning C4373: 'webrtc::TestPackStereo::SendData': virtual function overrides 'webrtc::AudioPacketizationCallback::SendData', previous versions of the compiler did not override when parameters only differed by const/volatile qualifiers
                 C:\cygwin\home\nsinha\trunk\src\modules\audio_coding\main\interface\audio_coding_module.h(30) : see declaration of 'webrtc::AudioPacketizationCallback::SendData'
         APITest.cpp
         Channel.cpp
     1>c:\cygwin\home\nsinha\trunk\src\modules\audio_coding\main\test\Channel.h(55): warning C4373: 'webrtc::Channel::SendData': virtual function overrides 'webrtc::AudioPacketizationCallback::SendData', previous versions of the compiler did not override when parameters only differed by const/volatile qualifiers
                 C:\cygwin\home\nsinha\trunk\src\modules\audio_coding\main\interface\audio_coding_module.h(30) : see declaration of 'webrtc::AudioPacketizationCallback::SendData'
     1>c:\cygwin\home\nsinha\trunk\src\modules\audio_coding\main\test\Channel.h(55): warning C4373: 'webrtc::Channel::SendData': virtual function overrides 'webrtc::AudioPacketizationCallback::SendData', previous versions of the compiler did not override when parameters only differed by const/volatile qualifiers
                 C:\cygwin\home\nsinha\trunk\src\modules\audio_coding\main\interface\audio_coding_module.h(30) : see declaration of 'webrtc::AudioPacketizationCallback::SendData'
         TestVADDTX.cpp
     1>c:\cygwin\home\nsinha\trunk\src\modules\audio_coding\main\test\Channel.h(55): warning C4373: 'webrtc::Channel::SendData': virtual function overrides 'webrtc::AudioPacketizationCallback::SendData', previous versions of the compiler did not override when parameters only differed by const/volatile qualifiers
                 C:\cygwin\home\nsinha\trunk\src\modules\audio_coding\main\interface\audio_coding_module.h(30) : see declaration of 'webrtc::AudioPacketizationCallback::SendData'
         ACMTest.cpp
         EncodeDecodeTest.cpp
         TestStereo.cpp
     1>c:\cygwin\home\nsinha\trunk\src\modules\audio_coding\main\test\Channel.h(55): warning C4373: 'webrtc::Channel::SendData': virtual function overrides 'webrtc::AudioPacketizationCallback::SendData', previous versions of the compiler did not override when parameters only differed by const/volatile qualifiers
                 C:\cygwin\home\nsinha\trunk\src\modules\audio_coding\main\interface\audio_coding_module.h(30) : see declaration of 'webrtc::AudioPacketizationCallback::SendData'
     1>c:\cygwin\home\nsinha\trunk\src\modules\audio_coding\main\test\EncodeDecodeTest.h(31): warning C4373: 'webrtc::TestPacketization::SendData': virtual function overrides 'webrtc::AudioPacketizationCallback::SendData', previous versions of the compiler did not override when parameters only differed by const/volatile qualifiers
                 C:\cygwin\home\nsinha\trunk\src\modules\audio_coding\main\interface\audio_coding_module.h(30) : see declaration of 'webrtc::AudioPacketizationCallback::SendData'
     1>c:\cygwin\home\nsinha\trunk\src\modules\audio_coding\main\test\TestStereo.h(28): warning C4373: 'webrtc::TestPackStereo::SendData': virtual function overrides 'webrtc::AudioPacketizationCallback::SendData', previous versions of the compiler did not override when parameters only differed by const/volatile qualifiers
                 C:\cygwin\home\nsinha\trunk\src\modules\audio_coding\main\interface\audio_coding_module.h(30) : see declaration of 'webrtc::AudioPacketizationCallback::SendData'
         utility.cpp
         TimedTrace.cpp
         PCMFile.cpp
         SpatialAudio.cpp
     1>c:\cygwin\home\nsinha\trunk\src\modules\audio_coding\main\test\Channel.h(55): warning C4373: 'webrtc::Channel::SendData': virtual function overrides 'webrtc::AudioPacketizationCallback::SendData', previous versions of the compiler did not override when parameters only differed by const/volatile qualifiers
                 C:\cygwin\home\nsinha\trunk\src\modules\audio_coding\main\interface\audio_coding_module.h(30) : see declaration of 'webrtc::AudioPacketizationCallback::SendData'
         TestAllCodecs.cpp
     1>c:\cygwin\home\nsinha\trunk\src\modules\audio_coding\main\test\Channel.h(55): warning C4373: 'webrtc::Channel::SendData': virtual function overrides 'webrtc::AudioPacketizationCallback::SendData', previous versions of the compiler did not override when parameters only differed by const/volatile qualifiers
                 C:\cygwin\home\nsinha\trunk\src\modules\audio_coding\main\interface\audio_coding_module.h(30) : see declaration of 'webrtc::AudioPacketizationCallback::SendData'
     1>c:\cygwin\home\nsinha\trunk\src\modules\audio_coding\main\test\TestAllCodecs.h(28): warning C4373: 'webrtc::TestPack::SendData': virtual function overrides 'webrtc::AudioPacketizationCallback::SendData', previous versions of the compiler did not override when parameters only differed by const/volatile qualifiers
                 C:\cygwin\home\nsinha\trunk\src\modules\audio_coding\main\interface\audio_coding_module.h(30) : see declaration of 'webrtc::AudioPacketizationCallback::SendData'
         TwoWayCommunication.cpp
     1>c:\cygwin\home\nsinha\trunk\src\modules\audio_coding\main\test\Channel.h(55): warning C4373: 'webrtc::Channel::SendData': virtual function overrides 'webrtc::AudioPacketizationCallback::SendData', previous versions of the compiler did not override when parameters only differed by const/volatile qualifiers
                 C:\cygwin\home\nsinha\trunk\src\modules\audio_coding\main\interface\audio_coding_module.h(30) : see declaration of 'webrtc::AudioPacketizationCallback::SendData'
         RTPFile.cpp
         iSACTest.cpp
     1>c:\cygwin\home\nsinha\trunk\src\modules\audio_coding\main\test\Channel.h(55): warning C4373: 'webrtc::Channel::SendData': virtual function overrides 'webrtc::AudioPacketizationCallback::SendData', previous versions of the compiler did not override when parameters only differed by const/volatile qualifiers
                 C:\cygwin\home\nsinha\trunk\src\modules\audio_coding\main\interface\audio_coding_module.h(30) : see declaration of 'webrtc::AudioPacketizationCallback::SendData'
       ManifestResourceCompile:
         C:\Program Files\Microsoft SDKs\Windows\v7.0A\bin\rc.exe /nologo /fo"C:\cygwin\home\nsinha\trunk\src\modules\Debug\obj\audio_coding_module_test\audio_coding_module_test.exe.embed.manifest.res" C:\cygwin\home\nsinha\trunk\src\modules\Debug\obj\audio_coding_module_test\audio_coding_module_test_manifest.rc 
       Link:
         C:\Program Files\Microsoft Visual Studio 10.0\VC\bin\link.exe /ERRORREPORT:PROMPT /OUT:"../..\build\Debug\audio_coding_module_test.exe" /INCREMENTAL /NOLOGO /LIBPATH:../../third_party/platformsdk_win7/files/Lib /LIBPATH:../../third_party/directxsdk/files/Lib/x86 wininet.lib dnsapi.lib version.lib msimg32.lib ws2_32.lib usp10.lib psapi.lib dbghelp.lib winmm.lib shlwapi.lib winmm.lib kernel32.lib user32.lib gdi32.lib winspool.lib comdlg32.lib advapi32.lib shell32.lib ole32.lib oleaut32.lib uuid.lib odbc32.lib odbccp32.lib Delayimp.lib /DELAYLOAD:dbghelp.dll /DELAYLOAD:dwmapi.dll /DELAYLOAD:uxtheme.dll /MANIFEST /ManifestFile:"C:\cygwin\home\nsinha\trunk\src\modules\Debug\obj\audio_coding_module_test\audio_coding_module_test.exe.intermediate.manifest" /MANIFESTUAC:"level='asInvoker' uiAccess='false'" /DEBUG /PDB:"C:\cygwin\home\nsinha\trunk\build\Debug\audio_coding_module_test.pdb" /SUBSYSTEM:CONSOLE /TLBID:1 /DYNAMICBASE:NO /FIXED:NO /NXCOMPAT /IMPLIB:"../..\build\Debug\lib\audio_coding_module_test.lib" /MACHINE:X86 C:\cygwin\home\nsinha\trunk\src\modules\Debug\obj\audio_coding_module_test\audio_coding_module_test.exe.embed.manifest.res
         C:\cygwin\home\nsinha\trunk\src\modules\Debug\obj\audio_coding_module_test\TestFEC.obj
         C:\cygwin\home\nsinha\trunk\src\modules\Debug\obj\audio_coding_module_test\Tester.obj
         C:\cygwin\home\nsinha\trunk\src\modules\Debug\obj\audio_coding_module_test\APITest.obj
         C:\cygwin\home\nsinha\trunk\src\modules\Debug\obj\audio_coding_module_test\Channel.obj
         C:\cygwin\home\nsinha\trunk\src\modules\Debug\obj\audio_coding_module_test\TestVADDTX.obj
         C:\cygwin\home\nsinha\trunk\src\modules\Debug\obj\audio_coding_module_test\ACMTest.obj
         C:\cygwin\home\nsinha\trunk\src\modules\Debug\obj\audio_coding_module_test\EncodeDecodeTest.obj
         C:\cygwin\home\nsinha\trunk\src\modules\Debug\obj\audio_coding_module_test\TestStereo.obj
         C:\cygwin\home\nsinha\trunk\src\modules\Debug\obj\audio_coding_module_test\utility.obj
         C:\cygwin\home\nsinha\trunk\src\modules\Debug\obj\audio_coding_module_test\TimedTrace.obj
         C:\cygwin\home\nsinha\trunk\src\modules\Debug\obj\audio_coding_module_test\PCMFile.obj
         C:\cygwin\home\nsinha\trunk\src\modules\Debug\obj\audio_coding_module_test\SpatialAudio.obj
         C:\cygwin\home\nsinha\trunk\src\modules\Debug\obj\audio_coding_module_test\TestAllCodecs.obj
         C:\cygwin\home\nsinha\trunk\src\modules\Debug\obj\audio_coding_module_test\TwoWayCommunication.obj
         C:\cygwin\home\nsinha\trunk\src\modules\Debug\obj\audio_coding_module_test\RTPFile.obj
         C:\cygwin\home\nsinha\trunk\src\modules\Debug\obj\audio_coding_module_test\iSACTest.obj /safeseh /dynamicbase /ignore:4199 /ignore:4221 /nxcompat 
     1>iSACTest.obj : error LNK2001: unresolved external symbol "public: static void __cdecl webrtc::AudioCodingModule::Destroy(class webrtc::AudioCodingModule *)" (?Destroy@AudioCodingModule@webrtc@@SAXPAV12@@Z)
     1>TestStereo.obj : error LNK2001: unresolved external symbol "public: static void __cdecl webrtc::AudioCodingModule::Destroy(class webrtc::AudioCodingModule *)" (?Destroy@AudioCodingModule@webrtc@@SAXPAV12@@Z)
     1>SpatialAudio.obj : error LNK2001: unresolved external symbol "public: static void __cdecl webrtc::AudioCodingModule::Destroy(class webrtc::AudioCodingModule *)" (?Destroy@AudioCodingModule@webrtc@@SAXPAV12@@Z)
     1>TestAllCodecs.obj : error LNK2001: unresolved external symbol "public: static void __cdecl webrtc::AudioCodingModule::Destroy(class webrtc::AudioCodingModule *)" (?Destroy@AudioCodingModule@webrtc@@SAXPAV12@@Z)
     1>TwoWayCommunication.obj : error LNK2019: unresolved external symbol "public: static void __cdecl webrtc::AudioCodingModule::Destroy(class webrtc::AudioCodingModule *)" (?Destroy@AudioCodingModule@webrtc@@SAXPAV12@@Z) referenced in function "public: virtual __thiscall webrtc::TwoWayCommunication::~TwoWayCommunication(void)" (??1TwoWayCommunication@webrtc@@UAE@XZ)
     1>TestFEC.obj : error LNK2001: unresolved external symbol "public: static void __cdecl webrtc::AudioCodingModule::Destroy(class webrtc::AudioCodingModule *)" (?Destroy@AudioCodingModule@webrtc@@SAXPAV12@@Z)
     1>APITest.obj : error LNK2001: unresolved external symbol "public: static void __cdecl webrtc::AudioCodingModule::Destroy(class webrtc::AudioCodingModule *)" (?Destroy@AudioCodingModule@webrtc@@SAXPAV12@@Z)
     1>TestVADDTX.obj : error LNK2001: unresolved external symbol "public: static void __cdecl webrtc::AudioCodingModule::Destroy(class webrtc::AudioCodingModule *)" (?Destroy@AudioCodingModule@webrtc@@SAXPAV12@@Z)
     1>EncodeDecodeTest.obj : error LNK2001: unresolved external symbol "public: static void __cdecl webrtc::AudioCodingModule::Destroy(class webrtc::AudioCodingModule *)" (?Destroy@AudioCodingModule@webrtc@@SAXPAV12@@Z)
     1>TwoWayCommunication.obj : error LNK2019: unresolved external symbol "public: static int __cdecl webrtc::AudioCodingModule::Codec(unsigned char,struct webrtc::CodecInst &)" (?Codec@AudioCodingModule@webrtc@@SAHEAAUCodecInst@2@@Z) referenced in function "private: unsigned char __thiscall webrtc::TwoWayCommunication::ChooseCodec(unsigned char *,unsigned char *)" (?ChooseCodec@TwoWayCommunication@webrtc@@AAEEPAE0@Z)
     1>iSACTest.obj : error LNK2001: unresolved external symbol "public: static int __cdecl webrtc::AudioCodingModule::Codec(unsigned char,struct webrtc::CodecInst &)" (?Codec@AudioCodingModule@webrtc@@SAHEAAUCodecInst@2@@Z)
     1>TestStereo.obj : error LNK2001: unresolved external symbol "public: static int __cdecl webrtc::AudioCodingModule::Codec(unsigned char,struct webrtc::CodecInst &)" (?Codec@AudioCodingModule@webrtc@@SAHEAAUCodecInst@2@@Z)
     1>utility.obj : error LNK2001: unresolved external symbol "public: static int __cdecl webrtc::AudioCodingModule::Codec(unsigned char,struct webrtc::CodecInst &)" (?Codec@AudioCodingModule@webrtc@@SAHEAAUCodecInst@2@@Z)
     1>SpatialAudio.obj : error LNK2001: unresolved external symbol "public: static int __cdecl webrtc::AudioCodingModule::Codec(unsigned char,struct webrtc::CodecInst &)" (?Codec@AudioCodingModule@webrtc@@SAHEAAUCodecInst@2@@Z)
     1>TestAllCodecs.obj : error LNK2001: unresolved external symbol "public: static int __cdecl webrtc::AudioCodingModule::Codec(unsigned char,struct webrtc::CodecInst &)" (?Codec@AudioCodingModule@webrtc@@SAHEAAUCodecInst@2@@Z)
     1>TestFEC.obj : error LNK2001: unresolved external symbol "public: static int __cdecl webrtc::AudioCodingModule::Codec(unsigned char,struct webrtc::CodecInst &)" (?Codec@AudioCodingModule@webrtc@@SAHEAAUCodecInst@2@@Z)
     1>APITest.obj : error LNK2001: unresolved external symbol "public: static int __cdecl webrtc::AudioCodingModule::Codec(unsigned char,struct webrtc::CodecInst &)" (?Codec@AudioCodingModule@webrtc@@SAHEAAUCodecInst@2@@Z)
     1>TestVADDTX.obj : error LNK2001: unresolved external symbol "public: static int __cdecl webrtc::AudioCodingModule::Codec(unsigned char,struct webrtc::CodecInst &)" (?Codec@AudioCodingModule@webrtc@@SAHEAAUCodecInst@2@@Z)
     1>EncodeDecodeTest.obj : error LNK2001: unresolved external symbol "public: static int __cdecl webrtc::AudioCodingModule::Codec(unsigned char,struct webrtc::CodecInst &)" (?Codec@AudioCodingModule@webrtc@@SAHEAAUCodecInst@2@@Z)
     1>iSACTest.obj : error LNK2001: unresolved external symbol "public: static unsigned char __cdecl webrtc::AudioCodingModule::NumberOfCodecs(void)" (?NumberOfCodecs@AudioCodingModule@webrtc@@SAEXZ)
     1>TestStereo.obj : error LNK2019: unresolved external symbol "public: static unsigned char __cdecl webrtc::AudioCodingModule::NumberOfCodecs(void)" (?NumberOfCodecs@AudioCodingModule@webrtc@@SAEXZ) referenced in function "public: virtual void __thiscall webrtc::TestStereo::Perform(void)" (?Perform@TestStereo@webrtc@@UAEXXZ)
     1>utility.obj : error LNK2001: unresolved external symbol "public: static unsigned char __cdecl webrtc::AudioCodingModule::NumberOfCodecs(void)" (?NumberOfCodecs@AudioCodingModule@webrtc@@SAEXZ)
     1>TestAllCodecs.obj : error LNK2001: unresolved external symbol "public: static unsigned char __cdecl webrtc::AudioCodingModule::NumberOfCodecs(void)" (?NumberOfCodecs@AudioCodingModule@webrtc@@SAEXZ)
     1>TwoWayCommunication.obj : error LNK2001: unresolved external symbol "public: static unsigned char __cdecl webrtc::AudioCodingModule::NumberOfCodecs(void)" (?NumberOfCodecs@AudioCodingModule@webrtc@@SAEXZ)
     1>TestFEC.obj : error LNK2001: unresolved external symbol "public: static unsigned char __cdecl webrtc::AudioCodingModule::NumberOfCodecs(void)" (?NumberOfCodecs@AudioCodingModule@webrtc@@SAEXZ)
     1>APITest.obj : error LNK2001: unresolved external symbol "public: static unsigned char __cdecl webrtc::AudioCodingModule::NumberOfCodecs(void)" (?NumberOfCodecs@AudioCodingModule@webrtc@@SAEXZ)
     1>TestVADDTX.obj : error LNK2001: unresolved external symbol "public: static unsigned char __cdecl webrtc::AudioCodingModule::NumberOfCodecs(void)" (?NumberOfCodecs@AudioCodingModule@webrtc@@SAEXZ)
     1>EncodeDecodeTest.obj : error LNK2001: unresolved external symbol "public: static unsigned char __cdecl webrtc::AudioCodingModule::NumberOfCodecs(void)" (?NumberOfCodecs@AudioCodingModule@webrtc@@SAEXZ)
     1>iSACTest.obj : error LNK2001: unresolved external symbol "public: static class webrtc::AudioCodingModule * __cdecl webrtc::AudioCodingModule::Create(int)" (?Create@AudioCodingModule@webrtc@@SAPAV12@H@Z)
     1>TestStereo.obj : error LNK2019: unresolved external symbol "public: static class webrtc::AudioCodingModule * __cdecl webrtc::AudioCodingModule::Create(int)" (?Create@AudioCodingModule@webrtc@@SAPAV12@H@Z) referenced in function "private: short __thiscall webrtc::TestStereo::RegisterSendCodec(char,char *,int,int,int)" (?RegisterSendCodec@TestStereo@webrtc@@AAEFDPADHHH@Z)
     1>SpatialAudio.obj : error LNK2001: unresolved external symbol "public: static class webrtc::AudioCodingModule * __cdecl webrtc::AudioCodingModule::Create(int)" (?Create@AudioCodingModule@webrtc@@SAPAV12@H@Z)
     1>TestAllCodecs.obj : error LNK2001: unresolved external symbol "public: static class webrtc::AudioCodingModule * __cdecl webrtc::AudioCodingModule::Create(int)" (?Create@AudioCodingModule@webrtc@@SAPAV12@H@Z)
     1>TwoWayCommunication.obj : error LNK2001: unresolved external symbol "public: static class webrtc::AudioCodingModule * __cdecl webrtc::AudioCodingModule::Create(int)" (?Create@AudioCodingModule@webrtc@@SAPAV12@H@Z)
     1>TestFEC.obj : error LNK2001: unresolved external symbol "public: static class webrtc::AudioCodingModule * __cdecl webrtc::AudioCodingModule::Create(int)" (?Create@AudioCodingModule@webrtc@@SAPAV12@H@Z)
     1>APITest.obj : error LNK2001: unresolved external symbol "public: static class webrtc::AudioCodingModule * __cdecl webrtc::AudioCodingModule::Create(int)" (?Create@AudioCodingModule@webrtc@@SAPAV12@H@Z)
     1>TestVADDTX.obj : error LNK2001: unresolved external symbol "public: static class webrtc::AudioCodingModule * __cdecl webrtc::AudioCodingModule::Create(int)" (?Create@AudioCodingModule@webrtc@@SAPAV12@H@Z)
     1>EncodeDecodeTest.obj : error LNK2001: unresolved external symbol "public: static class webrtc::AudioCodingModule * __cdecl webrtc::AudioCodingModule::Create(int)" (?Create@AudioCodingModule@webrtc@@SAPAV12@H@Z)
     1>SpatialAudio.obj : error LNK2001: unresolved external symbol "public: static void __cdecl webrtc::Trace::Add(enum webrtc::TraceLevel,enum webrtc::TraceModule,int,char const *,...)" (?Add@Trace@webrtc@@SAXW4TraceLevel@2@W4TraceModule@2@HPBDZZ)
     1>TestAllCodecs.obj : error LNK2019: unresolved external symbol "public: static void __cdecl webrtc::Trace::Add(enum webrtc::TraceLevel,enum webrtc::TraceModule,int,char const *,...)" (?Add@Trace@webrtc@@SAXW4TraceLevel@2@W4TraceModule@2@HPBDZZ) referenced in function "private: short __thiscall webrtc::TestAllCodecs::RegisterSendCodec(char,char *,int,int,int,int)" (?RegisterSendCodec@TestAllCodecs@webrtc@@AAEFDPADHHHH@Z)
     1>TwoWayCommunication.obj : error LNK2001: unresolved external symbol "public: static void __cdecl webrtc::Trace::Add(enum webrtc::TraceLevel,enum webrtc::TraceModule,int,char const *,...)" (?Add@Trace@webrtc@@SAXW4TraceLevel@2@W4TraceModule@2@HPBDZZ)
     1>iSACTest.obj : error LNK2001: unresolved external symbol "public: static void __cdecl webrtc::Trace::Add(enum webrtc::TraceLevel,enum webrtc::TraceModule,int,char const *,...)" (?Add@Trace@webrtc@@SAXW4TraceLevel@2@W4TraceModule@2@HPBDZZ)
     1>TestFEC.obj : error LNK2001: unresolved external symbol "public: static void __cdecl webrtc::Trace::Add(enum webrtc::TraceLevel,enum webrtc::TraceModule,int,char const *,...)" (?Add@Trace@webrtc@@SAXW4TraceLevel@2@W4TraceModule@2@HPBDZZ)
     1>TestVADDTX.obj : error LNK2001: unresolved external symbol "public: static void __cdecl webrtc::Trace::Add(enum webrtc::TraceLevel,enum webrtc::TraceModule,int,char const *,...)" (?Add@Trace@webrtc@@SAXW4TraceLevel@2@W4TraceModule@2@HPBDZZ)
     1>EncodeDecodeTest.obj : error LNK2001: unresolved external symbol "public: static void __cdecl webrtc::Trace::Add(enum webrtc::TraceLevel,enum webrtc::TraceModule,int,char const *,...)" (?Add@Trace@webrtc@@SAXW4TraceLevel@2@W4TraceModule@2@HPBDZZ)
     1>TestStereo.obj : error LNK2001: unresolved external symbol "public: static void __cdecl webrtc::Trace::Add(enum webrtc::TraceLevel,enum webrtc::TraceModule,int,char const *,...)" (?Add@Trace@webrtc@@SAXW4TraceLevel@2@W4TraceModule@2@HPBDZZ)
     1>TwoWayCommunication.obj : error LNK2001: unresolved external symbol "public: static int __cdecl webrtc::AudioCodingModule::Codec(char const *,struct webrtc::CodecInst &,int)" (?Codec@AudioCodingModule@webrtc@@SAHPBDAAUCodecInst@2@H@Z)
     1>TestFEC.obj : error LNK2019: unresolved external symbol "public: static int __cdecl webrtc::AudioCodingModule::Codec(char const *,struct webrtc::CodecInst &,int)" (?Codec@AudioCodingModule@webrtc@@SAHPBDAAUCodecInst@2@H@Z) referenced in function "private: short __thiscall webrtc::TestFEC::RegisterSendCodec(char,char *,int)" (?RegisterSendCodec@TestFEC@webrtc@@AAEFDPADH@Z)
     1>APITest.obj : error LNK2001: unresolved external symbol "public: static int __cdecl webrtc::AudioCodingModule::Codec(char const *,struct webrtc::CodecInst &,int)" (?Codec@AudioCodingModule@webrtc@@SAHPBDAAUCodecInst@2@H@Z)
     1>TestStereo.obj : error LNK2001: unresolved external symbol "public: static int __cdecl webrtc::AudioCodingModule::Codec(char const *,struct webrtc::CodecInst &,int)" (?Codec@AudioCodingModule@webrtc@@SAHPBDAAUCodecInst@2@H@Z)
     1>TestAllCodecs.obj : error LNK2001: unresolved external symbol "public: static int __cdecl webrtc::AudioCodingModule::Codec(char const *,struct webrtc::CodecInst &,int)" (?Codec@AudioCodingModule@webrtc@@SAHPBDAAUCodecInst@2@H@Z)
     1>Tester.obj : error LNK2019: unresolved external symbol "public: static int __cdecl webrtc::Trace::SetTraceFile(char const *,bool)" (?SetTraceFile@Trace@webrtc@@SAHPBD_N@Z) referenced in function "void __cdecl PopulateTests(class std::vector<class ACMTest *,class std::allocator<class ACMTest *> > *)" (?PopulateTests@@YAXPAV?$vector@PAVACMTest@@V?$allocator@PAVACMTest@@@std@@@std@@@Z)
     1>APITest.obj : error LNK2001: unresolved external symbol "public: static int __cdecl webrtc::Trace::SetTraceFile(char const *,bool)" (?SetTraceFile@Trace@webrtc@@SAHPBD_N@Z)
     1>EncodeDecodeTest.obj : error LNK2001: unresolved external symbol "public: static int __cdecl webrtc::Trace::SetTraceFile(char const *,bool)" (?SetTraceFile@Trace@webrtc@@SAHPBD_N@Z)
     1>Tester.obj : error LNK2019: unresolved external symbol "public: static void __cdecl webrtc::Trace::CreateTrace(void)" (?CreateTrace@Trace@webrtc@@SAXXZ) referenced in function "void __cdecl PopulateTests(class std::vector<class ACMTest *,class std::allocator<class ACMTest *> > *)" (?PopulateTests@@YAXPAV?$vector@PAVACMTest@@V?$allocator@PAVACMTest@@@std@@@std@@@Z)
     1>APITest.obj : error LNK2001: unresolved external symbol "public: static void __cdecl webrtc::Trace::CreateTrace(void)" (?CreateTrace@Trace@webrtc@@SAXXZ)
     1>EncodeDecodeTest.obj : error LNK2001: unresolved external symbol "public: static void __cdecl webrtc::Trace::CreateTrace(void)" (?CreateTrace@Trace@webrtc@@SAXXZ)
     1>Tester.obj : error LNK2019: unresolved external symbol "public: static void __cdecl webrtc::Trace::ReturnTrace(void)" (?ReturnTrace@Trace@webrtc@@SAXXZ) referenced in function __catch$_main$0
     1>EncodeDecodeTest.obj : error LNK2001: unresolved external symbol "public: static void __cdecl webrtc::Trace::ReturnTrace(void)" (?ReturnTrace@Trace@webrtc@@SAXXZ)
     1>Tester.obj : error LNK2019: unresolved external symbol "public: static int __cdecl webrtc::AudioCodingModule::GetVersion(char *,unsigned int &,unsigned int &)" (?GetVersion@AudioCodingModule@webrtc@@SAHPADAAI1@Z) referenced in function _main
     1>APITest.obj : error LNK2019: unresolved external symbol "public: static class webrtc::EventWrapper * __cdecl webrtc::EventWrapper::Create(void)" (?Create@EventWrapper@webrtc@@SAPAV12@XZ) referenced in function "private: void __thiscall webrtc::APITest::Wait(unsigned int)" (?Wait@APITest@webrtc@@AAEXI@Z)
     1>iSACTest.obj : error LNK2001: unresolved external symbol "public: static class webrtc::EventWrapper * __cdecl webrtc::EventWrapper::Create(void)" (?Create@EventWrapper@webrtc@@SAPAV12@XZ)
     1>APITest.obj : error LNK2019: unresolved external symbol "public: static class webrtc::RWLockWrapper * __cdecl webrtc::RWLockWrapper::CreateRWLock(void)" (?CreateRWLock@RWLockWrapper@webrtc@@SAPAV12@XZ) referenced in function "public: __thiscall webrtc::APITest::APITest(void)" (??0APITest@webrtc@@QAE@XZ)
     1>RTPFile.obj : error LNK2001: unresolved external symbol "public: static class webrtc::RWLockWrapper * __cdecl webrtc::RWLockWrapper::CreateRWLock(void)" (?CreateRWLock@RWLockWrapper@webrtc@@SAPAV12@XZ)
     1>TwoWayCommunication.obj : error LNK2019: unresolved external symbol "public: __thiscall testing::internal::AssertHelper::~AssertHelper(void)" (??1AssertHelper@internal@testing@@QAE@XZ) referenced in function "private: short __thiscall webrtc::TwoWayCommunication::SetUpAutotest(void)" (?SetUpAutotest@TwoWayCommunication@webrtc@@AAEFXZ)
     1>RTPFile.obj : error LNK2001: unresolved external symbol "public: __thiscall testing::internal::AssertHelper::~AssertHelper(void)" (??1AssertHelper@internal@testing@@QAE@XZ)
     1>APITest.obj : error LNK2001: unresolved external symbol "public: __thiscall testing::internal::AssertHelper::~AssertHelper(void)" (??1AssertHelper@internal@testing@@QAE@XZ)
     1>EncodeDecodeTest.obj : error LNK2001: unresolved external symbol "public: __thiscall testing::internal::AssertHelper::~AssertHelper(void)" (??1AssertHelper@internal@testing@@QAE@XZ)
     1>utility.obj : error LNK2001: unresolved external symbol "public: __thiscall testing::internal::AssertHelper::~AssertHelper(void)" (??1AssertHelper@internal@testing@@QAE@XZ)
     1>PCMFile.obj : error LNK2001: unresolved external symbol "public: __thiscall testing::internal::AssertHelper::~AssertHelper(void)" (??1AssertHelper@internal@testing@@QAE@XZ)
     1>TwoWayCommunication.obj : error LNK2019: unresolved external symbol "public: void __thiscall testing::internal::AssertHelper::operator=(class testing::Message const &)const " (??4AssertHelper@internal@testing@@QBEXABVMessage@2@@Z) referenced in function "private: short __thiscall webrtc::TwoWayCommunication::SetUpAutotest(void)" (?SetUpAutotest@TwoWayCommunication@webrtc@@AAEFXZ)
     1>RTPFile.obj : error LNK2001: unresolved external symbol "public: void __thiscall testing::internal::AssertHelper::operator=(class testing::Message const &)const " (??4AssertHelper@internal@testing@@QBEXABVMessage@2@@Z)
     1>APITest.obj : error LNK2001: unresolved external symbol "public: void __thiscall testing::internal::AssertHelper::operator=(class testing::Message const &)const " (??4AssertHelper@internal@testing@@QBEXABVMessage@2@@Z)
     1>EncodeDecodeTest.obj : error LNK2001: unresolved external symbol "public: void __thiscall testing::internal::AssertHelper::operator=(class testing::Message const &)const " (??4AssertHelper@internal@testing@@QBEXABVMessage@2@@Z)
     1>utility.obj : error LNK2001: unresolved external symbol "public: void __thiscall testing::internal::AssertHelper::operator=(class testing::Message const &)const " (??4AssertHelper@internal@testing@@QBEXABVMessage@2@@Z)
     1>PCMFile.obj : error LNK2001: unresolved external symbol "public: void __thiscall testing::internal::AssertHelper::operator=(class testing::Message const &)const " (??4AssertHelper@internal@testing@@QBEXABVMessage@2@@Z)
     1>TwoWayCommunication.obj : error LNK2019: unresolved external symbol "public: __thiscall testing::internal::AssertHelper::AssertHelper(enum testing::TestPartResult::Type,char const *,int,char const *)" (??0AssertHelper@internal@testing@@QAE@W4Type@TestPartResult@2@PBDH1@Z) referenced in function "private: short __thiscall webrtc::TwoWayCommunication::SetUpAutotest(void)" (?SetUpAutotest@TwoWayCommunication@webrtc@@AAEFXZ)
     1>RTPFile.obj : error LNK2001: unresolved external symbol "public: __thiscall testing::internal::AssertHelper::AssertHelper(enum testing::TestPartResult::Type,char const *,int,char const *)" (??0AssertHelper@internal@testing@@QAE@W4Type@TestPartResult@2@PBDH1@Z)
     1>APITest.obj : error LNK2001: unresolved external symbol "public: __thiscall testing::internal::AssertHelper::AssertHelper(enum testing::TestPartResult::Type,char const *,int,char const *)" (??0AssertHelper@internal@testing@@QAE@W4Type@TestPartResult@2@PBDH1@Z)
     1>EncodeDecodeTest.obj : error LNK2001: unresolved external symbol "public: __thiscall testing::internal::AssertHelper::AssertHelper(enum testing::TestPartResult::Type,char const *,int,char const *)" (??0AssertHelper@internal@testing@@QAE@W4Type@TestPartResult@2@PBDH1@Z)
     1>utility.obj : error LNK2001: unresolved external symbol "public: __thiscall testing::internal::AssertHelper::AssertHelper(enum testing::TestPartResult::Type,char const *,int,char const *)" (??0AssertHelper@internal@testing@@QAE@W4Type@TestPartResult@2@PBDH1@Z)
     1>PCMFile.obj : error LNK2001: unresolved external symbol "public: __thiscall testing::internal::AssertHelper::AssertHelper(enum testing::TestPartResult::Type,char const *,int,char const *)" (??0AssertHelper@internal@testing@@QAE@W4Type@TestPartResult@2@PBDH1@Z)
     1>RTPFile.obj : error LNK2019: unresolved external symbol "class testing::internal::String __cdecl testing::internal::GetBoolAssertionFailureMessage(class testing::AssertionResult const &,char const *,char const *,char const *)" (?GetBoolAssertionFailureMessage@internal@testing@@YA?AVString@12@ABVAssertionResult@2@PBD11@Z) referenced in function "public: virtual bool __thiscall webrtc::RTPBuffer::EndOfFile(void)const " (?EndOfFile@RTPBuffer@webrtc@@UBE_NXZ)
     1>APITest.obj : error LNK2001: unresolved external symbol "class testing::internal::String __cdecl testing::internal::GetBoolAssertionFailureMessage(class testing::AssertionResult const &,char const *,char const *,char const *)" (?GetBoolAssertionFailureMessage@internal@testing@@YA?AVString@12@ABVAssertionResult@2@PBD11@Z)
     1>utility.obj : error LNK2001: unresolved external symbol "class testing::internal::String __cdecl testing::internal::GetBoolAssertionFailureMessage(class testing::AssertionResult const &,char const *,char const *,char const *)" (?GetBoolAssertionFailureMessage@internal@testing@@YA?AVString@12@ABVAssertionResult@2@PBD11@Z)
     1>PCMFile.obj : error LNK2001: unresolved external symbol "class testing::internal::String __cdecl testing::internal::GetBoolAssertionFailureMessage(class testing::AssertionResult const &,char const *,char const *,char const *)" (?GetBoolAssertionFailureMessage@internal@testing@@YA?AVString@12@ABVAssertionResult@2@PBD11@Z)
     1>TwoWayCommunication.obj : error LNK2001: unresolved external symbol "class testing::internal::String __cdecl testing::internal::GetBoolAssertionFailureMessage(class testing::AssertionResult const &,char const *,char const *,char const *)" (?GetBoolAssertionFailureMessage@internal@testing@@YA?AVString@12@ABVAssertionResult@2@PBD11@Z)
     1>APITest.obj : error LNK2019: unresolved external symbol "public: static class webrtc::ThreadWrapper * __cdecl webrtc::ThreadWrapper::CreateThread(bool (__cdecl*)(void *),void *,enum webrtc::ThreadPriority,char const *)" (?CreateThread@ThreadWrapper@webrtc@@SAPAV12@P6A_NPAX@Z0W4ThreadPriority@2@PBD@Z) referenced in function "public: virtual void __thiscall webrtc::APITest::Perform(void)" (?Perform@APITest@webrtc@@UAEXXZ)
     1>TwoWayCommunication.obj : error LNK2001: unresolved external symbol "bool __cdecl testing::internal::IsTrue(bool)" (?IsTrue@internal@testing@@YA_N_N@Z)
     1>RTPFile.obj : error LNK2001: unresolved external symbol "bool __cdecl testing::internal::IsTrue(bool)" (?IsTrue@internal@testing@@YA_N_N@Z)
     1>APITest.obj : error LNK2019: unresolved external symbol "bool __cdecl testing::internal::IsTrue(bool)" (?IsTrue@internal@testing@@YA_N_N@Z) referenced in function "public: void __thiscall testing::internal::scoped_ptr<class std::basic_string<char,struct std::char_traits<char>,class std::allocator<char> > >::reset(class std::basic_string<char,struct std::char_traits<char>,class std::allocator<char> > *)" (?reset@?$scoped_ptr@V?$basic_string@DU?$char_traits@D@std@@V?$allocator@D@2@@std@@@internal@testing@@QAEXPAV?$basic_string@DU?$char_traits@D@std@@V?$allocator@D@2@@std@@@Z)
     1>EncodeDecodeTest.obj : error LNK2001: unresolved external symbol "bool __cdecl testing::internal::IsTrue(bool)" (?IsTrue@internal@testing@@YA_N_N@Z)
     1>utility.obj : error LNK2001: unresolved external symbol "bool __cdecl testing::internal::IsTrue(bool)" (?IsTrue@internal@testing@@YA_N_N@Z)
     1>PCMFile.obj : error LNK2001: unresolved external symbol "bool __cdecl testing::internal::IsTrue(bool)" (?IsTrue@internal@testing@@YA_N_N@Z)
     1>Channel.obj : error LNK2019: unresolved external symbol "public: static class webrtc::CriticalSectionWrapper * __cdecl webrtc::CriticalSectionWrapper::CreateCriticalSection(void)" (?CreateCriticalSection@CriticalSectionWrapper@webrtc@@SAPAV12@XZ) referenced in function "public: __thiscall webrtc::Channel::Channel(short)" (??0Channel@webrtc@@QAE@F@Z)
     1>EncodeDecodeTest.obj : error LNK2019: unresolved external symbol "public: __thiscall testing::AssertionResult::AssertionResult(class testing::AssertionResult const &)" (??0AssertionResult@testing@@QAE@ABV01@@Z) referenced in function "class testing::AssertionResult __cdecl testing::internal::CmpHelperGT<int,int>(char const *,char const *,int const &,int const &)" (??$CmpHelperGT@HH@internal@testing@@YA?AVAssertionResult@1@PBD0ABH1@Z)
     1>RTPFile.obj : error LNK2001: unresolved external symbol "public: __thiscall testing::AssertionResult::AssertionResult(class testing::AssertionResult const &)" (??0AssertionResult@testing@@QAE@ABV01@@Z)
     1>EncodeDecodeTest.obj : error LNK2019: unresolved external symbol "class testing::AssertionResult __cdecl testing::AssertionFailure(void)" (?AssertionFailure@testing@@YA?AVAssertionResult@1@XZ) referenced in function "class testing::AssertionResult __cdecl testing::internal::CmpHelperGT<int,int>(char const *,char const *,int const &,int const &)" (??$CmpHelperGT@HH@internal@testing@@YA?AVAssertionResult@1@PBD0ABH1@Z)
     1>RTPFile.obj : error LNK2001: unresolved external symbol "class testing::AssertionResult __cdecl testing::AssertionFailure(void)" (?AssertionFailure@testing@@YA?AVAssertionResult@1@XZ)
     1>EncodeDecodeTest.obj : error LNK2019: unresolved external symbol "class testing::AssertionResult __cdecl testing::AssertionSuccess(void)" (?AssertionSuccess@testing@@YA?AVAssertionResult@1@XZ) referenced in function "class testing::AssertionResult __cdecl testing::internal::CmpHelperGT<int,int>(char const *,char const *,int const &,int const &)" (??$CmpHelperGT@HH@internal@testing@@YA?AVAssertionResult@1@PBD0ABH1@Z)
     1>RTPFile.obj : error LNK2001: unresolved external symbol "class testing::AssertionResult __cdecl testing::AssertionSuccess(void)" (?AssertionSuccess@testing@@YA?AVAssertionResult@1@XZ)
     1>EncodeDecodeTest.obj : error LNK2019: unresolved external symbol "class testing::internal::String __cdecl testing::internal::StringStreamToString(class std::basic_stringstream<char,struct std::char_traits<char>,class std::allocator<char> > *)" (?StringStreamToString@internal@testing@@YA?AVString@12@PAV?$basic_stringstream@DU?$char_traits@D@std@@V?$allocator@D@2@@std@@@Z) referenced in function "public: class testing::internal::String __thiscall testing::Message::GetString(void)const " (?GetString@Message@testing@@QBE?AVString@internal@2@XZ)
     1>RTPFile.obj : error LNK2001: unresolved external symbol "class testing::internal::String __cdecl testing::internal::StringStreamToString(class std::basic_stringstream<char,struct std::char_traits<char>,class std::allocator<char> > *)" (?StringStreamToString@internal@testing@@YA?AVString@12@PAV?$basic_stringstream@DU?$char_traits@D@std@@V?$allocator@D@2@@std@@@Z)
     1>RTPFile.obj : error LNK2019: unresolved external symbol "class testing::AssertionResult __cdecl testing::internal::EqFailure(char const *,char const *,class testing::internal::String const &,class testing::internal::String const &,bool)" (?EqFailure@internal@testing@@YA?AVAssertionResult@2@PBD0ABVString@12@1_N@Z) referenced in function "class testing::AssertionResult __cdecl testing::internal::CmpHelperEQ<unsigned int,unsigned int>(char const *,char const *,unsigned int const &,unsigned int const &)" (??$CmpHelperEQ@II@internal@testing@@YA?AVAssertionResult@1@PBD0ABI1@Z)
     1>../..\build\Debug\audio_coding_module_test.exe : fatal error LNK1120: 24 unresolved externals
     1>Done Building Project "C:\cygwin\home\nsinha\trunk\src\modules\audio_coding_module_test.vcxproj" (build target(s)) -- FAILED.

Build FAILED.

Time Elapsed 00:00:06.29
