Build started 12/19/2011 4:11:20 PM.
     1>Project "C:\cygwin\home\nsinha\trunk\src\system_wrappers\source\system_wrappers_unittests.vcxproj" on node 2 (build target(s)).
     1>C:\WINDOWS\Microsoft.NET\Framework\v4.0.30319\Microsoft.Common.Targets(1200,9): warning : The referenced project 'src\system_wrappers\source\system_wrappers.vcxproj' does not exist.
     1>C:\WINDOWS\Microsoft.NET\Framework\v4.0.30319\Microsoft.Common.Targets(1200,9): warning : The referenced project 'testing\gtest.vcxproj' does not exist.
     1>C:\WINDOWS\Microsoft.NET\Framework\v4.0.30319\Microsoft.Common.Targets(1200,9): warning : The referenced project 'test\test_support_main.vcxproj' does not exist.
     1>C:\WINDOWS\Microsoft.NET\Framework\v4.0.30319\Microsoft.Common.Targets(1200,9): warning : The referenced project 'test\test_support.vcxproj' does not exist.
     1>C:\WINDOWS\Microsoft.NET\Framework\v4.0.30319\Microsoft.Common.Targets(1200,9): warning : The referenced project 'testing\gmock.vcxproj' does not exist.
     1>InitializeBuildStatus:
         Creating "C:\cygwin\home\nsinha\trunk\Debug\obj\system_wrappers_unittests\system_wrappers_unittests.unsuccessfulbuild" because "AlwaysCreate" was specified.
       ClCompile:
         C:\Program Files\Microsoft Visual Studio 10.0\VC\bin\CL.exe /c /I..\.. /I..\..\.. /I..\..\..\third_party\wtl\include /I..\..\..\test /I..\interface /I..\..\..\testing\gtest\include /I..\..\..\third_party\platformsdk_win7\files\Include /I..\..\..\third_party\directxsdk\files\Include /I"C:\Program Files\Microsoft Visual Studio 10.0\\VC\atlmfc\include" /Zi /nologo /W4 /WX- /Od /Oy- /D _DEBUG /D _WIN32_WINNT=0x0601 /D WINVER=0x0601 /D WIN32 /D _WINDOWS /D NOMINMAX /D PSAPI_VERSION=1 /D _CRT_RAND_S /D CERT_CHAIN_PARA_HAS_EXTRA_FIELDS /D WIN32_LEAN_AND_MEAN /D _ATL_NO_OPENGL /D _HAS_EXCEPTIONS=0 /D _SECURE_ATL /D CHROMIUM_BUILD /D TOOLKIT_VIEWS=1 /D ENABLE_REMOTING=1 /D ENABLE_P2P_APIS=1 /D ENABLE_CONFIGURATION_POLICY /D ENABLE_INPUT_SPEECH /D ENABLE_GPU=1 /D ENABLE_EGLIMAGE=1 /D USE_SKIA=1 /D __STD_C /D _CRT_SECURE_NO_DEPRECATE /D _SCL_SECURE_NO_DEPRECATE /D ENABLE_REGISTER_PROTOCOL_HANDLER=1 /D WEBRTC_TARGET_PC /D UNIT_TEST /D __STDC_FORMAT_MACROS /D DYNAMIC_ANNOTATIONS_ENABLED=1 /D WTF_USE_DYNAMIC_ANNOTATIONS=1 /D _UNICODE /D UNICODE /Gm- /RTC1 /MTd /GS /Gy /fp:precise /Zc:wchar_t /Zc:forScope /GR- /Fo"C:\cygwin\home\nsinha\trunk\Debug\obj\system_wrappers_unittests\\" /Fd"C:\cygwin\home\nsinha\trunk\Debug\obj\system_wrappers_unittests\vc100.pdb" /Gd /TC /wd4351 /wd4396 /wd4503 /wd4819 /wd4100 /wd4121 /wd4125 /wd4127 /wd4130 /wd4131 /wd4189 /wd4201 /wd4238 /wd4244 /wd4245 /wd4310 /wd4355 /wd4428 /wd4481 /wd4505 /wd4510 /wd4512 /wd4530 /wd4610 /wd4611 /wd4701 /wd4702 /wd4706 /wd4800 /wd4389 /analyze- /errorReport:prompt data_log_c_helpers_unittest.c /MP /we4389 
         data_log_c_helpers_unittest.c
         C:\Program Files\Microsoft Visual Studio 10.0\VC\bin\CL.exe /c /I..\.. /I..\..\.. /I..\..\..\third_party\wtl\include /I..\..\..\test /I..\interface /I..\..\..\testing\gtest\include /I..\..\..\third_party\platformsdk_win7\files\Include /I..\..\..\third_party\directxsdk\files\Include /I"C:\Program Files\Microsoft Visual Studio 10.0\\VC\atlmfc\include" /Zi /nologo /W4 /WX- /Od /Oy- /D _DEBUG /D _WIN32_WINNT=0x0601 /D WINVER=0x0601 /D WIN32 /D _WINDOWS /D NOMINMAX /D PSAPI_VERSION=1 /D _CRT_RAND_S /D CERT_CHAIN_PARA_HAS_EXTRA_FIELDS /D WIN32_LEAN_AND_MEAN /D _ATL_NO_OPENGL /D _HAS_EXCEPTIONS=0 /D _SECURE_ATL /D CHROMIUM_BUILD /D TOOLKIT_VIEWS=1 /D ENABLE_REMOTING=1 /D ENABLE_P2P_APIS=1 /D ENABLE_CONFIGURATION_POLICY /D ENABLE_INPUT_SPEECH /D ENABLE_GPU=1 /D ENABLE_EGLIMAGE=1 /D USE_SKIA=1 /D __STD_C /D _CRT_SECURE_NO_DEPRECATE /D _SCL_SECURE_NO_DEPRECATE /D ENABLE_REGISTER_PROTOCOL_HANDLER=1 /D WEBRTC_TARGET_PC /D UNIT_TEST /D __STDC_FORMAT_MACROS /D DYNAMIC_ANNOTATIONS_ENABLED=1 /D WTF_USE_DYNAMIC_ANNOTATIONS=1 /D _UNICODE /D UNICODE /Gm- /RTC1 /MTd /GS /Gy /fp:precise /Zc:wchar_t /Zc:forScope /GR- /Fo"C:\cygwin\home\nsinha\trunk\Debug\obj\system_wrappers_unittests\\" /Fd"C:\cygwin\home\nsinha\trunk\Debug\obj\system_wrappers_unittests\vc100.pdb" /Gd /TP /wd4351 /wd4396 /wd4503 /wd4819 /wd4100 /wd4121 /wd4125 /wd4127 /wd4130 /wd4131 /wd4189 /wd4201 /wd4238 /wd4244 /wd4245 /wd4310 /wd4355 /wd4428 /wd4481 /wd4505 /wd4510 /wd4512 /wd4530 /wd4610 /wd4611 /wd4701 /wd4702 /wd4706 /wd4800 /wd4389 /analyze- /errorReport:prompt cpu_wrapper_unittest.cc data_log_helpers_unittest.cc data_log_unittest_disabled.cc map_unittest.cc list_unittest.cc /MP /we4389 
         cpu_wrapper_unittest.cc
         data_log_helpers_unittest.cc
         data_log_unittest_disabled.cc
         map_unittest.cc
         list_unittest.cc
       ManifestResourceCompile:
         C:\Program Files\Microsoft SDKs\Windows\v7.0A\bin\rc.exe /nologo /fo"C:\cygwin\home\nsinha\trunk\Debug\obj\system_wrappers_unittests\system_wrappers_unittests.exe.embed.manifest.res" C:\cygwin\home\nsinha\trunk\Debug\obj\system_wrappers_unittests\system_wrappers_unittests_manifest.rc 
       Link:
         C:\Program Files\Microsoft Visual Studio 10.0\VC\bin\link.exe /ERRORREPORT:PROMPT /OUT:"../../..\build\Debug\system_wrappers_unittests.exe" /INCREMENTAL /NOLOGO /LIBPATH:../../../third_party/platformsdk_win7/files/Lib /LIBPATH:../../../third_party/directxsdk/files/Lib/x86 wininet.lib dnsapi.lib version.lib msimg32.lib ws2_32.lib usp10.lib psapi.lib dbghelp.lib winmm.lib shlwapi.lib winmm.lib kernel32.lib user32.lib gdi32.lib winspool.lib comdlg32.lib advapi32.lib shell32.lib ole32.lib oleaut32.lib uuid.lib odbc32.lib odbccp32.lib Delayimp.lib /DELAYLOAD:dbghelp.dll /DELAYLOAD:dwmapi.dll /DELAYLOAD:uxtheme.dll /MANIFEST /ManifestFile:"C:\cygwin\home\nsinha\trunk\Debug\obj\system_wrappers_unittests\system_wrappers_unittests.exe.intermediate.manifest" /MANIFESTUAC:"level='asInvoker' uiAccess='false'" /DEBUG /PDB:"C:\cygwin\home\nsinha\trunk\build\Debug\system_wrappers_unittests.pdb" /SUBSYSTEM:CONSOLE /TLBID:1 /DYNAMICBASE:NO /FIXED:NO /NXCOMPAT /IMPLIB:"../../..\build\Debug\lib\system_wrappers_unittests.lib" /MACHINE:X86 C:\cygwin\home\nsinha\trunk\Debug\obj\system_wrappers_unittests\system_wrappers_unittests.exe.embed.manifest.res
         C:\cygwin\home\nsinha\trunk\Debug\obj\system_wrappers_unittests\data_log_c_helpers_unittest.obj
         C:\cygwin\home\nsinha\trunk\Debug\obj\system_wrappers_unittests\cpu_wrapper_unittest.obj
         C:\cygwin\home\nsinha\trunk\Debug\obj\system_wrappers_unittests\data_log_helpers_unittest.obj
         C:\cygwin\home\nsinha\trunk\Debug\obj\system_wrappers_unittests\data_log_unittest_disabled.obj
         C:\cygwin\home\nsinha\trunk\Debug\obj\system_wrappers_unittests\map_unittest.obj
         C:\cygwin\home\nsinha\trunk\Debug\obj\system_wrappers_unittests\list_unittest.obj /safeseh /dynamicbase /ignore:4199 /ignore:4221 /nxcompat 
     1>data_log_c_helpers_unittest.obj : error LNK2019: unresolved external symbol _WebRtcDataLog_CreateLog referenced in function _WebRtcDataLogCHelper_TestCreateLog
     1>data_log_c_helpers_unittest.obj : error LNK2019: unresolved external symbol _WebRtcDataLog_ReturnLog referenced in function _WebRtcDataLogCHelper_TestReturnLog
     1>data_log_c_helpers_unittest.obj : error LNK2019: unresolved external symbol _WebRtcDataLog_Combine referenced in function _WebRtcDataLogCHelper_TestCombine
     1>data_log_c_helpers_unittest.obj : error LNK2019: unresolved external symbol _WebRtcDataLog_AddTable referenced in function _WebRtcDataLogCHelper_TestAddTable
     1>data_log_c_helpers_unittest.obj : error LNK2019: unresolved external symbol _WebRtcDataLog_AddColumn referenced in function _WebRtcDataLogCHelper_TestAddColumn
     1>data_log_c_helpers_unittest.obj : error LNK2019: unresolved external symbol _WebRtcDataLog_NextRow referenced in function _WebRtcDataLogCHelper_TestNextRow
     1>data_log_c_helpers_unittest.obj : error LNK2019: unresolved external symbol _WebRtcDataLog_InsertCell_int referenced in function _WebRtcDataLogCHelper_TestInsertCell_int
     1>data_log_c_helpers_unittest.obj : error LNK2019: unresolved external symbol _WebRtcDataLog_InsertArray_int referenced in function _WebRtcDataLogCHelper_TestInsertArray_int
     1>data_log_c_helpers_unittest.obj : error LNK2019: unresolved external symbol _WebRtcDataLog_InsertCell_float referenced in function _WebRtcDataLogCHelper_TestInsertCell_float
     1>data_log_c_helpers_unittest.obj : error LNK2019: unresolved external symbol _WebRtcDataLog_InsertArray_float referenced in function _WebRtcDataLogCHelper_TestInsertArray_float
     1>data_log_c_helpers_unittest.obj : error LNK2019: unresolved external symbol _WebRtcDataLog_InsertArray_double referenced in function _WebRtcDataLogCHelper_TestInsertArray_double
     1>data_log_c_helpers_unittest.obj : error LNK2019: unresolved external symbol _WebRtcDataLog_InsertCell_int32 referenced in function _WebRtcDataLogCHelper_TestInsertCell_int32
     1>data_log_c_helpers_unittest.obj : error LNK2019: unresolved external symbol _WebRtcDataLog_InsertArray_int32 referenced in function _WebRtcDataLogCHelper_TestInsertArray_int32
     1>data_log_c_helpers_unittest.obj : error LNK2019: unresolved external symbol _WebRtcDataLog_InsertCell_uint32 referenced in function _WebRtcDataLogCHelper_TestInsertCell_uint32
     1>data_log_c_helpers_unittest.obj : error LNK2019: unresolved external symbol _WebRtcDataLog_InsertArray_uint32 referenced in function _WebRtcDataLogCHelper_TestInsertArray_uint32
     1>data_log_c_helpers_unittest.obj : error LNK2019: unresolved external symbol _WebRtcDataLog_InsertCell_int64 referenced in function _WebRtcDataLogCHelper_TestInsertCell_int64
     1>data_log_c_helpers_unittest.obj : error LNK2019: unresolved external symbol _WebRtcDataLog_InsertArray_int64 referenced in function _WebRtcDataLogCHelper_TestInsertArray_int64
     1>cpu_wrapper_unittest.obj : error LNK2019: unresolved external symbol "public: static void __cdecl webrtc::Trace::ReturnTrace(void)" (?ReturnTrace@Trace@webrtc@@SAXXZ) referenced in function "private: virtual void __thiscall CpuWrapperTest_Usage_Test::TestBody(void)" (?TestBody@CpuWrapperTest_Usage_Test@@EAEXXZ)
     1>cpu_wrapper_unittest.obj : error LNK2019: unresolved external symbol "public: static class webrtc::EventWrapper * __cdecl webrtc::EventWrapper::Create(void)" (?Create@EventWrapper@webrtc@@SAPAV12@XZ) referenced in function "private: virtual void __thiscall CpuWrapperTest_Usage_Test::TestBody(void)" (?TestBody@CpuWrapperTest_Usage_Test@@EAEXXZ)
     1>list_unittest.obj : error LNK2019: unresolved external symbol "public: __thiscall testing::internal::AssertHelper::~AssertHelper(void)" (??1AssertHelper@internal@testing@@QAE@XZ) referenced in function "private: virtual void __thiscall ListWrapperTest_InterLeaveTest_Test::TestBody(void)" (?TestBody@ListWrapperTest_InterLeaveTest_Test@@EAEXXZ)
     1>cpu_wrapper_unittest.obj : error LNK2001: unresolved external symbol "public: __thiscall testing::internal::AssertHelper::~AssertHelper(void)" (??1AssertHelper@internal@testing@@QAE@XZ)
     1>data_log_helpers_unittest.obj : error LNK2001: unresolved external symbol "public: __thiscall testing::internal::AssertHelper::~AssertHelper(void)" (??1AssertHelper@internal@testing@@QAE@XZ)
     1>data_log_unittest_disabled.obj : error LNK2001: unresolved external symbol "public: __thiscall testing::internal::AssertHelper::~AssertHelper(void)" (??1AssertHelper@internal@testing@@QAE@XZ)
     1>map_unittest.obj : error LNK2001: unresolved external symbol "public: __thiscall testing::internal::AssertHelper::~AssertHelper(void)" (??1AssertHelper@internal@testing@@QAE@XZ)
     1>list_unittest.obj : error LNK2019: unresolved external symbol "public: void __thiscall testing::internal::AssertHelper::operator=(class testing::Message const &)const " (??4AssertHelper@internal@testing@@QBEXABVMessage@2@@Z) referenced in function "private: virtual void __thiscall ListWrapperTest_InterLeaveTest_Test::TestBody(void)" (?TestBody@ListWrapperTest_InterLeaveTest_Test@@EAEXXZ)
     1>cpu_wrapper_unittest.obj : error LNK2001: unresolved external symbol "public: void __thiscall testing::internal::AssertHelper::operator=(class testing::Message const &)const " (??4AssertHelper@internal@testing@@QBEXABVMessage@2@@Z)
     1>data_log_helpers_unittest.obj : error LNK2001: unresolved external symbol "public: void __thiscall testing::internal::AssertHelper::operator=(class testing::Message const &)const " (??4AssertHelper@internal@testing@@QBEXABVMessage@2@@Z)
     1>data_log_unittest_disabled.obj : error LNK2001: unresolved external symbol "public: void __thiscall testing::internal::AssertHelper::operator=(class testing::Message const &)const " (??4AssertHelper@internal@testing@@QBEXABVMessage@2@@Z)
     1>map_unittest.obj : error LNK2001: unresolved external symbol "public: void __thiscall testing::internal::AssertHelper::operator=(class testing::Message const &)const " (??4AssertHelper@internal@testing@@QBEXABVMessage@2@@Z)
     1>list_unittest.obj : error LNK2019: unresolved external symbol "public: __thiscall testing::internal::AssertHelper::AssertHelper(enum testing::TestPartResult::Type,char const *,int,char const *)" (??0AssertHelper@internal@testing@@QAE@W4Type@TestPartResult@2@PBDH1@Z) referenced in function "private: virtual void __thiscall ListWrapperTest_InterLeaveTest_Test::TestBody(void)" (?TestBody@ListWrapperTest_InterLeaveTest_Test@@EAEXXZ)
     1>cpu_wrapper_unittest.obj : error LNK2001: unresolved external symbol "public: __thiscall testing::internal::AssertHelper::AssertHelper(enum testing::TestPartResult::Type,char const *,int,char const *)" (??0AssertHelper@internal@testing@@QAE@W4Type@TestPartResult@2@PBDH1@Z)
     1>data_log_helpers_unittest.obj : error LNK2001: unresolved external symbol "public: __thiscall testing::internal::AssertHelper::AssertHelper(enum testing::TestPartResult::Type,char const *,int,char const *)" (??0AssertHelper@internal@testing@@QAE@W4Type@TestPartResult@2@PBDH1@Z)
     1>data_log_unittest_disabled.obj : error LNK2001: unresolved external symbol "public: __thiscall testing::internal::AssertHelper::AssertHelper(enum testing::TestPartResult::Type,char const *,int,char const *)" (??0AssertHelper@internal@testing@@QAE@W4Type@TestPartResult@2@PBDH1@Z)
     1>map_unittest.obj : error LNK2001: unresolved external symbol "public: __thiscall testing::internal::AssertHelper::AssertHelper(enum testing::TestPartResult::Type,char const *,int,char const *)" (??0AssertHelper@internal@testing@@QAE@W4Type@TestPartResult@2@PBDH1@Z)
     1>cpu_wrapper_unittest.obj : error LNK2019: unresolved external symbol "class testing::internal::String __cdecl testing::internal::GetBoolAssertionFailureMessage(class testing::AssertionResult const &,char const *,char const *,char const *)" (?GetBoolAssertionFailureMessage@internal@testing@@YA?AVString@12@ABVAssertionResult@2@PBD11@Z) referenced in function "private: virtual void __thiscall CpuWrapperTest_Usage_Test::TestBody(void)" (?TestBody@CpuWrapperTest_Usage_Test@@EAEXXZ)
     1>map_unittest.obj : error LNK2001: unresolved external symbol "class testing::internal::String __cdecl testing::internal::GetBoolAssertionFailureMessage(class testing::AssertionResult const &,char const *,char const *,char const *)" (?GetBoolAssertionFailureMessage@internal@testing@@YA?AVString@12@ABVAssertionResult@2@PBD11@Z)
     1>list_unittest.obj : error LNK2001: unresolved external symbol "class testing::internal::String __cdecl testing::internal::GetBoolAssertionFailureMessage(class testing::AssertionResult const &,char const *,char const *,char const *)" (?GetBoolAssertionFailureMessage@internal@testing@@YA?AVString@12@ABVAssertionResult@2@PBD11@Z)
     1>cpu_wrapper_unittest.obj : error LNK2019: unresolved external symbol "public: static class webrtc::CpuWrapper * __cdecl webrtc::CpuWrapper::CreateCpu(void)" (?CreateCpu@CpuWrapper@webrtc@@SAPAV12@XZ) referenced in function "private: virtual void __thiscall CpuWrapperTest_Usage_Test::TestBody(void)" (?TestBody@CpuWrapperTest_Usage_Test@@EAEXXZ)
     1>cpu_wrapper_unittest.obj : error LNK2019: unresolved external symbol "public: static unsigned int __cdecl webrtc::CpuInfo::DetectNumberOfCores(void)" (?DetectNumberOfCores@CpuInfo@webrtc@@SAIXZ) referenced in function "private: virtual void __thiscall CpuWrapperTest_Usage_Test::TestBody(void)" (?TestBody@CpuWrapperTest_Usage_Test@@EAEXXZ)
     1>cpu_wrapper_unittest.obj : error LNK2019: unresolved external symbol "public: static int __cdecl webrtc::Trace::SetLevelFilter(unsigned int)" (?SetLevelFilter@Trace@webrtc@@SAHI@Z) referenced in function "private: virtual void __thiscall CpuWrapperTest_Usage_Test::TestBody(void)" (?TestBody@CpuWrapperTest_Usage_Test@@EAEXXZ)
     1>cpu_wrapper_unittest.obj : error LNK2019: unresolved external symbol "public: static int __cdecl webrtc::Trace::SetTraceFile(char const *,bool)" (?SetTraceFile@Trace@webrtc@@SAHPBD_N@Z) referenced in function "private: virtual void __thiscall CpuWrapperTest_Usage_Test::TestBody(void)" (?TestBody@CpuWrapperTest_Usage_Test@@EAEXXZ)
     1>cpu_wrapper_unittest.obj : error LNK2019: unresolved external symbol "class std::basic_string<char,struct std::char_traits<char>,class std::allocator<char> > __cdecl webrtc::test::OutputPath(void)" (?OutputPath@test@webrtc@@YA?AV?$basic_string@DU?$char_traits@D@std@@V?$allocator@D@2@@std@@XZ) referenced in function "private: virtual void __thiscall CpuWrapperTest_Usage_Test::TestBody(void)" (?TestBody@CpuWrapperTest_Usage_Test@@EAEXXZ)
     1>cpu_wrapper_unittest.obj : error LNK2019: unresolved external symbol "public: static void __cdecl webrtc::Trace::CreateTrace(void)" (?CreateTrace@Trace@webrtc@@SAXXZ) referenced in function "private: virtual void __thiscall CpuWrapperTest_Usage_Test::TestBody(void)" (?TestBody@CpuWrapperTest_Usage_Test@@EAEXXZ)
     1>list_unittest.obj : error LNK2001: unresolved external symbol "bool __cdecl testing::internal::IsTrue(bool)" (?IsTrue@internal@testing@@YA_N_N@Z)
     1>cpu_wrapper_unittest.obj : error LNK2019: unresolved external symbol "bool __cdecl testing::internal::IsTrue(bool)" (?IsTrue@internal@testing@@YA_N_N@Z) referenced in function "public: void __thiscall testing::internal::scoped_ptr<class std::basic_string<char,struct std::char_traits<char>,class std::allocator<char> > >::reset(class std::basic_string<char,struct std::char_traits<char>,class std::allocator<char> > *)" (?reset@?$scoped_ptr@V?$basic_string@DU?$char_traits@D@std@@V?$allocator@D@2@@std@@@internal@testing@@QAEXPAV?$basic_string@DU?$char_traits@D@std@@V?$allocator@D@2@@std@@@Z)
     1>data_log_helpers_unittest.obj : error LNK2001: unresolved external symbol "bool __cdecl testing::internal::IsTrue(bool)" (?IsTrue@internal@testing@@YA_N_N@Z)
     1>data_log_unittest_disabled.obj : error LNK2001: unresolved external symbol "bool __cdecl testing::internal::IsTrue(bool)" (?IsTrue@internal@testing@@YA_N_N@Z)
     1>map_unittest.obj : error LNK2001: unresolved external symbol "bool __cdecl testing::internal::IsTrue(bool)" (?IsTrue@internal@testing@@YA_N_N@Z)
     1>cpu_wrapper_unittest.obj : error LNK2019: unresolved external symbol "public: __thiscall testing::AssertionResult::AssertionResult(class testing::AssertionResult const &)" (??0AssertionResult@testing@@QAE@ABV01@@Z) referenced in function "class testing::AssertionResult __cdecl testing::internal::CmpHelperGT<unsigned int,unsigned int>(char const *,char const *,unsigned int const &,unsigned int const &)" (??$CmpHelperGT@II@internal@testing@@YA?AVAssertionResult@1@PBD0ABI1@Z)
     1>cpu_wrapper_unittest.obj : error LNK2019: unresolved external symbol "class testing::AssertionResult __cdecl testing::AssertionFailure(void)" (?AssertionFailure@testing@@YA?AVAssertionResult@1@XZ) referenced in function "class testing::AssertionResult __cdecl testing::internal::CmpHelperGT<unsigned int,unsigned int>(char const *,char const *,unsigned int const &,unsigned int const &)" (??$CmpHelperGT@II@internal@testing@@YA?AVAssertionResult@1@PBD0ABI1@Z)
     1>list_unittest.obj : error LNK2001: unresolved external symbol "class testing::AssertionResult __cdecl testing::AssertionSuccess(void)" (?AssertionSuccess@testing@@YA?AVAssertionResult@1@XZ)
     1>cpu_wrapper_unittest.obj : error LNK2019: unresolved external symbol "class testing::AssertionResult __cdecl testing::AssertionSuccess(void)" (?AssertionSuccess@testing@@YA?AVAssertionResult@1@XZ) referenced in function "class testing::AssertionResult __cdecl testing::internal::CmpHelperGT<unsigned int,unsigned int>(char const *,char const *,unsigned int const &,unsigned int const &)" (??$CmpHelperGT@II@internal@testing@@YA?AVAssertionResult@1@PBD0ABI1@Z)
     1>data_log_helpers_unittest.obj : error LNK2001: unresolved external symbol "class testing::AssertionResult __cdecl testing::AssertionSuccess(void)" (?AssertionSuccess@testing@@YA?AVAssertionResult@1@XZ)
     1>data_log_unittest_disabled.obj : error LNK2001: unresolved external symbol "class testing::AssertionResult __cdecl testing::AssertionSuccess(void)" (?AssertionSuccess@testing@@YA?AVAssertionResult@1@XZ)
     1>map_unittest.obj : error LNK2001: unresolved external symbol "class testing::AssertionResult __cdecl testing::AssertionSuccess(void)" (?AssertionSuccess@testing@@YA?AVAssertionResult@1@XZ)
     1>cpu_wrapper_unittest.obj : error LNK2019: unresolved external symbol "class testing::internal::String __cdecl testing::internal::StringStreamToString(class std::basic_stringstream<char,struct std::char_traits<char>,class std::allocator<char> > *)" (?StringStreamToString@internal@testing@@YA?AVString@12@PAV?$basic_stringstream@DU?$char_traits@D@std@@V?$allocator@D@2@@std@@@Z) referenced in function "public: class testing::internal::String __thiscall testing::Message::GetString(void)const " (?GetString@Message@testing@@QBE?AVString@internal@2@XZ)
     1>list_unittest.obj : error LNK2001: unresolved external symbol "class testing::TestInfo * __cdecl testing::internal::MakeAndRegisterTestInfo(char const *,char const *,char const *,char const *,void const *,void (__cdecl*)(void),void (__cdecl*)(void),class testing::internal::TestFactoryBase *)" (?MakeAndRegisterTestInfo@internal@testing@@YAPAVTestInfo@2@PBD000PBXP6AXXZ2PAVTestFactoryBase@12@@Z)
     1>cpu_wrapper_unittest.obj : error LNK2019: unresolved external symbol "class testing::TestInfo * __cdecl testing::internal::MakeAndRegisterTestInfo(char const *,char const *,char const *,char const *,void const *,void (__cdecl*)(void),void (__cdecl*)(void),class testing::internal::TestFactoryBase *)" (?MakeAndRegisterTestInfo@internal@testing@@YAPAVTestInfo@2@PBD000PBXP6AXXZ2PAVTestFactoryBase@12@@Z) referenced in function "void __cdecl `dynamic initializer for 'private: static class testing::TestInfo * CpuWrapperTest_Usage_Test::test_info_''(void)" (??__E?test_info_@CpuWrapperTest_Usage_Test@@0QAVTestInfo@testing@@A@@YAXXZ)
     1>data_log_helpers_unittest.obj : error LNK2001: unresolved external symbol "class testing::TestInfo * __cdecl testing::internal::MakeAndRegisterTestInfo(char const *,char const *,char const *,char const *,void const *,void (__cdecl*)(void),void (__cdecl*)(void),class testing::internal::TestFactoryBase *)" (?MakeAndRegisterTestInfo@internal@testing@@YAPAVTestInfo@2@PBD000PBXP6AXXZ2PAVTestFactoryBase@12@@Z)
     1>data_log_unittest_disabled.obj : error LNK2001: unresolved external symbol "class testing::TestInfo * __cdecl testing::internal::MakeAndRegisterTestInfo(char const *,char const *,char const *,char const *,void const *,void (__cdecl*)(void),void (__cdecl*)(void),class testing::internal::TestFactoryBase *)" (?MakeAndRegisterTestInfo@internal@testing@@YAPAVTestInfo@2@PBD000PBXP6AXXZ2PAVTestFactoryBase@12@@Z)
     1>map_unittest.obj : error LNK2001: unresolved external symbol "class testing::TestInfo * __cdecl testing::internal::MakeAndRegisterTestInfo(char const *,char const *,char const *,char const *,void const *,void (__cdecl*)(void),void (__cdecl*)(void),class testing::internal::TestFactoryBase *)" (?MakeAndRegisterTestInfo@internal@testing@@YAPAVTestInfo@2@PBD000PBXP6AXXZ2PAVTestFactoryBase@12@@Z)
     1>cpu_wrapper_unittest.obj : error LNK2019: unresolved external symbol "void const * __cdecl testing::internal::GetTestTypeId(void)" (?GetTestTypeId@internal@testing@@YAPBXXZ) referenced in function "void __cdecl `dynamic initializer for 'private: static class testing::TestInfo * CpuWrapperTest_Usage_Test::test_info_''(void)" (??__E?test_info_@CpuWrapperTest_Usage_Test@@0QAVTestInfo@testing@@A@@YAXXZ)
     1>data_log_helpers_unittest.obj : error LNK2001: unresolved external symbol "void const * __cdecl testing::internal::GetTestTypeId(void)" (?GetTestTypeId@internal@testing@@YAPBXXZ)
     1>data_log_unittest_disabled.obj : error LNK2001: unresolved external symbol "void const * __cdecl testing::internal::GetTestTypeId(void)" (?GetTestTypeId@internal@testing@@YAPBXXZ)
     1>list_unittest.obj : error LNK2001: unresolved external symbol "void const * __cdecl testing::internal::GetTestTypeId(void)" (?GetTestTypeId@internal@testing@@YAPBXXZ)
     1>list_unittest.obj : error LNK2001: unresolved external symbol "protected: __thiscall testing::Test::Test(void)" (??0Test@testing@@IAE@XZ)
     1>cpu_wrapper_unittest.obj : error LNK2019: unresolved external symbol "protected: __thiscall testing::Test::Test(void)" (??0Test@testing@@IAE@XZ) referenced in function "public: __thiscall CpuWrapperTest_Usage_Test::CpuWrapperTest_Usage_Test(void)" (??0CpuWrapperTest_Usage_Test@@QAE@XZ)
     1>data_log_helpers_unittest.obj : error LNK2001: unresolved external symbol "protected: __thiscall testing::Test::Test(void)" (??0Test@testing@@IAE@XZ)
     1>data_log_unittest_disabled.obj : error LNK2001: unresolved external symbol "protected: __thiscall testing::Test::Test(void)" (??0Test@testing@@IAE@XZ)
     1>map_unittest.obj : error LNK2001: unresolved external symbol "protected: __thiscall testing::Test::Test(void)" (??0Test@testing@@IAE@XZ)
     1>cpu_wrapper_unittest.obj : error LNK2001: unresolved external symbol "protected: virtual void __thiscall testing::Test::SetUp(void)" (?SetUp@Test@testing@@MAEXXZ)
     1>data_log_helpers_unittest.obj : error LNK2001: unresolved external symbol "protected: virtual void __thiscall testing::Test::SetUp(void)" (?SetUp@Test@testing@@MAEXXZ)
     1>data_log_unittest_disabled.obj : error LNK2001: unresolved external symbol "protected: virtual void __thiscall testing::Test::SetUp(void)" (?SetUp@Test@testing@@MAEXXZ)
     1>list_unittest.obj : error LNK2001: unresolved external symbol "protected: virtual void __thiscall testing::Test::SetUp(void)" (?SetUp@Test@testing@@MAEXXZ)
     1>cpu_wrapper_unittest.obj : error LNK2001: unresolved external symbol "protected: virtual void __thiscall testing::Test::TearDown(void)" (?TearDown@Test@testing@@MAEXXZ)
     1>data_log_helpers_unittest.obj : error LNK2019: unresolved external symbol "protected: virtual void __thiscall testing::Test::TearDown(void)" (?TearDown@Test@testing@@MAEXXZ) referenced in function "private: void __thiscall std::numpunct<char>::_Tidy(void)" (?_Tidy@?$numpunct@D@std@@AAEXXZ)
     1>data_log_unittest_disabled.obj : error LNK2001: unresolved external symbol "protected: virtual void __thiscall testing::Test::TearDown(void)" (?TearDown@Test@testing@@MAEXXZ)
     1>list_unittest.obj : error LNK2001: unresolved external symbol "protected: virtual void __thiscall testing::Test::TearDown(void)" (?TearDown@Test@testing@@MAEXXZ)
     1>list_unittest.obj : error LNK2001: unresolved external symbol "public: virtual __thiscall testing::Test::~Test(void)" (??1Test@testing@@UAE@XZ)
     1>cpu_wrapper_unittest.obj : error LNK2019: unresolved external symbol "public: virtual __thiscall testing::Test::~Test(void)" (??1Test@testing@@UAE@XZ) referenced in function "public: virtual __thiscall CpuWrapperTest_Usage_Test::~CpuWrapperTest_Usage_Test(void)" (??1CpuWrapperTest_Usage_Test@@UAE@XZ)
     1>data_log_helpers_unittest.obj : error LNK2001: unresolved external symbol "public: virtual __thiscall testing::Test::~Test(void)" (??1Test@testing@@UAE@XZ)
     1>data_log_unittest_disabled.obj : error LNK2001: unresolved external symbol "public: virtual __thiscall testing::Test::~Test(void)" (??1Test@testing@@UAE@XZ)
     1>map_unittest.obj : error LNK2001: unresolved external symbol "public: virtual __thiscall testing::Test::~Test(void)" (??1Test@testing@@UAE@XZ)
     1>data_log_helpers_unittest.obj : error LNK2019: unresolved external symbol "class testing::AssertionResult __cdecl testing::internal::EqFailure(char const *,char const *,class testing::internal::String const &,class testing::internal::String const &,bool)" (?EqFailure@internal@testing@@YA?AVAssertionResult@2@PBD0ABVString@12@1_N@Z) referenced in function "class testing::AssertionResult __cdecl testing::internal::CmpHelperEQ<class std::basic_string<char,struct std::char_traits<char>,class std::allocator<char> >,char const [3]>(char const *,char const *,class std::basic_string<char,struct std::char_traits<char>,class std::allocator<char> > const &,char const (&)[3])" (??$CmpHelperEQ@V?$basic_string@DU?$char_traits@D@std@@V?$allocator@D@2@@std@@$$BY02$$CBD@internal@testing@@YA?AVAssertionResult@1@PBD0ABV?$basic_string@DU?$char_traits@D@std@@V?$allocator@D@2@@std@@AAY02$$CBD@Z)
     1>data_log_unittest_disabled.obj : error LNK2001: unresolved external symbol "class testing::AssertionResult __cdecl testing::internal::EqFailure(char const *,char const *,class testing::internal::String const &,class testing::internal::String const &,bool)" (?EqFailure@internal@testing@@YA?AVAssertionResult@2@PBD0ABVString@12@1_N@Z)
     1>map_unittest.obj : error LNK2001: unresolved external symbol "class testing::AssertionResult __cdecl testing::internal::EqFailure(char const *,char const *,class testing::internal::String const &,class testing::internal::String const &,bool)" (?EqFailure@internal@testing@@YA?AVAssertionResult@2@PBD0ABVString@12@1_N@Z)
     1>list_unittest.obj : error LNK2001: unresolved external symbol "class testing::AssertionResult __cdecl testing::internal::EqFailure(char const *,char const *,class testing::internal::String const &,class testing::internal::String const &,bool)" (?EqFailure@internal@testing@@YA?AVAssertionResult@2@PBD0ABVString@12@1_N@Z)
     1>data_log_helpers_unittest.obj : error LNK2019: unresolved external symbol "public: static class testing::internal::String __cdecl testing::internal::String::ShowCStringQuoted(char const *)" (?ShowCStringQuoted@String@internal@testing@@SA?AV123@PBD@Z) referenced in function "class testing::internal::String __cdecl testing::internal::FormatForComparisonFailureMessage(char const *,class std::basic_string<char,struct std::char_traits<char>,class std::allocator<char> > const &)" (?FormatForComparisonFailureMessage@internal@testing@@YA?AVString@12@PBDABV?$basic_string@DU?$char_traits@D@std@@V?$allocator@D@2@@std@@@Z)
     1>data_log_unittest_disabled.obj : error LNK2001: unresolved external symbol "public: static class testing::internal::String __cdecl testing::internal::String::ShowCStringQuoted(char const *)" (?ShowCStringQuoted@String@internal@testing@@SA?AV123@PBD@Z)
     1>data_log_helpers_unittest.obj : error LNK2019: unresolved external symbol "void __cdecl testing::internal::PrintStringTo(class std::basic_string<char,struct std::char_traits<char>,class std::allocator<char> > const &,class std::basic_ostream<char,struct std::char_traits<char> > *)" (?PrintStringTo@internal@testing@@YAXABV?$basic_string@DU?$char_traits@D@std@@V?$allocator@D@2@@std@@PAV?$basic_ostream@DU?$char_traits@D@std@@@4@@Z) referenced in function "void __cdecl testing::internal::PrintTo(class std::basic_string<char,struct std::char_traits<char>,class std::allocator<char> > const &,class std::basic_ostream<char,struct std::char_traits<char> > *)" (?PrintTo@internal@testing@@YAXABV?$basic_string@DU?$char_traits@D@std@@V?$allocator@D@2@@std@@PAV?$basic_ostream@DU?$char_traits@D@std@@@4@@Z)
     1>data_log_unittest_disabled.obj : error LNK2001: unresolved external symbol "void __cdecl testing::internal::PrintStringTo(class std::basic_string<char,struct std::char_traits<char>,class std::allocator<char> > const &,class std::basic_ostream<char,struct std::char_traits<char> > *)" (?PrintStringTo@internal@testing@@YAXABV?$basic_string@DU?$char_traits@D@std@@V?$allocator@D@2@@std@@PAV?$basic_ostream@DU?$char_traits@D@std@@@4@@Z)
     1>data_log_unittest_disabled.obj : error LNK2019: unresolved external symbol "public: static int __cdecl webrtc::DataLog::NextRow(class std::basic_string<char,struct std::char_traits<char>,class std::allocator<char> > const &)" (?NextRow@DataLog@webrtc@@SAHABV?$basic_string@DU?$char_traits@D@std@@V?$allocator@D@2@@std@@@Z) referenced in function "void __cdecl PerformLogging(class std::basic_string<char,struct std::char_traits<char>,class std::allocator<char> >)" (?PerformLogging@@YAXV?$basic_string@DU?$char_traits@D@std@@V?$allocator@D@2@@std@@@Z)
     1>data_log_unittest_disabled.obj : error LNK2019: unresolved external symbol "public: static int __cdecl webrtc::DataLog::AddColumn(class std::basic_string<char,struct std::char_traits<char>,class std::allocator<char> > const &,class std::basic_string<char,struct std::char_traits<char>,class std::allocator<char> > const &,int)" (?AddColumn@DataLog@webrtc@@SAHABV?$basic_string@DU?$char_traits@D@std@@V?$allocator@D@2@@std@@0H@Z) referenced in function "void __cdecl PerformLogging(class std::basic_string<char,struct std::char_traits<char>,class std::allocator<char> >)" (?PerformLogging@@YAXV?$basic_string@DU?$char_traits@D@std@@V?$allocator@D@2@@std@@@Z)
     1>data_log_unittest_disabled.obj : error LNK2019: unresolved external symbol "public: static int __cdecl webrtc::DataLog::AddTable(class std::basic_string<char,struct std::char_traits<char>,class std::allocator<char> > const &)" (?AddTable@DataLog@webrtc@@SAHABV?$basic_string@DU?$char_traits@D@std@@V?$allocator@D@2@@std@@@Z) referenced in function "void __cdecl PerformLogging(class std::basic_string<char,struct std::char_traits<char>,class std::allocator<char> >)" (?PerformLogging@@YAXV?$basic_string@DU?$char_traits@D@std@@V?$allocator@D@2@@std@@@Z)
     1>data_log_unittest_disabled.obj : error LNK2019: unresolved external symbol "public: static void __cdecl webrtc::DataLog::ReturnLog(void)" (?ReturnLog@DataLog@webrtc@@SAXXZ) referenced in function "private: virtual void __thiscall TestDataLogDisabled_VerifyLoggingWorks_Test::TestBody(void)" (?TestBody@TestDataLogDisabled_VerifyLoggingWorks_Test@@EAEXXZ)
     1>data_log_unittest_disabled.obj : error LNK2019: unresolved external symbol "public: static class std::basic_string<char,struct std::char_traits<char>,class std::allocator<char> > __cdecl webrtc::DataLog::Combine(class std::basic_string<char,struct std::char_traits<char>,class std::allocator<char> > const &,int)" (?Combine@DataLog@webrtc@@SA?AV?$basic_string@DU?$char_traits@D@std@@V?$allocator@D@2@@std@@ABV34@H@Z) referenced in function "private: virtual void __thiscall TestDataLogDisabled_VerifyLoggingWorks_Test::TestBody(void)" (?TestBody@TestDataLogDisabled_VerifyLoggingWorks_Test@@EAEXXZ)
     1>data_log_unittest_disabled.obj : error LNK2019: unresolved external symbol "public: static int __cdecl webrtc::DataLog::CreateLog(void)" (?CreateLog@DataLog@webrtc@@SAHXZ) referenced in function "private: virtual void __thiscall TestDataLogDisabled_VerifyLoggingWorks_Test::TestBody(void)" (?TestBody@TestDataLogDisabled_VerifyLoggingWorks_Test@@EAEXXZ)
     1>data_log_unittest_disabled.obj : error LNK2019: unresolved external symbol "public: int __thiscall webrtc::DataLogImpl::InsertCell(class std::basic_string<char,struct std::char_traits<char>,class std::allocator<char> > const &,class std::basic_string<char,struct std::char_traits<char>,class std::allocator<char> > const &,class webrtc::Container const *)" (?InsertCell@DataLogImpl@webrtc@@QAEHABV?$basic_string@DU?$char_traits@D@std@@V?$allocator@D@2@@std@@0PBVContainer@2@@Z) referenced in function "public: static int __cdecl webrtc::DataLog::InsertCell<double>(class std::basic_string<char,struct std::char_traits<char>,class std::allocator<char> > const &,class std::basic_string<char,struct std::char_traits<char>,class std::allocator<char> > const &,double)" (??$InsertCell@N@DataLog@webrtc@@SAHABV?$basic_string@DU?$char_traits@D@std@@V?$allocator@D@2@@std@@0N@Z)
     1>data_log_unittest_disabled.obj : error LNK2019: unresolved external symbol "public: static class webrtc::DataLogImpl * __cdecl webrtc::DataLogImpl::StaticInstance(void)" (?StaticInstance@DataLogImpl@webrtc@@SAPAV12@XZ) referenced in function "public: static int __cdecl webrtc::DataLog::InsertCell<double>(class std::basic_string<char,struct std::char_traits<char>,class std::allocator<char> > const&,class std::basic_string<char,struct std::char_traits<char>,class std::allocator<char> > const &,double)" (??$InsertCell@N@DataLog@webrtc@@SAHABV?$basic_string@DU?$char_traits@D@std@@V?$allocator@D@2@@std@@0N@Z)
     1>map_unittest.obj : error LNK2019: unresolved external symbol "public: void * __thiscall webrtc::MapItem::GetItem(void)" (?GetItem@MapItem@webrtc@@QAEPAXXZ) referenced in function "int * __cdecl ItemPointer(class webrtc::MapItem *)" (?ItemPointer@@YAPAHPAVMapItem@webrtc@@@Z)
     1>map_unittest.obj : error LNK2019: unresolved external symbol "public: int __thiscall webrtc::MapWrapper::Insert(int,void *)" (?Insert@MapWrapper@webrtc@@QAEHHPAX@Z) referenced in function "bool __cdecl CreateAscendingMap(class webrtc::MapWrapper *)" (?CreateAscendingMap@@YA_NPAVMapWrapper@webrtc@@@Z)
     1>map_unittest.obj : error LNK2019: unresolved external symbol "public: int __thiscall webrtc::MapWrapper::Erase(class webrtc::MapItem *)" (?Erase@MapWrapper@webrtc@@QAEHPAVMapItem@2@@Z) referenced in function "bool __cdecl ClearMap(class webrtc::MapWrapper *)" (?ClearMap@@YA_NPAVMapWrapper@webrtc@@@Z)
     1>map_unittest.obj : error LNK2019: unresolved external symbol "public: class webrtc::MapItem * __thiscall webrtc::MapWrapper::First(void)const " (?First@MapWrapper@webrtc@@QBEPAVMapItem@2@XZ) referenced in function "bool __cdecl ClearMap(class webrtc::MapWrapper *)" (?ClearMap@@YA_NPAVMapWrapper@webrtc@@@Z)
     1>map_unittest.obj : error LNK2019: unresolved external symbol "public: int __thiscall webrtc::MapWrapper::Size(void)const " (?Size@MapWrapper@webrtc@@QBEHXZ) referenced in function "bool __cdecl ClearMap(class webrtc::MapWrapper *)" (?ClearMap@@YA_NPAVMapWrapper@webrtc@@@Z)
     1>map_unittest.obj : error LNK2019: unresolved external symbol "public: int __thiscall webrtc::MapItem::GetId(void)" (?GetId@MapItem@webrtc@@QAEHXZ) referenced in function "void __cdecl PrintMapItem(class webrtc::MapItem *,bool)" (?PrintMapItem@@YAXPAVMapItem@webrtc@@_N@Z)
     1>map_unittest.obj : error LNK2019: unresolved external symbol "public: class webrtc::MapItem * __thiscall webrtc::MapWrapper::Next(class webrtc::MapItem *)const " (?Next@MapWrapper@webrtc@@QBEPAVMapItem@2@PAV32@@Z) referenced in function "bool __cdecl PrintMap(class webrtc::MapWrapper const &,bool)" (?PrintMap@@YA_NABVMapWrapper@webrtc@@_N@Z)
     1>map_unittest.obj : error LNK2019: unresolved external symbol "public: class webrtc::MapItem * __thiscall webrtc::MapWrapper::Previous(class webrtc::MapItem *)const " (?Previous@MapWrapper@webrtc@@QBEPAVMapItem@2@PAV32@@Z) referenced in function "bool __cdecl ReversePrintMap(class webrtc::MapWrapper const &,bool)" (?ReversePrintMap@@YA_NABVMapWrapper@webrtc@@_N@Z)
     1>map_unittest.obj : error LNK2019: unresolved external symbol "public: class webrtc::MapItem * __thiscall webrtc::MapWrapper::Last(void)const " (?Last@MapWrapper@webrtc@@QBEPAVMapItem@2@XZ) referenced in function "bool __cdecl ReversePrintMap(class webrtc::MapWrapper const &,bool)" (?ReversePrintMap@@YA_NABVMapWrapper@webrtc@@_N@Z)
     1>map_unittest.obj : error LNK2019: unresolved external symbol "public: class webrtc::MapItem * __thiscall webrtc::MapWrapper::Find(int)const " (?Find@MapWrapper@webrtc@@QBEPAVMapItem@2@H@Z) referenced in function "bool __cdecl CompareMaps(class webrtc::MapWrapper const &,class webrtc::MapWrapper const &)" (?CompareMaps@@YA_NABVMapWrapper@webrtc@@0@Z)
     1>map_unittest.obj : error LNK2019: unresolved external symbol "public: int __thiscall webrtc::MapWrapper::Erase(int)" (?Erase@MapWrapper@webrtc@@QAEHH@Z) referenced in function "private: virtual void __thiscall MapWrapperTest_RemoveTest_Test::TestBody(void)" (?TestBody@MapWrapperTest_RemoveTest_Test@@EAEXXZ)
     1>map_unittest.obj : error LNK2019: unresolved external symbol "public: void __thiscall webrtc::MapItem::SetItem(void *)" (?SetItem@MapItem@webrtc@@QAEXPAX@Z) referenced in function "private: virtual void __thiscall MapWrapperTest_CopyTest_Test::TestBody(void)" (?TestBody@MapWrapperTest_CopyTest_Test@@EAEXXZ)
     1>map_unittest.obj : error LNK2019: unresolved external symbol "public: __thiscall webrtc::MapWrapper::~MapWrapper(void)" (??1MapWrapper@webrtc@@QAE@XZ) referenced in function "private: virtual void __thiscall MapWrapperTest_CopyTest_Test::TestBody(void)" (?TestBody@MapWrapperTest_CopyTest_Test@@EAEXXZ)
     1>map_unittest.obj : error LNK2019: unresolved external symbol "public: __thiscall webrtc::MapWrapper::MapWrapper(void)" (??0MapWrapper@webrtc@@QAE@XZ) referenced in function "private: virtual void __thiscall MapWrapperTest_CopyTest_Test::TestBody(void)" (?TestBody@MapWrapperTest_CopyTest_Test@@EAEXXZ)
     1>list_unittest.obj : error LNK2019: unresolved external symbol "public: class webrtc::ListItem * __thiscall webrtc::ListWrapper::First(void)const " (?First@ListWrapper@webrtc@@QBEPAVListItem@2@XZ) referenced in function "public: class webrtc::ListItem * __thiscall ListWrapperSimple::First(void)const " (?First@ListWrapperSimple@@QBEPAVListItem@webrtc@@XZ)
     1>list_unittest.obj : error LNK2019: unresolved external symbol "public: __thiscall webrtc::ListWrapper::ListWrapper(void)" (??0ListWrapper@webrtc@@QAE@XZ) referenced in function "protected: __thiscall ListWrapperSimple::ListWrapperSimple(void)" (??0ListWrapperSimple@@IAE@XZ)
     1>list_unittest.obj : error LNK2019: unresolved external symbol "public: virtual __thiscall webrtc::ListWrapper::~ListWrapper(void)" (??1ListWrapper@webrtc@@UAE@XZ) referenced in function "public: virtual __thiscall ListWrapperSimple::~ListWrapperSimple(void)" (??1ListWrapperSimple@@UAE@XZ)
     1>list_unittest.obj : error LNK2019: unresolved external symbol "public: unsigned int __thiscall webrtc::ListItem::GetUnsignedItem(void)const " (?GetUnsignedItem@ListItem@webrtc@@QBEIXZ) referenced in function "public: virtual unsigned int __thiscall ListWrapperStatic::GetUnsignedItem(class webrtc::ListItem const *)const " (?GetUnsignedItem@ListWrapperStatic@@UBEIPBVListItem@webrtc@@@Z)
     1>list_unittest.obj : error LNK2019: unresolved external symbol "public: __thiscall webrtc::ListItem::ListItem(unsigned int)" (??0ListItem@webrtc@@QAE@I@Z) referenced in function "public: virtual class webrtc::ListItem * __thiscall ListWrapperStatic::CreateListItem(unsigned int)" (?CreateListItem@ListWrapperStatic@@UAEPAVListItem@webrtc@@I@Z)
     1>list_unittest.obj : error LNK2019: unresolved external symbol "public: int __thiscall webrtc::ListWrapper::PushBack(unsigned int)" (?PushBack@ListWrapper@webrtc@@QAEHI@Z) referenced in function "public: virtual int __thiscall ListWrapperStatic::PushBack(unsigned int)" (?PushBack@ListWrapperStatic@@UAEHI@Z)
     1>list_unittest.obj : error LNK2019: unresolved external symbol "public: int __thiscall webrtc::ListWrapper::PushFront(unsigned int)" (?PushFront@ListWrapper@webrtc@@QAEHI@Z) referenced in function "public: virtual int __thiscall ListWrapperStatic::PushFront(unsigned int)" (?PushFront@ListWrapperStatic@@UAEHI@Z)
     1>list_unittest.obj : error LNK2019: unresolved external symbol "public: int __thiscall webrtc::ListWrapper::PopFront(void)" (?PopFront@ListWrapper@webrtc@@QAEHXZ) referenced in function "public: virtual int __thiscall ListWrapperStatic::PopFront(void)" (?PopFront@ListWrapperStatic@@UAEHXZ)
     1>list_unittest.obj : error LNK2019: unresolved external symbol "public: int __thiscall webrtc::ListWrapper::PopBack(void)" (?PopBack@ListWrapper@webrtc@@QAEHXZ) referenced in function "public: virtual int __thiscall ListWrapperStatic::PopBack(void)" (?PopBack@ListWrapperStatic@@UAEHXZ)
     1>list_unittest.obj : error LNK2019: unresolved external symbol "public: int __thiscall webrtc::ListWrapper::Erase(class webrtc::ListItem *)" (?Erase@ListWrapper@webrtc@@QAEHPAVListItem@2@@Z) referenced in function "public: virtual int __thiscall ListWrapperStatic::Erase(class webrtc::ListItem *)" (?Erase@ListWrapperStatic@@UAEHPAVListItem@webrtc@@@Z)
     1>list_unittest.obj : error LNK2019: unresolved external symbol "public: void * __thiscall webrtc::ListItem::GetItem(void)const " (?GetItem@ListItem@webrtc@@QBEPAXXZ) referenced in function "public: virtual unsigned int __thiscall ListWrapperDynamic::GetUnsignedItem(class webrtc::ListItem const *)const " (?GetUnsignedItem@ListWrapperDynamic@@UBEIPBVListItem@webrtc@@@Z)
     1>list_unittest.obj : error LNK2019: unresolved external symbol "public: __thiscall webrtc::ListItem::ListItem(void const *)" (??0ListItem@webrtc@@QAE@PBX@Z) referenced in function "public: virtual class webrtc::ListItem * __thiscall ListWrapperDynamic::CreateListItem(unsigned int)" (?CreateListItem@ListWrapperDynamic@@UAEPAVListItem@webrtc@@I@Z)
     1>list_unittest.obj : error LNK2019: unresolved external symbol "public: int __thiscall webrtc::ListWrapper::PushBack(void const *)" (?PushBack@ListWrapper@webrtc@@QAEHPBX@Z) referenced in function "public: virtual int __thiscall ListWrapperDynamic::PushBack(unsigned int)" (?PushBack@ListWrapperDynamic@@UAEHI@Z)
     1>list_unittest.obj : error LNK2019: unresolved external symbol "public: int __thiscall webrtc::ListWrapper::PushFront(void const *)" (?PushFront@ListWrapper@webrtc@@QAEHPBX@Z) referenced in function "public: virtual int __thiscall ListWrapperDynamic::PushFront(unsigned int)" (?PushFront@ListWrapperDynamic@@UAEHI@Z)
     1>list_unittest.obj : error LNK2019: unresolved external symbol "public: class webrtc::ListItem * __thiscall webrtc::ListWrapper::Last(void)const " (?Last@ListWrapper@webrtc@@QBEPAVListItem@2@XZ) referenced in function "public: virtual int __thiscall ListWrapperDynamic::PopBack(void)" (?PopBack@ListWrapperDynamic@@UAEHXZ)
     1>list_unittest.obj : error LNK2019: unresolved external symbol "public: class webrtc::ListItem * __thiscall webrtc::ListWrapper::Next(class webrtc::ListItem *)const " (?Next@ListWrapper@webrtc@@QBEPAVListItem@2@PAV32@@Z) referenced in function "public: class webrtc::ListItem * __thiscall ListWrapperSimple::Next(class webrtc::ListItem *)const " (?Next@ListWrapperSimple@@QBEPAVListItem@webrtc@@PAV23@@Z)
     1>list_unittest.obj : error LNK2019: unresolved external symbol "public: unsigned int __thiscall webrtc::ListWrapper::GetSize(void)const " (?GetSize@ListWrapper@webrtc@@QBEIXZ) referenced in function "public: unsigned int __thiscall ListWrapperSimple::GetSize(void)const " (?GetSize@ListWrapperSimple@@QBEIXZ)
     1>list_unittest.obj : error LNK2019: unresolved external symbol "public: bool __thiscall webrtc::ListWrapper::Empty(void)const " (?Empty@ListWrapper@webrtc@@QBE_NXZ) referenced in function "public: bool __thiscall ListWrapperSimple::Empty(void)const " (?Empty@ListWrapperSimple@@QBE_NXZ)
     1>list_unittest.obj : error LNK2019: unresolved external symbol "public: class webrtc::ListItem * __thiscall webrtc::ListWrapper::Previous(class webrtc::ListItem *)const " (?Previous@ListWrapper@webrtc@@QBEPAVListItem@2@PAV32@@Z) referenced in function "public: class webrtc::ListItem * __thiscall ListWrapperSimple::Previous(class webrtc::ListItem *)const " (?Previous@ListWrapperSimple@@QBEPAVListItem@webrtc@@PAV23@@Z)
     1>list_unittest.obj : error LNK2019: unresolved external symbol "public: int __thiscall webrtc::ListWrapper::Insert(class webrtc::ListItem *,class webrtc::ListItem *)" (?Insert@ListWrapper@webrtc@@QAEHPAVListItem@2@0@Z) referenced in function "public: int __thiscall ListWrapperSimple::Insert(class webrtc::ListItem *,class webrtc::ListItem *)" (?Insert@ListWrapperSimple@@QAEHPAVListItem@webrtc@@0@Z)
     1>list_unittest.obj : error LNK2019: unresolved external symbol "public: int __thiscall webrtc::ListWrapper::InsertBefore(class webrtc::ListItem *,class webrtc::ListItem *)" (?InsertBefore@ListWrapper@webrtc@@QAEHPAVListItem@2@0@Z) referenced in function "public: int __thiscall ListWrapperSimple::InsertBefore(class webrtc::ListItem *,class webrtc::ListItem *)" (?InsertBefore@ListWrapperSimple@@QAEHPAVListItem@webrtc@@0@Z)
     1>LIBCMTD.lib(crt0.obj) : error LNK2019: unresolved external symbol _main referenced in function ___tmainCRTStartup
     1>../../..\build\Debug\system_wrappers_unittests.exe : fatal error LNK1120: 87 unresolved externals
     1>Done Building Project "C:\cygwin\home\nsinha\trunk\src\system_wrappers\source\system_wrappers_unittests.vcxproj" (build target(s)) -- FAILED.

Build FAILED.

Time Elapsed 00:00:06.85
