Build started 12/19/2011 4:11:24 PM.
     1>Project "C:\cygwin\home\nsinha\trunk\src\common_video\libyuv_unittests.vcxproj" on node 2 (build target(s)).
     1>C:\WINDOWS\Microsoft.NET\Framework\v4.0.30319\Microsoft.Common.Targets(1200,9): warning : The referenced project 'src\common_video\webrtc_libyuv.vcxproj' does not exist.
     1>C:\WINDOWS\Microsoft.NET\Framework\v4.0.30319\Microsoft.Common.Targets(1200,9): warning : The referenced project 'testing\gtest.vcxproj' does not exist.
     1>C:\WINDOWS\Microsoft.NET\Framework\v4.0.30319\Microsoft.Common.Targets(1200,9): warning : The referenced project 'src\system_wrappers\source\system_wrappers.vcxproj' does not exist.
     1>C:\WINDOWS\Microsoft.NET\Framework\v4.0.30319\Microsoft.Common.Targets(1200,9): warning : The referenced project 'test\test_support_main.vcxproj' does not exist.
     1>C:\WINDOWS\Microsoft.NET\Framework\v4.0.30319\Microsoft.Common.Targets(1200,9): warning : The referenced project 'third_party\libyuv\libyuv.vcxproj' does not exist.
     1>C:\WINDOWS\Microsoft.NET\Framework\v4.0.30319\Microsoft.Common.Targets(1200,9): warning : The referenced project 'test\test_support.vcxproj' does not exist.
     1>C:\WINDOWS\Microsoft.NET\Framework\v4.0.30319\Microsoft.Common.Targets(1200,9): warning : The referenced project 'testing\gmock.vcxproj' does not exist.
     1>InitializeBuildStatus:
         Creating "C:\cygwin\home\nsinha\trunk\Debug\obj\libyuv_unittests\libyuv_unittests.unsuccessfulbuild" because "AlwaysCreate" was specified.
       ClCompile:
         C:\Program Files\Microsoft Visual Studio 10.0\VC\bin\CL.exe /c /I.. /I..\.. /I..\..\third_party\wtl\include /I..\..\test /I..\..\testing\gtest\include /I..\system_wrappers\interface /I..\..\third_party\platformsdk_win7\files\Include /I..\..\third_party\directxsdk\files\Include /I"C:\Program Files\Microsoft Visual Studio 10.0\\VC\atlmfc\include" /Zi /nologo /W4 /WX- /Od /Oy- /D _DEBUG /D _WIN32_WINNT=0x0601 /D WINVER=0x0601 /D WIN32 /D _WINDOWS /D NOMINMAX /D PSAPI_VERSION=1 /D _CRT_RAND_S /D CERT_CHAIN_PARA_HAS_EXTRA_FIELDS /D WIN32_LEAN_AND_MEAN /D _ATL_NO_OPENGL /D _HAS_EXCEPTIONS=0 /D _SECURE_ATL /D CHROMIUM_BUILD /D TOOLKIT_VIEWS=1 /D ENABLE_REMOTING=1 /D ENABLE_P2P_APIS=1 /D ENABLE_CONFIGURATION_POLICY /D ENABLE_INPUT_SPEECH /D ENABLE_GPU=1 /D ENABLE_EGLIMAGE=1 /D USE_SKIA=1 /D __STD_C /D _CRT_SECURE_NO_DEPRECATE /D _SCL_SECURE_NO_DEPRECATE /D ENABLE_REGISTER_PROTOCOL_HANDLER=1 /D WEBRTC_TARGET_PC /D UNIT_TEST /D __STDC_FORMAT_MACROS /D DYNAMIC_ANNOTATIONS_ENABLED=1 /D WTF_USE_DYNAMIC_ANNOTATIONS=1 /D _UNICODE /D UNICODE /Gm- /RTC1 /MTd /GS /Gy /fp:precise /Zc:wchar_t /Zc:forScope /GR- /Fo"C:\cygwin\home\nsinha\trunk\Debug\obj\libyuv_unittests\\" /Fd"C:\cygwin\home\nsinha\trunk\Debug\obj\libyuv_unittests\vc100.pdb" /Gd /TP /wd4351 /wd4396 /wd4503 /wd4819 /wd4100 /wd4121 /wd4125 /wd4127 /wd4130 /wd4131 /wd4189 /wd4201 /wd4238 /wd4244 /wd4245 /wd4310 /wd4355 /wd4428 /wd4481 /wd4505 /wd4510 /wd4512 /wd4530 /wd4610 /wd4611 /wd4701 /wd4702 /wd4706 /wd4800 /wd4389 /analyze- /errorReport:prompt libyuv\test\test_util.cc libyuv\test\unit_test.cc /MP /we4389 
         test_util.cc
         unit_test.cc
       ManifestResourceCompile:
         C:\Program Files\Microsoft SDKs\Windows\v7.0A\bin\rc.exe /nologo /fo"C:\cygwin\home\nsinha\trunk\Debug\obj\libyuv_unittests\libyuv_unittests.exe.embed.manifest.res" C:\cygwin\home\nsinha\trunk\Debug\obj\libyuv_unittests\libyuv_unittests_manifest.rc 
       Link:
         C:\Program Files\Microsoft Visual Studio 10.0\VC\bin\link.exe /ERRORREPORT:PROMPT /OUT:"../..\build\Debug\libyuv_unittests.exe" /INCREMENTAL /NOLOGO /LIBPATH:../../third_party/platformsdk_win7/files/Lib /LIBPATH:../../third_party/directxsdk/files/Lib/x86 wininet.lib dnsapi.lib version.lib msimg32.lib ws2_32.lib usp10.lib psapi.lib dbghelp.lib winmm.lib shlwapi.lib winmm.lib kernel32.lib user32.lib gdi32.lib winspool.lib comdlg32.lib advapi32.lib shell32.lib ole32.lib oleaut32.lib uuid.lib odbc32.lib odbccp32.lib Delayimp.lib /DELAYLOAD:dbghelp.dll /DELAYLOAD:dwmapi.dll /DELAYLOAD:uxtheme.dll /MANIFEST /ManifestFile:"C:\cygwin\home\nsinha\trunk\Debug\obj\libyuv_unittests\libyuv_unittests.exe.intermediate.manifest" /MANIFESTUAC:"level='asInvoker' uiAccess='false'" /DEBUG /PDB:"C:\cygwin\home\nsinha\trunk\build\Debug\libyuv_unittests.pdb" /SUBSYSTEM:CONSOLE /TLBID:1 /DYNAMICBASE:NO /FIXED:NO /NXCOMPAT /IMPLIB:"../..\build\Debug\lib\libyuv_unittests.lib" /MACHINE:X86 C:\cygwin\home\nsinha\trunk\Debug\obj\libyuv_unittests\libyuv_unittests.exe.embed.manifest.res
         C:\cygwin\home\nsinha\trunk\Debug\obj\libyuv_unittests\test_util.obj
         C:\cygwin\home\nsinha\trunk\Debug\obj\libyuv_unittests\unit_test.obj /safeseh /dynamicbase /ignore:4199 /ignore:4221 /nxcompat 
     1>unit_test.obj : error LNK2019: unresolved external symbol "int __cdecl webrtc::CalcBufferSize(enum webrtc::VideoType,int,int)" (?CalcBufferSize@webrtc@@YAHW4VideoType@1@HH@Z) referenced in function "protected: __thiscall webrtc::LibYuvTest::LibYuvTest(void)" (??0LibYuvTest@webrtc@@IAE@XZ)
     1>unit_test.obj : error LNK2019: unresolved external symbol "protected: __thiscall testing::Test::Test(void)" (??0Test@testing@@IAE@XZ) referenced in function "protected: __thiscall webrtc::LibYuvTest::LibYuvTest(void)" (??0LibYuvTest@webrtc@@IAE@XZ)
     1>unit_test.obj : error LNK2019: unresolved external symbol "public: virtual __thiscall testing::Test::~Test(void)" (??1Test@testing@@UAE@XZ) referenced in function "public: virtual __thiscall webrtc::LibYuvTest::~LibYuvTest(void)" (??1LibYuvTest@webrtc@@UAE@XZ)
     1>unit_test.obj : error LNK2019: unresolved external symbol "public: __thiscall testing::internal::AssertHelper::~AssertHelper(void)" (??1AssertHelper@internal@testing@@QAE@XZ) referenced in function "protected: virtual void __thiscall webrtc::LibYuvTest::SetUp(void)" (?SetUp@LibYuvTest@webrtc@@MAEXXZ)
     1>unit_test.obj : error LNK2019: unresolved external symbol "public: void __thiscall testing::internal::AssertHelper::operator=(class testing::Message const &)const " (??4AssertHelper@internal@testing@@QBEXABVMessage@2@@Z) referenced in function "protected: virtual void __thiscall webrtc::LibYuvTest::SetUp(void)" (?SetUp@LibYuvTest@webrtc@@MAEXXZ)
     1>unit_test.obj : error LNK2019: unresolved external symbol "public: __thiscall testing::internal::AssertHelper::AssertHelper(enum testing::TestPartResult::Type,char const *,int,char const *)" (??0AssertHelper@internal@testing@@QAE@W4Type@TestPartResult@2@PBDH1@Z) referenced in function "protected: virtual void __thiscall webrtc::LibYuvTest::SetUp(void)" (?SetUp@LibYuvTest@webrtc@@MAEXXZ)
     1>unit_test.obj : error LNK2019: unresolved external symbol "class testing::internal::String __cdecl testing::internal::GetBoolAssertionFailureMessage(class testing::AssertionResult const &,char const *,char const *,char const *)" (?GetBoolAssertionFailureMessage@internal@testing@@YA?AVString@12@ABVAssertionResult@2@PBD11@Z) referenced in function "protected: virtual void __thiscall webrtc::LibYuvTest::SetUp(void)" (?SetUp@LibYuvTest@webrtc@@MAEXXZ)
     1>unit_test.obj : error LNK2019: unresolved external symbol "class std::basic_string<char,struct std::char_traits<char>,class std::allocator<char> > __cdecl webrtc::test::ProjectRootPath(void)" (?ProjectRootPath@test@webrtc@@YA?AV?$basic_string@DU?$char_traits@D@std@@V?$allocator@D@2@@std@@XZ) referenced in function "protected: virtual void __thiscall webrtc::LibYuvTest::SetUp(void)" (?SetUp@LibYuvTest@webrtc@@MAEXXZ)
     1>unit_test.obj : error LNK2019: unresolved external symbol "public: __thiscall webrtc::Scaler::~Scaler(void)" (??1Scaler@webrtc@@QAE@XZ) referenced in function "private: virtual void __thiscall webrtc::LibYuvTest_ScaleSanityTest_Test::TestBody(void)" (?TestBody@LibYuvTest_ScaleSanityTest_Test@webrtc@@EAEXXZ)
     1>unit_test.obj : error LNK2019: unresolved external symbol "public: int __thiscall webrtc::Scaler::Set(int,int,int,int,enum webrtc::VideoType,enum webrtc::VideoType,enum webrtc::ScaleMethod)" (?Set@Scaler@webrtc@@QAEHHHHHW4VideoType@2@0W4ScaleMethod@2@@Z) referenced in function "private: virtual void __thiscall webrtc::LibYuvTest_ScaleSanityTest_Test::TestBody(void)" (?TestBody@LibYuvTest_ScaleSanityTest_Test@webrtc@@EAEXXZ)
     1>unit_test.obj : error LNK2019: unresolved external symbol "public: int __thiscall webrtc::Scaler::Scale(unsigned char const *,unsigned char * &,int &)" (?Scale@Scaler@webrtc@@QAEHPBEAAPAEAAH@Z) referenced in function "private: virtual void __thiscall webrtc::LibYuvTest_ScaleSanityTest_Test::TestBody(void)" (?TestBody@LibYuvTest_ScaleSanityTest_Test@webrtc@@EAEXXZ)
     1>unit_test.obj : error LNK2019: unresolved external symbol "public: __thiscall webrtc::Scaler::Scaler(void)" (??0Scaler@webrtc@@QAE@XZ) referenced in function "private: virtual void __thiscall webrtc::LibYuvTest_ScaleSanityTest_Test::TestBody(void)" (?TestBody@LibYuvTest_ScaleSanityTest_Test@webrtc@@EAEXXZ)
     1>unit_test.obj : error LNK2019: unresolved external symbol "int __cdecl webrtc::MirrorI420LeftRight(unsigned char const *,unsigned char *,int,int)" (?MirrorI420LeftRight@webrtc@@YAHPBEPAEHH@Z) referenced in function "private: virtual void __thiscall webrtc::LibYuvTest_MirrorSanityTest_Test::TestBody(void)" (?TestBody@LibYuvTest_MirrorSanityTest_Test@webrtc@@EAEXXZ)
     1>unit_test.obj : error LNK2019: unresolved external symbol "int __cdecl webrtc::ConvertYV12ToI420(unsigned char const *,int,int,unsigned char *)" (?ConvertYV12ToI420@webrtc@@YAHPBEHHPAE@Z) referenced in function "private: virtual void __thiscall webrtc::LibYuvTest_ConvertTest_Test::TestBody(void)" (?TestBody@LibYuvTest_ConvertTest_Test@webrtc@@EAEXXZ)
     1>unit_test.obj : error LNK2019: unresolved external symbol "int __cdecl webrtc::ConvertToI420(enum webrtc::VideoType,unsigned char const *,int,int,unsigned char *,bool,enum webrtc::VideoRotationMode)" (?ConvertToI420@webrtc@@YAHW4VideoType@1@PBEHHPAE_NW4VideoRotationMode@1@@Z) referenced in function "private: virtual void __thiscall webrtc::LibYuvTest_ConvertTest_Test::TestBody(void)" (?TestBody@LibYuvTest_ConvertTest_Test@webrtc@@EAEXXZ)
     1>unit_test.obj : error LNK2019: unresolved external symbol "int __cdecl webrtc::ConvertFromI420(enum webrtc::VideoType,unsigned char const *,unsigned int,unsigned int,unsigned char *,bool,enum webrtc::VideoRotationMode)" (?ConvertFromI420@webrtc@@YAHW4VideoType@1@PBEIIPAE_NW4VideoRotationMode@1@@Z) referenced in function "private: virtual void __thiscall webrtc::LibYuvTest_ConvertTest_Test::TestBody(void)" (?TestBody@LibYuvTest_ConvertTest_Test@webrtc@@EAEXXZ)
     1>unit_test.obj : error LNK2019: unresolved external symbol "class std::basic_string<char,struct std::char_traits<char>,class std::allocator<char> > __cdecl webrtc::test::OutputPath(void)" (?OutputPath@test@webrtc@@YA?AV?$basic_string@DU?$char_traits@D@std@@V?$allocator@D@2@@std@@XZ) referenced in function "private: virtual void __thiscall webrtc::LibYuvTest_ConvertTest_Test::TestBody(void)" (?TestBody@LibYuvTest_ConvertTest_Test@webrtc@@EAEXXZ)
     1>unit_test.obj : error LNK2019: unresolved external symbol "int __cdecl webrtc::MirrorI420UpDown(unsigned char const *,unsigned char *,int,int)" (?MirrorI420UpDown@webrtc@@YAHPBEPAEHH@Z) referenced in function "private: virtual void __thiscall webrtc::LibYuvTest_MirrorTest_Test::TestBody(void)" (?TestBody@LibYuvTest_MirrorTest_Test@webrtc@@EAEXXZ)
     1>unit_test.obj : error LNK2019: unresolved external symbol "bool __cdecl testing::internal::IsTrue(bool)" (?IsTrue@internal@testing@@YA_N_N@Z) referenced in function "public: void __thiscall testing::internal::scoped_ptr<class std::basic_string<char,struct std::char_traits<char>,class std::allocator<char> > >::reset(class std::basic_string<char,struct std::char_traits<char>,class std::allocator<char> > *)" (?reset@?$scoped_ptr@V?$basic_string@DU?$char_traits@D@std@@V?$allocator@D@2@@std@@@internal@testing@@QAEXPAV?$basic_string@DU?$char_traits@D@std@@V?$allocator@D@2@@std@@@Z)
     1>unit_test.obj : error LNK2019: unresolved external symbol "public: __thiscall testing::AssertionResult::AssertionResult(class testing::AssertionResult const &)" (??0AssertionResult@testing@@QAE@ABV01@@Z) referenced in function "class testing::AssertionResult __cdecl testing::internal::CmpHelperGT<unsigned int,unsigned int>(char const *,char const *,unsigned int const &,unsigned int const &)" (??$CmpHelperGT@II@internal@testing@@YA?AVAssertionResult@1@PBD0ABI1@Z)
     1>unit_test.obj : error LNK2019: unresolved external symbol "class testing::AssertionResult __cdecl testing::AssertionFailure(void)" (?AssertionFailure@testing@@YA?AVAssertionResult@1@XZ) referenced in function "class testing::AssertionResult __cdecl testing::internal::CmpHelperGT<unsigned int,unsigned int>(char const *,char const *,unsigned int const &,unsigned int const &)" (??$CmpHelperGT@II@internal@testing@@YA?AVAssertionResult@1@PBD0ABI1@Z)
     1>unit_test.obj : error LNK2019: unresolved external symbol "class testing::AssertionResult __cdecl testing::AssertionSuccess(void)" (?AssertionSuccess@testing@@YA?AVAssertionResult@1@XZ) referenced in function "class testing::AssertionResult __cdecl testing::internal::CmpHelperGT<unsigned int,unsigned int>(char const *,char const *,unsigned int const &,unsigned int const &)" (??$CmpHelperGT@II@internal@testing@@YA?AVAssertionResult@1@PBD0ABI1@Z)
     1>unit_test.obj : error LNK2019: unresolved external symbol "class testing::AssertionResult __cdecl testing::internal::EqFailure(char const *,char const *,class testing::internal::String const &,class testing::internal::String const &,bool)" (?EqFailure@internal@testing@@YA?AVAssertionResult@2@PBD0ABVString@12@1_N@Z) referenced in function "class testing::AssertionResult __cdecl testing::internal::CmpHelperEQ<int,int>(char const *,char const *,int const &,int const &)" (??$CmpHelperEQ@HH@internal@testing@@YA?AVAssertionResult@1@PBD0ABH1@Z)
     1>unit_test.obj : error LNK2019: unresolved external symbol "class testing::internal::String __cdecl testing::internal::StringStreamToString(class std::basic_stringstream<char,struct std::char_traits<char>,class std::allocator<char> > *)" (?StringStreamToString@internal@testing@@YA?AVString@12@PAV?$basic_stringstream@DU?$char_traits@D@std@@V?$allocator@D@2@@std@@@Z) referenced in function "public: class testing::internal::String __thiscall testing::Message::GetString(void)const " (?GetString@Message@testing@@QBE?AVString@internal@2@XZ)
     1>unit_test.obj : error LNK2019: unresolved external symbol "class testing::TestInfo * __cdecl testing::internal::MakeAndRegisterTestInfo(char const *,char const *,char const *,char const *,void const *,void (__cdecl*)(void),void (__cdecl*)(void),class testing::internal::TestFactoryBase *)" (?MakeAndRegisterTestInfo@internal@testing@@YAPAVTestInfo@2@PBD000PBXP6AXXZ2PAVTestFactoryBase@12@@Z) referenced in function "void __cdecl `dynamic initializer for 'private: static class testing::TestInfo * webrtc::LibYuvTest_ConvertSanityTest_Test::test_info_''(void)" (??__E?test_info_@LibYuvTest_ConvertSanityTest_Test@webrtc@@0QAVTestInfo@testing@@A@@YAXXZ)
     1>LIBCMTD.lib(crt0.obj) : error LNK2019: unresolved external symbol _main referenced in function ___tmainCRTStartup
     1>../..\build\Debug\libyuv_unittests.exe : fatal error LNK1120: 26 unresolved externals
     1>Done Building Project "C:\cygwin\home\nsinha\trunk\src\common_video\libyuv_unittests.vcxproj" (build target(s)) -- FAILED.

Build FAILED.

Time Elapsed 00:00:02.40
