Build started 12/19/2011 4:11:20 PM.
     1>Project "C:\cygwin\home\nsinha\trunk\src\common_audio\signal_processing_unittests.vcxproj" on node 3 (build target(s)).
     1>C:\WINDOWS\Microsoft.NET\Framework\v4.0.30319\Microsoft.Common.Targets(1200,9): warning : The referenced project 'src\common_audio\signal_processing.vcxproj' does not exist.
     1>C:\WINDOWS\Microsoft.NET\Framework\v4.0.30319\Microsoft.Common.Targets(1200,9): warning : The referenced project 'test\test_support_main.vcxproj' does not exist.
     1>C:\WINDOWS\Microsoft.NET\Framework\v4.0.30319\Microsoft.Common.Targets(1200,9): warning : The referenced project 'testing\gtest.vcxproj' does not exist.
     1>C:\WINDOWS\Microsoft.NET\Framework\v4.0.30319\Microsoft.Common.Targets(1200,9): warning : The referenced project 'test\test_support.vcxproj' does not exist.
     1>C:\WINDOWS\Microsoft.NET\Framework\v4.0.30319\Microsoft.Common.Targets(1200,9): warning : The referenced project 'testing\gmock.vcxproj' does not exist.
     1>InitializeBuildStatus:
         Creating "C:\cygwin\home\nsinha\trunk\Debug\obj\signal_processing_unittests\signal_processing_unittests.unsuccessfulbuild" because "AlwaysCreate" was specified.
       ClCompile:
         C:\Program Files\Microsoft Visual Studio 10.0\VC\bin\CL.exe /c /I.. /I..\.. /I..\..\third_party\wtl\include /I..\..\test /Isignal_processing\include /I..\..\testing\gtest\include /I..\..\third_party\platformsdk_win7\files\Include /I..\..\third_party\directxsdk\files\Include /I"C:\Program Files\Microsoft Visual Studio 10.0\\VC\atlmfc\include" /Zi /nologo /W4 /WX- /Od /Oy- /D _DEBUG /D _WIN32_WINNT=0x0601 /D WINVER=0x0601 /D WIN32 /D _WINDOWS /D NOMINMAX /D PSAPI_VERSION=1 /D _CRT_RAND_S /D CERT_CHAIN_PARA_HAS_EXTRA_FIELDS /D WIN32_LEAN_AND_MEAN /D _ATL_NO_OPENGL /D _HAS_EXCEPTIONS=0 /D _SECURE_ATL /D CHROMIUM_BUILD /D TOOLKIT_VIEWS=1 /D ENABLE_REMOTING=1 /D ENABLE_P2P_APIS=1 /D ENABLE_CONFIGURATION_POLICY /D ENABLE_INPUT_SPEECH /D ENABLE_GPU=1 /D ENABLE_EGLIMAGE=1 /D USE_SKIA=1 /D __STD_C /D _CRT_SECURE_NO_DEPRECATE /D _SCL_SECURE_NO_DEPRECATE /D ENABLE_REGISTER_PROTOCOL_HANDLER=1 /D WEBRTC_TARGET_PC /D UNIT_TEST /D __STDC_FORMAT_MACROS /D DYNAMIC_ANNOTATIONS_ENABLED=1 /D WTF_USE_DYNAMIC_ANNOTATIONS=1 /D _UNICODE /D UNICODE /Gm- /RTC1 /MTd /GS /Gy /fp:precise /Zc:wchar_t /Zc:forScope /GR- /Fo"C:\cygwin\home\nsinha\trunk\Debug\obj\signal_processing_unittests\\" /Fd"C:\cygwin\home\nsinha\trunk\Debug\obj\signal_processing_unittests\vc100.pdb" /Gd /TP /wd4351 /wd4396 /wd4503 /wd4819 /wd4100 /wd4121 /wd4125 /wd4127 /wd4130 /wd4131 /wd4189 /wd4201 /wd4238 /wd4244 /wd4245 /wd4310 /wd4355 /wd4428 /wd4481 /wd4505 /wd4510 /wd4512 /wd4530 /wd4610 /wd4611 /wd4701 /wd4702 /wd4706 /wd4800 /wd4389 /analyze- /errorReport:prompt signal_processing\signal_processing_unittest.cc /MP /we4389 
         signal_processing_unittest.cc
     1>signal_processing\signal_processing_unittest.cc(44): warning C4146: unary minus operator applied to unsigned type, result still unsigned
     1>signal_processing\signal_processing_unittest.cc(44): warning C4146: unary minus operator applied to unsigned type, result still unsigned
     1>signal_processing\signal_processing_unittest.cc(49): warning C4146: unary minus operator applied to unsigned type, result still unsigned
     1>signal_processing\signal_processing_unittest.cc(49): warning C4146: unary minus operator applied to unsigned type, result still unsigned
       ManifestResourceCompile:
         C:\Program Files\Microsoft SDKs\Windows\v7.0A\bin\rc.exe /nologo /fo"C:\cygwin\home\nsinha\trunk\Debug\obj\signal_processing_unittests\signal_processing_unittests.exe.embed.manifest.res" C:\cygwin\home\nsinha\trunk\Debug\obj\signal_processing_unittests\signal_processing_unittests_manifest.rc 
       Link:
         C:\Program Files\Microsoft Visual Studio 10.0\VC\bin\link.exe /ERRORREPORT:PROMPT /OUT:"../..\build\Debug\signal_processing_unittests.exe" /INCREMENTAL /NOLOGO /LIBPATH:../../third_party/platformsdk_win7/files/Lib /LIBPATH:../../third_party/directxsdk/files/Lib/x86 wininet.lib dnsapi.lib version.lib msimg32.lib ws2_32.lib usp10.lib psapi.lib dbghelp.lib winmm.lib shlwapi.lib kernel32.lib user32.lib gdi32.lib winspool.lib comdlg32.lib advapi32.lib shell32.lib ole32.lib oleaut32.lib uuid.lib odbc32.lib odbccp32.lib Delayimp.lib /DELAYLOAD:dbghelp.dll /DELAYLOAD:dwmapi.dll /DELAYLOAD:uxtheme.dll /MANIFEST /ManifestFile:"C:\cygwin\home\nsinha\trunk\Debug\obj\signal_processing_unittests\signal_processing_unittests.exe.intermediate.manifest" /MANIFESTUAC:"level='asInvoker' uiAccess='false'" /DEBUG /PDB:"C:\cygwin\home\nsinha\trunk\build\Debug\signal_processing_unittests.pdb" /SUBSYSTEM:CONSOLE /TLBID:1 /DYNAMICBASE:NO /FIXED:NO /NXCOMPAT /IMPLIB:"../..\build\Debug\lib\signal_processing_unittests.lib" /MACHINE:X86 C:\cygwin\home\nsinha\trunk\Debug\obj\signal_processing_unittests\signal_processing_unittests.exe.embed.manifest.res
         C:\cygwin\home\nsinha\trunk\Debug\obj\signal_processing_unittests\signal_processing_unittest.obj /safeseh /dynamicbase /ignore:4199 /ignore:4221 /nxcompat 
     1>signal_processing_unittest.obj : error LNK2019: unresolved external symbol "class testing::internal::String __cdecl testing::internal::GetBoolAssertionFailureMessage(class testing::AssertionResult const &,char const *,char const *,char const *)" (?GetBoolAssertionFailureMessage@internal@testing@@YA?AVString@12@ABVAssertionResult@2@PBD11@Z) referenced in function "private: virtual void __thiscall SplTest_MacroTest_Test::TestBody(void)" (?TestBody@SplTest_MacroTest_Test@@EAEXXZ)
     1>signal_processing_unittest.obj : error LNK2019: unresolved external symbol "public: __thiscall testing::internal::AssertHelper::~AssertHelper(void)" (??1AssertHelper@internal@testing@@QAE@XZ) referenced in function "private: virtual void __thiscall SplTest_MacroTest_Test::TestBody(void)" (?TestBody@SplTest_MacroTest_Test@@EAEXXZ)
     1>signal_processing_unittest.obj : error LNK2019: unresolved external symbol "public: void __thiscall testing::internal::AssertHelper::operator=(class testing::Message const &)const " (??4AssertHelper@internal@testing@@QBEXABVMessage@2@@Z) referenced in function "private: virtual void __thiscall SplTest_MacroTest_Test::TestBody(void)" (?TestBody@SplTest_MacroTest_Test@@EAEXXZ)
     1>signal_processing_unittest.obj : error LNK2019: unresolved external symbol "public: __thiscall testing::internal::AssertHelper::AssertHelper(enum testing::TestPartResult::Type,char const *,int,char const *)" (??0AssertHelper@internal@testing@@QAE@W4Type@TestPartResult@2@PBDH1@Z) referenced in function "private: virtual void __thiscall SplTest_MacroTest_Test::TestBody(void)" (?TestBody@SplTest_MacroTest_Test@@EAEXXZ)
     1>signal_processing_unittest.obj : error LNK2019: unresolved external symbol _WebRtcSpl_get_version referenced in function "private: virtual void __thiscall SplTest_InlineTest_Test::TestBody(void)" (?TestBody@SplTest_InlineTest_Test@@EAEXXZ)
     1>signal_processing_unittest.obj : error LNK2019: unresolved external symbol _WebRtcSpl_DivW32HiLow referenced in function "private: virtual void __thiscall SplTest_MathOperationsTest_Test::TestBody(void)" (?TestBody@SplTest_MathOperationsTest_Test@@EAEXXZ)
     1>signal_processing_unittest.obj : error LNK2019: unresolved external symbol _WebRtcSpl_DivU32U16 referenced in function "private: virtual void __thiscall SplTest_MathOperationsTest_Test::TestBody(void)" (?TestBody@SplTest_MathOperationsTest_Test@@EAEXXZ)
     1>signal_processing_unittest.obj : error LNK2019: unresolved external symbol _WebRtcSpl_DivW32W16 referenced in function "private: virtual void __thiscall SplTest_MathOperationsTest_Test::TestBody(void)" (?TestBody@SplTest_MathOperationsTest_Test@@EAEXXZ)
     1>signal_processing_unittest.obj : error LNK2019: unresolved external symbol _WebRtcSpl_DivW32W16ResW16 referenced in function "private: virtual void __thiscall SplTest_MathOperationsTest_Test::TestBody(void)" (?TestBody@SplTest_MathOperationsTest_Test@@EAEXXZ)
     1>signal_processing_unittest.obj : error LNK2019: unresolved external symbol _WebRtcSpl_DivResultInQ31 referenced in function "private: virtual void __thiscall SplTest_MathOperationsTest_Test::TestBody(void)" (?TestBody@SplTest_MathOperationsTest_Test@@EAEXXZ)
     1>signal_processing_unittest.obj : error LNK2019: unresolved external symbol _WebRtcSpl_SqrtFloor referenced in function "private: virtual void __thiscall SplTest_MathOperationsTest_Test::TestBody(void)" (?TestBody@SplTest_MathOperationsTest_Test@@EAEXXZ)
     1>signal_processing_unittest.obj : error LNK2019: unresolved external symbol _WebRtcSpl_Sqrt referenced in function "private: virtual void __thiscall SplTest_MathOperationsTest_Test::TestBody(void)" (?TestBody@SplTest_MathOperationsTest_Test@@EAEXXZ)
     1>signal_processing_unittest.obj : error LNK2019: unresolved external symbol _WebRtcSpl_MemCpyReversedOrder referenced in function "private: virtual void __thiscall SplTest_BasicArrayOperationsTest_Test::TestBody(void)" (?TestBody@SplTest_BasicArrayOperationsTest_Test@@EAEXXZ)
     1>signal_processing_unittest.obj : error LNK2019: unresolved external symbol _WebRtcSpl_VectorBitShiftW32 referenced in function "private: virtual void __thiscall SplTest_BasicArrayOperationsTest_Test::TestBody(void)" (?TestBody@SplTest_BasicArrayOperationsTest_Test@@EAEXXZ)
     1>signal_processing_unittest.obj : error LNK2019: unresolved external symbol _WebRtcSpl_VectorBitShiftW16 referenced in function "private: virtual void __thiscall SplTest_BasicArrayOperationsTest_Test::TestBody(void)" (?TestBody@SplTest_BasicArrayOperationsTest_Test@@EAEXXZ)
     1>signal_processing_unittest.obj : error LNK2019: unresolved external symbol _WebRtcSpl_VectorBitShiftW32ToW16 referenced in function "private: virtual void __thiscall SplTest_BasicArrayOperationsTest_Test::TestBody(void)" (?TestBody@SplTest_BasicArrayOperationsTest_Test@@EAEXXZ)
     1>signal_processing_unittest.obj : error LNK2019: unresolved external symbol _WebRtcSpl_CopyFromEndW16 referenced in function "private: virtual void __thiscall SplTest_BasicArrayOperationsTest_Test::TestBody(void)" (?TestBody@SplTest_BasicArrayOperationsTest_Test@@EAEXXZ)
     1>signal_processing_unittest.obj : error LNK2019: unresolved external symbol _WebRtcSpl_OnesArrayW32 referenced in function "private: virtual void __thiscall SplTest_BasicArrayOperationsTest_Test::TestBody(void)" (?TestBody@SplTest_BasicArrayOperationsTest_Test@@EAEXXZ)
     1>signal_processing_unittest.obj : error LNK2019: unresolved external symbol _WebRtcSpl_ZerosArrayW32 referenced in function "private: virtual void __thiscall SplTest_BasicArrayOperationsTest_Test::TestBody(void)" (?TestBody@SplTest_BasicArrayOperationsTest_Test@@EAEXXZ)
     1>signal_processing_unittest.obj : error LNK2019: unresolved external symbol _WebRtcSpl_MemSetW32 referenced in function "private: virtual void __thiscall SplTest_BasicArrayOperationsTest_Test::TestBody(void)" (?TestBody@SplTest_BasicArrayOperationsTest_Test@@EAEXXZ)
     1>signal_processing_unittest.obj : error LNK2019: unresolved external symbol _WebRtcSpl_OnesArrayW16 referenced in function "private: virtual void __thiscall SplTest_BasicArrayOperationsTest_Test::TestBody(void)" (?TestBody@SplTest_BasicArrayOperationsTest_Test@@EAEXXZ)
     1>signal_processing_unittest.obj : error LNK2019: unresolved external symbol _WebRtcSpl_ZerosArrayW16 referenced in function "private: virtual void __thiscall SplTest_BasicArrayOperationsTest_Test::TestBody(void)" (?TestBody@SplTest_BasicArrayOperationsTest_Test@@EAEXXZ)
     1>signal_processing_unittest.obj : error LNK2019: unresolved external symbol _WebRtcSpl_MemSetW16 referenced in function "private: virtual void __thiscall SplTest_BasicArrayOperationsTest_Test::TestBody(void)" (?TestBody@SplTest_BasicArrayOperationsTest_Test@@EAEXXZ)
     1>signal_processing_unittest.obj : error LNK2019: unresolved external symbol _WebRtcSpl_GetScalingSquare referenced in function "private: virtual void __thiscall SplTest_MinMaxOperationsTest_Test::TestBody(void)" (?TestBody@SplTest_MinMaxOperationsTest_Test@@EAEXXZ)
     1>signal_processing_unittest.obj : error LNK2019: unresolved external symbol _WebRtcSpl_MinIndexW32 referenced in function "private: virtual void __thiscall SplTest_MinMaxOperationsTest_Test::TestBody(void)" (?TestBody@SplTest_MinMaxOperationsTest_Test@@EAEXXZ)
     1>signal_processing_unittest.obj : error LNK2019: unresolved external symbol _WebRtcSpl_MinIndexW16 referenced in function "private: virtual void __thiscall SplTest_MinMaxOperationsTest_Test::TestBody(void)" (?TestBody@SplTest_MinMaxOperationsTest_Test@@EAEXXZ)
     1>signal_processing_unittest.obj : error LNK2019: unresolved external symbol _WebRtcSpl_MinValueW32 referenced in function "private: virtual void __thiscall SplTest_MinMaxOperationsTest_Test::TestBody(void)" (?TestBody@SplTest_MinMaxOperationsTest_Test@@EAEXXZ)
     1>signal_processing_unittest.obj : error LNK2019: unresolved external symbol _WebRtcSpl_MinValueW16 referenced in function "private: virtual void __thiscall SplTest_MinMaxOperationsTest_Test::TestBody(void)" (?TestBody@SplTest_MinMaxOperationsTest_Test@@EAEXXZ)
     1>signal_processing_unittest.obj : error LNK2019: unresolved external symbol _WebRtcSpl_MaxIndexW32 referenced in function "private: virtual void __thiscall SplTest_MinMaxOperationsTest_Test::TestBody(void)" (?TestBody@SplTest_MinMaxOperationsTest_Test@@EAEXXZ)
     1>signal_processing_unittest.obj : error LNK2019: unresolved external symbol _WebRtcSpl_MaxIndexW16 referenced in function "private: virtual void __thiscall SplTest_MinMaxOperationsTest_Test::TestBody(void)" (?TestBody@SplTest_MinMaxOperationsTest_Test@@EAEXXZ)
     1>signal_processing_unittest.obj : error LNK2019: unresolved external symbol _WebRtcSpl_MaxAbsIndexW16 referenced in function "private: virtual void __thiscall SplTest_MinMaxOperationsTest_Test::TestBody(void)" (?TestBody@SplTest_MinMaxOperationsTest_Test@@EAEXXZ)
     1>signal_processing_unittest.obj : error LNK2019: unresolved external symbol _WebRtcSpl_MaxValueW32 referenced in function "private: virtual void __thiscall SplTest_MinMaxOperationsTest_Test::TestBody(void)" (?TestBody@SplTest_MinMaxOperationsTest_Test@@EAEXXZ)
     1>signal_processing_unittest.obj : error LNK2019: unresolved external symbol _WebRtcSpl_MaxValueW16 referenced in function "private: virtual void __thiscall SplTest_MinMaxOperationsTest_Test::TestBody(void)" (?TestBody@SplTest_MinMaxOperationsTest_Test@@EAEXXZ)
     1>signal_processing_unittest.obj : error LNK2019: unresolved external symbol _WebRtcSpl_MaxAbsValueW32 referenced in function "private: virtual void __thiscall SplTest_MinMaxOperationsTest_Test::TestBody(void)" (?TestBody@SplTest_MinMaxOperationsTest_Test@@EAEXXZ)
     1>signal_processing_unittest.obj : error LNK2019: unresolved external symbol _WebRtcSpl_MaxAbsValueW16 referenced in function "private: virtual void __thiscall SplTest_MinMaxOperationsTest_Test::TestBody(void)" (?TestBody@SplTest_MinMaxOperationsTest_Test@@EAEXXZ)
     1>signal_processing_unittest.obj : error LNK2019: unresolved external symbol _WebRtcSpl_SqrtOfOneMinusXSquared referenced in function "private: virtual void __thiscall SplTest_VectorOperationsTest_Test::TestBody(void)" (?TestBody@SplTest_VectorOperationsTest_Test@@EAEXXZ)
     1>signal_processing_unittest.obj : error LNK2019: unresolved external symbol _WebRtcSpl_ElementwiseVectorMult referenced in function "private: virtual void __thiscall SplTest_VectorOperationsTest_Test::TestBody(void)" (?TestBody@SplTest_VectorOperationsTest_Test@@EAEXXZ)
     1>signal_processing_unittest.obj : error LNK2019: unresolved external symbol _WebRtcSpl_ReverseOrderMultArrayElements referenced in function "private: virtual void __thiscall SplTest_VectorOperationsTest_Test::TestBody(void)" (?TestBody@SplTest_VectorOperationsTest_Test@@EAEXXZ)
     1>signal_processing_unittest.obj : error LNK2019: unresolved external symbol _WebRtcSpl_AddVectorsAndShift referenced in function "private: virtual void __thiscall SplTest_VectorOperationsTest_Test::TestBody(void)" (?TestBody@SplTest_VectorOperationsTest_Test@@EAEXXZ)
     1>signal_processing_unittest.obj : error LNK2019: unresolved external symbol _WebRtcSpl_ScaleAndAddVectors referenced in function "private: virtual void __thiscall SplTest_VectorOperationsTest_Test::TestBody(void)" (?TestBody@SplTest_VectorOperationsTest_Test@@EAEXXZ)
     1>signal_processing_unittest.obj : error LNK2019: unresolved external symbol _WebRtcSpl_ScaleVectorWithSat referenced in function "private: virtual void __thiscall SplTest_VectorOperationsTest_Test::TestBody(void)" (?TestBody@SplTest_VectorOperationsTest_Test@@EAEXXZ)
     1>signal_processing_unittest.obj : error LNK2019: unresolved external symbol _WebRtcSpl_ScaleVector referenced in function "private: virtual void __thiscall SplTest_VectorOperationsTest_Test::TestBody(void)" (?TestBody@SplTest_VectorOperationsTest_Test@@EAEXXZ)
     1>signal_processing_unittest.obj : error LNK2019: unresolved external symbol _WebRtcSpl_DotProductWithScale referenced in function "private: virtual void __thiscall SplTest_VectorOperationsTest_Test::TestBody(void)" (?TestBody@SplTest_VectorOperationsTest_Test@@EAEXXZ)
     1>signal_processing_unittest.obj : error LNK2019: unresolved external symbol _WebRtcSpl_CrossCorrelation referenced in function "private: virtual void __thiscall SplTest_VectorOperationsTest_Test::TestBody(void)" (?TestBody@SplTest_VectorOperationsTest_Test@@EAEXXZ)
     1>signal_processing_unittest.obj : error LNK2019: unresolved external symbol _WebRtcSpl_AddAffineVectorToVector referenced in function "private: virtual void __thiscall SplTest_VectorOperationsTest_Test::TestBody(void)" (?TestBody@SplTest_VectorOperationsTest_Test@@EAEXXZ)
     1>signal_processing_unittest.obj : error LNK2019: unresolved external symbol _WebRtcSpl_ScaleAndAddVectorsWithRound referenced in function "private: virtual void __thiscall SplTest_VectorOperationsTest_Test::TestBody(void)" (?TestBody@SplTest_VectorOperationsTest_Test@@EAEXXZ)
     1>signal_processing_unittest.obj : error LNK2019: unresolved external symbol _WebRtcSpl_AffineTransformVector referenced in function "private: virtual void __thiscall SplTest_VectorOperationsTest_Test::TestBody(void)" (?TestBody@SplTest_VectorOperationsTest_Test@@EAEXXZ)
     1>signal_processing_unittest.obj : error LNK2019: unresolved external symbol _WebRtcSpl_LevinsonDurbin referenced in function "private: virtual void __thiscall SplTest_EstimatorsTest_Test::TestBody(void)" (?TestBody@SplTest_EstimatorsTest_Test@@EAEXXZ)
     1>signal_processing_unittest.obj : error LNK2019: unresolved external symbol _WebRtcSpl_FilterAR referenced in function "private: virtual void __thiscall SplTest_FilterTest_Test::TestBody(void)" (?TestBody@SplTest_FilterTest_Test@@EAEXXZ)
     1>signal_processing_unittest.obj : error LNK2019: unresolved external symbol _WebRtcSpl_FilterARFastQ12 referenced in function "private: virtual void __thiscall SplTest_FilterTest_Test::TestBody(void)" (?TestBody@SplTest_FilterTest_Test@@EAEXXZ)
     1>signal_processing_unittest.obj : error LNK2019: unresolved external symbol _WebRtcSpl_FilterMAFastQ12 referenced in function "private: virtual void __thiscall SplTest_FilterTest_Test::TestBody(void)" (?TestBody@SplTest_FilterTest_Test@@EAEXXZ)
     1>signal_processing_unittest.obj : error LNK2019: unresolved external symbol _WebRtcSpl_RandUArray referenced in function "private: virtual void __thiscall SplTest_RandTest_Test::TestBody(void)" (?TestBody@SplTest_RandTest_Test@@EAEXXZ)
     1>signal_processing_unittest.obj : error LNK2019: unresolved external symbol _WebRtcSpl_RandN referenced in function "private: virtual void __thiscall SplTest_RandTest_Test::TestBody(void)" (?TestBody@SplTest_RandTest_Test@@EAEXXZ)
     1>signal_processing_unittest.obj : error LNK2019: unresolved external symbol _WebRtcSpl_RandU referenced in function "private: virtual void __thiscall SplTest_RandTest_Test::TestBody(void)" (?TestBody@SplTest_RandTest_Test@@EAEXXZ)
     1>signal_processing_unittest.obj : error LNK2019: unresolved external symbol _WebRtcSpl_IncreaseSeed referenced in function "private: virtual void __thiscall SplTest_RandTest_Test::TestBody(void)" (?TestBody@SplTest_RandTest_Test@@EAEXXZ)
     1>signal_processing_unittest.obj : error LNK2019: unresolved external symbol _WebRtcSpl_Energy referenced in function "private: virtual void __thiscall SplTest_SignalProcessingTest_Test::TestBody(void)" (?TestBody@SplTest_SignalProcessingTest_Test@@EAEXXZ)
     1>signal_processing_unittest.obj : error LNK2019: unresolved external symbol _WebRtcSpl_GetHanningWindow referenced in function "private: virtual void __thiscall SplTest_SignalProcessingTest_Test::TestBody(void)" (?TestBody@SplTest_SignalProcessingTest_Test@@EAEXXZ)
     1>signal_processing_unittest.obj : error LNK2019: unresolved external symbol _WebRtcSpl_AutoCorrToReflCoef referenced in function "private: virtual void __thiscall SplTest_SignalProcessingTest_Test::TestBody(void)" (?TestBody@SplTest_SignalProcessingTest_Test@@EAEXXZ)
     1>signal_processing_unittest.obj : error LNK2019: unresolved external symbol _WebRtcSpl_LpcToReflCoef referenced in function "private: virtual void __thiscall SplTest_SignalProcessingTest_Test::TestBody(void)" (?TestBody@SplTest_SignalProcessingTest_Test@@EAEXXZ)
     1>signal_processing_unittest.obj : error LNK2019: unresolved external symbol _WebRtcSpl_ReflCoefToLpc referenced in function "private: virtual void __thiscall SplTest_SignalProcessingTest_Test::TestBody(void)" (?TestBody@SplTest_SignalProcessingTest_Test@@EAEXXZ)
     1>signal_processing_unittest.obj : error LNK2019: unresolved external symbol _WebRtcSpl_AutoCorrelation referenced in function "private: virtual void __thiscall SplTest_SignalProcessingTest_Test::TestBody(void)" (?TestBody@SplTest_SignalProcessingTest_Test@@EAEXXZ)
     1>signal_processing_unittest.obj : error LNK2019: unresolved external symbol _WebRtcSpl_ComplexBitReverse referenced in function "private: virtual void __thiscall SplTest_FFTTest_Test::TestBody(void)" (?TestBody@SplTest_FFTTest_Test@@EAEXXZ)
     1>signal_processing_unittest.obj : error LNK2019: unresolved external symbol _WebRtcSpl_ComplexIFFT referenced in function "private: virtual void __thiscall SplTest_FFTTest_Test::TestBody(void)" (?TestBody@SplTest_FFTTest_Test@@EAEXXZ)
     1>signal_processing_unittest.obj : error LNK2019: unresolved external symbol _WebRtcSpl_ComplexFFT referenced in function "private: virtual void __thiscall SplTest_FFTTest_Test::TestBody(void)" (?TestBody@SplTest_FFTTest_Test@@EAEXXZ)
     1>signal_processing_unittest.obj : error LNK2019: unresolved external symbol "bool __cdecl testing::internal::IsTrue(bool)" (?IsTrue@internal@testing@@YA_N_N@Z) referenced in function "public: void __thiscall testing::internal::scoped_ptr<class std::basic_string<char,struct std::char_traits<char>,class std::allocator<char> > >::reset(class std::basic_string<char,struct std::char_traits<char>,class std::allocator<char> > *)" (?reset@?$scoped_ptr@V?$basic_string@DU?$char_traits@D@std@@V?$allocator@D@2@@std@@@internal@testing@@QAEXPAV?$basic_string@DU?$char_traits@D@std@@V?$allocator@D@2@@std@@@Z)
     1>signal_processing_unittest.obj : error LNK2019: unresolved external symbol "class testing::AssertionResult __cdecl testing::internal::EqFailure(char const *,char const *,class testing::internal::String const &,class testing::internal::String const &,bool)" (?EqFailure@internal@testing@@YA?AVAssertionResult@2@PBD0ABVString@12@1_N@Z) referenced in function "class testing::AssertionResult __cdecl testing::internal::CmpHelperEQ<int,int>(char const *,char const *,int const &,int const &)" (??$CmpHelperEQ@HH@internal@testing@@YA?AVAssertionResult@1@PBD0ABH1@Z)
     1>signal_processing_unittest.obj : error LNK2019: unresolved external symbol "class testing::AssertionResult __cdecl testing::AssertionSuccess(void)" (?AssertionSuccess@testing@@YA?AVAssertionResult@1@XZ) referenced in function "class testing::AssertionResult __cdecl testing::internal::CmpHelperEQ<int,int>(char const *,char const *,int const &,int const &)" (??$CmpHelperEQ@HH@internal@testing@@YA?AVAssertionResult@1@PBD0ABH1@Z)
     1>signal_processing_unittest.obj : error LNK2019: unresolved external symbol "void __cdecl testing::internal::PrintTo(unsigned char,class std::basic_ostream<char,struct std::char_traits<char> > *)" (?PrintTo@internal@testing@@YAXEPAV?$basic_ostream@DU?$char_traits@D@std@@@std@@@Z) referenced in function "void __cdecl testing::internal::PrintTo(char,class std::basic_ostream<char,struct std::char_traits<char> > *)" (?PrintTo@internal@testing@@YAXDPAV?$basic_ostream@DU?$char_traits@D@std@@@std@@@Z)
     1>signal_processing_unittest.obj : error LNK2019: unresolved external symbol "class testing::TestInfo * __cdecl testing::internal::MakeAndRegisterTestInfo(char const *,char const *,char const *,char const *,void const *,void (__cdecl*)(void),void (__cdecl*)(void),class testing::internal::TestFactoryBase *)" (?MakeAndRegisterTestInfo@internal@testing@@YAPAVTestInfo@2@PBD000PBXP6AXXZ2PAVTestFactoryBase@12@@Z) referenced in function "void __cdecl `dynamic initializer for 'private: static class testing::TestInfo * SplTest_MacroTest_Test::test_info_''(void)" (??__E?test_info_@SplTest_MacroTest_Test@@0QAVTestInfo@testing@@A@@YAXXZ)
     1>signal_processing_unittest.obj : error LNK2019: unresolved external symbol "protected: __thiscall testing::Test::Test(void)" (??0Test@testing@@IAE@XZ) referenced in function "public: __thiscall SplTest::SplTest(void)" (??0SplTest@@QAE@XZ)
     1>signal_processing_unittest.obj : error LNK2019: unresolved external symbol "public: virtual __thiscall testing::Test::~Test(void)" (??1Test@testing@@UAE@XZ) referenced in function "protected: virtual __thiscall SplTest::~SplTest(void)" (??1SplTest@@MAE@XZ)
     1>LIBCMTD.lib(crt0.obj) : error LNK2019: unresolved external symbol _main referenced in function ___tmainCRTStartup
     1>../..\build\Debug\signal_processing_unittests.exe : fatal error LNK1120: 72 unresolved externals
     1>Done Building Project "C:\cygwin\home\nsinha\trunk\src\common_audio\signal_processing_unittests.vcxproj" (build target(s)) -- FAILED.

Build FAILED.

Time Elapsed 00:00:02.59
