Build started 12/19/2011 4:13:16 PM.
     1>Project "C:\cygwin\home\nsinha\trunk\src\voice_engine\voe_cmd_test.vcxproj" on node 2 (build target(s)).
     1>C:\WINDOWS\Microsoft.NET\Framework\v4.0.30319\Microsoft.Common.Targets(1200,9): warning : The referenced project 'test\test_support.vcxproj' does not exist.
     1>C:\WINDOWS\Microsoft.NET\Framework\v4.0.30319\Microsoft.Common.Targets(1200,9): warning : The referenced project 'testing\gtest.vcxproj' does not exist.
     1>C:\WINDOWS\Microsoft.NET\Framework\v4.0.30319\Microsoft.Common.Targets(1200,9): warning : The referenced project 'src\voice_engine\voice_engine_core.vcxproj' does not exist.
     1>C:\WINDOWS\Microsoft.NET\Framework\v4.0.30319\Microsoft.Common.Targets(1200,9): warning : The referenced project 'src\system_wrappers\source\system_wrappers.vcxproj' does not exist.
     1>C:\WINDOWS\Microsoft.NET\Framework\v4.0.30319\Microsoft.Common.Targets(1200,9): warning : The referenced project 'testing\gmock.vcxproj' does not exist.
     1>C:\WINDOWS\Microsoft.NET\Framework\v4.0.30319\Microsoft.Common.Targets(1200,9): warning : The referenced project 'src\common_audio\resampler.vcxproj' does not exist.
     1>C:\WINDOWS\Microsoft.NET\Framework\v4.0.30319\Microsoft.Common.Targets(1200,9): warning : The referenced project 'src\common_audio\signal_processing.vcxproj' does not exist.
     1>C:\WINDOWS\Microsoft.NET\Framework\v4.0.30319\Microsoft.Common.Targets(1200,9): warning : The referenced project 'src\modules\audio_coding_module.vcxproj' does not exist.
     1>C:\WINDOWS\Microsoft.NET\Framework\v4.0.30319\Microsoft.Common.Targets(1200,9): warning : The referenced project 'src\modules\CNG.vcxproj' does not exist.
     1>C:\WINDOWS\Microsoft.NET\Framework\v4.0.30319\Microsoft.Common.Targets(1200,9): warning : The referenced project 'src\modules\G711.vcxproj' does not exist.
     1>C:\WINDOWS\Microsoft.NET\Framework\v4.0.30319\Microsoft.Common.Targets(1200,9): warning : The referenced project 'src\modules\G722.vcxproj' does not exist.
     1>C:\WINDOWS\Microsoft.NET\Framework\v4.0.30319\Microsoft.Common.Targets(1200,9): warning : The referenced project 'src\modules\iLBC.vcxproj' does not exist.
     1>C:\WINDOWS\Microsoft.NET\Framework\v4.0.30319\Microsoft.Common.Targets(1200,9): warning : The referenced project 'src\modules\iSAC.vcxproj' does not exist.
     1>C:\WINDOWS\Microsoft.NET\Framework\v4.0.30319\Microsoft.Common.Targets(1200,9): warning : The referenced project 'src\modules\iSACFix.vcxproj' does not exist.
     1>C:\WINDOWS\Microsoft.NET\Framework\v4.0.30319\Microsoft.Common.Targets(1200,9): warning : The referenced project 'src\modules\PCM16B.vcxproj' does not exist.
     1>C:\WINDOWS\Microsoft.NET\Framework\v4.0.30319\Microsoft.Common.Targets(1200,9): warning : The referenced project 'src\modules\NetEq.vcxproj' does not exist.
     1>C:\WINDOWS\Microsoft.NET\Framework\v4.0.30319\Microsoft.Common.Targets(1200,9): warning : The referenced project 'src\common_audio\vad.vcxproj' does not exist.
     1>C:\WINDOWS\Microsoft.NET\Framework\v4.0.30319\Microsoft.Common.Targets(1200,9): warning : The referenced project 'src\modules\audio_conference_mixer.vcxproj' does not exist.
     1>C:\WINDOWS\Microsoft.NET\Framework\v4.0.30319\Microsoft.Common.Targets(1200,9): warning : The referenced project 'src\modules\audio_processing.vcxproj' does not exist.
     1>C:\WINDOWS\Microsoft.NET\Framework\v4.0.30319\Microsoft.Common.Targets(1200,9): warning : The referenced project 'src\modules\aec.vcxproj' does not exist.
     1>C:\WINDOWS\Microsoft.NET\Framework\v4.0.30319\Microsoft.Common.Targets(1200,9): warning : The referenced project 'src\modules\apm_util.vcxproj' does not exist.
     1>C:\WINDOWS\Microsoft.NET\Framework\v4.0.30319\Microsoft.Common.Targets(1200,9): warning : The referenced project 'src\modules\aecm.vcxproj' does not exist.
     1>C:\WINDOWS\Microsoft.NET\Framework\v4.0.30319\Microsoft.Common.Targets(1200,9): warning : The referenced project 'src\modules\agc.vcxproj' does not exist.
     1>C:\WINDOWS\Microsoft.NET\Framework\v4.0.30319\Microsoft.Common.Targets(1200,9): warning : The referenced project 'src\modules\ns.vcxproj' does not exist.
     1>C:\WINDOWS\Microsoft.NET\Framework\v4.0.30319\Microsoft.Common.Targets(1200,9): warning : The referenced project 'third_party\protobuf\protobuf_lite.vcxproj' does not exist.
     1>C:\WINDOWS\Microsoft.NET\Framework\v4.0.30319\Microsoft.Common.Targets(1200,9): warning : The referenced project 'src\modules\audio_device.vcxproj' does not exist.
     1>C:\WINDOWS\Microsoft.NET\Framework\v4.0.30319\Microsoft.Common.Targets(1200,9): warning : The referenced project 'src\modules\media_file.vcxproj' does not exist.
     1>C:\WINDOWS\Microsoft.NET\Framework\v4.0.30319\Microsoft.Common.Targets(1200,9): warning : The referenced project 'src\modules\webrtc_utility.vcxproj' does not exist.
     1>C:\WINDOWS\Microsoft.NET\Framework\v4.0.30319\Microsoft.Common.Targets(1200,9): warning : The referenced project 'src\modules\webrtc_video_coding.vcxproj' does not exist.
     1>C:\WINDOWS\Microsoft.NET\Framework\v4.0.30319\Microsoft.Common.Targets(1200,9): warning : The referenced project 'src\modules\webrtc_i420.vcxproj' does not exist.
     1>C:\WINDOWS\Microsoft.NET\Framework\v4.0.30319\Microsoft.Common.Targets(1200,9): warning : The referenced project 'src\modules\webrtc_vp8.vcxproj' does not exist.
     1>C:\WINDOWS\Microsoft.NET\Framework\v4.0.30319\Microsoft.Common.Targets(1200,9): warning : The referenced project 'src\common_video\webrtc_libyuv.vcxproj' does not exist.
     1>C:\WINDOWS\Microsoft.NET\Framework\v4.0.30319\Microsoft.Common.Targets(1200,9): warning : The referenced project 'third_party\libyuv\libyuv.vcxproj' does not exist.
     1>C:\WINDOWS\Microsoft.NET\Framework\v4.0.30319\Microsoft.Common.Targets(1200,9): warning : The referenced project 'src\modules\rtp_rtcp.vcxproj' does not exist.
     1>C:\WINDOWS\Microsoft.NET\Framework\v4.0.30319\Microsoft.Common.Targets(1200,9): warning : The referenced project 'src\modules\udp_transport.vcxproj' does not exist.
     1>C:\WINDOWS\Microsoft.NET\Framework\v4.0.30319\Microsoft.Common.Targets(1200,9): warning : The referenced project 'src\modules\audioproc_debug_proto.vcxproj' does not exist.
     1>C:\WINDOWS\Microsoft.NET\Framework\v4.0.30319\Microsoft.Common.Targets(1200,9): warning : The referenced project 'third_party\libvpx\libvpx.vcxproj' does not exist.
     1>InitializeBuildStatus:
         Creating "C:\cygwin\home\nsinha\trunk\Debug\obj\voe_cmd_test\voe_cmd_test.unsuccessfulbuild" because "AlwaysCreate" was specified.
       ClCompile:
         C:\Program Files\Microsoft Visual Studio 10.0\VC\bin\CL.exe /c /I.. /I..\.. /I..\..\third_party\wtl\include /I..\..\test /I..\..\testing\gtest\include /Imain\interface /I..\system_wrappers\interface /I..\..\third_party\platformsdk_win7\files\Include /I..\..\third_party\directxsdk\files\Include /I"C:\Program Files\Microsoft Visual Studio 10.0\\VC\atlmfc\include" /Zi /nologo /W4 /WX- /Od /Oy- /D _DEBUG /D _WIN32_WINNT=0x0601 /D WINVER=0x0601 /D WIN32 /D _WINDOWS /D NOMINMAX /D PSAPI_VERSION=1 /D _CRT_RAND_S /D CERT_CHAIN_PARA_HAS_EXTRA_FIELDS /D WIN32_LEAN_AND_MEAN /D _ATL_NO_OPENGL /D _HAS_EXCEPTIONS=0 /D _SECURE_ATL /D CHROMIUM_BUILD /D TOOLKIT_VIEWS=1 /D ENABLE_REMOTING=1 /D ENABLE_P2P_APIS=1 /D ENABLE_CONFIGURATION_POLICY /D ENABLE_INPUT_SPEECH /D ENABLE_GPU=1 /D ENABLE_EGLIMAGE=1 /D USE_SKIA=1 /D __STD_C /D _CRT_SECURE_NO_DEPRECATE /D _SCL_SECURE_NO_DEPRECATE /D ENABLE_REGISTER_PROTOCOL_HANDLER=1 /D WEBRTC_TARGET_PC /D UNIT_TEST /D __STDC_FORMAT_MACROS /D DYNAMIC_ANNOTATIONS_ENABLED=1 /D WTF_USE_DYNAMIC_ANNOTATIONS=1 /D _UNICODE /D UNICODE /Gm- /RTC1 /MTd /GS /Gy /fp:precise /Zc:wchar_t /Zc:forScope /GR- /Fo"C:\cygwin\home\nsinha\trunk\Debug\obj\voe_cmd_test\\" /Fd"C:\cygwin\home\nsinha\trunk\Debug\obj\voe_cmd_test\vc100.pdb" /Gd /TP /wd4351 /wd4396 /wd4503 /wd4819 /wd4100 /wd4121 /wd4125 /wd4127 /wd4130 /wd4131 /wd4189 /wd4201 /wd4238 /wd4244 /wd4245 /wd4310 /wd4355 /wd4428 /wd4481 /wd4505 /wd4510 /wd4512 /wd4530 /wd4610 /wd4611 /wd4701 /wd4702 /wd4706 /wd4800 /wd4389 /analyze- /errorReport:prompt main\test\cmd_test\voe_cmd_test.cc /MP /we4389 
         voe_cmd_test.cc
       ManifestResourceCompile:
         C:\Program Files\Microsoft SDKs\Windows\v7.0A\bin\rc.exe /nologo /fo"C:\cygwin\home\nsinha\trunk\Debug\obj\voe_cmd_test\voe_cmd_test.exe.embed.manifest.res" C:\cygwin\home\nsinha\trunk\Debug\obj\voe_cmd_test\voe_cmd_test_manifest.rc 
       Link:
         C:\Program Files\Microsoft Visual Studio 10.0\VC\bin\link.exe /ERRORREPORT:PROMPT /OUT:"../..\build\Debug\voe_cmd_test.exe" /INCREMENTAL /NOLOGO /LIBPATH:../../third_party/platformsdk_win7/files/Lib /LIBPATH:../../third_party/directxsdk/files/Lib/x86 wininet.lib dnsapi.lib version.lib msimg32.lib ws2_32.lib usp10.lib psapi.lib dbghelp.lib winmm.lib shlwapi.lib winmm.lib dmoguids.lib wmcodecdspuuid.lib amstrmid.lib msdmo.lib kernel32.lib user32.lib gdi32.lib winspool.lib comdlg32.lib advapi32.lib shell32.lib ole32.lib oleaut32.lib uuid.lib odbc32.lib odbccp32.lib Delayimp.lib /DELAYLOAD:dbghelp.dll /DELAYLOAD:dwmapi.dll /DELAYLOAD:uxtheme.dll /MANIFEST /ManifestFile:"C:\cygwin\home\nsinha\trunk\Debug\obj\voe_cmd_test\voe_cmd_test.exe.intermediate.manifest" /MANIFESTUAC:"level='asInvoker' uiAccess='false'" /DEBUG /PDB:"C:\cygwin\home\nsinha\trunk\build\Debug\voe_cmd_test.pdb" /SUBSYSTEM:CONSOLE /TLBID:1 /DYNAMICBASE:NO /FIXED:NO /NXCOMPAT /IMPLIB:"../..\build\Debug\lib\voe_cmd_test.lib" /MACHINE:X86 C:\cygwin\home\nsinha\trunk\Debug\obj\voe_cmd_test\voe_cmd_test.exe.embed.manifest.res
         C:\cygwin\home\nsinha\trunk\Debug\obj\voe_cmd_test\voe_cmd_test.obj /safeseh /dynamicbase /ignore:4199 /ignore:4221 /nxcompat 
     1>voe_cmd_test.obj : error LNK2019: unresolved external symbol "public: static bool __cdecl webrtc::VoiceEngine::Delete(class webrtc::VoiceEngine * &,bool)" (?Delete@VoiceEngine@webrtc@@SA_NAAPAV12@_N@Z) referenced in function _main
     1>voe_cmd_test.obj : error LNK2019: unresolved external symbol "public: static int __cdecl webrtc::VoiceEngine::SetTraceCallback(class webrtc::TraceCallback *)" (?SetTraceCallback@VoiceEngine@webrtc@@SAHPAVTraceCallback@2@@Z) referenced in function _main
     1>voe_cmd_test.obj : error LNK2019: unresolved external symbol "public: static int __cdecl webrtc::VoiceEngine::SetTraceFile(char const *,bool)" (?SetTraceFile@VoiceEngine@webrtc@@SAHPBD_N@Z) referenced in function _main
     1>voe_cmd_test.obj : error LNK2019: unresolved external symbol "public: static int __cdecl webrtc::VoiceEngine::SetTraceFilter(unsigned int)" (?SetTraceFilter@VoiceEngine@webrtc@@SAHI@Z) referenced in function _main
     1>voe_cmd_test.obj : error LNK2019: unresolved external symbol "class std::basic_string<char,struct std::char_traits<char>,class std::allocator<char> > __cdecl webrtc::test::OutputPath(void)" (?OutputPath@test@webrtc@@YA?AV?$basic_string@DU?$char_traits@D@std@@V?$allocator@D@2@@std@@XZ) referenced in function _main
     1>voe_cmd_test.obj : error LNK2019: unresolved external symbol "public: static class webrtc::VoENetEqStats * __cdecl webrtc::VoENetEqStats::GetInterface(class webrtc::VoiceEngine *)" (?GetInterface@VoENetEqStats@webrtc@@SAPAV12@PAVVoiceEngine@2@@Z) referenced in function _main
     1>voe_cmd_test.obj : error LNK2019: unresolved external symbol "public: static class webrtc::VoEExternalMedia * __cdecl webrtc::VoEExternalMedia::GetInterface(class webrtc::VoiceEngine *)" (?GetInterface@VoEExternalMedia@webrtc@@SAPAV12@PAVVoiceEngine@2@@Z) referenced in function _main
     1>voe_cmd_test.obj : error LNK2019: unresolved external symbol "public: static class webrtc::VoEHardware * __cdecl webrtc::VoEHardware::GetInterface(class webrtc::VoiceEngine *)" (?GetInterface@VoEHardware@webrtc@@SAPAV12@PAVVoiceEngine@2@@Z) referenced in function _main
     1>voe_cmd_test.obj : error LNK2019: unresolved external symbol "public: static class webrtc::VoEEncryption * __cdecl webrtc::VoEEncryption::GetInterface(class webrtc::VoiceEngine *)" (?GetInterface@VoEEncryption@webrtc@@SAPAV12@PAVVoiceEngine@2@@Z) referenced in function _main
     1>voe_cmd_test.obj : error LNK2019: unresolved external symbol "public: static class webrtc::VoEVideoSync * __cdecl webrtc::VoEVideoSync::GetInterface(class webrtc::VoiceEngine *)" (?GetInterface@VoEVideoSync@webrtc@@SAPAV12@PAVVoiceEngine@2@@Z) referenced in function _main
     1>voe_cmd_test.obj : error LNK2019: unresolved external symbol "public: static class webrtc::VoEFile * __cdecl webrtc::VoEFile::GetInterface(class webrtc::VoiceEngine *)" (?GetInterface@VoEFile@webrtc@@SAPAV12@PAVVoiceEngine@2@@Z) referenced in function _main
     1>voe_cmd_test.obj : error LNK2019: unresolved external symbol "public: static class webrtc::VoENetwork * __cdecl webrtc::VoENetwork::GetInterface(class webrtc::VoiceEngine *)" (?GetInterface@VoENetwork@webrtc@@SAPAV12@PAVVoiceEngine@2@@Z) referenced in function _main
     1>voe_cmd_test.obj : error LNK2019: unresolved external symbol "public: static class webrtc::VoERTP_RTCP * __cdecl webrtc::VoERTP_RTCP::GetInterface(class webrtc::VoiceEngine *)" (?GetInterface@VoERTP_RTCP@webrtc@@SAPAV12@PAVVoiceEngine@2@@Z) referenced in function _main
     1>voe_cmd_test.obj : error LNK2019: unresolved external symbol "public: static class webrtc::VoEDtmf * __cdecl webrtc::VoEDtmf::GetInterface(class webrtc::VoiceEngine *)" (?GetInterface@VoEDtmf@webrtc@@SAPAV12@PAVVoiceEngine@2@@Z) referenced in function _main
     1>voe_cmd_test.obj : error LNK2019: unresolved external symbol "public: static class webrtc::VoEVolumeControl * __cdecl webrtc::VoEVolumeControl::GetInterface(class webrtc::VoiceEngine *)" (?GetInterface@VoEVolumeControl@webrtc@@SAPAV12@PAVVoiceEngine@2@@Z) referenced in function _main
     1>voe_cmd_test.obj : error LNK2019: unresolved external symbol "public: static class webrtc::VoEAudioProcessing * __cdecl webrtc::VoEAudioProcessing::GetInterface(class webrtc::VoiceEngine *)" (?GetInterface@VoEAudioProcessing@webrtc@@SAPAV12@PAVVoiceEngine@2@@Z) referenced in function _main
     1>voe_cmd_test.obj : error LNK2019: unresolved external symbol "public: static class webrtc::VoECodec * __cdecl webrtc::VoECodec::GetInterface(class webrtc::VoiceEngine *)" (?GetInterface@VoECodec@webrtc@@SAPAV12@PAVVoiceEngine@2@@Z) referenced in function _main
     1>voe_cmd_test.obj : error LNK2019: unresolved external symbol "public: static class webrtc::VoEBase * __cdecl webrtc::VoEBase::GetInterface(class webrtc::VoiceEngine *)" (?GetInterface@VoEBase@webrtc@@SAPAV12@PAVVoiceEngine@2@@Z) referenced in function _main
     1>voe_cmd_test.obj : error LNK2019: unresolved external symbol "public: static class webrtc::VoiceEngine * __cdecl webrtc::VoiceEngine::Create(void)" (?Create@VoiceEngine@webrtc@@SAPAV12@XZ) referenced in function _main
     1>voe_cmd_test.obj : error LNK2019: unresolved external symbol "public: __thiscall testing::internal::AssertHelper::~AssertHelper(void)" (??1AssertHelper@internal@testing@@QAE@XZ) referenced in function "void __cdecl RunTest(class std::basic_string<char,struct std::char_traits<char>,class std::allocator<char> >)" (?RunTest@@YAXV?$basic_string@DU?$char_traits@D@std@@V?$allocator@D@2@@std@@@Z)
     1>voe_cmd_test.obj : error LNK2019: unresolved external symbol "public: void __thiscall testing::internal::AssertHelper::operator=(class testing::Message const &)const " (??4AssertHelper@internal@testing@@QBEXABVMessage@2@@Z) referenced in function "void __cdecl RunTest(class std::basic_string<char,struct std::char_traits<char>,class std::allocator<char> >)" (?RunTest@@YAXV?$basic_string@DU?$char_traits@D@std@@V?$allocator@D@2@@std@@@Z)
     1>voe_cmd_test.obj : error LNK2019: unresolved external symbol "public: __thiscall testing::internal::AssertHelper::AssertHelper(enum testing::TestPartResult::Type,char const *,int,char const *)" (??0AssertHelper@internal@testing@@QAE@W4Type@TestPartResult@2@PBDH1@Z) referenced in function "void __cdecl RunTest(class std::basic_string<char,struct std::char_traits<char>,class std::allocator<char> >)" (?RunTest@@YAXV?$basic_string@DU?$char_traits@D@std@@V?$allocator@D@2@@std@@@Z)
     1>voe_cmd_test.obj : error LNK2001: unresolved external symbol "char const * const webrtc::test::kCannotFindProjectRootDir" (?kCannotFindProjectRootDir@test@webrtc@@3PBDB)
     1>voe_cmd_test.obj : error LNK2019: unresolved external symbol "class std::basic_string<char,struct std::char_traits<char>,class std::allocator<char> > __cdecl webrtc::test::ProjectRootPath(void)" (?ProjectRootPath@test@webrtc@@YA?AV?$basic_string@DU?$char_traits@D@std@@V?$allocator@D@2@@std@@XZ) referenced in function "void __cdecl RunTest(class std::basic_string<char,struct std::char_traits<char>,class std::allocator<char> >)" (?RunTest@@YAXV?$basic_string@DU?$char_traits@D@std@@V?$allocator@D@2@@std@@@Z)
     1>voe_cmd_test.obj : error LNK2019: unresolved external symbol "bool __cdecl testing::internal::IsTrue(bool)" (?IsTrue@internal@testing@@YA_N_N@Z) referenced in function "public: void __thiscall testing::internal::scoped_ptr<class std::basic_string<char,struct std::char_traits<char>,class std::allocator<char> > >::reset(class std::basic_string<char,struct std::char_traits<char>,class std::allocator<char> > *)" (?reset@?$scoped_ptr@V?$basic_string@DU?$char_traits@D@std@@V?$allocator@D@2@@std@@@internal@testing@@QAEXPAV?$basic_string@DU?$char_traits@D@std@@V?$allocator@D@2@@std@@@Z)
     1>voe_cmd_test.obj : error LNK2019: unresolved external symbol "class testing::AssertionResult __cdecl testing::internal::EqFailure(char const *,char const *,class testing::internal::String const &,class testing::internal::String const &,bool)" (?EqFailure@internal@testing@@YA?AVAssertionResult@2@PBD0ABVString@12@1_N@Z) referenced in function "class testing::AssertionResult __cdecl testing::internal::CmpHelperEQ<int,int>(char const *,char const *,int const &,int const &)" (??$CmpHelperEQ@HH@internal@testing@@YA?AVAssertionResult@1@PBD0ABH1@Z)
     1>voe_cmd_test.obj : error LNK2019: unresolved external symbol "class testing::AssertionResult __cdecl testing::AssertionSuccess(void)" (?AssertionSuccess@testing@@YA?AVAssertionResult@1@XZ) referenced in function "class testing::AssertionResult __cdecl testing::internal::CmpHelperEQ<int,int>(char const *,char const *,int const &,int const &)" (??$CmpHelperEQ@HH@internal@testing@@YA?AVAssertionResult@1@PBD0ABH1@Z)
     1>../..\build\Debug\voe_cmd_test.exe : fatal error LNK1120: 27 unresolved externals
     1>Done Building Project "C:\cygwin\home\nsinha\trunk\src\voice_engine\voe_cmd_test.vcxproj" (build target(s)) -- FAILED.

Build FAILED.

Time Elapsed 00:00:04.70
