Build started 12/19/2011 4:12:10 PM.
     1>Project "C:\cygwin\home\nsinha\trunk\src\modules\video_coding_unittests.vcxproj" on node 3 (build target(s)).
     1>C:\WINDOWS\Microsoft.NET\Framework\v4.0.30319\Microsoft.Common.Targets(1200,9): warning : The referenced project 'src\modules\webrtc_video_coding.vcxproj' does not exist.
     1>C:\WINDOWS\Microsoft.NET\Framework\v4.0.30319\Microsoft.Common.Targets(1200,9): warning : The referenced project 'test\test_support_main.vcxproj' does not exist.
     1>C:\WINDOWS\Microsoft.NET\Framework\v4.0.30319\Microsoft.Common.Targets(1200,9): warning : The referenced project 'testing\gtest.vcxproj' does not exist.
     1>C:\WINDOWS\Microsoft.NET\Framework\v4.0.30319\Microsoft.Common.Targets(1200,9): warning : The referenced project 'src\system_wrappers\source\system_wrappers.vcxproj' does not exist.
     1>C:\WINDOWS\Microsoft.NET\Framework\v4.0.30319\Microsoft.Common.Targets(1200,9): warning : The referenced project 'src\modules\webrtc_i420.vcxproj' does not exist.
     1>C:\WINDOWS\Microsoft.NET\Framework\v4.0.30319\Microsoft.Common.Targets(1200,9): warning : The referenced project 'src\modules\webrtc_vp8.vcxproj' does not exist.
     1>C:\WINDOWS\Microsoft.NET\Framework\v4.0.30319\Microsoft.Common.Targets(1200,9): warning : The referenced project 'src\common_video\webrtc_libyuv.vcxproj' does not exist.
     1>C:\WINDOWS\Microsoft.NET\Framework\v4.0.30319\Microsoft.Common.Targets(1200,9): warning : The referenced project 'third_party\libyuv\libyuv.vcxproj' does not exist.
     1>C:\WINDOWS\Microsoft.NET\Framework\v4.0.30319\Microsoft.Common.Targets(1200,9): warning : The referenced project 'test\test_support.vcxproj' does not exist.
     1>C:\WINDOWS\Microsoft.NET\Framework\v4.0.30319\Microsoft.Common.Targets(1200,9): warning : The referenced project 'testing\gmock.vcxproj' does not exist.
     1>C:\WINDOWS\Microsoft.NET\Framework\v4.0.30319\Microsoft.Common.Targets(1200,9): warning : The referenced project 'third_party\libvpx\libvpx.vcxproj' does not exist.
     1>InitializeBuildStatus:
         Creating "C:\cygwin\home\nsinha\trunk\Debug\obj\video_coding_unittests\video_coding_unittests.unsuccessfulbuild" because "AlwaysCreate" was specified.
       ClCompile:
         C:\Program Files\Microsoft Visual Studio 10.0\VC\bin\CL.exe /c /I.. /I..\.. /I..\..\third_party\wtl\include /Iinterface /I..\..\test /Ivideo_coding\main\interface /Ivideo_coding\codecs\interface /I..\..\testing\gtest\include /I..\system_wrappers\interface /I..\..\third_party\platformsdk_win7\files\Include /I..\..\third_party\directxsdk\files\Include /I"C:\Program Files\Microsoft Visual Studio 10.0\\VC\atlmfc\include" /Zi /nologo /W4 /WX- /Od /Oy- /D _DEBUG /D _WIN32_WINNT=0x0601 /D WINVER=0x0601 /D WIN32 /D _WINDOWS /D NOMINMAX /D PSAPI_VERSION=1 /D _CRT_RAND_S /D CERT_CHAIN_PARA_HAS_EXTRA_FIELDS /D WIN32_LEAN_AND_MEAN /D _ATL_NO_OPENGL /D _HAS_EXCEPTIONS=0 /D _SECURE_ATL /D CHROMIUM_BUILD /D TOOLKIT_VIEWS=1 /D ENABLE_REMOTING=1 /D ENABLE_P2P_APIS=1 /D ENABLE_CONFIGURATION_POLICY /D ENABLE_INPUT_SPEECH /D ENABLE_GPU=1 /D ENABLE_EGLIMAGE=1 /D USE_SKIA=1 /D __STD_C /D _CRT_SECURE_NO_DEPRECATE /D _SCL_SECURE_NO_DEPRECATE /D ENABLE_REGISTER_PROTOCOL_HANDLER=1 /D WEBRTC_TARGET_PC /D UNIT_TEST /D __STDC_FORMAT_MACROS /D DYNAMIC_ANNOTATIONS_ENABLED=1 /D WTF_USE_DYNAMIC_ANNOTATIONS=1 /D _UNICODE /D UNICODE /Gm- /RTC1 /MTd /GS /Gy /fp:precise /Zc:wchar_t /Zc:forScope /GR- /Fo"C:\cygwin\home\nsinha\trunk\Debug\obj\video_coding_unittests\\" /Fd"C:\cygwin\home\nsinha\trunk\Debug\obj\video_coding_unittests\vc100.pdb" /Gd /TP /wd4351 /wd4396 /wd4503 /wd4819 /wd4100 /wd4121 /wd4125 /wd4127 /wd4130 /wd4131 /wd4189 /wd4201 /wd4238 /wd4244 /wd4245 /wd4310 /wd4355 /wd4428 /wd4481 /wd4505 /wd4510 /wd4512 /wd4530 /wd4610 /wd4611 /wd4701 /wd4702 /wd4706 /wd4800 /wd4389 /analyze- /errorReport:prompt video_coding\main\source\session_info_unittest.cc /MP /we4389 
         session_info_unittest.cc
       ManifestResourceCompile:
         C:\Program Files\Microsoft SDKs\Windows\v7.0A\bin\rc.exe /nologo /fo"C:\cygwin\home\nsinha\trunk\Debug\obj\video_coding_unittests\video_coding_unittests.exe.embed.manifest.res" C:\cygwin\home\nsinha\trunk\Debug\obj\video_coding_unittests\video_coding_unittests_manifest.rc 
       Link:
         C:\Program Files\Microsoft Visual Studio 10.0\VC\bin\link.exe /ERRORREPORT:PROMPT /OUT:"../..\build\Debug\video_coding_unittests.exe" /INCREMENTAL /NOLOGO /LIBPATH:../../third_party/platformsdk_win7/files/Lib /LIBPATH:../../third_party/directxsdk/files/Lib/x86 wininet.lib dnsapi.lib version.lib msimg32.lib ws2_32.lib usp10.lib psapi.lib dbghelp.lib winmm.lib shlwapi.lib winmm.lib kernel32.lib user32.lib gdi32.lib winspool.lib comdlg32.lib advapi32.lib shell32.lib ole32.lib oleaut32.lib uuid.lib odbc32.lib odbccp32.lib Delayimp.lib /DELAYLOAD:dbghelp.dll /DELAYLOAD:dwmapi.dll /DELAYLOAD:uxtheme.dll /MANIFEST /ManifestFile:"C:\cygwin\home\nsinha\trunk\Debug\obj\video_coding_unittests\video_coding_unittests.exe.intermediate.manifest" /MANIFESTUAC:"level='asInvoker' uiAccess='false'" /DEBUG /PDB:"C:\cygwin\home\nsinha\trunk\build\Debug\video_coding_unittests.pdb" /SUBSYSTEM:CONSOLE /TLBID:1 /DYNAMICBASE:NO /FIXED:NO /NXCOMPAT /IMPLIB:"../..\build\Debug\lib\video_coding_unittests.lib" /MACHINE:X86 C:\cygwin\home\nsinha\trunk\Debug\obj\video_coding_unittests\video_coding_unittests.exe.embed.manifest.res
         C:\cygwin\home\nsinha\trunk\Debug\obj\video_coding_unittests\session_info_unittest.obj /safeseh /dynamicbase /ignore:4199 /ignore:4221 /nxcompat 
     1>session_info_unittest.obj : error LNK2019: unresolved external symbol "public: int __thiscall webrtc::VCMSessionInfo::LowSequenceNumber(void)const " (?LowSequenceNumber@VCMSessionInfo@webrtc@@QBEHXZ) referenced in function "private: virtual void __thiscall webrtc::TestSessionInfo_TestSimpleAPIs_Test::TestBody(void)" (?TestBody@TestSessionInfo_TestSimpleAPIs_Test@webrtc@@EAEXXZ)
     1>session_info_unittest.obj : error LNK2019: unresolved external symbol "public: int __thiscall webrtc::VCMSessionInfo::HighSequenceNumber(void)const " (?HighSequenceNumber@VCMSessionInfo@webrtc@@QBEHXZ) referenced in function "private: virtual void __thiscall webrtc::TestSessionInfo_TestSimpleAPIs_Test::TestBody(void)" (?TestBody@TestSessionInfo_TestSimpleAPIs_Test@webrtc@@EAEXXZ)
     1>session_info_unittest.obj : error LNK2019: unresolved external symbol "public: bool __thiscall webrtc::VCMSessionInfo::HaveLastPacket(void)const " (?HaveLastPacket@VCMSessionInfo@webrtc@@QBE_NXZ) referenced in function "private: virtual void __thiscall webrtc::TestSessionInfo_TestSimpleAPIs_Test::TestBody(void)" (?TestBody@TestSessionInfo_TestSimpleAPIs_Test@webrtc@@EAEXXZ)
     1>session_info_unittest.obj : error LNK2019: unresolved external symbol "public: __thiscall testing::internal::AssertHelper::~AssertHelper(void)" (??1AssertHelper@internal@testing@@QAE@XZ) referenced in function "private: virtual void __thiscall webrtc::TestSessionInfo_TestSimpleAPIs_Test::TestBody(void)" (?TestBody@TestSessionInfo_TestSimpleAPIs_Test@webrtc@@EAEXXZ)
     1>session_info_unittest.obj : error LNK2019: unresolved external symbol "public: void __thiscall testing::internal::AssertHelper::operator=(class testing::Message const &)const " (??4AssertHelper@internal@testing@@QBEXABVMessage@2@@Z) referenced in function "private: virtual void __thiscall webrtc::TestSessionInfo_TestSimpleAPIs_Test::TestBody(void)" (?TestBody@TestSessionInfo_TestSimpleAPIs_Test@webrtc@@EAEXXZ)
     1>session_info_unittest.obj : error LNK2019: unresolved external symbol "public: __thiscall testing::internal::AssertHelper::AssertHelper(enum testing::TestPartResult::Type,char const *,int,char const *)" (??0AssertHelper@internal@testing@@QAE@W4Type@TestPartResult@2@PBDH1@Z) referenced in function "private: virtual void __thiscall webrtc::TestSessionInfo_TestSimpleAPIs_Test::TestBody(void)" (?TestBody@TestSessionInfo_TestSimpleAPIs_Test@webrtc@@EAEXXZ)
     1>session_info_unittest.obj : error LNK2019: unresolved external symbol "public: int __thiscall webrtc::VCMSessionInfo::InsertPacket(class webrtc::VCMPacket const &,unsigned char *,bool,int)" (?InsertPacket@VCMSessionInfo@webrtc@@QAEHABVVCMPacket@2@PAE_NH@Z) referenced in function "private: virtual void __thiscall webrtc::TestSessionInfo_TestSimpleAPIs_Test::TestBody(void)" (?TestBody@TestSessionInfo_TestSimpleAPIs_Test@webrtc@@EAEXXZ)
     1>session_info_unittest.obj : error LNK2019: unresolved external symbol "public: __thiscall testing::internal::ScopedTrace::~ScopedTrace(void)" (??1ScopedTrace@internal@testing@@QAE@XZ) referenced in function "private: virtual void __thiscall webrtc::TestSessionInfo_NormalOperation_Test::TestBody(void)" (?TestBody@TestSessionInfo_NormalOperation_Test@webrtc@@EAEXXZ)
     1>session_info_unittest.obj : error LNK2019: unresolved external symbol "public: __thiscall testing::internal::ScopedTrace::ScopedTrace(char const *,int,class testing::Message const &)" (??0ScopedTrace@internal@testing@@QAE@PBDHABVMessage@2@@Z) referenced in function "private: virtual void __thiscall webrtc::TestSessionInfo_NormalOperation_Test::TestBody(void)" (?TestBody@TestSessionInfo_NormalOperation_Test@webrtc@@EAEXXZ)
     1>session_info_unittest.obj : error LNK2019: unresolved external symbol "public: int __thiscall webrtc::VCMSessionInfo::SessionLength(void)const " (?SessionLength@VCMSessionInfo@webrtc@@QBEHXZ) referenced in function "private: virtual void __thiscall webrtc::TestSessionInfo_NormalOperation_Test::TestBody(void)" (?TestBody@TestSessionInfo_NormalOperation_Test@webrtc@@EAEXXZ)
     1>session_info_unittest.obj : error LNK2019: unresolved external symbol "public: int __thiscall webrtc::VCMSessionInfo::packets_not_decodable(void)const " (?packets_not_decodable@VCMSessionInfo@webrtc@@QBEHXZ) referenced in function "private: virtual void __thiscall webrtc::TestSessionInfo_NormalOperation_Test::TestBody(void)" (?TestBody@TestSessionInfo_NormalOperation_Test@webrtc@@EAEXXZ)
     1>session_info_unittest.obj : error LNK2019: unresolved external symbol "class testing::internal::String __cdecl testing::internal::GetBoolAssertionFailureMessage(class testing::AssertionResult const &,char const *,char const *,char const *)" (?GetBoolAssertionFailureMessage@internal@testing@@YA?AVString@12@ABVAssertionResult@2@PBD11@Z) referenced in function "private: virtual void __thiscall webrtc::TestVP8Partitions_TwoPartitionsOneLoss_Test::TestBody(void)" (?TestBody@TestVP8Partitions_TwoPartitionsOneLoss_Test@webrtc@@EAEXXZ)
     1>session_info_unittest.obj : error LNK2019: unresolved external symbol "public: int __thiscall webrtc::VCMSessionInfo::BuildVP8FragmentationHeader(unsigned char *,int,class webrtc::RTPFragmentationHeader *)" (?BuildVP8FragmentationHeader@VCMSessionInfo@webrtc@@QAEHPAEHPAVRTPFragmentationHeader@2@@Z) referenced in function "private: virtual void __thiscall webrtc::TestVP8Partitions_TwoPartitionsOneLoss_Test::TestBody(void)" (?TestBody@TestVP8Partitions_TwoPartitionsOneLoss_Test@webrtc@@EAEXXZ)
     1>session_info_unittest.obj : error LNK2019: unresolved external symbol "public: __thiscall webrtc::VCMPacket::VCMPacket(unsigned char const *,unsigned int,struct webrtc::WebRtcRTPHeader const &)" (??0VCMPacket@webrtc@@QAE@PBEIABUWebRtcRTPHeader@1@@Z) referenced in function "private: virtual void __thiscall webrtc::TestVP8Partitions_TwoPartitionsOneLoss_Test::TestBody(void)" (?TestBody@TestVP8Partitions_TwoPartitionsOneLoss_Test@webrtc@@EAEXXZ)
     1>session_info_unittest.obj : error LNK2019: unresolved external symbol "public: int __thiscall webrtc::VCMSessionInfo::MakeDecodable(void)" (?MakeDecodable@VCMSessionInfo@webrtc@@QAEHXZ) referenced in function "private: virtual void __thiscall webrtc::TestNalUnits_OneIsolatedNaluLoss_Test::TestBody(void)" (?TestBody@TestNalUnits_OneIsolatedNaluLoss_Test@webrtc@@EAEXXZ)
     1>session_info_unittest.obj : error LNK2019: unresolved external symbol "public: int __thiscall webrtc::VCMSessionInfo::ZeroOutSeqNumHybrid(int *,int,int)" (?ZeroOutSeqNumHybrid@VCMSessionInfo@webrtc@@QAEHPAHHH@Z) referenced in function "private: virtual void __thiscall webrtc::TestZeroOutSeqNum_NoLosses_Test::TestBody(void)" (?TestBody@TestZeroOutSeqNum_NoLosses_Test@webrtc@@EAEXXZ)
     1>session_info_unittest.obj : error LNK2019: unresolved external symbol "public: bool __thiscall webrtc::VCMSessionInfo::session_nack(void)const " (?session_nack@VCMSessionInfo@webrtc@@QBE_NXZ) referenced in function "private: virtual void __thiscall webrtc::TestZeroOutSeqNum_NoLosses_Test::TestBody(void)" (?TestBody@TestZeroOutSeqNum_NoLosses_Test@webrtc@@EAEXXZ)
     1>session_info_unittest.obj : error LNK2019: unresolved external symbol "public: int __thiscall webrtc::VCMSessionInfo::ZeroOutSeqNum(int *,int)" (?ZeroOutSeqNum@VCMSessionInfo@webrtc@@QAEHPAHH@Z) referenced in function "private: virtual void __thiscall webrtc::TestZeroOutSeqNum_NoLosses_Test::TestBody(void)" (?TestBody@TestZeroOutSeqNum_NoLosses_Test@webrtc@@EAEXXZ)
     1>session_info_unittest.obj : error LNK2019: unresolved external symbol "public: int __thiscall webrtc::VCMSessionInfo::PrepareForDecode(unsigned char *)" (?PrepareForDecode@VCMSessionInfo@webrtc@@QAEHPAE@Z) referenced in function "private: virtual void __thiscall webrtc::TestSessionInfo_PacketPriorBitsPacketLost_Test::TestBody(void)" (?TestBody@TestSessionInfo_PacketPriorBitsPacketLost_Test@webrtc@@EAEXXZ)
     1>session_info_unittest.obj : error LNK2019: unresolved external symbol "bool __cdecl testing::internal::IsTrue(bool)" (?IsTrue@internal@testing@@YA_N_N@Z) referenced in function "public: void __thiscall testing::internal::scoped_ptr<class std::basic_string<char,struct std::char_traits<char>,class std::allocator<char> > >::reset(class std::basic_string<char,struct std::char_traits<char>,class std::allocator<char> > *)" (?reset@?$scoped_ptr@V?$basic_string@DU?$char_traits@D@std@@V?$allocator@D@2@@std@@@internal@testing@@QAEXPAV?$basic_string@DU?$char_traits@D@std@@V?$allocator@D@2@@std@@@Z)
     1>session_info_unittest.obj : error LNK2019: unresolved external symbol "public: __thiscall testing::AssertionResult::AssertionResult(class testing::AssertionResult const &)" (??0AssertionResult@testing@@QAE@ABV01@@Z) referenced in function "class testing::AssertionResult __cdecl testing::internal::CmpHelperGE<int,int>(char const *,char const *,int const &,int const &)" (??$CmpHelperGE@HH@internal@testing@@YA?AVAssertionResult@1@PBD0ABH1@Z)
     1>session_info_unittest.obj : error LNK2019: unresolved external symbol "class testing::AssertionResult __cdecl testing::AssertionFailure(void)" (?AssertionFailure@testing@@YA?AVAssertionResult@1@XZ) referenced in function "class testing::AssertionResult __cdecl testing::internal::CmpHelperGE<int,int>(char const *,char const *,int const &,int const &)" (??$CmpHelperGE@HH@internal@testing@@YA?AVAssertionResult@1@PBD0ABH1@Z)
     1>session_info_unittest.obj : error LNK2019: unresolved external symbol "class testing::AssertionResult __cdecl testing::AssertionSuccess(void)" (?AssertionSuccess@testing@@YA?AVAssertionResult@1@XZ) referenced in function "class testing::AssertionResult __cdecl testing::internal::CmpHelperGE<int,int>(char const *,char const *,int const &,int const &)" (??$CmpHelperGE@HH@internal@testing@@YA?AVAssertionResult@1@PBD0ABH1@Z)
     1>session_info_unittest.obj : error LNK2019: unresolved external symbol "class testing::AssertionResult __cdecl testing::internal::EqFailure(char const *,char const *,class testing::internal::String const &,class testing::internal::String const &,bool)" (?EqFailure@internal@testing@@YA?AVAssertionResult@2@PBD0ABVString@12@1_N@Z) referenced in function "class testing::AssertionResult __cdecl testing::internal::CmpHelperEQ<int,unsigned char>(char const *,char const *,int const &,unsigned char const &)" (??$CmpHelperEQ@HE@internal@testing@@YA?AVAssertionResult@1@PBD0ABHABE@Z)
     1>session_info_unittest.obj : error LNK2019: unresolved external symbol "class testing::internal::String __cdecl testing::internal::StringStreamToString(class std::basic_stringstream<char,struct std::char_traits<char>,class std::allocator<char> > *)" (?StringStreamToString@internal@testing@@YA?AVString@12@PAV?$basic_stringstream@DU?$char_traits@D@std@@V?$allocator@D@2@@std@@@Z) referenced in function "public: class testing::internal::String __thiscall testing::Message::GetString(void)const " (?GetString@Message@testing@@QBE?AVString@internal@2@XZ)
     1>session_info_unittest.obj : error LNK2019: unresolved external symbol "void __cdecl testing::internal::PrintTo(unsigned char,class std::basic_ostream<char,struct std::char_traits<char> > *)" (?PrintTo@internal@testing@@YAXEPAV?$basic_ostream@DU?$char_traits@D@std@@@std@@@Z) referenced in function "public: static void __cdecl testing::internal::UniversalPrinter<unsigned char>::Print(unsigned char const &,class std::basic_ostream<char,struct std::char_traits<char> > *)" (?Print@?$UniversalPrinter@E@internal@testing@@SAXABEPAV?$basic_ostream@DU?$char_traits@D@std@@@std@@@Z)
     1>session_info_unittest.obj : error LNK2019: unresolved external symbol "class testing::TestInfo * __cdecl testing::internal::MakeAndRegisterTestInfo(char const *,char const *,char const *,char const *,void const *,void (__cdecl*)(void),void (__cdecl*)(void),class testing::internal::TestFactoryBase *)" (?MakeAndRegisterTestInfo@internal@testing@@YAPAVTestInfo@2@PBD000PBXP6AXXZ2PAVTestFactoryBase@12@@Z) referenced in function "void __cdecl `dynamic initializer for 'private: static class testing::TestInfo * webrtc::TestSessionInfo_TestSimpleAPIs_Test::test_info_''(void)" (??__E?test_info_@TestSessionInfo_TestSimpleAPIs_Test@webrtc@@0QAVTestInfo@testing@@A@@YAXXZ)
     1>session_info_unittest.obj : error LNK2001: unresolved external symbol "protected: virtual void __thiscall testing::Test::TearDown(void)" (?TearDown@Test@testing@@MAEXXZ)
     1>session_info_unittest.obj : error LNK2019: unresolved external symbol "public: void __thiscall webrtc::VCMPacket::Reset(void)" (?Reset@VCMPacket@webrtc@@QAEXXZ) referenced in function "protected: virtual void __thiscall webrtc::TestSessionInfo::SetUp(void)" (?SetUp@TestSessionInfo@webrtc@@MAEXXZ)
     1>session_info_unittest.obj : error LNK2019: unresolved external symbol "public: void __thiscall webrtc::VCMSessionInfo::Reset(void)" (?Reset@VCMSessionInfo@webrtc@@QAEXXZ) referenced in function "protected: virtual void __thiscall webrtc::TestSessionInfo::SetUp(void)" (?SetUp@TestSessionInfo@webrtc@@MAEXXZ)
     1>session_info_unittest.obj : error LNK2019: unresolved external symbol "public: __thiscall webrtc::VCMPacket::VCMPacket(void)" (??0VCMPacket@webrtc@@QAE@XZ) referenced in function "public: __thiscall webrtc::TestSessionInfo::TestSessionInfo(void)" (??0TestSessionInfo@webrtc@@QAE@XZ)
     1>session_info_unittest.obj : error LNK2019: unresolved external symbol "public: __thiscall webrtc::VCMSessionInfo::VCMSessionInfo(void)" (??0VCMSessionInfo@webrtc@@QAE@XZ) referenced in function "public: __thiscall webrtc::TestSessionInfo::TestSessionInfo(void)" (??0TestSessionInfo@webrtc@@QAE@XZ)
     1>session_info_unittest.obj : error LNK2019: unresolved external symbol "protected: __thiscall testing::Test::Test(void)" (??0Test@testing@@IAE@XZ) referenced in function "public: __thiscall webrtc::TestSessionInfo::TestSessionInfo(void)" (??0TestSessionInfo@webrtc@@QAE@XZ)
     1>session_info_unittest.obj : error LNK2019: unresolved external symbol "public: virtual __thiscall testing::Test::~Test(void)" (??1Test@testing@@UAE@XZ) referenced in function "public: virtual __thiscall webrtc::TestSessionInfo::~TestSessionInfo(void)" (??1TestSessionInfo@webrtc@@UAE@XZ)
     1>LIBCMTD.lib(crt0.obj) : error LNK2019: unresolved external symbol _main referenced in function ___tmainCRTStartup
     1>../..\build\Debug\video_coding_unittests.exe : fatal error LNK1120: 35 unresolved externals
     1>Done Building Project "C:\cygwin\home\nsinha\trunk\src\modules\video_coding_unittests.vcxproj" (build target(s)) -- FAILED.

Build FAILED.

Time Elapsed 00:00:03.62
