Build started 12/19/2011 4:11:33 PM.
     1>Project "C:\cygwin\home\nsinha\trunk\test\test_support_unittests.vcxproj" on node 3 (build target(s)).
     1>C:\WINDOWS\Microsoft.NET\Framework\v4.0.30319\Microsoft.Common.Targets(1200,9): warning : The referenced project 'test\test_support_main.vcxproj' does not exist.
     1>C:\WINDOWS\Microsoft.NET\Framework\v4.0.30319\Microsoft.Common.Targets(1200,9): warning : The referenced project 'testing\gtest.vcxproj' does not exist.
     1>C:\WINDOWS\Microsoft.NET\Framework\v4.0.30319\Microsoft.Common.Targets(1200,9): warning : The referenced project 'test\test_support.vcxproj' does not exist.
     1>C:\WINDOWS\Microsoft.NET\Framework\v4.0.30319\Microsoft.Common.Targets(1200,9): warning : The referenced project 'testing\gmock.vcxproj' does not exist.
     1>InitializeBuildStatus:
         Creating "C:\cygwin\home\nsinha\trunk\Debug\obj\test_support_unittests\test_support_unittests.unsuccessfulbuild" because "AlwaysCreate" was specified.
       ClCompile:
         C:\Program Files\Microsoft Visual Studio 10.0\VC\bin\CL.exe /c /I..\src /I.. /I..\third_party\wtl\include /I. /I..\testing\gtest\include /I..\third_party\platformsdk_win7\files\Include /I..\third_party\directxsdk\files\Include /I"C:\Program Files\Microsoft Visual Studio 10.0\\VC\atlmfc\include" /Zi /nologo /W4 /WX- /Od /Oy- /D _DEBUG /D _WIN32_WINNT=0x0601 /D WINVER=0x0601 /D WIN32 /D _WINDOWS /D NOMINMAX /D PSAPI_VERSION=1 /D _CRT_RAND_S /D CERT_CHAIN_PARA_HAS_EXTRA_FIELDS /D WIN32_LEAN_AND_MEAN /D _ATL_NO_OPENGL /D _HAS_EXCEPTIONS=0 /D _SECURE_ATL /D CHROMIUM_BUILD /D TOOLKIT_VIEWS=1 /D ENABLE_REMOTING=1 /D ENABLE_P2P_APIS=1 /D ENABLE_CONFIGURATION_POLICY /D ENABLE_INPUT_SPEECH /D ENABLE_GPU=1 /D ENABLE_EGLIMAGE=1 /D USE_SKIA=1 /D __STD_C /D _CRT_SECURE_NO_DEPRECATE /D _SCL_SECURE_NO_DEPRECATE /D ENABLE_REGISTER_PROTOCOL_HANDLER=1 /D WEBRTC_TARGET_PC /D UNIT_TEST /D __STDC_FORMAT_MACROS /D DYNAMIC_ANNOTATIONS_ENABLED=1 /D WTF_USE_DYNAMIC_ANNOTATIONS=1 /D _UNICODE /D UNICODE /Gm- /RTC1 /MTd /GS /Gy /fp:precise /Zc:wchar_t /Zc:forScope /GR- /Fo"C:\cygwin\home\nsinha\trunk\Debug\obj\test_support_unittests\\" /Fd"C:\cygwin\home\nsinha\trunk\Debug\obj\test_support_unittests\vc100.pdb" /Gd /TP /wd4351 /wd4396 /wd4503 /wd4819 /wd4100 /wd4121 /wd4125 /wd4127 /wd4130 /wd4131 /wd4189 /wd4201 /wd4238 /wd4244 /wd4245 /wd4310 /wd4355 /wd4428 /wd4481 /wd4505 /wd4510 /wd4512 /wd4530 /wd4610 /wd4611 /wd4701 /wd4702 /wd4706 /wd4800 /wd4389 /analyze- /errorReport:prompt testsupport\frame_writer_unittest.cc testsupport\frame_reader_unittest.cc testsupport\packet_reader_unittest.cc testsupport\fileutils_unittest.cc testsupport\metrics\video_metrics_unittest.cc /MP /we4389 
         frame_writer_unittest.cc
         frame_reader_unittest.cc
         packet_reader_unittest.cc
         fileutils_unittest.cc
     1>testsupport\fileutils_unittest.cc(83): warning C4996: 'chdir': The POSIX name for this item is deprecated. Instead, use the ISO C++ conformant name: _chdir. See online help for details.
                 C:\Program Files\Microsoft Visual Studio 10.0\VC\include\direct.h(123) : see declaration of 'chdir'
     1>testsupport\fileutils_unittest.cc(86): warning C4996: 'chdir': The POSIX name for this item is deprecated. Instead, use the ISO C++ conformant name: _chdir. See online help for details.
                 C:\Program Files\Microsoft Visual Studio 10.0\VC\include\direct.h(123) : see declaration of 'chdir'
     1>testsupport\fileutils_unittest.cc(126): warning C4996: 'chdir': The POSIX name for this item is deprecated. Instead, use the ISO C++ conformant name: _chdir. See online help for details.
                 C:\Program Files\Microsoft Visual Studio 10.0\VC\include\direct.h(123) : see declaration of 'chdir'
     1>testsupport\fileutils_unittest.cc(134): warning C4996: 'chdir': The POSIX name for this item is deprecated. Instead, use the ISO C++ conformant name: _chdir. See online help for details.
                 C:\Program Files\Microsoft Visual Studio 10.0\VC\include\direct.h(123) : see declaration of 'chdir'
     1>testsupport\fileutils_unittest.cc(144): warning C4996: 'chdir': The POSIX name for this item is deprecated. Instead, use the ISO C++ conformant name: _chdir. See online help for details.
                 C:\Program Files\Microsoft Visual Studio 10.0\VC\include\direct.h(123) : see declaration of 'chdir'
     1>testsupport\fileutils_unittest.cc(151): warning C4996: 'chdir': The POSIX name for this item is deprecated. Instead, use the ISO C++ conformant name: _chdir. See online help for details.
                 C:\Program Files\Microsoft Visual Studio 10.0\VC\include\direct.h(123) : see declaration of 'chdir'
     1>testsupport\fileutils_unittest.cc(179): warning C4996: 'chdir': The POSIX name for this item is deprecated. Instead, use the ISO C++ conformant name: _chdir. See online help for details.
                 C:\Program Files\Microsoft Visual Studio 10.0\VC\include\direct.h(123) : see declaration of 'chdir'
         video_metrics_unittest.cc
       ManifestResourceCompile:
         C:\Program Files\Microsoft SDKs\Windows\v7.0A\bin\rc.exe /nologo /fo"C:\cygwin\home\nsinha\trunk\Debug\obj\test_support_unittests\test_support_unittests.exe.embed.manifest.res" C:\cygwin\home\nsinha\trunk\Debug\obj\test_support_unittests\test_support_unittests_manifest.rc 
       Link:
         C:\Program Files\Microsoft Visual Studio 10.0\VC\bin\link.exe /ERRORREPORT:PROMPT /OUT:"..\build\Debug\test_support_unittests.exe" /INCREMENTAL /NOLOGO /LIBPATH:../third_party/platformsdk_win7/files/Lib /LIBPATH:../third_party/directxsdk/files/Lib/x86 wininet.lib dnsapi.lib version.lib msimg32.lib ws2_32.lib usp10.lib psapi.lib dbghelp.lib winmm.lib shlwapi.lib kernel32.lib user32.lib gdi32.lib winspool.lib comdlg32.lib advapi32.lib shell32.lib ole32.lib oleaut32.lib uuid.lib odbc32.lib odbccp32.lib Delayimp.lib /DELAYLOAD:dbghelp.dll /DELAYLOAD:dwmapi.dll /DELAYLOAD:uxtheme.dll /MANIFEST /ManifestFile:"C:\cygwin\home\nsinha\trunk\Debug\obj\test_support_unittests\test_support_unittests.exe.intermediate.manifest" /MANIFESTUAC:"level='asInvoker' uiAccess='false'" /DEBUG /PDB:"C:\cygwin\home\nsinha\trunk\build\Debug\test_support_unittests.pdb" /SUBSYSTEM:CONSOLE /TLBID:1 /DYNAMICBASE:NO /FIXED:NO /NXCOMPAT /IMPLIB:"..\build\Debug\lib\test_support_unittests.lib" /MACHINE:X86 C:\cygwin\home\nsinha\trunk\Debug\obj\test_support_unittests\test_support_unittests.exe.embed.manifest.res
         C:\cygwin\home\nsinha\trunk\Debug\obj\test_support_unittests\frame_writer_unittest.obj
         C:\cygwin\home\nsinha\trunk\Debug\obj\test_support_unittests\frame_reader_unittest.obj
         C:\cygwin\home\nsinha\trunk\Debug\obj\test_support_unittests\packet_reader_unittest.obj
         C:\cygwin\home\nsinha\trunk\Debug\obj\test_support_unittests\fileutils_unittest.obj
         C:\cygwin\home\nsinha\trunk\Debug\obj\test_support_unittests\video_metrics_unittest.obj /safeseh /dynamicbase /ignore:4199 /ignore:4221 /nxcompat 
     1>frame_writer_unittest.obj : error LNK2019: unresolved external symbol "public: virtual __thiscall webrtc::test::FrameWriterImpl::~FrameWriterImpl(void)" (??1FrameWriterImpl@test@webrtc@@UAE@XZ) referenced in function "private: virtual void __thiscall webrtc::test::FrameWriterTest_InitSuccess_Test::TestBody(void)" (?TestBody@FrameWriterTest_InitSuccess_Test@test@webrtc@@EAEXXZ)
     1>video_metrics_unittest.obj : error LNK2019: unresolved external symbol "public: __thiscall testing::internal::AssertHelper::~AssertHelper(void)" (??1AssertHelper@internal@testing@@QAE@XZ) referenced in function "private: virtual void __thiscall webrtc::VideoMetricsTest_EmptyFiles_Test::TestBody(void)" (?TestBody@VideoMetricsTest_EmptyFiles_Test@webrtc@@EAEXXZ)
     1>frame_writer_unittest.obj : error LNK2001: unresolved external symbol "public: __thiscall testing::internal::AssertHelper::~AssertHelper(void)" (??1AssertHelper@internal@testing@@QAE@XZ)
     1>frame_reader_unittest.obj : error LNK2001: unresolved external symbol "public: __thiscall testing::internal::AssertHelper::~AssertHelper(void)" (??1AssertHelper@internal@testing@@QAE@XZ)
     1>packet_reader_unittest.obj : error LNK2001: unresolved external symbol "public: __thiscall testing::internal::AssertHelper::~AssertHelper(void)" (??1AssertHelper@internal@testing@@QAE@XZ)
     1>fileutils_unittest.obj : error LNK2001: unresolved external symbol "public: __thiscall testing::internal::AssertHelper::~AssertHelper(void)" (??1AssertHelper@internal@testing@@QAE@XZ)
     1>video_metrics_unittest.obj : error LNK2019: unresolved external symbol "public: void __thiscall testing::internal::AssertHelper::operator=(class testing::Message const &)const " (??4AssertHelper@internal@testing@@QBEXABVMessage@2@@Z) referenced in function "private: virtual void __thiscall webrtc::VideoMetricsTest_EmptyFiles_Test::TestBody(void)" (?TestBody@VideoMetricsTest_EmptyFiles_Test@webrtc@@EAEXXZ)
     1>frame_writer_unittest.obj : error LNK2001: unresolved external symbol "public: void __thiscall testing::internal::AssertHelper::operator=(class testing::Message const &)const " (??4AssertHelper@internal@testing@@QBEXABVMessage@2@@Z)
     1>frame_reader_unittest.obj : error LNK2001: unresolved external symbol "public: void __thiscall testing::internal::AssertHelper::operator=(class testing::Message const &)const " (??4AssertHelper@internal@testing@@QBEXABVMessage@2@@Z)
     1>packet_reader_unittest.obj : error LNK2001: unresolved external symbol "public: void __thiscall testing::internal::AssertHelper::operator=(class testing::Message const &)const " (??4AssertHelper@internal@testing@@QBEXABVMessage@2@@Z)
     1>fileutils_unittest.obj : error LNK2001: unresolved external symbol "public: void __thiscall testing::internal::AssertHelper::operator=(class testing::Message const &)const " (??4AssertHelper@internal@testing@@QBEXABVMessage@2@@Z)
     1>video_metrics_unittest.obj : error LNK2019: unresolved external symbol "public: __thiscall testing::internal::AssertHelper::AssertHelper(enum testing::TestPartResult::Type,char const *,int,char const *)" (??0AssertHelper@internal@testing@@QAE@W4Type@TestPartResult@2@PBDH1@Z) referenced in function "private: virtual void __thiscall webrtc::VideoMetricsTest_EmptyFiles_Test::TestBody(void)" (?TestBody@VideoMetricsTest_EmptyFiles_Test@webrtc@@EAEXXZ)
     1>frame_writer_unittest.obj : error LNK2001: unresolved external symbol "public: __thiscall testing::internal::AssertHelper::AssertHelper(enum testing::TestPartResult::Type,char const *,int,char const *)" (??0AssertHelper@internal@testing@@QAE@W4Type@TestPartResult@2@PBDH1@Z)
     1>frame_reader_unittest.obj : error LNK2001: unresolved external symbol "public: __thiscall testing::internal::AssertHelper::AssertHelper(enum testing::TestPartResult::Type,char const *,int,char const *)" (??0AssertHelper@internal@testing@@QAE@W4Type@TestPartResult@2@PBDH1@Z)
     1>packet_reader_unittest.obj : error LNK2001: unresolved external symbol "public: __thiscall testing::internal::AssertHelper::AssertHelper(enum testing::TestPartResult::Type,char const *,int,char const *)" (??0AssertHelper@internal@testing@@QAE@W4Type@TestPartResult@2@PBDH1@Z)
     1>fileutils_unittest.obj : error LNK2001: unresolved external symbol "public: __thiscall testing::internal::AssertHelper::AssertHelper(enum testing::TestPartResult::Type,char const *,int,char const *)" (??0AssertHelper@internal@testing@@QAE@W4Type@TestPartResult@2@PBDH1@Z)
     1>frame_writer_unittest.obj : error LNK2019: unresolved external symbol "class testing::internal::String __cdecl testing::internal::GetBoolAssertionFailureMessage(class testing::AssertionResult const &,char const *,char const *,char const *)" (?GetBoolAssertionFailureMessage@internal@testing@@YA?AVString@12@ABVAssertionResult@2@PBD11@Z) referenced in function "private: virtual void __thiscall webrtc::test::FrameWriterTest_InitSuccess_Test::TestBody(void)" (?TestBody@FrameWriterTest_InitSuccess_Test@test@webrtc@@EAEXXZ)
     1>frame_reader_unittest.obj : error LNK2001: unresolved external symbol "class testing::internal::String __cdecl testing::internal::GetBoolAssertionFailureMessage(class testing::AssertionResult const &,char const *,char const *,char const *)" (?GetBoolAssertionFailureMessage@internal@testing@@YA?AVString@12@ABVAssertionResult@2@PBD11@Z)
     1>fileutils_unittest.obj : error LNK2001: unresolved external symbol "class testing::internal::String __cdecl testing::internal::GetBoolAssertionFailureMessage(class testing::AssertionResult const &,char const *,char const *,char const *)" (?GetBoolAssertionFailureMessage@internal@testing@@YA?AVString@12@ABVAssertionResult@2@PBD11@Z)
     1>frame_writer_unittest.obj : error LNK2019: unresolved external symbol "public: virtual bool __thiscall webrtc::test::FrameWriterImpl::Init(void)" (?Init@FrameWriterImpl@test@webrtc@@UAE_NXZ) referenced in function "private: virtual void __thiscall webrtc::test::FrameWriterTest_InitSuccess_Test::TestBody(void)" (?TestBody@FrameWriterTest_InitSuccess_Test@test@webrtc@@EAEXXZ)
     1>frame_writer_unittest.obj : error LNK2019: unresolved external symbol "public: __thiscall webrtc::test::FrameWriterImpl::FrameWriterImpl(class std::basic_string<char,struct std::char_traits<char>,class std::allocator<char> >,int)" (??0FrameWriterImpl@test@webrtc@@QAE@V?$basic_string@DU?$char_traits@D@std@@V?$allocator@D@2@@std@@H@Z) referenced in function "private: virtual void __thiscall webrtc::test::FrameWriterTest_InitSuccess_Test::TestBody(void)" (?TestBody@FrameWriterTest_InitSuccess_Test@test@webrtc@@EAEXXZ)
     1>frame_writer_unittest.obj : error LNK2019: unresolved external symbol "unsigned int __cdecl webrtc::test::GetFileSize(class std::basic_string<char,struct std::char_traits<char>,class std::allocator<char> >)" (?GetFileSize@test@webrtc@@YAIV?$basic_string@DU?$char_traits@D@std@@V?$allocator@D@2@@std@@@Z) referenced in function "private: virtual void __thiscall webrtc::test::FrameWriterTest_WriteFrame_Test::TestBody(void)" (?TestBody@FrameWriterTest_WriteFrame_Test@test@webrtc@@EAEXXZ)
     1>fileutils_unittest.obj : error LNK2001: unresolved external symbol "unsigned int __cdecl webrtc::test::GetFileSize(class std::basic_string<char,struct std::char_traits<char>,class std::allocator<char> >)" (?GetFileSize@test@webrtc@@YAIV?$basic_string@DU?$char_traits@D@std@@V?$allocator@D@2@@std@@@Z)
     1>frame_writer_unittest.obj : error LNK2019: unresolved external symbol "public: virtual bool __thiscall webrtc::test::FrameWriterImpl::WriteFrame(unsigned char *)" (?WriteFrame@FrameWriterImpl@test@webrtc@@UAE_NPAE@Z) referenced in function "private: virtual void __thiscall webrtc::test::FrameWriterTest_WriteFrameUninitialized_Test::TestBody(void)" (?TestBody@FrameWriterTest_WriteFrameUninitialized_Test@test@webrtc@@EAEXXZ)
     1>video_metrics_unittest.obj : error LNK2001: unresolved external symbol "bool __cdecl testing::internal::IsTrue(bool)" (?IsTrue@internal@testing@@YA_N_N@Z)
     1>frame_writer_unittest.obj : error LNK2019: unresolved external symbol "bool __cdecl testing::internal::IsTrue(bool)" (?IsTrue@internal@testing@@YA_N_N@Z) referenced in function "public: void __thiscall testing::internal::scoped_ptr<class std::basic_string<char,struct std::char_traits<char>,class std::allocator<char> > >::reset(class std::basic_string<char,struct std::char_traits<char>,class std::allocator<char> > *)" (?reset@?$scoped_ptr@V?$basic_string@DU?$char_traits@D@std@@V?$allocator@D@2@@std@@@internal@testing@@QAEXPAV?$basic_string@DU?$char_traits@D@std@@V?$allocator@D@2@@std@@@Z)
     1>frame_reader_unittest.obj : error LNK2001: unresolved external symbol "bool __cdecl testing::internal::IsTrue(bool)" (?IsTrue@internal@testing@@YA_N_N@Z)
     1>packet_reader_unittest.obj : error LNK2001: unresolved external symbol "bool __cdecl testing::internal::IsTrue(bool)" (?IsTrue@internal@testing@@YA_N_N@Z)
     1>fileutils_unittest.obj : error LNK2001: unresolved external symbol "bool __cdecl testing::internal::IsTrue(bool)" (?IsTrue@internal@testing@@YA_N_N@Z)
     1>video_metrics_unittest.obj : error LNK2001: unresolved external symbol "class testing::AssertionResult __cdecl testing::internal::EqFailure(char const *,char const *,class testing::internal::String const &,class testing::internal::String const &,bool)" (?EqFailure@internal@testing@@YA?AVAssertionResult@2@PBD0ABVString@12@1_N@Z)
     1>frame_writer_unittest.obj : error LNK2019: unresolved external symbol "class testing::AssertionResult __cdecl testing::internal::EqFailure(char const *,char const *,class testing::internal::String const &,class testing::internal::String const &,bool)" (?EqFailure@internal@testing@@YA?AVAssertionResult@2@PBD0ABVString@12@1_N@Z) referenced in function "class testing::AssertionResult __cdecl testing::internal::CmpHelperEQ<int,int>(char const *,char const *,int const &,int const &)" (??$CmpHelperEQ@HH@internal@testing@@YA?AVAssertionResult@1@PBD0ABH1@Z)
     1>frame_reader_unittest.obj : error LNK2001: unresolved external symbol "class testing::AssertionResult __cdecl testing::internal::EqFailure(char const *,char const *,class testing::internal::String const &,class testing::internal::String const &,bool)" (?EqFailure@internal@testing@@YA?AVAssertionResult@2@PBD0ABVString@12@1_N@Z)
     1>packet_reader_unittest.obj : error LNK2001: unresolved external symbol "class testing::AssertionResult __cdecl testing::internal::EqFailure(char const *,char const *,class testing::internal::String const &,class testing::internal::String const &,bool)" (?EqFailure@internal@testing@@YA?AVAssertionResult@2@PBD0ABVString@12@1_N@Z)
     1>fileutils_unittest.obj : error LNK2001: unresolved external symbol "class testing::AssertionResult __cdecl testing::internal::EqFailure(char const *,char const *,class testing::internal::String const &,class testing::internal::String const &,bool)" (?EqFailure@internal@testing@@YA?AVAssertionResult@2@PBD0ABVString@12@1_N@Z)
     1>video_metrics_unittest.obj : error LNK2001: unresolved external symbol "class testing::AssertionResult __cdecl testing::AssertionSuccess(void)" (?AssertionSuccess@testing@@YA?AVAssertionResult@1@XZ)
     1>frame_writer_unittest.obj : error LNK2019: unresolved external symbol "class testing::AssertionResult __cdecl testing::AssertionSuccess(void)" (?AssertionSuccess@testing@@YA?AVAssertionResult@1@XZ) referenced in function "class testing::AssertionResult __cdecl testing::internal::CmpHelperEQ<int,int>(char const *,char const *,int const &,int const &)" (??$CmpHelperEQ@HH@internal@testing@@YA?AVAssertionResult@1@PBD0ABH1@Z)
     1>frame_reader_unittest.obj : error LNK2001: unresolved external symbol "class testing::AssertionResult __cdecl testing::AssertionSuccess(void)" (?AssertionSuccess@testing@@YA?AVAssertionResult@1@XZ)
     1>packet_reader_unittest.obj : error LNK2001: unresolved external symbol "class testing::AssertionResult __cdecl testing::AssertionSuccess(void)" (?AssertionSuccess@testing@@YA?AVAssertionResult@1@XZ)
     1>fileutils_unittest.obj : error LNK2001: unresolved external symbol "class testing::AssertionResult __cdecl testing::AssertionSuccess(void)" (?AssertionSuccess@testing@@YA?AVAssertionResult@1@XZ)
     1>video_metrics_unittest.obj : error LNK2001: unresolved external symbol "class testing::TestInfo * __cdecl testing::internal::MakeAndRegisterTestInfo(char const *,char const *,char const *,char const *,void const *,void (__cdecl*)(void),void (__cdecl*)(void),class testing::internal::TestFactoryBase *)" (?MakeAndRegisterTestInfo@internal@testing@@YAPAVTestInfo@2@PBD000PBXP6AXXZ2PAVTestFactoryBase@12@@Z)
     1>frame_writer_unittest.obj : error LNK2019: unresolved external symbol "class testing::TestInfo * __cdecl testing::internal::MakeAndRegisterTestInfo(char const *,char const *,char const *,char const *,void const *,void (__cdecl*)(void),void (__cdecl*)(void),class testing::internal::TestFactoryBase *)" (?MakeAndRegisterTestInfo@internal@testing@@YAPAVTestInfo@2@PBD000PBXP6AXXZ2PAVTestFactoryBase@12@@Z) referenced in function "void __cdecl `dynamic initializer for 'private: static class testing::TestInfo * webrtc::test::FrameWriterTest_InitSuccess_Test::test_info_''(void)" (??__E?test_info_@FrameWriterTest_InitSuccess_Test@test@webrtc@@0QAVTestInfo@testing@@A@@YAXXZ)
     1>frame_reader_unittest.obj : error LNK2001: unresolved external symbol "class testing::TestInfo * __cdecl testing::internal::MakeAndRegisterTestInfo(char const *,char const *,char const *,char const *,void const *,void (__cdecl*)(void),void (__cdecl*)(void),class testing::internal::TestFactoryBase *)" (?MakeAndRegisterTestInfo@internal@testing@@YAPAVTestInfo@2@PBD000PBXP6AXXZ2PAVTestFactoryBase@12@@Z)
     1>packet_reader_unittest.obj : error LNK2001: unresolved external symbol "class testing::TestInfo * __cdecl testing::internal::MakeAndRegisterTestInfo(char const *,char const *,char const *,char const *,void const *,void (__cdecl*)(void),void (__cdecl*)(void),class testing::internal::TestFactoryBase *)" (?MakeAndRegisterTestInfo@internal@testing@@YAPAVTestInfo@2@PBD000PBXP6AXXZ2PAVTestFactoryBase@12@@Z)
     1>fileutils_unittest.obj : error LNK2001: unresolved external symbol "class testing::TestInfo * __cdecl testing::internal::MakeAndRegisterTestInfo(char const *,char const *,char const *,char const *,void const *,void (__cdecl*)(void),void (__cdecl*)(void),class testing::internal::TestFactoryBase *)" (?MakeAndRegisterTestInfo@internal@testing@@YAPAVTestInfo@2@PBD000PBXP6AXXZ2PAVTestFactoryBase@12@@Z)
     1>video_metrics_unittest.obj : error LNK2019: unresolved external symbol "protected: __thiscall testing::Test::Test(void)" (??0Test@testing@@IAE@XZ) referenced in function "void __cdecl webrtc::`dynamic initializer for 'kPsnrPerfectResult''(void)" (??__EkPsnrPerfectResult@webrtc@@YAXXZ)
     1>frame_writer_unittest.obj : error LNK2001: unresolved external symbol "protected: __thiscall testing::Test::Test(void)" (??0Test@testing@@IAE@XZ)
     1>frame_reader_unittest.obj : error LNK2001: unresolved external symbol "protected: __thiscall testing::Test::Test(void)" (??0Test@testing@@IAE@XZ)
     1>packet_reader_unittest.obj : error LNK2001: unresolved external symbol "protected: __thiscall testing::Test::Test(void)" (??0Test@testing@@IAE@XZ)
     1>fileutils_unittest.obj : error LNK2001: unresolved external symbol "protected: __thiscall testing::Test::Test(void)" (??0Test@testing@@IAE@XZ)
     1>video_metrics_unittest.obj : error LNK2001: unresolved external symbol "public: virtual __thiscall testing::Test::~Test(void)" (??1Test@testing@@UAE@XZ)
     1>frame_writer_unittest.obj : error LNK2019: unresolved external symbol "public: virtual __thiscall testing::Test::~Test(void)" (??1Test@testing@@UAE@XZ) referenced in function "protected: virtual __thiscall webrtc::test::FrameWriterTest::~FrameWriterTest(void)" (??1FrameWriterTest@test@webrtc@@MAE@XZ)
     1>frame_reader_unittest.obj : error LNK2001: unresolved external symbol "public: virtual __thiscall testing::Test::~Test(void)" (??1Test@testing@@UAE@XZ)
     1>packet_reader_unittest.obj : error LNK2001: unresolved external symbol "public: virtual __thiscall testing::Test::~Test(void)" (??1Test@testing@@UAE@XZ)
     1>fileutils_unittest.obj : error LNK2001: unresolved external symbol "public: virtual __thiscall testing::Test::~Test(void)" (??1Test@testing@@UAE@XZ)
     1>frame_reader_unittest.obj : error LNK2019: unresolved external symbol "public: virtual __thiscall webrtc::test::FrameReaderImpl::~FrameReaderImpl(void)" (??1FrameReaderImpl@test@webrtc@@UAE@XZ) referenced in function "private: virtual void __thiscall webrtc::test::FrameReaderTest_InitSuccess_Test::TestBody(void)" (?TestBody@FrameReaderTest_InitSuccess_Test@test@webrtc@@EAEXXZ)
     1>frame_reader_unittest.obj : error LNK2019: unresolved external symbol "public: virtual bool __thiscall webrtc::test::FrameReaderImpl::Init(void)" (?Init@FrameReaderImpl@test@webrtc@@UAE_NXZ) referenced in function "private: virtual void __thiscall webrtc::test::FrameReaderTest_InitSuccess_Test::TestBody(void)" (?TestBody@FrameReaderTest_InitSuccess_Test@test@webrtc@@EAEXXZ)
     1>frame_reader_unittest.obj : error LNK2019: unresolved external symbol "public: __thiscall webrtc::test::FrameReaderImpl::FrameReaderImpl(class std::basic_string<char,struct std::char_traits<char>,class std::allocator<char> >,int)" (??0FrameReaderImpl@test@webrtc@@QAE@V?$basic_string@DU?$char_traits@D@std@@V?$allocator@D@2@@std@@H@Z) referenced in function "private: virtual void __thiscall webrtc::test::FrameReaderTest_InitSuccess_Test::TestBody(void)" (?TestBody@FrameReaderTest_InitSuccess_Test@test@webrtc@@EAEXXZ)
     1>frame_reader_unittest.obj : error LNK2019: unresolved external symbol "public: virtual bool __thiscall webrtc::test::FrameReaderImpl::ReadFrame(unsigned char *)" (?ReadFrame@FrameReaderImpl@test@webrtc@@UAE_NPAE@Z) referenced in function "private: virtual void __thiscall webrtc::test::FrameReaderTest_ReadFrameUninitialized_Test::TestBody(void)" (?TestBody@FrameReaderTest_ReadFrameUninitialized_Test@test@webrtc@@EAEXXZ)
     1>frame_reader_unittest.obj : error LNK2019: unresolved external symbol "void __cdecl testing::internal::PrintTo(unsigned char,class std::basic_ostream<char,struct std::char_traits<char> > *)" (?PrintTo@internal@testing@@YAXEPAV?$basic_ostream@DU?$char_traits@D@std@@@std@@@Z) referenced in function "void __cdecl testing::internal::PrintTo(char,class std::basic_ostream<char,struct std::char_traits<char> > *)" (?PrintTo@internal@testing@@YAXDPAV?$basic_ostream@DU?$char_traits@D@std@@@std@@@Z)
     1>packet_reader_unittest.obj : error LNK2001: unresolved external symbol "void __cdecl testing::internal::PrintTo(unsigned char,class std::basic_ostream<char,struct std::char_traits<char> > *)" (?PrintTo@internal@testing@@YAXEPAV?$basic_ostream@DU?$char_traits@D@std@@@std@@@Z)
     1>packet_reader_unittest.obj : error LNK2019: unresolved external symbol "public: __thiscall webrtc::test::PacketReader::PacketReader(void)" (??0PacketReader@test@webrtc@@QAE@XZ) referenced in function "protected: virtual void __thiscall webrtc::test::PacketReaderTest::SetUp(void)" (?SetUp@PacketReaderTest@test@webrtc@@MAEXXZ)
     1>fileutils_unittest.obj : error LNK2019: unresolved external symbol "class std::basic_string<char,struct std::char_traits<char>,class std::allocator<char> > __cdecl webrtc::test::ProjectRootPath(void)" (?ProjectRootPath@test@webrtc@@YA?AV?$basic_string@DU?$char_traits@D@std@@V?$allocator@D@2@@std@@XZ) referenced in function "private: virtual void __thiscall webrtc::FileUtilsTest_ProjectRootPathFromUnchangedWorkingDir_Test::TestBody(void)" (?TestBody@FileUtilsTest_ProjectRootPathFromUnchangedWorkingDir_Test@webrtc@@EAEXXZ)
     1>video_metrics_unittest.obj : error LNK2001: unresolved external symbol "class std::basic_string<char,struct std::char_traits<char>,class std::allocator<char> > __cdecl webrtc::test::ProjectRootPath(void)" (?ProjectRootPath@test@webrtc@@YA?AV?$basic_string@DU?$char_traits@D@std@@V?$allocator@D@2@@std@@XZ)
     1>fileutils_unittest.obj : error LNK2019: unresolved external symbol "class std::basic_string<char,struct std::char_traits<char>,class std::allocator<char> > __cdecl webrtc::test::OutputPath(void)" (?OutputPath@test@webrtc@@YA?AV?$basic_string@DU?$char_traits@D@std@@V?$allocator@D@2@@std@@XZ) referenced in function "private: virtual void __thiscall webrtc::FileUtilsTest_OutputPathFromUnchangedWorkingDir_Test::TestBody(void)" (?TestBody@FileUtilsTest_OutputPathFromUnchangedWorkingDir_Test@webrtc@@EAEXXZ)
     1>fileutils_unittest.obj : error LNK2001: unresolved external symbol "char const * const webrtc::test::kCannotFindProjectRootDir" (?kCannotFindProjectRootDir@test@webrtc@@3PBDB)
     1>fileutils_unittest.obj : error LNK2019: unresolved external symbol "bool __cdecl webrtc::test::CreateDirectory(class std::basic_string<char,struct std::char_traits<char>,class std::allocator<char> >)" (?CreateDirectory@test@webrtc@@YA_NV?$basic_string@DU?$char_traits@D@std@@V?$allocator@D@2@@std@@@Z) referenced in function "private: virtual void __thiscall webrtc::FileUtilsTest_CreateDirectory_Test::TestBody(void)" (?TestBody@FileUtilsTest_CreateDirectory_Test@webrtc@@EAEXXZ)
     1>fileutils_unittest.obj : error LNK2019: unresolved external symbol "class std::basic_string<char,struct std::char_traits<char>,class std::allocator<char> > __cdecl webrtc::test::WorkingDir(void)" (?WorkingDir@test@webrtc@@YA?AV?$basic_string@DU?$char_traits@D@std@@V?$allocator@D@2@@std@@XZ) referenced in function "private: virtual void __thiscall webrtc::FileUtilsTest_WorkingDirReturnsValue_Test::TestBody(void)" (?TestBody@FileUtilsTest_WorkingDirReturnsValue_Test@webrtc@@EAEXXZ)
     1>fileutils_unittest.obj : error LNK2019: unresolved external symbol "class std::basic_string<char,struct std::char_traits<char>,class std::allocator<char> > __cdecl webrtc::test::ResourcePath(class std::basic_string<char,struct std::char_traits<char>,class std::allocator<char> >,class std::basic_string<char,struct std::char_traits<char>,class std::allocator<char> >)" (?ResourcePath@test@webrtc@@YA?AV?$basic_string@DU?$char_traits@D@std@@V?$allocator@D@2@@std@@V34@0@Z) referenced in function "private: virtual void __thiscall webrtc::FileUtilsTest_ResourcePathReturnsValue_Test::TestBody(void)" (?TestBody@FileUtilsTest_ResourcePathReturnsValue_Test@webrtc@@EAEXXZ)
     1>fileutils_unittest.obj : error LNK2019: unresolved external symbol "public: __thiscall testing::AssertionResult::AssertionResult(class testing::AssertionResult const &)" (??0AssertionResult@testing@@QAE@ABV01@@Z) referenced in function "class testing::AssertionResult __cdecl testing::internal::CmpHelperGT<unsigned int,unsigned int>(char const *,char const *,unsigned int const &,unsigned int const&)" (??$CmpHelperGT@II@internal@testing@@YA?AVAssertionResult@1@PBD0ABI1@Z)
     1>fileutils_unittest.obj : error LNK2019: unresolved external symbol "class testing::AssertionResult __cdecl testing::AssertionFailure(void)" (?AssertionFailure@testing@@YA?AVAssertionResult@1@XZ) referenced in function "class testing::AssertionResult __cdecl testing::internal::CmpHelperGT<unsigned int,unsigned int>(char const *,char const *,unsigned int const &,unsigned int const &)" (??$CmpHelperGT@II@internal@testing@@YA?AVAssertionResult@1@PBD0ABI1@Z)
     1>fileutils_unittest.obj : error LNK2019: unresolved external symbol "class testing::internal::String __cdecl testing::internal::StringStreamToString(class std::basic_stringstream<char,struct std::char_traits<char>,class std::allocator<char> > *)" (?StringStreamToString@internal@testing@@YA?AVString@12@PAV?$basic_stringstream@DU?$char_traits@D@std@@V?$allocator@D@2@@std@@@Z) referenced in function "public: class testing::internal::String __thiscall testing::Message::GetString(void)const " (?GetString@Message@testing@@QBE?AVString@internal@2@XZ)
     1>fileutils_unittest.obj : error LNK2019: unresolved external symbol "public: static class testing::internal::String __cdecl testing::internal::String::ShowCStringQuoted(char const *)" (?ShowCStringQuoted@String@internal@testing@@SA?AV123@PBD@Z) referenced in function "class testing::internal::String __cdecl testing::internal::FormatForComparisonFailureMessage(char const *,class std::basic_string<char,struct std::char_traits<char>,class std::allocator<char> > const &)" (?FormatForComparisonFailureMessage@internal@testing@@YA?AVString@12@PBDABV?$basic_string@DU?$char_traits@D@std@@V?$allocator@D@2@@std@@@Z)
     1>fileutils_unittest.obj : error LNK2019: unresolved external symbol "void __cdecl testing::internal::PrintStringTo(class std::basic_string<char,struct std::char_traits<char>,class std::allocator<char> > const &,class std::basic_ostream<char,struct std::char_traits<char> > *)" (?PrintStringTo@internal@testing@@YAXABV?$basic_string@DU?$char_traits@D@std@@V?$allocator@D@2@@std@@PAV?$basic_ostream@DU?$char_traits@D@std@@@4@@Z) referenced in function "void __cdecl testing::internal::PrintTo(class std::basic_string<char,struct std::char_traits<char>,class std::allocator<char> > const &,class std::basic_ostream<char,struct std::char_traits<char> > *)" (?PrintTo@internal@testing@@YAXABV?$basic_string@DU?$char_traits@D@std@@V?$allocator@D@2@@std@@PAV?$basic_ostream@DU?$char_traits@D@std@@@4@@Z)
     1>video_metrics_unittest.obj : error LNK2019: unresolved external symbol "int __cdecl SsimFromFiles(char const *,char const *,int,int,struct QualityMetricsResult *)" (?SsimFromFiles@@YAHPBD0HHPAUQualityMetricsResult@@@Z) referenced in function "private: virtual void __thiscall webrtc::VideoMetricsTest_ReturnsPerfectResultForIdenticalFiles_Test::TestBody(void)" (?TestBody@VideoMetricsTest_ReturnsPerfectResultForIdenticalFiles_Test@webrtc@@EAEXXZ)
     1>video_metrics_unittest.obj : error LNK2019: unresolved external symbol "int __cdecl PsnrFromFiles(char const *,char const *,int,int,struct QualityMetricsResult *)" (?PsnrFromFiles@@YAHPBD0HHPAUQualityMetricsResult@@@Z) referenced in function "private: virtual void __thiscall webrtc::VideoMetricsTest_ReturnsPerfectResultForIdenticalFiles_Test::TestBody(void)" (?TestBody@VideoMetricsTest_ReturnsPerfectResultForIdenticalFiles_Test@webrtc@@EAEXXZ)
     1>LIBCMTD.lib(crt0.obj) : error LNK2019: unresolved external symbol _main referenced in function ___tmainCRTStartup
     1>..\build\Debug\test_support_unittests.exe : fatal error LNK1120: 35 unresolved externals
     1>Done Building Project "C:\cygwin\home\nsinha\trunk\test\test_support_unittests.vcxproj" (build target(s)) -- FAILED.

Build FAILED.

Time Elapsed 00:00:05.98
