Build started 12/19/2011 4:11:15 PM.
     1>Project "C:\cygwin\home\nsinha\trunk\src\modules\test_fec.vcxproj" on node 2 (build target(s)).
     1>C:\WINDOWS\Microsoft.NET\Framework\v4.0.30319\Microsoft.Common.Targets(1200,9): warning : The referenced project 'src\modules\rtp_rtcp.vcxproj' does not exist.
     1>C:\WINDOWS\Microsoft.NET\Framework\v4.0.30319\Microsoft.Common.Targets(1200,9): warning : The referenced project 'src\system_wrappers\source\system_wrappers.vcxproj' does not exist.
     1>InitializeBuildStatus:
         Creating "C:\cygwin\home\nsinha\trunk\Debug\obj\test_fec\test_fec.unsuccessfulbuild" because "AlwaysCreate" was specified.
       ClCompile:
         C:\Program Files\Microsoft Visual Studio 10.0\VC\bin\CL.exe /c /I.. /I..\.. /I..\..\third_party\wtl\include /Irtp_rtcp\source /I..\system_wrappers\interface /Irtp_rtcp\interface /Iinterface /I..\..\third_party\platformsdk_win7\files\Include /I..\..\third_party\directxsdk\files\Include /I"C:\Program Files\Microsoft Visual Studio 10.0\\VC\atlmfc\include" /Zi /nologo /W4 /WX- /Od /Oy- /D _DEBUG /D _WIN32_WINNT=0x0601 /D WINVER=0x0601 /D WIN32 /D _WINDOWS /D NOMINMAX /D PSAPI_VERSION=1 /D _CRT_RAND_S /D CERT_CHAIN_PARA_HAS_EXTRA_FIELDS /D WIN32_LEAN_AND_MEAN /D _ATL_NO_OPENGL /D _HAS_EXCEPTIONS=0 /D _SECURE_ATL /D CHROMIUM_BUILD /D TOOLKIT_VIEWS=1 /D ENABLE_REMOTING=1 /D ENABLE_P2P_APIS=1 /D ENABLE_CONFIGURATION_POLICY /D ENABLE_INPUT_SPEECH /D ENABLE_GPU=1 /D ENABLE_EGLIMAGE=1 /D USE_SKIA=1 /D __STD_C /D _CRT_SECURE_NO_DEPRECATE /D _SCL_SECURE_NO_DEPRECATE /D ENABLE_REGISTER_PROTOCOL_HANDLER=1 /D WEBRTC_TARGET_PC /D __STDC_FORMAT_MACROS /D DYNAMIC_ANNOTATIONS_ENABLED=1 /D WTF_USE_DYNAMIC_ANNOTATIONS=1 /D _UNICODE /D UNICODE /Gm- /RTC1 /MTd /GS /Gy /fp:precise /Zc:wchar_t /Zc:forScope /GR- /Fo"C:\cygwin\home\nsinha\trunk\Debug\obj\test_fec\\" /Fd"C:\cygwin\home\nsinha\trunk\Debug\obj\test_fec\vc100.pdb" /Gd /TP /wd4351 /wd4396 /wd4503 /wd4819 /wd4100 /wd4121 /wd4125 /wd4127 /wd4130 /wd4131 /wd4189 /wd4201 /wd4238 /wd4244 /wd4245 /wd4310 /wd4355 /wd4428 /wd4481 /wd4505 /wd4510 /wd4512 /wd4530 /wd4610 /wd4611 /wd4701 /wd4702 /wd4706 /wd4389 /analyze- /errorReport:prompt rtp_rtcp\test\testFec\test_fec.cc /MP /we4389 
         test_fec.cc
       ManifestResourceCompile:
         C:\Program Files\Microsoft SDKs\Windows\v7.0A\bin\rc.exe /nologo /fo"C:\cygwin\home\nsinha\trunk\Debug\obj\test_fec\test_fec.exe.embed.manifest.res" C:\cygwin\home\nsinha\trunk\Debug\obj\test_fec\test_fec_manifest.rc 
       Link:
         C:\Program Files\Microsoft Visual Studio 10.0\VC\bin\link.exe /ERRORREPORT:PROMPT /OUT:"../..\build\Debug\test_fec.exe" /INCREMENTAL /NOLOGO /LIBPATH:../../third_party/platformsdk_win7/files/Lib /LIBPATH:../../third_party/directxsdk/files/Lib/x86 wininet.lib dnsapi.lib version.lib msimg32.lib ws2_32.lib usp10.lib psapi.lib dbghelp.lib winmm.lib shlwapi.lib winmm.lib kernel32.lib user32.lib gdi32.lib winspool.lib comdlg32.lib advapi32.lib shell32.lib ole32.lib oleaut32.lib uuid.lib odbc32.lib odbccp32.lib Delayimp.lib /DELAYLOAD:dbghelp.dll /DELAYLOAD:dwmapi.dll /DELAYLOAD:uxtheme.dll /MANIFEST /ManifestFile:"C:\cygwin\home\nsinha\trunk\Debug\obj\test_fec\test_fec.exe.intermediate.manifest" /MANIFESTUAC:"level='asInvoker' uiAccess='false'" /DEBUG /PDB:"C:\cygwin\home\nsinha\trunk\build\Debug\test_fec.pdb" /SUBSYSTEM:CONSOLE /TLBID:1 /DYNAMICBASE:NO /FIXED:NO /NXCOMPAT /IMPLIB:"../..\build\Debug\lib\test_fec.lib" /MACHINE:X86 C:\cygwin\home\nsinha\trunk\Debug\obj\test_fec\test_fec.exe.embed.manifest.res
         C:\cygwin\home\nsinha\trunk\Debug\obj\test_fec\test_fec.obj /safeseh /dynamicbase /ignore:4199 /ignore:4221 /nxcompat 
     1>test_fec.obj : error LNK2019: unresolved external symbol "public: int __thiscall webrtc::ListWrapper::PopFront(void)" (?PopFront@ListWrapper@webrtc@@QAEHXZ) referenced in function _main
     1>test_fec.obj : error LNK2019: unresolved external symbol "public: int __thiscall webrtc::ForwardErrorCorrection::DecodeFEC(class webrtc::ListWrapper &,class webrtc::ListWrapper &,unsigned short,bool &)" (?DecodeFEC@ForwardErrorCorrection@webrtc@@QAEHAAVListWrapper@2@0GAA_N@Z) referenced in function _main
     1>test_fec.obj : error LNK2019: unresolved external symbol "public: bool __thiscall webrtc::ListWrapper::Empty(void)const " (?Empty@ListWrapper@webrtc@@QBE_NXZ) referenced in function _main
     1>test_fec.obj : error LNK2019: unresolved external symbol "public: int __thiscall webrtc::ListWrapper::Erase(class webrtc::ListItem *)" (?Erase@ListWrapper@webrtc@@QAEHPAVListItem@2@@Z) referenced in function _main
     1>test_fec.obj : error LNK2019: unresolved external symbol "public: class webrtc::ListItem * __thiscall webrtc::ListWrapper::Next(class webrtc::ListItem *)const " (?Next@ListWrapper@webrtc@@QBEPAVListItem@2@PAV32@@Z) referenced in function _main
     1>test_fec.obj : error LNK2019: unresolved external symbol "unsigned short __cdecl webrtc::ModuleRTPUtility::BufferToUWord16(unsigned char const *)" (?BufferToUWord16@ModuleRTPUtility@webrtc@@YAGPBE@Z) referenced in function _main
     1>test_fec.obj : error LNK2019: unresolved external symbol "public: void * __thiscall webrtc::ListItem::GetItem(void)const " (?GetItem@ListItem@webrtc@@QBEPAXXZ) referenced in function _main
     1>test_fec.obj : error LNK2019: unresolved external symbol "public: class webrtc::ListItem * __thiscall webrtc::ListWrapper::First(void)const " (?First@ListWrapper@webrtc@@QBEPAVListItem@2@XZ) referenced in function _main
     1>test_fec.obj : error LNK2019: unresolved external symbol "public: unsigned int __thiscall webrtc::ListWrapper::GetSize(void)const " (?GetSize@ListWrapper@webrtc@@QBEIXZ) referenced in function _main
     1>test_fec.obj : error LNK2019: unresolved external symbol "public: int __thiscall webrtc::ForwardErrorCorrection::GenerateFEC(class webrtc::ListWrapper const &,unsigned char,int,bool,class webrtc::ListWrapper &)" (?GenerateFEC@ForwardErrorCorrection@webrtc@@QAEHABVListWrapper@2@EH_NAAV32@@Z) referenced in function _main
     1>test_fec.obj : error LNK2019: unresolved external symbol "void __cdecl webrtc::ModuleRTPUtility::AssignUWord32ToBuffer(unsigned char *,unsigned int)" (?AssignUWord32ToBuffer@ModuleRTPUtility@webrtc@@YAXPAEI@Z) referenced in function _main
     1>test_fec.obj : error LNK2019: unresolved external symbol "void __cdecl webrtc::ModuleRTPUtility::AssignUWord16ToBuffer(unsigned char *,unsigned short)" (?AssignUWord16ToBuffer@ModuleRTPUtility@webrtc@@YAXPAEG@Z) referenced in function _main
     1>test_fec.obj : error LNK2019: unresolved external symbol "public: static unsigned short __cdecl webrtc::ForwardErrorCorrection::PacketOverhead(void)" (?PacketOverhead@ForwardErrorCorrection@webrtc@@SAGXZ) referenced in function _main
     1>test_fec.obj : error LNK2019: unresolved external symbol "public: int __thiscall webrtc::ListWrapper::PushBack(void const *)" (?PushBack@ListWrapper@webrtc@@QAEHPBX@Z) referenced in function _main
     1>test_fec.obj : error LNK2019: unresolved external symbol "public: virtual __thiscall webrtc::ForwardErrorCorrection::~ForwardErrorCorrection(void)" (??1ForwardErrorCorrection@webrtc@@UAE@XZ) referenced in function _main
     1>test_fec.obj : error LNK2019: unresolved external symbol "public: virtual __thiscall webrtc::ListWrapper::~ListWrapper(void)" (??1ListWrapper@webrtc@@UAE@XZ) referenced in function _main
     1>test_fec.obj : error LNK2019: unresolved external symbol "void __cdecl webrtc::internal::GeneratePacketMasks(int,int,int,bool,unsigned char *)" (?GeneratePacketMasks@internal@webrtc@@YAXHHH_NPAE@Z) referenced in function _main
     1>test_fec.obj : error LNK2019: unresolved external symbol "public: __thiscall webrtc::ListWrapper::ListWrapper(void)" (??0ListWrapper@webrtc@@QAE@XZ) referenced in function _main
     1>test_fec.obj : error LNK2019: unresolved external symbol "public: __thiscall webrtc::ForwardErrorCorrection::ForwardErrorCorrection(int)" (??0ForwardErrorCorrection@webrtc@@QAE@H@Z) referenced in function _main
     1>../..\build\Debug\test_fec.exe : fatal error LNK1120: 19 unresolved externals
     1>Done Building Project "C:\cygwin\home\nsinha\trunk\src\modules\test_fec.vcxproj" (build target(s)) -- FAILED.

Build FAILED.

Time Elapsed 00:00:01.12
