Build started 12/19/2011 4:13:08 PM.
     1>Project "C:\cygwin\home\nsinha\trunk\src\voice_engine\voe_auto_test.vcxproj" on node 3 (build target(s)).
     1>C:\WINDOWS\Microsoft.NET\Framework\v4.0.30319\Microsoft.Common.Targets(1200,9): warning : The referenced project 'src\voice_engine\voice_engine_core.vcxproj' does not exist.
     1>C:\WINDOWS\Microsoft.NET\Framework\v4.0.30319\Microsoft.Common.Targets(1200,9): warning : The referenced project 'src\system_wrappers\source\system_wrappers.vcxproj' does not exist.
     1>C:\WINDOWS\Microsoft.NET\Framework\v4.0.30319\Microsoft.Common.Targets(1200,9): warning : The referenced project 'test\test_support.vcxproj' does not exist.
     1>C:\WINDOWS\Microsoft.NET\Framework\v4.0.30319\Microsoft.Common.Targets(1200,9): warning : The referenced project 'testing\gtest.vcxproj' does not exist.
     1>C:\WINDOWS\Microsoft.NET\Framework\v4.0.30319\Microsoft.Common.Targets(1200,9): warning : The referenced project 'testing\gmock.vcxproj' does not exist.
     1>C:\WINDOWS\Microsoft.NET\Framework\v4.0.30319\Microsoft.Common.Targets(1200,9): warning : The referenced project 'src\common_audio\resampler.vcxproj' does not exist.
     1>C:\WINDOWS\Microsoft.NET\Framework\v4.0.30319\Microsoft.Common.Targets(1200,9): warning : The referenced project 'src\common_audio\signal_processing.vcxproj' does not exist.
     1>C:\WINDOWS\Microsoft.NET\Framework\v4.0.30319\Microsoft.Common.Targets(1200,9): warning : The referenced project 'src\modules\audio_coding_module.vcxproj' does not exist.
     1>C:\WINDOWS\Microsoft.NET\Framework\v4.0.30319\Microsoft.Common.Targets(1200,9): warning : The referenced project 'src\modules\CNG.vcxproj' does not exist.
     1>C:\WINDOWS\Microsoft.NET\Framework\v4.0.30319\Microsoft.Common.Targets(1200,9): warning : The referenced project 'src\modules\G711.vcxproj' does not exist.
     1>C:\WINDOWS\Microsoft.NET\Framework\v4.0.30319\Microsoft.Common.Targets(1200,9): warning : The referenced project 'src\modules\G722.vcxproj' does not exist.
     1>C:\WINDOWS\Microsoft.NET\Framework\v4.0.30319\Microsoft.Common.Targets(1200,9): warning : The referenced project 'src\modules\iLBC.vcxproj' does not exist.
     1>C:\WINDOWS\Microsoft.NET\Framework\v4.0.30319\Microsoft.Common.Targets(1200,9): warning : The referenced project 'src\modules\iSAC.vcxproj' does not exist.
     1>C:\WINDOWS\Microsoft.NET\Framework\v4.0.30319\Microsoft.Common.Targets(1200,9): warning : The referenced project 'src\modules\iSACFix.vcxproj' does not exist.
     1>C:\WINDOWS\Microsoft.NET\Framework\v4.0.30319\Microsoft.Common.Targets(1200,9): warning : The referenced project 'src\modules\PCM16B.vcxproj' does not exist.
     1>C:\WINDOWS\Microsoft.NET\Framework\v4.0.30319\Microsoft.Common.Targets(1200,9): warning : The referenced project 'src\modules\NetEq.vcxproj' does not exist.
     1>C:\WINDOWS\Microsoft.NET\Framework\v4.0.30319\Microsoft.Common.Targets(1200,9): warning : The referenced project 'src\common_audio\vad.vcxproj' does not exist.
     1>C:\WINDOWS\Microsoft.NET\Framework\v4.0.30319\Microsoft.Common.Targets(1200,9): warning : The referenced project 'src\modules\audio_conference_mixer.vcxproj' does not exist.
     1>C:\WINDOWS\Microsoft.NET\Framework\v4.0.30319\Microsoft.Common.Targets(1200,9): warning : The referenced project 'src\modules\audio_processing.vcxproj' does not exist.
     1>C:\WINDOWS\Microsoft.NET\Framework\v4.0.30319\Microsoft.Common.Targets(1200,9): warning : The referenced project 'src\modules\aec.vcxproj' does not exist.
     1>C:\WINDOWS\Microsoft.NET\Framework\v4.0.30319\Microsoft.Common.Targets(1200,9): warning : The referenced project 'src\modules\apm_util.vcxproj' does not exist.
     1>C:\WINDOWS\Microsoft.NET\Framework\v4.0.30319\Microsoft.Common.Targets(1200,9): warning : The referenced project 'src\modules\aecm.vcxproj' does not exist.
     1>C:\WINDOWS\Microsoft.NET\Framework\v4.0.30319\Microsoft.Common.Targets(1200,9): warning : The referenced project 'src\modules\agc.vcxproj' does not exist.
     1>C:\WINDOWS\Microsoft.NET\Framework\v4.0.30319\Microsoft.Common.Targets(1200,9): warning : The referenced project 'src\modules\ns.vcxproj' does not exist.
     1>C:\WINDOWS\Microsoft.NET\Framework\v4.0.30319\Microsoft.Common.Targets(1200,9): warning : The referenced project 'third_party\protobuf\protobuf_lite.vcxproj' does not exist.
     1>C:\WINDOWS\Microsoft.NET\Framework\v4.0.30319\Microsoft.Common.Targets(1200,9): warning : The referenced project 'src\modules\audio_device.vcxproj' does not exist.
     1>C:\WINDOWS\Microsoft.NET\Framework\v4.0.30319\Microsoft.Common.Targets(1200,9): warning : The referenced project 'src\modules\media_file.vcxproj' does not exist.
     1>C:\WINDOWS\Microsoft.NET\Framework\v4.0.30319\Microsoft.Common.Targets(1200,9): warning : The referenced project 'src\modules\webrtc_utility.vcxproj' does not exist.
     1>C:\WINDOWS\Microsoft.NET\Framework\v4.0.30319\Microsoft.Common.Targets(1200,9): warning : The referenced project 'src\modules\webrtc_video_coding.vcxproj' does not exist.
     1>C:\WINDOWS\Microsoft.NET\Framework\v4.0.30319\Microsoft.Common.Targets(1200,9): warning : The referenced project 'src\modules\webrtc_i420.vcxproj' does not exist.
     1>C:\WINDOWS\Microsoft.NET\Framework\v4.0.30319\Microsoft.Common.Targets(1200,9): warning : The referenced project 'src\modules\webrtc_vp8.vcxproj' does not exist.
     1>C:\WINDOWS\Microsoft.NET\Framework\v4.0.30319\Microsoft.Common.Targets(1200,9): warning : The referenced project 'src\common_video\webrtc_libyuv.vcxproj' does not exist.
     1>C:\WINDOWS\Microsoft.NET\Framework\v4.0.30319\Microsoft.Common.Targets(1200,9): warning : The referenced project 'third_party\libyuv\libyuv.vcxproj' does not exist.
     1>C:\WINDOWS\Microsoft.NET\Framework\v4.0.30319\Microsoft.Common.Targets(1200,9): warning : The referenced project 'src\modules\rtp_rtcp.vcxproj' does not exist.
     1>C:\WINDOWS\Microsoft.NET\Framework\v4.0.30319\Microsoft.Common.Targets(1200,9): warning : The referenced project 'src\modules\udp_transport.vcxproj' does not exist.
     1>C:\WINDOWS\Microsoft.NET\Framework\v4.0.30319\Microsoft.Common.Targets(1200,9): warning : The referenced project 'src\modules\audioproc_debug_proto.vcxproj' does not exist.
     1>C:\WINDOWS\Microsoft.NET\Framework\v4.0.30319\Microsoft.Common.Targets(1200,9): warning : The referenced project 'third_party\libvpx\libvpx.vcxproj' does not exist.
     1>InitializeBuildStatus:
         Creating "C:\cygwin\home\nsinha\trunk\Debug\obj\voe_auto_test\voe_auto_test.unsuccessfulbuild" because "AlwaysCreate" was specified.
       ClCompile:
         C:\Program Files\Microsoft Visual Studio 10.0\VC\bin\CL.exe /c /I.. /I..\.. /I..\..\third_party\wtl\include /Imain\test\auto_test /I..\..\src\modules\interface /I..\..\src\voice_engine\main\source /I..\..\src\modules\audio_device\main\interface /I..\..\test /Imain\interface /I..\system_wrappers\interface /I..\..\testing\gtest\include /I..\..\testing\gmock\include /I..\..\third_party\platformsdk_win7\files\Include /I..\..\third_party\directxsdk\files\Include /I"C:\Program Files\Microsoft Visual Studio 10.0\\VC\atlmfc\include" /Zi /nologo /W4 /WX- /Od /Oy- /D _DEBUG /D _WIN32_WINNT=0x0601 /D WINVER=0x0601 /D WIN32 /D _WINDOWS /D NOMINMAX /D PSAPI_VERSION=1 /D _CRT_RAND_S /D CERT_CHAIN_PARA_HAS_EXTRA_FIELDS /D WIN32_LEAN_AND_MEAN /D _ATL_NO_OPENGL /D _HAS_EXCEPTIONS=0 /D _SECURE_ATL /D CHROMIUM_BUILD /D TOOLKIT_VIEWS=1 /D ENABLE_REMOTING=1 /D ENABLE_P2P_APIS=1 /D ENABLE_CONFIGURATION_POLICY /D ENABLE_INPUT_SPEECH /D ENABLE_GPU=1 /D ENABLE_EGLIMAGE=1 /D USE_SKIA=1 /D __STD_C /D _CRT_SECURE_NO_DEPRECATE /D _SCL_SECURE_NO_DEPRECATE /D ENABLE_REGISTER_PROTOCOL_HANDLER=1 /D WEBRTC_TARGET_PC /D UNIT_TEST /D __STDC_FORMAT_MACROS /D DYNAMIC_ANNOTATIONS_ENABLED=1 /D WTF_USE_DYNAMIC_ANNOTATIONS=1 /D _UNICODE /D UNICODE /Gm- /RTC1 /MTd /GS /Gy /fp:precise /Zc:wchar_t /Zc:forScope /GR- /Fo"C:\cygwin\home\nsinha\trunk\Debug\obj\voe_auto_test\\" /Fd"C:\cygwin\home\nsinha\trunk\Debug\obj\voe_auto_test\vc100.pdb" /Gd /TP /wd4351 /wd4396 /wd4503 /wd4819 /wd4100 /wd4121 /wd4125 /wd4127 /wd4130 /wd4131 /wd4189 /wd4201 /wd4238 /wd4244 /wd4245 /wd4310 /wd4355 /wd4428 /wd4481 /wd4505 /wd4510 /wd4512 /wd4530 /wd4610 /wd4611 /wd4701 /wd4702 /wd4706 /wd4800 /wd4389 /analyze- /errorReport:prompt main\test\auto_test\voe_unit_test.cc main\test\auto_test\automated_mode.cc main\test\auto_test\voe_cpu_test.cc main\test\auto_test\voe_extended_test.cc main\test\auto_test\resource_manager.cc main\test\auto_test\voe_stress_test.cc main\test\auto_test\voe_standard_test.cc main\test\auto_test\standard\before_initialization_fixture.cc main\test\auto_test\standard\codec_before_streaming_test.cc main\test\auto_test\standard\after_streaming_fixture.cc main\test\auto_test\standard\after_initialization_fixture.cc main\test\auto_test\standard\hardware_before_streaming_test.cc main\test\auto_test\standard\voe_base_misc_test.cc main\test\auto_test\standard\rtp_rtcp_before_streaming_test.cc main\test\auto_test\standard\hardware_before_initializing_test.cc main\test\auto_test\standard\network_before_streaming_test.cc main\test\auto_test\standard\manual_hold_test.cc /MP /we4389 
         voe_unit_test.cc
         automated_mode.cc
         voe_cpu_test.cc
         voe_extended_test.cc
         resource_manager.cc
         voe_stress_test.cc
         voe_standard_test.cc
         before_initialization_fixture.cc
         codec_before_streaming_test.cc
         after_streaming_fixture.cc
         after_initialization_fixture.cc
         hardware_before_streaming_test.cc
         voe_base_misc_test.cc
         rtp_rtcp_before_streaming_test.cc
         hardware_before_initializing_test.cc
         network_before_streaming_test.cc
         manual_hold_test.cc
       ManifestResourceCompile:
         C:\Program Files\Microsoft SDKs\Windows\v7.0A\bin\rc.exe /nologo /fo"C:\cygwin\home\nsinha\trunk\Debug\obj\voe_auto_test\voe_auto_test.exe.embed.manifest.res" C:\cygwin\home\nsinha\trunk\Debug\obj\voe_auto_test\voe_auto_test_manifest.rc 
       Link:
         C:\Program Files\Microsoft Visual Studio 10.0\VC\bin\link.exe /ERRORREPORT:PROMPT /OUT:"../..\build\Debug\voe_auto_test.exe" /INCREMENTAL /NOLOGO /LIBPATH:../../third_party/platformsdk_win7/files/Lib /LIBPATH:../../third_party/directxsdk/files/Lib/x86 wininet.lib dnsapi.lib version.lib msimg32.lib ws2_32.lib usp10.lib psapi.lib dbghelp.lib winmm.lib shlwapi.lib winmm.lib dmoguids.lib wmcodecdspuuid.lib amstrmid.lib msdmo.lib kernel32.lib user32.lib gdi32.lib winspool.lib comdlg32.lib advapi32.lib shell32.lib ole32.lib oleaut32.lib uuid.lib odbc32.lib odbccp32.lib Delayimp.lib /DELAYLOAD:dbghelp.dll /DELAYLOAD:dwmapi.dll /DELAYLOAD:uxtheme.dll /MANIFEST /ManifestFile:"C:\cygwin\home\nsinha\trunk\Debug\obj\voe_auto_test\voe_auto_test.exe.intermediate.manifest" /MANIFESTUAC:"level='asInvoker' uiAccess='false'" /DEBUG /PDB:"C:\cygwin\home\nsinha\trunk\build\Debug\voe_auto_test.pdb" /SUBSYSTEM:CONSOLE /TLBID:1 /DYNAMICBASE:NO /FIXED:NO /NXCOMPAT /IMPLIB:"../..\build\Debug\lib\voe_auto_test.lib" /MACHINE:X86 C:\cygwin\home\nsinha\trunk\Debug\obj\voe_auto_test\voe_auto_test.exe.embed.manifest.res
         C:\cygwin\home\nsinha\trunk\Debug\obj\voe_auto_test\voe_unit_test.obj
         C:\cygwin\home\nsinha\trunk\Debug\obj\voe_auto_test\automated_mode.obj
         C:\cygwin\home\nsinha\trunk\Debug\obj\voe_auto_test\voe_cpu_test.obj
         C:\cygwin\home\nsinha\trunk\Debug\obj\voe_auto_test\voe_extended_test.obj
         C:\cygwin\home\nsinha\trunk\Debug\obj\voe_auto_test\resource_manager.obj
         C:\cygwin\home\nsinha\trunk\Debug\obj\voe_auto_test\voe_stress_test.obj
         C:\cygwin\home\nsinha\trunk\Debug\obj\voe_auto_test\voe_standard_test.obj
         C:\cygwin\home\nsinha\trunk\Debug\obj\voe_auto_test\before_initialization_fixture.obj
         C:\cygwin\home\nsinha\trunk\Debug\obj\voe_auto_test\codec_before_streaming_test.obj
         C:\cygwin\home\nsinha\trunk\Debug\obj\voe_auto_test\after_streaming_fixture.obj
         C:\cygwin\home\nsinha\trunk\Debug\obj\voe_auto_test\after_initialization_fixture.obj
         C:\cygwin\home\nsinha\trunk\Debug\obj\voe_auto_test\hardware_before_streaming_test.obj
         C:\cygwin\home\nsinha\trunk\Debug\obj\voe_auto_test\voe_base_misc_test.obj
         C:\cygwin\home\nsinha\trunk\Debug\obj\voe_auto_test\rtp_rtcp_before_streaming_test.obj
         C:\cygwin\home\nsinha\trunk\Debug\obj\voe_auto_test\hardware_before_initializing_test.obj
         C:\cygwin\home\nsinha\trunk\Debug\obj\voe_auto_test\network_before_streaming_test.obj
         C:\cygwin\home\nsinha\trunk\Debug\obj\voe_auto_test\manual_hold_test.obj /safeseh /dynamicbase /ignore:4199 /ignore:4221 /nxcompat 
     1>voe_unit_test.obj : error LNK2019: unresolved external symbol "public: static int __cdecl webrtc::VoiceEngine::SetTraceFilter(unsigned int)" (?SetTraceFilter@VoiceEngine@webrtc@@SAHI@Z) referenced in function "private: int __thiscall voetest::VoEUnitTest::MixerTest(void)" (?MixerTest@VoEUnitTest@voetest@@AAEHXZ)
     1>voe_extended_test.obj : error LNK2001: unresolved external symbol "public: static int __cdecl webrtc::VoiceEngine::SetTraceFilter(unsigned int)" (?SetTraceFilter@VoiceEngine@webrtc@@SAHI@Z)
     1>voe_unit_test.obj : error LNK2019: unresolved external symbol "public: static int __cdecl webrtc::VoiceEngine::SetTraceFile(char const *,bool)" (?SetTraceFile@VoiceEngine@webrtc@@SAHPBD_N@Z) referenced in function "private: int __thiscall voetest::VoEUnitTest::MixerTest(void)" (?MixerTest@VoEUnitTest@voetest@@AAEHXZ)
     1>voe_extended_test.obj : error LNK2001: unresolved external symbol "public: static int __cdecl webrtc::VoiceEngine::SetTraceFile(char const *,bool)" (?SetTraceFile@VoiceEngine@webrtc@@SAHPBD_N@Z)
     1>voe_standard_test.obj : error LNK2001: unresolved external symbol "public: static int __cdecl webrtc::VoiceEngine::SetTraceFile(char const *,bool)" (?SetTraceFile@VoiceEngine@webrtc@@SAHPBD_N@Z)
     1>automated_mode.obj : error LNK2019: unresolved external symbol "public: int __thiscall testing::UnitTest::Run(void)" (?Run@UnitTest@testing@@QAEHXZ) referenced in function "int __cdecl RunInAutomatedMode(int,char * *)" (?RunInAutomatedMode@@YAHHPAPAD@Z)
     1>automated_mode.obj : error LNK2019: unresolved external symbol "public: static class testing::UnitTest * __cdecl testing::UnitTest::GetInstance(void)" (?GetInstance@UnitTest@testing@@SAPAV12@XZ) referenced in function "int __cdecl RunInAutomatedMode(int,char * *)" (?RunInAutomatedMode@@YAHHPAPAD@Z)
     1>automated_mode.obj : error LNK2019: unresolved external symbol "void __cdecl testing::InitGoogleTest(int *,char * *)" (?InitGoogleTest@testing@@YAXPAHPAPAD@Z) referenced in function "int __cdecl RunInAutomatedMode(int,char * *)" (?RunInAutomatedMode@@YAHHPAPAD@Z)
     1>voe_extended_test.obj : error LNK2019: unresolved external symbol "public: static class webrtc::ThreadWrapper * __cdecl webrtc::ThreadWrapper::CreateThread(bool (__cdecl*)(void *),void *,enum webrtc::ThreadPriority,char const *)" (?CreateThread@ThreadWrapper@webrtc@@SAPAV12@P6A_NPAX@Z0W4ThreadPriority@2@PBD@Z) referenced in function "public: __thiscall voetest::ExtendedTestTransport::ExtendedTestTransport(class webrtc::VoENetwork *)" (??0ExtendedTestTransport@voetest@@QAE@PAVVoENetwork@webrtc@@@Z)
     1>voe_stress_test.obj : error LNK2001: unresolved external symbol "public: static class webrtc::ThreadWrapper * __cdecl webrtc::ThreadWrapper::CreateThread(bool (__cdecl*)(void *),void *,enum webrtc::ThreadPriority,char const *)" (?CreateThread@ThreadWrapper@webrtc@@SAPAV12@P6A_NPAX@Z0W4ThreadPriority@2@PBD@Z)
     1>voe_standard_test.obj : error LNK2001: unresolved external symbol "public: static class webrtc::ThreadWrapper * __cdecl webrtc::ThreadWrapper::CreateThread(bool (__cdecl*)(void *),void *,enum webrtc::ThreadPriority,char const *)" (?CreateThread@ThreadWrapper@webrtc@@SAPAV12@P6A_NPAX@Z0W4ThreadPriority@2@PBD@Z)
     1>voe_extended_test.obj : error LNK2019: unresolved external symbol "public: static class webrtc::EventWrapper * __cdecl webrtc::EventWrapper::Create(void)" (?Create@EventWrapper@webrtc@@SAPAV12@XZ) referenced in function "public: __thiscall voetest::ExtendedTestTransport::ExtendedTestTransport(class webrtc::VoENetwork *)" (??0ExtendedTestTransport@voetest@@QAE@PAVVoENetwork@webrtc@@@Z)
     1>voe_standard_test.obj : error LNK2001: unresolved external symbol "public: static class webrtc::EventWrapper * __cdecl webrtc::EventWrapper::Create(void)" (?Create@EventWrapper@webrtc@@SAPAV12@XZ)
     1>voe_extended_test.obj : error LNK2019: unresolved external symbol "public: static class webrtc::CriticalSectionWrapper * __cdecl webrtc::CriticalSectionWrapper::CreateCriticalSection(void)" (?CreateCriticalSection@CriticalSectionWrapper@webrtc@@SAPAV12@XZ) referenced in function "public: __thiscall voetest::ExtendedTestTransport::ExtendedTestTransport(class webrtc::VoENetwork *)" (??0ExtendedTestTransport@voetest@@QAE@PAVVoENetwork@webrtc@@@Z)
     1>voe_standard_test.obj : error LNK2001: unresolved external symbol "public: static class webrtc::CriticalSectionWrapper * __cdecl webrtc::CriticalSectionWrapper::CreateCriticalSection(void)" (?CreateCriticalSection@CriticalSectionWrapper@webrtc@@SAPAV12@XZ)
     1>voe_extended_test.obj : error LNK2019: unresolved external symbol "public: static bool __cdecl webrtc::VoiceEngine::Delete(class webrtc::VoiceEngine * &,bool)" (?Delete@VoiceEngine@webrtc@@SA_NAAPAV12@_N@Z) referenced in function "public: int __thiscall voetest::VoEExtendedTest::TestBase(void)" (?TestBase@VoEExtendedTest@voetest@@QAEHXZ)
     1>voe_standard_test.obj : error LNK2001: unresolved external symbol "public: static bool __cdecl webrtc::VoiceEngine::Delete(class webrtc::VoiceEngine * &,bool)" (?Delete@VoiceEngine@webrtc@@SA_NAAPAV12@_N@Z)
     1>before_initialization_fixture.obj : error LNK2001: unresolved external symbol "public: static bool __cdecl webrtc::VoiceEngine::Delete(class webrtc::VoiceEngine * &,bool)" (?Delete@VoiceEngine@webrtc@@SA_NAAPAV12@_N@Z)
     1>voe_extended_test.obj : error LNK2019: unresolved external symbol "public: static class webrtc::VoEBase * __cdecl webrtc::VoEBase::GetInterface(class webrtc::VoiceEngine *)" (?GetInterface@VoEBase@webrtc@@SAPAV12@PAVVoiceEngine@2@@Z) referenced in function "public: int __thiscall voetest::VoEExtendedTest::TestBase(void)" (?TestBase@VoEExtendedTest@voetest@@QAEHXZ)
     1>voe_standard_test.obj : error LNK2001: unresolved external symbol "public: static class webrtc::VoEBase * __cdecl webrtc::VoEBase::GetInterface(class webrtc::VoiceEngine *)" (?GetInterface@VoEBase@webrtc@@SAPAV12@PAVVoiceEngine@2@@Z)
     1>before_initialization_fixture.obj : error LNK2001: unresolved external symbol "public: static class webrtc::VoEBase * __cdecl webrtc::VoEBase::GetInterface(class webrtc::VoiceEngine *)" (?GetInterface@VoEBase@webrtc@@SAPAV12@PAVVoiceEngine@2@@Z)
     1>voe_extended_test.obj : error LNK2019: unresolved external symbol "public: static class webrtc::VoiceEngine * __cdecl webrtc::VoiceEngine::Create(void)" (?Create@VoiceEngine@webrtc@@SAPAV12@XZ) referenced in function "public: int __thiscall voetest::VoEExtendedTest::TestBase(void)" (?TestBase@VoEExtendedTest@voetest@@QAEHXZ)
     1>voe_standard_test.obj : error LNK2001: unresolved external symbol "public: static class webrtc::VoiceEngine * __cdecl webrtc::VoiceEngine::Create(void)" (?Create@VoiceEngine@webrtc@@SAPAV12@XZ)
     1>before_initialization_fixture.obj : error LNK2001: unresolved external symbol "public: static class webrtc::VoiceEngine * __cdecl webrtc::VoiceEngine::Create(void)" (?Create@VoiceEngine@webrtc@@SAPAV12@XZ)
     1>resource_manager.obj : error LNK2001: unresolved external symbol "char const * const webrtc::test::kCannotFindProjectRootDir" (?kCannotFindProjectRootDir@test@webrtc@@3PBDB)
     1>resource_manager.obj : error LNK2019: unresolved external symbol "class std::basic_string<char,struct std::char_traits<char>,class std::allocator<char> > __cdecl webrtc::test::ProjectRootPath(void)" (?ProjectRootPath@test@webrtc@@YA?AV?$basic_string@DU?$char_traits@D@std@@V?$allocator@D@2@@std@@XZ) referenced in function "public: __thiscall ResourceManager::ResourceManager(void)" (??0ResourceManager@@QAE@XZ)
     1>voe_standard_test.obj : error LNK2019: unresolved external symbol "public: static class webrtc::VoENetEqStats * __cdecl webrtc::VoENetEqStats::GetInterface(class webrtc::VoiceEngine *)" (?GetInterface@VoENetEqStats@webrtc@@SAPAV12@PAVVoiceEngine@2@@Z) referenced in function "public: void __thiscall voetest::VoETestManager::GetInterfaces(void)" (?GetInterfaces@VoETestManager@voetest@@QAEXXZ)
     1>before_initialization_fixture.obj : error LNK2001: unresolved external symbol "public: static class webrtc::VoENetEqStats * __cdecl webrtc::VoENetEqStats::GetInterface(class webrtc::VoiceEngine *)" (?GetInterface@VoENetEqStats@webrtc@@SAPAV12@PAVVoiceEngine@2@@Z)
     1>voe_standard_test.obj : error LNK2019: unresolved external symbol "public: static class webrtc::VoECallReport * __cdecl webrtc::VoECallReport::GetInterface(class webrtc::VoiceEngine *)" (?GetInterface@VoECallReport@webrtc@@SAPAV12@PAVVoiceEngine@2@@Z) referenced in function "public: void __thiscall voetest::VoETestManager::GetInterfaces(void)" (?GetInterfaces@VoETestManager@voetest@@QAEXXZ)
     1>before_initialization_fixture.obj : error LNK2001: unresolved external symbol "public: static class webrtc::VoECallReport * __cdecl webrtc::VoECallReport::GetInterface(class webrtc::VoiceEngine *)" (?GetInterface@VoECallReport@webrtc@@SAPAV12@PAVVoiceEngine@2@@Z)
     1>voe_standard_test.obj : error LNK2019: unresolved external symbol "public: static class webrtc::VoEExternalMedia * __cdecl webrtc::VoEExternalMedia::GetInterface(class webrtc::VoiceEngine *)" (?GetInterface@VoEExternalMedia@webrtc@@SAPAV12@PAVVoiceEngine@2@@Z) referenced in function "public: void __thiscall voetest::VoETestManager::GetInterfaces(void)" (?GetInterfaces@VoETestManager@voetest@@QAEXXZ)
     1>before_initialization_fixture.obj : error LNK2001: unresolved external symbol "public: static class webrtc::VoEExternalMedia * __cdecl webrtc::VoEExternalMedia::GetInterface(class webrtc::VoiceEngine *)" (?GetInterface@VoEExternalMedia@webrtc@@SAPAV12@PAVVoiceEngine@2@@Z)
     1>voe_standard_test.obj : error LNK2019: unresolved external symbol "public: static class webrtc::VoEHardware * __cdecl webrtc::VoEHardware::GetInterface(class webrtc::VoiceEngine *)" (?GetInterface@VoEHardware@webrtc@@SAPAV12@PAVVoiceEngine@2@@Z) referenced in function "public: void __thiscall voetest::VoETestManager::GetInterfaces(void)" (?GetInterfaces@VoETestManager@voetest@@QAEXXZ)
     1>before_initialization_fixture.obj : error LNK2001: unresolved external symbol "public: static class webrtc::VoEHardware * __cdecl webrtc::VoEHardware::GetInterface(class webrtc::VoiceEngine *)" (?GetInterface@VoEHardware@webrtc@@SAPAV12@PAVVoiceEngine@2@@Z)
     1>voe_standard_test.obj : error LNK2019: unresolved external symbol "public: static class webrtc::VoEEncryption * __cdecl webrtc::VoEEncryption::GetInterface(class webrtc::VoiceEngine *)" (?GetInterface@VoEEncryption@webrtc@@SAPAV12@PAVVoiceEngine@2@@Z) referenced in function "public: void __thiscall voetest::VoETestManager::GetInterfaces(void)" (?GetInterfaces@VoETestManager@voetest@@QAEXXZ)
     1>before_initialization_fixture.obj : error LNK2001: unresolved external symbol "public: static class webrtc::VoEEncryption * __cdecl webrtc::VoEEncryption::GetInterface(class webrtc::VoiceEngine *)" (?GetInterface@VoEEncryption@webrtc@@SAPAV12@PAVVoiceEngine@2@@Z)
     1>voe_standard_test.obj : error LNK2019: unresolved external symbol "public: static class webrtc::VoEVideoSync * __cdecl webrtc::VoEVideoSync::GetInterface(class webrtc::VoiceEngine *)" (?GetInterface@VoEVideoSync@webrtc@@SAPAV12@PAVVoiceEngine@2@@Z) referenced in function "public: void __thiscall voetest::VoETestManager::GetInterfaces(void)" (?GetInterfaces@VoETestManager@voetest@@QAEXXZ)
     1>before_initialization_fixture.obj : error LNK2001: unresolved external symbol "public: static class webrtc::VoEVideoSync * __cdecl webrtc::VoEVideoSync::GetInterface(class webrtc::VoiceEngine *)" (?GetInterface@VoEVideoSync@webrtc@@SAPAV12@PAVVoiceEngine@2@@Z)
     1>voe_standard_test.obj : error LNK2019: unresolved external symbol "public: static class webrtc::VoEFile * __cdecl webrtc::VoEFile::GetInterface(class webrtc::VoiceEngine *)" (?GetInterface@VoEFile@webrtc@@SAPAV12@PAVVoiceEngine@2@@Z) referenced in function "public: void __thiscall voetest::VoETestManager::GetInterfaces(void)" (?GetInterfaces@VoETestManager@voetest@@QAEXXZ)
     1>before_initialization_fixture.obj : error LNK2001: unresolved external symbol "public: static class webrtc::VoEFile * __cdecl webrtc::VoEFile::GetInterface(class webrtc::VoiceEngine *)" (?GetInterface@VoEFile@webrtc@@SAPAV12@PAVVoiceEngine@2@@Z)
     1>voe_standard_test.obj : error LNK2019: unresolved external symbol "public: static class webrtc::VoENetwork * __cdecl webrtc::VoENetwork::GetInterface(class webrtc::VoiceEngine *)" (?GetInterface@VoENetwork@webrtc@@SAPAV12@PAVVoiceEngine@2@@Z) referenced in function "public: void __thiscall voetest::VoETestManager::GetInterfaces(void)" (?GetInterfaces@VoETestManager@voetest@@QAEXXZ)
     1>before_initialization_fixture.obj : error LNK2001: unresolved external symbol "public: static class webrtc::VoENetwork * __cdecl webrtc::VoENetwork::GetInterface(class webrtc::VoiceEngine *)" (?GetInterface@VoENetwork@webrtc@@SAPAV12@PAVVoiceEngine@2@@Z)
     1>voe_standard_test.obj : error LNK2019: unresolved external symbol "public: static class webrtc::VoEAudioProcessing * __cdecl webrtc::VoEAudioProcessing::GetInterface(class webrtc::VoiceEngine *)" (?GetInterface@VoEAudioProcessing@webrtc@@SAPAV12@PAVVoiceEngine@2@@Z) referenced in function "public: void __thiscall voetest::VoETestManager::GetInterfaces(void)" (?GetInterfaces@VoETestManager@voetest@@QAEXXZ)
     1>before_initialization_fixture.obj : error LNK2001: unresolved external symbol "public: static class webrtc::VoEAudioProcessing * __cdecl webrtc::VoEAudioProcessing::GetInterface(class webrtc::VoiceEngine *)" (?GetInterface@VoEAudioProcessing@webrtc@@SAPAV12@PAVVoiceEngine@2@@Z)
     1>voe_standard_test.obj : error LNK2019: unresolved external symbol "public: static class webrtc::VoERTP_RTCP * __cdecl webrtc::VoERTP_RTCP::GetInterface(class webrtc::VoiceEngine *)" (?GetInterface@VoERTP_RTCP@webrtc@@SAPAV12@PAVVoiceEngine@2@@Z) referenced in function "public: void __thiscall voetest::VoETestManager::GetInterfaces(void)" (?GetInterfaces@VoETestManager@voetest@@QAEXXZ)
     1>before_initialization_fixture.obj : error LNK2001: unresolved external symbol "public: static class webrtc::VoERTP_RTCP * __cdecl webrtc::VoERTP_RTCP::GetInterface(class webrtc::VoiceEngine *)" (?GetInterface@VoERTP_RTCP@webrtc@@SAPAV12@PAVVoiceEngine@2@@Z)
     1>voe_standard_test.obj : error LNK2019: unresolved external symbol "public: static class webrtc::VoEDtmf * __cdecl webrtc::VoEDtmf::GetInterface(class webrtc::VoiceEngine *)" (?GetInterface@VoEDtmf@webrtc@@SAPAV12@PAVVoiceEngine@2@@Z) referenced in function "public: void __thiscall voetest::VoETestManager::GetInterfaces(void)" (?GetInterfaces@VoETestManager@voetest@@QAEXXZ)
     1>before_initialization_fixture.obj : error LNK2001: unresolved external symbol "public: static class webrtc::VoEDtmf * __cdecl webrtc::VoEDtmf::GetInterface(class webrtc::VoiceEngine *)" (?GetInterface@VoEDtmf@webrtc@@SAPAV12@PAVVoiceEngine@2@@Z)
     1>voe_standard_test.obj : error LNK2019: unresolved external symbol "public: static class webrtc::VoEVolumeControl * __cdecl webrtc::VoEVolumeControl::GetInterface(class webrtc::VoiceEngine *)" (?GetInterface@VoEVolumeControl@webrtc@@SAPAV12@PAVVoiceEngine@2@@Z) referenced in function "public: void __thiscall voetest::VoETestManager::GetInterfaces(void)" (?GetInterfaces@VoETestManager@voetest@@QAEXXZ)
     1>before_initialization_fixture.obj : error LNK2001: unresolved external symbol "public: static class webrtc::VoEVolumeControl * __cdecl webrtc::VoEVolumeControl::GetInterface(class webrtc::VoiceEngine *)" (?GetInterface@VoEVolumeControl@webrtc@@SAPAV12@PAVVoiceEngine@2@@Z)
     1>voe_standard_test.obj : error LNK2019: unresolved external symbol "public: static class webrtc::VoECodec * __cdecl webrtc::VoECodec::GetInterface(class webrtc::VoiceEngine *)" (?GetInterface@VoECodec@webrtc@@SAPAV12@PAVVoiceEngine@2@@Z) referenced in function "public: void __thiscall voetest::VoETestManager::GetInterfaces(void)" (?GetInterfaces@VoETestManager@voetest@@QAEXXZ)
     1>before_initialization_fixture.obj : error LNK2001: unresolved external symbol "public: static class webrtc::VoECodec * __cdecl webrtc::VoECodec::GetInterface(class webrtc::VoiceEngine *)" (?GetInterface@VoECodec@webrtc@@SAPAV12@PAVVoiceEngine@2@@Z)
     1>network_before_streaming_test.obj : error LNK2019: unresolved external symbol "public: __thiscall testing::internal::AssertHelper::~AssertHelper(void)" (??1AssertHelper@internal@testing@@QAE@XZ) referenced in function "public: __thiscall testing::Message::Message(void)" (??0Message@testing@@QAE@XZ)
     1>manual_hold_test.obj : error LNK2001: unresolved external symbol "public: __thiscall testing::internal::AssertHelper::~AssertHelper(void)" (??1AssertHelper@internal@testing@@QAE@XZ)
     1>hardware_before_streaming_test.obj : error LNK2001: unresolved external symbol "public: __thiscall testing::internal::AssertHelper::~AssertHelper(void)" (??1AssertHelper@internal@testing@@QAE@XZ)
     1>voe_base_misc_test.obj : error LNK2001: unresolved external symbol "public: __thiscall testing::internal::AssertHelper::~AssertHelper(void)" (??1AssertHelper@internal@testing@@QAE@XZ)
     1>rtp_rtcp_before_streaming_test.obj : error LNK2001: unresolved external symbol "public: __thiscall testing::internal::AssertHelper::~AssertHelper(void)" (??1AssertHelper@internal@testing@@QAE@XZ)
     1>hardware_before_initializing_test.obj : error LNK2001: unresolved external symbol "public: __thiscall testing::internal::AssertHelper::~AssertHelper(void)" (??1AssertHelper@internal@testing@@QAE@XZ)
     1>before_initialization_fixture.obj : error LNK2001: unresolved external symbol "public: __thiscall testing::internal::AssertHelper::~AssertHelper(void)" (??1AssertHelper@internal@testing@@QAE@XZ)
     1>codec_before_streaming_test.obj : error LNK2001: unresolved external symbol "public: __thiscall testing::internal::AssertHelper::~AssertHelper(void)" (??1AssertHelper@internal@testing@@QAE@XZ)
     1>after_streaming_fixture.obj : error LNK2001: unresolved external symbol "public: __thiscall testing::internal::AssertHelper::~AssertHelper(void)" (??1AssertHelper@internal@testing@@QAE@XZ)
     1>after_initialization_fixture.obj : error LNK2001: unresolved external symbol "public: __thiscall testing::internal::AssertHelper::~AssertHelper(void)" (??1AssertHelper@internal@testing@@QAE@XZ)
     1>network_before_streaming_test.obj : error LNK2019: unresolved external symbol "public: void __thiscall testing::internal::AssertHelper::operator=(class testing::Message const &)const " (??4AssertHelper@internal@testing@@QBEXABVMessage@2@@Z) referenced in function "public: __thiscall testing::Message::Message(void)" (??0Message@testing@@QAE@XZ)
     1>manual_hold_test.obj : error LNK2001: unresolved external symbol "public: void __thiscall testing::internal::AssertHelper::operator=(class testing::Message const &)const " (??4AssertHelper@internal@testing@@QBEXABVMessage@2@@Z)
     1>hardware_before_streaming_test.obj : error LNK2001: unresolved external symbol "public: void __thiscall testing::internal::AssertHelper::operator=(class testing::Message const &)const " (??4AssertHelper@internal@testing@@QBEXABVMessage@2@@Z)
     1>voe_base_misc_test.obj : error LNK2001: unresolved external symbol "public: void __thiscall testing::internal::AssertHelper::operator=(class testing::Message const &)const " (??4AssertHelper@internal@testing@@QBEXABVMessage@2@@Z)
     1>rtp_rtcp_before_streaming_test.obj : error LNK2001: unresolved external symbol "public: void __thiscall testing::internal::AssertHelper::operator=(class testing::Message const &)const " (??4AssertHelper@internal@testing@@QBEXABVMessage@2@@Z)
     1>hardware_before_initializing_test.obj : error LNK2001: unresolved external symbol "public: void __thiscall testing::internal::AssertHelper::operator=(class testing::Message const &)const " (??4AssertHelper@internal@testing@@QBEXABVMessage@2@@Z)
     1>before_initialization_fixture.obj : error LNK2001: unresolved external symbol "public: void __thiscall testing::internal::AssertHelper::operator=(class testing::Message const &)const " (??4AssertHelper@internal@testing@@QBEXABVMessage@2@@Z)
     1>codec_before_streaming_test.obj : error LNK2001: unresolved external symbol "public: void __thiscall testing::internal::AssertHelper::operator=(class testing::Message const &)const " (??4AssertHelper@internal@testing@@QBEXABVMessage@2@@Z)
     1>after_streaming_fixture.obj : error LNK2001: unresolved external symbol "public: void __thiscall testing::internal::AssertHelper::operator=(class testing::Message const &)const " (??4AssertHelper@internal@testing@@QBEXABVMessage@2@@Z)
     1>after_initialization_fixture.obj : error LNK2001: unresolved external symbol "public: void __thiscall testing::internal::AssertHelper::operator=(class testing::Message const &)const " (??4AssertHelper@internal@testing@@QBEXABVMessage@2@@Z)
     1>network_before_streaming_test.obj : error LNK2001: unresolved external symbol "public: __thiscall testing::internal::AssertHelper::AssertHelper(enum testing::TestPartResult::Type,char const *,int,char const *)" (??0AssertHelper@internal@testing@@QAE@W4Type@TestPartResult@2@PBDH1@Z)
     1>manual_hold_test.obj : error LNK2019: unresolved external symbol "public: __thiscall testing::internal::AssertHelper::AssertHelper(enum testing::TestPartResult::Type,char const *,int,char const *)" (??0AssertHelper@internal@testing@@QAE@W4Type@TestPartResult@2@PBDH1@Z) referenced in function "public: char const * __thiscall testing::AssertionResult::message(void)const " (?message@AssertionResult@testing@@QBEPBDXZ)
     1>hardware_before_streaming_test.obj : error LNK2001: unresolved external symbol "public: __thiscall testing::internal::AssertHelper::AssertHelper(enum testing::TestPartResult::Type,char const *,int,char const *)" (??0AssertHelper@internal@testing@@QAE@W4Type@TestPartResult@2@PBDH1@Z)
     1>voe_base_misc_test.obj : error LNK2001: unresolved external symbol "public: __thiscall testing::internal::AssertHelper::AssertHelper(enum testing::TestPartResult::Type,char const *,int,char const *)" (??0AssertHelper@internal@testing@@QAE@W4Type@TestPartResult@2@PBDH1@Z)
     1>rtp_rtcp_before_streaming_test.obj : error LNK2001: unresolved external symbol "public: __thiscall testing::internal::AssertHelper::AssertHelper(enum testing::TestPartResult::Type,char const *,int,char const *)" (??0AssertHelper@internal@testing@@QAE@W4Type@TestPartResult@2@PBDH1@Z)
     1>hardware_before_initializing_test.obj : error LNK2001: unresolved external symbol "public: __thiscall testing::internal::AssertHelper::AssertHelper(enum testing::TestPartResult::Type,char const *,int,char const *)" (??0AssertHelper@internal@testing@@QAE@W4Type@TestPartResult@2@PBDH1@Z)
     1>before_initialization_fixture.obj : error LNK2001: unresolved external symbol "public: __thiscall testing::internal::AssertHelper::AssertHelper(enum testing::TestPartResult::Type,char const *,int,char const *)" (??0AssertHelper@internal@testing@@QAE@W4Type@TestPartResult@2@PBDH1@Z)
     1>codec_before_streaming_test.obj : error LNK2001: unresolved external symbol "public: __thiscall testing::internal::AssertHelper::AssertHelper(enum testing::TestPartResult::Type,char const *,int,char const *)" (??0AssertHelper@internal@testing@@QAE@W4Type@TestPartResult@2@PBDH1@Z)
     1>after_streaming_fixture.obj : error LNK2001: unresolved external symbol "public: __thiscall testing::internal::AssertHelper::AssertHelper(enum testing::TestPartResult::Type,char const *,int,char const *)" (??0AssertHelper@internal@testing@@QAE@W4Type@TestPartResult@2@PBDH1@Z)
     1>after_initialization_fixture.obj : error LNK2001: unresolved external symbol "public: __thiscall testing::internal::AssertHelper::AssertHelper(enum testing::TestPartResult::Type,char const *,int,char const *)" (??0AssertHelper@internal@testing@@QAE@W4Type@TestPartResult@2@PBDH1@Z)
     1>before_initialization_fixture.obj : error LNK2019: unresolved external symbol "class testing::internal::String __cdecl testing::internal::GetBoolAssertionFailureMessage(class testing::AssertionResult const &,char const *,char const *,char const *)" (?GetBoolAssertionFailureMessage@internal@testing@@YA?AVString@12@ABVAssertionResult@2@PBD11@Z) referenced in function "public: __thiscall BeforeInitializationFixture::BeforeInitializationFixture(void)" (??0BeforeInitializationFixture@@QAE@XZ)
     1>after_streaming_fixture.obj : error LNK2001: unresolved external symbol "class testing::internal::String __cdecl testing::internal::GetBoolAssertionFailureMessage(class testing::AssertionResult const &,char const *,char const *,char const *)" (?GetBoolAssertionFailureMessage@internal@testing@@YA?AVString@12@ABVAssertionResult@2@PBD11@Z)
     1>hardware_before_streaming_test.obj : error LNK2001: unresolved external symbol "class testing::internal::String __cdecl testing::internal::GetBoolAssertionFailureMessage(class testing::AssertionResult const &,char const *,char const *,char const *)" (?GetBoolAssertionFailureMessage@internal@testing@@YA?AVString@12@ABVAssertionResult@2@PBD11@Z)
     1>rtp_rtcp_before_streaming_test.obj : error LNK2001: unresolved external symbol "class testing::internal::String __cdecl testing::internal::GetBoolAssertionFailureMessage(class testing::AssertionResult const &,char const *,char const *,char const *)" (?GetBoolAssertionFailureMessage@internal@testing@@YA?AVString@12@ABVAssertionResult@2@PBD11@Z)
     1>before_initialization_fixture.obj : error LNK2019: unresolved external symbol "protected: __thiscall testing::Test::Test(void)" (??0Test@testing@@IAE@XZ) referenced in function "public: __thiscall BeforeInitializationFixture::BeforeInitializationFixture(void)" (??0BeforeInitializationFixture@@QAE@XZ)
     1>voe_base_misc_test.obj : error LNK2001: unresolved external symbol "protected: virtual void __thiscall testing::Test::SetUp(void)" (?SetUp@Test@testing@@MAEXXZ)
     1>hardware_before_initializing_test.obj : error LNK2001: unresolved external symbol "protected: virtual void __thiscall testing::Test::SetUp(void)" (?SetUp@Test@testing@@MAEXXZ)
     1>manual_hold_test.obj : error LNK2001: unresolved external symbol "protected: virtual void __thiscall testing::Test::SetUp(void)" (?SetUp@Test@testing@@MAEXXZ)
     1>before_initialization_fixture.obj : error LNK2001: unresolved external symbol "protected: virtual void __thiscall testing::Test::SetUp(void)" (?SetUp@Test@testing@@MAEXXZ)
     1>after_streaming_fixture.obj : error LNK2001: unresolved external symbol "protected: virtual void __thiscall testing::Test::SetUp(void)" (?SetUp@Test@testing@@MAEXXZ)
     1>after_initialization_fixture.obj : error LNK2019: unresolved external symbol "protected: virtual void __thiscall testing::Test::SetUp(void)" (?SetUp@Test@testing@@MAEXXZ) referenced in function "public: virtual void __thiscall TestErrorObserver::CallbackOnError(int,int)" (?CallbackOnError@TestErrorObserver@@UAEXHH@Z)
     1>hardware_before_streaming_test.obj : error LNK2001: unresolved external symbol "protected: virtual void __thiscall testing::Test::SetUp(void)" (?SetUp@Test@testing@@MAEXXZ)
     1>voe_base_misc_test.obj : error LNK2019: unresolved external symbol "protected: virtual void __thiscall testing::Test::TearDown(void)" (?TearDown@Test@testing@@MAEXXZ) referenced in function "private: virtual void __thiscall VoeBaseMiscTest_GetVersionPrintsSomeUsefulInformation_Test::TestBody(void)" (?TestBody@VoeBaseMiscTest_GetVersionPrintsSomeUsefulInformation_Test@@EAEXXZ)
     1>hardware_before_initializing_test.obj : error LNK2001: unresolved external symbol "protected: virtual void __thiscall testing::Test::TearDown(void)" (?TearDown@Test@testing@@MAEXXZ)
     1>manual_hold_test.obj : error LNK2001: unresolved external symbol "protected: virtual void __thiscall testing::Test::TearDown(void)" (?TearDown@Test@testing@@MAEXXZ)
     1>before_initialization_fixture.obj : error LNK2001: unresolved external symbol "protected: virtual void __thiscall testing::Test::TearDown(void)" (?TearDown@Test@testing@@MAEXXZ)
     1>after_streaming_fixture.obj : error LNK2001: unresolved external symbol "protected: virtual void __thiscall testing::Test::TearDown(void)" (?TearDown@Test@testing@@MAEXXZ)
     1>after_initialization_fixture.obj : error LNK2001: unresolved external symbol "protected: virtual void __thiscall testing::Test::TearDown(void)" (?TearDown@Test@testing@@MAEXXZ)
     1>hardware_before_streaming_test.obj : error LNK2001: unresolved external symbol "protected: virtual void __thiscall testing::Test::TearDown(void)" (?TearDown@Test@testing@@MAEXXZ)
     1>before_initialization_fixture.obj : error LNK2019: unresolved external symbol "public: virtual __thiscall testing::Test::~Test(void)" (??1Test@testing@@UAE@XZ) referenced in function "public: virtual __thiscall BeforeInitializationFixture::~BeforeInitializationFixture(void)" (??1BeforeInitializationFixture@@UAE@XZ)
     1>network_before_streaming_test.obj : error LNK2001: unresolved external symbol "bool __cdecl testing::internal::IsTrue(bool)" (?IsTrue@internal@testing@@YA_N_N@Z)
     1>manual_hold_test.obj : error LNK2019: unresolved external symbol "bool __cdecl testing::internal::IsTrue(bool)" (?IsTrue@internal@testing@@YA_N_N@Z) referenced in function "public: virtual __thiscall std::basic_stringbuf<char,struct std::char_traits<char>,class std::allocator<char> >::~basic_stringbuf<char,struct std::char_traits<char>,class std::allocator<char> >(void)" (??1?$basic_stringbuf@DU?$char_traits@D@std@@V?$allocator@D@2@@std@@UAE@XZ)
     1>hardware_before_streaming_test.obj : error LNK2001: unresolved external symbol "bool __cdecl testing::internal::IsTrue(bool)" (?IsTrue@internal@testing@@YA_N_N@Z)
     1>voe_base_misc_test.obj : error LNK2001: unresolved external symbol "bool __cdecl testing::internal::IsTrue(bool)" (?IsTrue@internal@testing@@YA_N_N@Z)
     1>rtp_rtcp_before_streaming_test.obj : error LNK2001: unresolved external symbol "bool __cdecl testing::internal::IsTrue(bool)" (?IsTrue@internal@testing@@YA_N_N@Z)
     1>hardware_before_initializing_test.obj : error LNK2001: unresolved external symbol "bool __cdecl testing::internal::IsTrue(bool)" (?IsTrue@internal@testing@@YA_N_N@Z)
     1>before_initialization_fixture.obj : error LNK2001: unresolved external symbol "bool __cdecl testing::internal::IsTrue(bool)" (?IsTrue@internal@testing@@YA_N_N@Z)
     1>codec_before_streaming_test.obj : error LNK2001: unresolved external symbol "bool __cdecl testing::internal::IsTrue(bool)" (?IsTrue@internal@testing@@YA_N_N@Z)
     1>after_streaming_fixture.obj : error LNK2001: unresolved external symbol "bool __cdecl testing::internal::IsTrue(bool)" (?IsTrue@internal@testing@@YA_N_N@Z)
     1>after_initialization_fixture.obj : error LNK2001: unresolved external symbol "bool __cdecl testing::internal::IsTrue(bool)" (?IsTrue@internal@testing@@YA_N_N@Z)
     1>network_before_streaming_test.obj : error LNK2001: unresolved external symbol "class testing::AssertionResult __cdecl testing::internal::EqFailure(char const *,char const *,class testing::internal::String const &,class testing::internal::String const &,bool)" (?EqFailure@internal@testing@@YA?AVAssertionResult@2@PBD0ABVString@12@1_N@Z)
     1>manual_hold_test.obj : error LNK2019: unresolved external symbol "class testing::AssertionResult __cdecl testing::internal::EqFailure(char const *,char const *,class testing::internal::String const &,class testing::internal::String const &,bool)" (?EqFailure@internal@testing@@YA?AVAssertionResult@2@PBD0ABVString@12@1_N@Z) referenced in function "public: static char * __cdecl std::char_traits<char>::move(char *,char const *,unsigned int)" (?move@?$char_traits@D@std@@SAPADPADPBDI@Z)
     1>hardware_before_streaming_test.obj : error LNK2001: unresolved external symbol "class testing::AssertionResult __cdecl testing::internal::EqFailure(char const *,char const *,class testing::internal::String const &,class testing::internal::String const &,bool)" (?EqFailure@internal@testing@@YA?AVAssertionResult@2@PBD0ABVString@12@1_N@Z)
     1>voe_base_misc_test.obj : error LNK2001: unresolved external symbol "class testing::AssertionResult __cdecl testing::internal::EqFailure(char const *,char const *,class testing::internal::String const &,class testing::internal::String const &,bool)" (?EqFailure@internal@testing@@YA?AVAssertionResult@2@PBD0ABVString@12@1_N@Z)
     1>rtp_rtcp_before_streaming_test.obj : error LNK2001: unresolved external symbol "class testing::AssertionResult __cdecl testing::internal::EqFailure(char const *,char const *,class testing::internal::String const &,class testing::internal::String const &,bool)" (?EqFailure@internal@testing@@YA?AVAssertionResult@2@PBD0ABVString@12@1_N@Z)
     1>hardware_before_initializing_test.obj : error LNK2001: unresolved external symbol "class testing::AssertionResult __cdecl testing::internal::EqFailure(char const *,char const *,class testing::internal::String const &,class testing::internal::String const &,bool)" (?EqFailure@internal@testing@@YA?AVAssertionResult@2@PBD0ABVString@12@1_N@Z)
     1>before_initialization_fixture.obj : error LNK2001: unresolved external symbol "class testing::AssertionResult __cdecl testing::internal::EqFailure(char const *,char const *,class testing::internal::String const &,class testing::internal::String const &,bool)" (?EqFailure@internal@testing@@YA?AVAssertionResult@2@PBD0ABVString@12@1_N@Z)
     1>codec_before_streaming_test.obj : error LNK2001: unresolved external symbol "class testing::AssertionResult __cdecl testing::internal::EqFailure(char const *,char const *,class testing::internal::String const &,class testing::internal::String const &,bool)" (?EqFailure@internal@testing@@YA?AVAssertionResult@2@PBD0ABVString@12@1_N@Z)
     1>after_streaming_fixture.obj : error LNK2001: unresolved external symbol "class testing::AssertionResult __cdecl testing::internal::EqFailure(char const *,char const *,class testing::internal::String const &,class testing::internal::String const &,bool)" (?EqFailure@internal@testing@@YA?AVAssertionResult@2@PBD0ABVString@12@1_N@Z)
     1>after_initialization_fixture.obj : error LNK2001: unresolved external symbol "class testing::AssertionResult __cdecl testing::internal::EqFailure(char const *,char const *,class testing::internal::String const &,class testing::internal::String const &,bool)" (?EqFailure@internal@testing@@YA?AVAssertionResult@2@PBD0ABVString@12@1_N@Z)
     1>network_before_streaming_test.obj : error LNK2001: unresolved external symbol "class testing::AssertionResult __cdecl testing::AssertionSuccess(void)" (?AssertionSuccess@testing@@YA?AVAssertionResult@1@XZ)
     1>manual_hold_test.obj : error LNK2001: unresolved external symbol "class testing::AssertionResult __cdecl testing::AssertionSuccess(void)" (?AssertionSuccess@testing@@YA?AVAssertionResult@1@XZ)
     1>hardware_before_streaming_test.obj : error LNK2001: unresolved external symbol "class testing::AssertionResult __cdecl testing::AssertionSuccess(void)" (?AssertionSuccess@testing@@YA?AVAssertionResult@1@XZ)
     1>voe_base_misc_test.obj : error LNK2001: unresolved external symbol "class testing::AssertionResult __cdecl testing::AssertionSuccess(void)" (?AssertionSuccess@testing@@YA?AVAssertionResult@1@XZ)
     1>rtp_rtcp_before_streaming_test.obj : error LNK2001: unresolved external symbol "class testing::AssertionResult __cdecl testing::AssertionSuccess(void)" (?AssertionSuccess@testing@@YA?AVAssertionResult@1@XZ)
     1>hardware_before_initializing_test.obj : error LNK2001: unresolved external symbol "class testing::AssertionResult __cdecl testing::AssertionSuccess(void)" (?AssertionSuccess@testing@@YA?AVAssertionResult@1@XZ)
     1>before_initialization_fixture.obj : error LNK2019: unresolved external symbol "class testing::AssertionResult __cdecl testing::AssertionSuccess(void)" (?AssertionSuccess@testing@@YA?AVAssertionResult@1@XZ) referenced in function "class testing::AssertionResult __cdecl testing::internal::CmpHelperEQ<int,int>(char const *,char const *,int const &,int const &)" (??$CmpHelperEQ@HH@internal@testing@@YA?AVAssertionResult@1@PBD0ABH1@Z)
     1>codec_before_streaming_test.obj : error LNK2001: unresolved external symbol "class testing::AssertionResult __cdecl testing::AssertionSuccess(void)" (?AssertionSuccess@testing@@YA?AVAssertionResult@1@XZ)
     1>after_streaming_fixture.obj : error LNK2001: unresolved external symbol "class testing::AssertionResult __cdecl testing::AssertionSuccess(void)" (?AssertionSuccess@testing@@YA?AVAssertionResult@1@XZ)
     1>after_initialization_fixture.obj : error LNK2001: unresolved external symbol "class testing::AssertionResult __cdecl testing::AssertionSuccess(void)" (?AssertionSuccess@testing@@YA?AVAssertionResult@1@XZ)
     1>rtp_rtcp_before_streaming_test.obj : error LNK2001: unresolved external symbol "public: __thiscall testing::AssertionResult::AssertionResult(class testing::AssertionResult const &)" (??0AssertionResult@testing@@QAE@ABV01@@Z)
     1>codec_before_streaming_test.obj : error LNK2019: unresolved external symbol "public: __thiscall testing::AssertionResult::AssertionResult(class testing::AssertionResult const &)" (??0AssertionResult@testing@@QAE@ABV01@@Z) referenced in function "class testing::AssertionResult __cdecl testing::internal::CmpHelperNE<int,int>(char const *,char const *,int const &,int const &)" (??$CmpHelperNE@HH@internal@testing@@YA?AVAssertionResult@1@PBD0ABH1@Z)
     1>after_streaming_fixture.obj : error LNK2001: unresolved external symbol "public: __thiscall testing::AssertionResult::AssertionResult(class testing::AssertionResult const &)" (??0AssertionResult@testing@@QAE@ABV01@@Z)
     1>hardware_before_streaming_test.obj : error LNK2001: unresolved external symbol "public: __thiscall testing::AssertionResult::AssertionResult(class testing::AssertionResult const &)" (??0AssertionResult@testing@@QAE@ABV01@@Z)
     1>voe_base_misc_test.obj : error LNK2001: unresolved external symbol "public: __thiscall testing::AssertionResult::AssertionResult(class testing::AssertionResult const &)" (??0AssertionResult@testing@@QAE@ABV01@@Z)
     1>rtp_rtcp_before_streaming_test.obj : error LNK2001: unresolved external symbol "class testing::AssertionResult __cdecl testing::AssertionFailure(void)" (?AssertionFailure@testing@@YA?AVAssertionResult@1@XZ)
     1>codec_before_streaming_test.obj : error LNK2019: unresolved external symbol "class testing::AssertionResult __cdecl testing::AssertionFailure(void)" (?AssertionFailure@testing@@YA?AVAssertionResult@1@XZ) referenced in function "class testing::AssertionResult __cdecl testing::internal::CmpHelperNE<int,int>(char const *,char const *,int const &,int const &)" (??$CmpHelperNE@HH@internal@testing@@YA?AVAssertionResult@1@PBD0ABH1@Z)
     1>after_streaming_fixture.obj : error LNK2001: unresolved external symbol "class testing::AssertionResult __cdecl testing::AssertionFailure(void)" (?AssertionFailure@testing@@YA?AVAssertionResult@1@XZ)
     1>hardware_before_streaming_test.obj : error LNK2001: unresolved external symbol "class testing::AssertionResult __cdecl testing::AssertionFailure(void)" (?AssertionFailure@testing@@YA?AVAssertionResult@1@XZ)
     1>voe_base_misc_test.obj : error LNK2001: unresolved external symbol "class testing::AssertionResult __cdecl testing::AssertionFailure(void)" (?AssertionFailure@testing@@YA?AVAssertionResult@1@XZ)
     1>rtp_rtcp_before_streaming_test.obj : error LNK2001: unresolved external symbol "class testing::internal::String __cdecl testing::internal::StringStreamToString(class std::basic_stringstream<char,struct std::char_traits<char>,class std::allocator<char> > *)" (?StringStreamToString@internal@testing@@YA?AVString@12@PAV?$basic_stringstream@DU?$char_traits@D@std@@V?$allocator@D@2@@std@@@Z)
     1>codec_before_streaming_test.obj : error LNK2019: unresolved external symbol "class testing::internal::String __cdecl testing::internal::StringStreamToString(class std::basic_stringstream<char,struct std::char_traits<char>,class std::allocator<char> > *)" (?StringStreamToString@internal@testing@@YA?AVString@12@PAV?$basic_stringstream@DU?$char_traits@D@std@@V?$allocator@D@2@@std@@@Z) referenced in function "public: class testing::internal::String __thiscall testing::Message::GetString(void)const " (?GetString@Message@testing@@QBE?AVString@internal@2@XZ)
     1>after_streaming_fixture.obj : error LNK2001: unresolved external symbol "class testing::internal::String __cdecl testing::internal::StringStreamToString(class std::basic_stringstream<char,struct std::char_traits<char>,class std::allocator<char> > *)" (?StringStreamToString@internal@testing@@YA?AVString@12@PAV?$basic_stringstream@DU?$char_traits@D@std@@V?$allocator@D@2@@std@@@Z)
     1>hardware_before_streaming_test.obj : error LNK2001: unresolved external symbol "class testing::internal::String __cdecl testing::internal::StringStreamToString(class std::basic_stringstream<char,struct std::char_traits<char>,class std::allocator<char> > *)" (?StringStreamToString@internal@testing@@YA?AVString@12@PAV?$basic_stringstream@DU?$char_traits@D@std@@V?$allocator@D@2@@std@@@Z)
     1>voe_base_misc_test.obj : error LNK2001: unresolved external symbol "class testing::internal::String __cdecl testing::internal::StringStreamToString(class std::basic_stringstream<char,struct std::char_traits<char>,class std::allocator<char> > *)" (?StringStreamToString@internal@testing@@YA?AVString@12@PAV?$basic_stringstream@DU?$char_traits@D@std@@V?$allocator@D@2@@std@@@Z)
     1>hardware_before_initializing_test.obj : error LNK2001: unresolved external symbol "class testing::TestInfo * __cdecl testing::internal::MakeAndRegisterTestInfo(char const *,char const *,char const *,char const *,void const *,void (__cdecl*)(void),void (__cdecl*)(void),class testing::internal::TestFactoryBase *)" (?MakeAndRegisterTestInfo@internal@testing@@YAPAVTestInfo@2@PBD000PBXP6AXXZ2PAVTestFactoryBase@12@@Z)
     1>network_before_streaming_test.obj : error LNK2019: unresolved external symbol "class testing::TestInfo * __cdecl testing::internal::MakeAndRegisterTestInfo(char const *,char const *,char const *,char const *,void const *,void (__cdecl*)(void),void (__cdecl*)(void),class testing::internal::TestFactoryBase *)" (?MakeAndRegisterTestInfo@internal@testing@@YAPAVTestInfo@2@PBD000PBXP6AXXZ2PAVTestFactoryBase@12@@Z) referenced in function "void __cdecl `dynamic initializer for 'private: static class testing::TestInfo * NetworkBeforeStreamingTest_SetSourceFilterSucceeds_Test::test_info_''(void)" (??__E?test_info_@NetworkBeforeStreamingTest_SetSourceFilterSucceeds_Test@@0QAVTestInfo@testing@@A@@YAXXZ)
     1>manual_hold_test.obj : error LNK2001: unresolved external symbol "class testing::TestInfo * __cdecl testing::internal::MakeAndRegisterTestInfo(char const *,char const *,char const *,char const *,void const *,void (__cdecl*)(void),void (__cdecl*)(void),class testing::internal::TestFactoryBase *)" (?MakeAndRegisterTestInfo@internal@testing@@YAPAVTestInfo@2@PBD000PBXP6AXXZ2PAVTestFactoryBase@12@@Z)
     1>codec_before_streaming_test.obj : error LNK2001: unresolved external symbol "class testing::TestInfo * __cdecl testing::internal::MakeAndRegisterTestInfo(char const *,char const *,char const *,char const *,void const *,void (__cdecl*)(void),void (__cdecl*)(void),class testing::internal::TestFactoryBase *)" (?MakeAndRegisterTestInfo@internal@testing@@YAPAVTestInfo@2@PBD000PBXP6AXXZ2PAVTestFactoryBase@12@@Z)
     1>hardware_before_streaming_test.obj : error LNK2001: unresolved external symbol "class testing::TestInfo * __cdecl testing::internal::MakeAndRegisterTestInfo(char const *,char const *,char const *,char const *,void const *,void (__cdecl*)(void),void (__cdecl*)(void),class testing::internal::TestFactoryBase *)" (?MakeAndRegisterTestInfo@internal@testing@@YAPAVTestInfo@2@PBD000PBXP6AXXZ2PAVTestFactoryBase@12@@Z)
     1>voe_base_misc_test.obj : error LNK2001: unresolved external symbol "class testing::TestInfo * __cdecl testing::internal::MakeAndRegisterTestInfo(char const *,char const *,char const *,char const *,void const *,void (__cdecl*)(void),void (__cdecl*)(void),class testing::internal::TestFactoryBase *)" (?MakeAndRegisterTestInfo@internal@testing@@YAPAVTestInfo@2@PBD000PBXP6AXXZ2PAVTestFactoryBase@12@@Z)
     1>rtp_rtcp_before_streaming_test.obj : error LNK2001: unresolved external symbol "class testing::TestInfo * __cdecl testing::internal::MakeAndRegisterTestInfo(char const *,char const *,char const *,char const *,void const *,void (__cdecl*)(void),void (__cdecl*)(void),class testing::internal::TestFactoryBase *)" (?MakeAndRegisterTestInfo@internal@testing@@YAPAVTestInfo@2@PBD000PBXP6AXXZ2PAVTestFactoryBase@12@@Z)
     1>voe_base_misc_test.obj : error LNK2019: unresolved external symbol "private: void __thiscall testing::internal::RE::Init(char const *)" (?Init@RE@internal@testing@@AAEXPBD@Z) referenced in function "public: __thiscall testing::internal::RE::RE(class std::basic_string<char,struct std::char_traits<char>,class std::allocator<char> > const &)" (??0RE@internal@testing@@QAE@ABV?$basic_string@DU?$char_traits@D@std@@V?$allocator@D@2@@std@@@Z)
     1>voe_base_misc_test.obj : error LNK2001: unresolved external symbol "class testing::internal::Mutex testing::internal::g_linked_ptr_mutex" (?g_linked_ptr_mutex@internal@testing@@3VMutex@12@A)
     1>rtp_rtcp_before_streaming_test.obj : error LNK2001: unresolved external symbol "class testing::internal::Mutex testing::internal::g_linked_ptr_mutex" (?g_linked_ptr_mutex@internal@testing@@3VMutex@12@A)
     1>voe_base_misc_test.obj : error LNK2019: unresolved external symbol "public: __thiscall testing::internal::RE::~RE(void)" (??1RE@internal@testing@@QAE@XZ) referenced in function "public: void * __thiscall testing::internal::RE::`scalar deleting destructor'(unsigned int)" (??_GRE@internal@testing@@QAEPAXI@Z)
     1>voe_base_misc_test.obj : error LNK2019: unresolved external symbol "void __cdecl testing::internal::UniversalPrintArray(char const *,unsigned int,class std::basic_ostream<char,struct std::char_traits<char> > *)" (?UniversalPrintArray@internal@testing@@YAXPBDIPAV?$basic_ostream@DU?$char_traits@D@std@@@std@@@Z) referenced in function "public: static void __cdecl testing::internal::UniversalPrinter<char const [1024]>::Print(char const (&)[1024],class std::basic_ostream<char,struct std::char_traits<char> > *)" (?Print@?$UniversalPrinter@$$BY0EAA@$$CBD@internal@testing@@SAXAAY0EAA@$$CBDPAV?$basic_ostream@DU?$char_traits@D@std@@@std@@@Z)
     1>voe_base_misc_test.obj : error LNK2019: unresolved external symbol "void __cdecl testing::internal::PrintStringTo(class std::basic_string<char,struct std::char_traits<char>,class std::allocator<char> > const &,class std::basic_ostream<char,struct std::char_traits<char> > *)" (?PrintStringTo@internal@testing@@YAXABV?$basic_string@DU?$char_traits@D@std@@V?$allocator@D@2@@std@@PAV?$basic_ostream@DU?$char_traits@D@std@@@4@@Z) referenced in function "void __cdecl testing::internal::PrintTo(class std::basic_string<char,struct std::char_traits<char>,class std::allocator<char> > const &,class std::basic_ostream<char,struct std::char_traits<char> > *)" (?PrintTo@internal@testing@@YAXABV?$basic_string@DU?$char_traits@D@std@@V?$allocator@D@2@@std@@PAV?$basic_ostream@DU?$char_traits@D@std@@@4@@Z)
     1>voe_base_misc_test.obj : error LNK2019: unresolved external symbol "public: static bool __cdecl testing::internal::RE::FullMatch(char const *,class testing::internal::RE const &)" (?FullMatch@RE@internal@testing@@SA_NPBDABV123@@Z) referenced in function "public: static bool __cdecl testing::internal::RE::FullMatch(class std::basic_string<char,struct std::char_traits<char>,class std::allocator<char> > const &,class testing::internal::RE const &)" (?FullMatch@RE@internal@testing@@SA_NABV?$basic_string@DU?$char_traits@D@std@@V?$allocator@D@2@@std@@ABV123@@Z)
     1>voe_base_misc_test.obj : error LNK2019: unresolved external symbol "public: static bool __cdecl testing::internal::RE::PartialMatch(char const *,class testing::internal::RE const &)" (?PartialMatch@RE@internal@testing@@SA_NPBDABV123@@Z) referenced in function "public: static bool __cdecl testing::internal::RE::PartialMatch(class std::basic_string<char,struct std::char_traits<char>,class std::allocator<char> > const &,class testing::internal::RE const &)" (?PartialMatch@RE@internal@testing@@SA_NABV?$basic_string@DU?$char_traits@D@std@@V?$allocator@D@2@@std@@ABV123@@Z)
     1>rtp_rtcp_before_streaming_test.obj : error LNK2019: unresolved external symbol "void __cdecl testing::internal::PrintTo(unsigned char,class std::basic_ostream<char,struct std::char_traits<char> > *)" (?PrintTo@internal@testing@@YAXEPAV?$basic_ostream@DU?$char_traits@D@std@@@std@@@Z) referenced in function "public: static void __cdecl testing::internal::UniversalPrinter<unsigned char>::Print(unsigned char const &,class std::basic_ostream<char,struct std::char_traits<char> > *)" (?Print@?$UniversalPrinter@E@internal@testing@@SAXABEPAV?$basic_ostream@DU?$char_traits@D@std@@@std@@@Z)
     1>network_before_streaming_test.obj : error LNK2019: unresolved external symbol "class testing::AssertionResult __cdecl testing::internal::CmpHelperSTRCASEEQ(char const *,char const *,char const *,char const *)" (?CmpHelperSTRCASEEQ@internal@testing@@YA?AVAssertionResult@2@PBD000@Z) referenced in function "private: virtual void __thiscall NetworkBeforeStreamingTest_GetSourceInfoReturnsEmptyValuesForUnconfiguredChannel_Test::TestBody(void)" (?TestBody@NetworkBeforeStreamingTest_GetSourceInfoReturnsEmptyValuesForUnconfiguredChannel_Test@@EAEXXZ)
     1>../..\build\Debug\voe_auto_test.exe : fatal error LNK1120: 50 unresolved externals
     1>Done Building Project "C:\cygwin\home\nsinha\trunk\src\voice_engine\voe_auto_test.vcxproj" (build target(s)) -- FAILED.

Build FAILED.

Time Elapsed 00:00:19.04
