Build started 12/19/2011 4:11:54 PM.
     1>Project "C:\cygwin\home\nsinha\trunk\src\modules\video_codecs_test_framework_unittests.vcxproj" on node 3 (build target(s)).
     1>C:\WINDOWS\Microsoft.NET\Framework\v4.0.30319\Microsoft.Common.Targets(1200,9): warning : The referenced project 'src\modules\video_codecs_test_framework.vcxproj' does not exist.
     1>C:\WINDOWS\Microsoft.NET\Framework\v4.0.30319\Microsoft.Common.Targets(1200,9): warning : The referenced project 'src\system_wrappers\source\system_wrappers.vcxproj' does not exist.
     1>C:\WINDOWS\Microsoft.NET\Framework\v4.0.30319\Microsoft.Common.Targets(1200,9): warning : The referenced project 'testing\gmock.vcxproj' does not exist.
     1>C:\WINDOWS\Microsoft.NET\Framework\v4.0.30319\Microsoft.Common.Targets(1200,9): warning : The referenced project 'test\test_support_main.vcxproj' does not exist.
     1>C:\WINDOWS\Microsoft.NET\Framework\v4.0.30319\Microsoft.Common.Targets(1200,9): warning : The referenced project 'test\test_support.vcxproj' does not exist.
     1>C:\WINDOWS\Microsoft.NET\Framework\v4.0.30319\Microsoft.Common.Targets(1200,9): warning : The referenced project 'testing\gtest.vcxproj' does not exist.
     1>InitializeBuildStatus:
         Creating "C:\cygwin\home\nsinha\trunk\Debug\obj\video_codecs_test_framework_unittests\video_codecs_test_framework_unittests.unsuccessfulbuild" because "AlwaysCreate" was specified.
       ClCompile:
         C:\Program Files\Microsoft Visual Studio 10.0\VC\bin\CL.exe /c /I.. /I..\.. /I..\..\third_party\wtl\include /I..\..\test /I..\system_wrappers\interface /I..\..\testing\gmock\include /I..\..\testing\gtest\include /I..\..\third_party\platformsdk_win7\files\Include /I..\..\third_party\directxsdk\files\Include /I"C:\Program Files\Microsoft Visual Studio 10.0\\VC\atlmfc\include" /Zi /nologo /W4 /WX- /Od /Oy- /D _DEBUG /D _WIN32_WINNT=0x0601 /D WINVER=0x0601 /D WIN32 /D _WINDOWS /D NOMINMAX /D PSAPI_VERSION=1 /D _CRT_RAND_S /D CERT_CHAIN_PARA_HAS_EXTRA_FIELDS /D WIN32_LEAN_AND_MEAN /D _ATL_NO_OPENGL /D _HAS_EXCEPTIONS=0 /D _SECURE_ATL /D CHROMIUM_BUILD /D TOOLKIT_VIEWS=1 /D ENABLE_REMOTING=1 /D ENABLE_P2P_APIS=1 /D ENABLE_CONFIGURATION_POLICY /D ENABLE_INPUT_SPEECH /D ENABLE_GPU=1 /D ENABLE_EGLIMAGE=1 /D USE_SKIA=1 /D __STD_C /D _CRT_SECURE_NO_DEPRECATE /D _SCL_SECURE_NO_DEPRECATE /D ENABLE_REGISTER_PROTOCOL_HANDLER=1 /D WEBRTC_TARGET_PC /D UNIT_TEST /D __STDC_FORMAT_MACROS /D DYNAMIC_ANNOTATIONS_ENABLED=1 /D WTF_USE_DYNAMIC_ANNOTATIONS=1 /D _UNICODE /D UNICODE /Gm- /RTC1 /MTd /GS /Gy /fp:precise /Zc:wchar_t /Zc:forScope /GR- /Fo"C:\cygwin\home\nsinha\trunk\Debug\obj\video_codecs_test_framework_unittests\\" /Fd"C:\cygwin\home\nsinha\trunk\Debug\obj\video_codecs_test_framework_unittests\vc100.pdb" /Gd /TP /wd4351 /wd4396 /wd4503 /wd4819 /wd4100 /wd4121 /wd4125 /wd4127 /wd4130 /wd4131 /wd4189 /wd4201 /wd4238 /wd4244 /wd4245 /wd4310 /wd4355 /wd4428 /wd4481 /wd4505 /wd4510 /wd4512 /wd4530 /wd4610 /wd4611 /wd4701 /wd4702 /wd4706 /wd4800 /wd4389 /analyze- /errorReport:prompt video_coding\codecs\test\stats_unittest.cc video_coding\codecs\test\videoprocessor_unittest.cc video_coding\codecs\test\packet_manipulator_unittest.cc /MP /we4389 
         stats_unittest.cc
         videoprocessor_unittest.cc
         packet_manipulator_unittest.cc
     1>C:\cygwin\home\nsinha\trunk\src\modules/video_coding/codecs/interface/mock/mock_video_codec_interface.h(61): warning C4373: 'webrtc::MockDecodedImageCallback::ReceivedDecodedReferenceFrame': virtual function overrides 'webrtc::DecodedImageCallback::ReceivedDecodedReferenceFrame', previous versions of the compiler did not override when parameters only differed by const/volatile qualifiers
                 C:\cygwin\home\nsinha\trunk\src\modules/video_coding/codecs/interface/video_codec_interface.h(185) : see declaration of 'webrtc::DecodedImageCallback::ReceivedDecodedReferenceFrame'
     1>C:\cygwin\home\nsinha\trunk\src\modules/video_coding/codecs/interface/mock/mock_video_codec_interface.h(63): warning C4373: 'webrtc::MockDecodedImageCallback::ReceivedDecodedFrame': virtual function overrides 'webrtc::DecodedImageCallback::ReceivedDecodedFrame', previous versions of the compiler did not override when parameters only differed by const/volatile qualifiers
                 C:\cygwin\home\nsinha\trunk\src\modules/video_coding/codecs/interface/video_codec_interface.h(187) : see declaration of 'webrtc::DecodedImageCallback::ReceivedDecodedFrame'
       ManifestResourceCompile:
         C:\Program Files\Microsoft SDKs\Windows\v7.0A\bin\rc.exe /nologo /fo"C:\cygwin\home\nsinha\trunk\Debug\obj\video_codecs_test_framework_unittests\video_codecs_test_framework_unittests.exe.embed.manifest.res" C:\cygwin\home\nsinha\trunk\Debug\obj\video_codecs_test_framework_unittests\video_codecs_test_framework_unittests_manifest.rc 
       Link:
         C:\Program Files\Microsoft Visual Studio 10.0\VC\bin\link.exe /ERRORREPORT:PROMPT /OUT:"../..\build\Debug\video_codecs_test_framework_unittests.exe" /INCREMENTAL /NOLOGO /LIBPATH:../../third_party/platformsdk_win7/files/Lib /LIBPATH:../../third_party/directxsdk/files/Lib/x86 wininet.lib dnsapi.lib version.lib msimg32.lib ws2_32.lib usp10.lib psapi.lib dbghelp.lib winmm.lib shlwapi.lib winmm.lib kernel32.lib user32.lib gdi32.lib winspool.lib comdlg32.lib advapi32.lib shell32.lib ole32.lib oleaut32.lib uuid.lib odbc32.lib odbccp32.lib Delayimp.lib /DELAYLOAD:dbghelp.dll /DELAYLOAD:dwmapi.dll /DELAYLOAD:uxtheme.dll /MANIFEST /ManifestFile:"C:\cygwin\home\nsinha\trunk\Debug\obj\video_codecs_test_framework_unittests\video_codecs_test_framework_unittests.exe.intermediate.manifest" /MANIFESTUAC:"level='asInvoker' uiAccess='false'" /DEBUG /PDB:"C:\cygwin\home\nsinha\trunk\build\Debug\video_codecs_test_framework_unittests.pdb" /SUBSYSTEM:CONSOLE /TLBID:1 /DYNAMICBASE:NO /FIXED:NO /NXCOMPAT /IMPLIB:"../..\build\Debug\lib\video_codecs_test_framework_unittests.lib" /MACHINE:X86 C:\cygwin\home\nsinha\trunk\Debug\obj\video_codecs_test_framework_unittests\video_codecs_test_framework_unittests.exe.embed.manifest.res
         C:\cygwin\home\nsinha\trunk\Debug\obj\video_codecs_test_framework_unittests\stats_unittest.obj
         C:\cygwin\home\nsinha\trunk\Debug\obj\video_codecs_test_framework_unittests\videoprocessor_unittest.obj
         C:\cygwin\home\nsinha\trunk\Debug\obj\video_codecs_test_framework_unittests\packet_manipulator_unittest.obj /safeseh /dynamicbase /ignore:4199 /ignore:4221 /nxcompat 
     1>stats_unittest.obj : error LNK2019: unresolved external symbol "public: void __thiscall webrtc::test::Stats::PrintSummary(void)" (?PrintSummary@Stats@test@webrtc@@QAEXXZ) referenced in function "private: virtual void __thiscall webrtc::test::StatsTest_Uninitialized_Test::TestBody(void)" (?TestBody@StatsTest_Uninitialized_Test@test@webrtc@@EAEXXZ)
     1>stats_unittest.obj : error LNK2019: unresolved external symbol "public: __thiscall testing::internal::AssertHelper::~AssertHelper(void)" (??1AssertHelper@internal@testing@@QAE@XZ) referenced in function "private: virtual void __thiscall webrtc::test::StatsTest_Uninitialized_Test::TestBody(void)" (?TestBody@StatsTest_Uninitialized_Test@test@webrtc@@EAEXXZ)
     1>packet_manipulator_unittest.obj : error LNK2001: unresolved external symbol "public: __thiscall testing::internal::AssertHelper::~AssertHelper(void)" (??1AssertHelper@internal@testing@@QAE@XZ)
     1>stats_unittest.obj : error LNK2019: unresolved external symbol "public: void __thiscall testing::internal::AssertHelper::operator=(class testing::Message const &)const " (??4AssertHelper@internal@testing@@QBEXABVMessage@2@@Z) referenced in function "private: virtual void __thiscall webrtc::test::StatsTest_Uninitialized_Test::TestBody(void)" (?TestBody@StatsTest_Uninitialized_Test@test@webrtc@@EAEXXZ)
     1>packet_manipulator_unittest.obj : error LNK2001: unresolved external symbol "public: void __thiscall testing::internal::AssertHelper::operator=(class testing::Message const &)const " (??4AssertHelper@internal@testing@@QBEXABVMessage@2@@Z)
     1>stats_unittest.obj : error LNK2019: unresolved external symbol "public: __thiscall testing::internal::AssertHelper::AssertHelper(enum testing::TestPartResult::Type,char const *,int,char const *)" (??0AssertHelper@internal@testing@@QAE@W4Type@TestPartResult@2@PBDH1@Z) referenced in function "private: virtual void __thiscall webrtc::test::StatsTest_Uninitialized_Test::TestBody(void)" (?TestBody@StatsTest_Uninitialized_Test@test@webrtc@@EAEXXZ)
     1>packet_manipulator_unittest.obj : error LNK2001: unresolved external symbol "public: __thiscall testing::internal::AssertHelper::AssertHelper(enum testing::TestPartResult::Type,char const *,int,char const *)" (??0AssertHelper@internal@testing@@QAE@W4Type@TestPartResult@2@PBDH1@Z)
     1>stats_unittest.obj : error LNK2019: unresolved external symbol "public: struct webrtc::test::FrameStatistic & __thiscall webrtc::test::Stats::NewFrame(int)" (?NewFrame@Stats@test@webrtc@@QAEAAUFrameStatistic@23@H@Z) referenced in function "private: virtual void __thiscall webrtc::test::StatsTest_AddOne_Test::TestBody(void)" (?TestBody@StatsTest_AddOne_Test@test@webrtc@@EAEXXZ)
     1>stats_unittest.obj : error LNK2019: unresolved external symbol "bool __cdecl testing::internal::IsTrue(bool)" (?IsTrue@internal@testing@@YA_N_N@Z) referenced in function "public: void __thiscall testing::internal::scoped_ptr<class std::basic_string<char,struct std::char_traits<char>,class std::allocator<char> > >::reset(class std::basic_string<char,struct std::char_traits<char>,class std::allocator<char> > *)" (?reset@?$scoped_ptr@V?$basic_string@DU?$char_traits@D@std@@V?$allocator@D@2@@std@@@internal@testing@@QAEXPAV?$basic_string@DU?$char_traits@D@std@@V?$allocator@D@2@@std@@@Z)
     1>videoprocessor_unittest.obj : error LNK2001: unresolved external symbol "bool __cdecl testing::internal::IsTrue(bool)" (?IsTrue@internal@testing@@YA_N_N@Z)
     1>packet_manipulator_unittest.obj : error LNK2001: unresolved external symbol "bool __cdecl testing::internal::IsTrue(bool)" (?IsTrue@internal@testing@@YA_N_N@Z)
     1>stats_unittest.obj : error LNK2019: unresolved external symbol "class testing::AssertionResult __cdecl testing::internal::EqFailure(char const *,char const *,class testing::internal::String const &,class testing::internal::String const &,bool)" (?EqFailure@internal@testing@@YA?AVAssertionResult@2@PBD0ABVString@12@1_N@Z) referenced in function "class testing::AssertionResult __cdecl testing::internal::CmpHelperEQ<unsigned int,unsigned int>(char const *,char const *,unsigned int const &,unsigned int const &)" (??$CmpHelperEQ@II@internal@testing@@YA?AVAssertionResult@1@PBD0ABI1@Z)
     1>packet_manipulator_unittest.obj : error LNK2001: unresolved external symbol "class testing::AssertionResult __cdecl testing::internal::EqFailure(char const *,char const *,class testing::internal::String const &,class testing::internal::String const &,bool)" (?EqFailure@internal@testing@@YA?AVAssertionResult@2@PBD0ABVString@12@1_N@Z)
     1>stats_unittest.obj : error LNK2019: unresolved external symbol "class testing::AssertionResult __cdecl testing::AssertionSuccess(void)" (?AssertionSuccess@testing@@YA?AVAssertionResult@1@XZ) referenced in function "class testing::AssertionResult __cdecl testing::internal::CmpHelperEQ<unsigned int,unsigned int>(char const *,char const *,unsigned int const &,unsigned int const &)" (??$CmpHelperEQ@II@internal@testing@@YA?AVAssertionResult@1@PBD0ABI1@Z)
     1>packet_manipulator_unittest.obj : error LNK2001: unresolved external symbol "class testing::AssertionResult __cdecl testing::AssertionSuccess(void)" (?AssertionSuccess@testing@@YA?AVAssertionResult@1@XZ)
     1>stats_unittest.obj : error LNK2019: unresolved external symbol "class testing::TestInfo * __cdecl testing::internal::MakeAndRegisterTestInfo(char const *,char const *,char const *,char const *,void const *,void (__cdecl*)(void),void (__cdecl*)(void),class testing::internal::TestFactoryBase *)" (?MakeAndRegisterTestInfo@internal@testing@@YAPAVTestInfo@2@PBD000PBXP6AXXZ2PAVTestFactoryBase@12@@Z) referenced in function "void __cdecl `dynamic initializer for 'private: static class testing::TestInfo * webrtc::test::StatsTest_Uninitialized_Test::test_info_''(void)" (??__E?test_info_@StatsTest_Uninitialized_Test@test@webrtc@@0QAVTestInfo@testing@@A@@YAXXZ)
     1>videoprocessor_unittest.obj : error LNK2001: unresolved external symbol "class testing::TestInfo * __cdecl testing::internal::MakeAndRegisterTestInfo(char const *,char const *,char const *,char const *,void const *,void (__cdecl*)(void),void (__cdecl*)(void),class testing::internal::TestFactoryBase *)" (?MakeAndRegisterTestInfo@internal@testing@@YAPAVTestInfo@2@PBD000PBXP6AXXZ2PAVTestFactoryBase@12@@Z)
     1>packet_manipulator_unittest.obj : error LNK2001: unresolved external symbol "class testing::TestInfo * __cdecl testing::internal::MakeAndRegisterTestInfo(char const *,char const *,char const *,char const *,void const *,void (__cdecl*)(void),void (__cdecl*)(void),class testing::internal::TestFactoryBase *)" (?MakeAndRegisterTestInfo@internal@testing@@YAPAVTestInfo@2@PBD000PBXP6AXXZ2PAVTestFactoryBase@12@@Z)
     1>stats_unittest.obj : error LNK2019: unresolved external symbol "protected: __thiscall testing::Test::Test(void)" (??0Test@testing@@IAE@XZ) referenced in function "protected: __thiscall webrtc::test::StatsTest::StatsTest(void)" (??0StatsTest@test@webrtc@@IAE@XZ)
     1>videoprocessor_unittest.obj : error LNK2001: unresolved external symbol "protected: __thiscall testing::Test::Test(void)" (??0Test@testing@@IAE@XZ)
     1>packet_manipulator_unittest.obj : error LNK2001: unresolved external symbol "protected: __thiscall testing::Test::Test(void)" (??0Test@testing@@IAE@XZ)
     1>stats_unittest.obj : error LNK2019: unresolved external symbol "public: __thiscall webrtc::test::Stats::Stats(void)" (??0Stats@test@webrtc@@QAE@XZ) referenced in function "protected: virtual void __thiscall webrtc::test::StatsTest::SetUp(void)" (?SetUp@StatsTest@test@webrtc@@MAEXXZ)
     1>videoprocessor_unittest.obj : error LNK2001: unresolved external symbol "public: __thiscall webrtc::test::Stats::Stats(void)" (??0Stats@test@webrtc@@QAE@XZ)
     1>stats_unittest.obj : error LNK2019: unresolved external symbol "public: virtual __thiscall testing::Test::~Test(void)" (??1Test@testing@@UAE@XZ) referenced in function "protected: virtual __thiscall webrtc::test::StatsTest::~StatsTest(void)" (??1StatsTest@test@webrtc@@MAE@XZ)
     1>videoprocessor_unittest.obj : error LNK2001: unresolved external symbol "public: virtual __thiscall testing::Test::~Test(void)" (??1Test@testing@@UAE@XZ)
     1>packet_manipulator_unittest.obj : error LNK2001: unresolved external symbol "public: virtual __thiscall testing::Test::~Test(void)" (??1Test@testing@@UAE@XZ)
     1>videoprocessor_unittest.obj : error LNK2019: unresolved external symbol "public: virtual __thiscall webrtc::test::VideoProcessorImpl::~VideoProcessorImpl(void)" (??1VideoProcessorImpl@test@webrtc@@UAE@XZ) referenced in function "private: virtual void __thiscall webrtc::test::VideoProcessorTest_Init_Test::TestBody(void)" (?TestBody@VideoProcessorTest_Init_Test@test@webrtc@@EAEXXZ)
     1>videoprocessor_unittest.obj : error LNK2019: unresolved external symbol "public: virtual bool __thiscall webrtc::test::VideoProcessorImpl::Init(void)" (?Init@VideoProcessorImpl@test@webrtc@@UAE_NXZ) referenced in function "private: virtual void __thiscall webrtc::test::VideoProcessorTest_Init_Test::TestBody(void)" (?TestBody@VideoProcessorTest_Init_Test@test@webrtc@@EAEXXZ)
     1>videoprocessor_unittest.obj : error LNK2019: unresolved external symbol "public: __thiscall webrtc::test::VideoProcessorImpl::VideoProcessorImpl(class webrtc::VideoEncoder *,class webrtc::VideoDecoder *,class webrtc::test::FrameReader *,class webrtc::test::FrameWriter *,class webrtc::test::PacketManipulator *,struct webrtc::test::TestConfig const &,class webrtc::test::Stats *)" (??0VideoProcessorImpl@test@webrtc@@QAE@PAVVideoEncoder@2@PAVVideoDecoder@2@PAVFrameReader@12@PAVFrameWriter@12@PAVPacketManipulator@12@ABUTestConfig@12@PAVStats@12@@Z) referenced in function "private: virtual void __thiscall webrtc::test::VideoProcessorTest_Init_Test::TestBody(void)" (?TestBody@VideoProcessorTest_Init_Test@test@webrtc@@EAEXXZ)
     1>videoprocessor_unittest.obj : error LNK2019: unresolved external symbol "class testing::Cardinality __cdecl testing::AtLeast(int)" (?AtLeast@testing@@YA?AVCardinality@1@H@Z) referenced in function "protected: void __thiscall webrtc::test::VideoProcessorTest::ExpectInit(void)" (?ExpectInit@VideoProcessorTest@test@webrtc@@IAEXXZ)
     1>videoprocessor_unittest.obj : error LNK2019: unresolved external symbol "public: void __thiscall testing::internal::UntypedFunctionMockerBase::RegisterOwner(void const *)" (?RegisterOwner@UntypedFunctionMockerBase@internal@testing@@QAEXPBX@Z) referenced in function "public: class testing::internal::MockSpec<int __cdecl(struct webrtc::VideoCodec const *,int,unsigned int)> & __thiscall webrtc::MockVideoEncoder::gmock_InitEncode(class testing::Matcher<struct webrtc::VideoCodec const *> const &,class testing::Matcher<int> const &,class testing::Matcher<unsigned int> const &)" (?gmock_InitEncode@MockVideoEncoder@webrtc@@QAEAAV?$MockSpec@$$A6AHPBUVideoCodec@webrtc@@HI@Z@internal@testing@@ABV?$Matcher@PBUVideoCodec@webrtc@@@5@ABV?$Matcher@H@5@ABV?$Matcher@I@5@@Z)
     1>videoprocessor_unittest.obj : error LNK2019: unresolved external symbol "public: virtual bool __thiscall webrtc::test::VideoProcessorImpl::ProcessFrame(int)" (?ProcessFrame@VideoProcessorImpl@test@webrtc@@UAE_NH@Z) referenced in function "private: virtual void __thiscall webrtc::test::VideoProcessorTest_ProcessFrame_Test::TestBody(void)" (?TestBody@VideoProcessorTest_ProcessFrame_Test@test@webrtc@@EAEXXZ)
     1>videoprocessor_unittest.obj : error LNK2019: unresolved external symbol "void __cdecl testing::internal::LogWithLocation(enum testing::internal::LogSeverity,char const *,int,class std::basic_string<char,struct std::char_traits<char>,class std::allocator<char> > const &)" (?LogWithLocation@internal@testing@@YAXW4LogSeverity@12@PBDHABV?$basic_string@DU?$char_traits@D@std@@V?$allocator@D@2@@std@@@Z)referenced in function "public: class testing::internal::TypedExpectation<int __cdecl(struct webrtc::VideoCodec const *,int,unsigned int)> & __thiscall testing::internal::MockSpec<int __cdecl(struct webrtc::VideoCodec const *,int,unsigned int)>::InternalExpectedAt(char const *,int,char const *,char const *)" (?InternalExpectedAt@?$MockSpec@$$A6AHPBUVideoCodec@webrtc@@HI@Z@internal@testing@@QAEAAV?$TypedExpectation@$$A6AHPBUVideoCodec@webrtc@@HI@Z@23@PBDH00@Z)
     1>videoprocessor_unittest.obj : error LNK2019: unresolved external symbol "class testing::Cardinality __cdecl testing::Exactly(int)" (?Exactly@testing@@YA?AVCardinality@1@H@Z) referenced in function "public: class testing::internal::TypedExpectation<int __cdecl(struct webrtc::VideoCodec const *,int,unsigned int)> & __thiscall testing::internal::TypedExpectation<int __cdecl(struct webrtc::VideoCodecconst *,int,unsigned int)>::Times(int)" (?Times@?$TypedExpectation@$$A6AHPBUVideoCodec@webrtc@@HI@Z@internal@testing@@QAEAAV123@H@Z)
     1>videoprocessor_unittest.obj : error LNK2019: unresolved external symbol "protected: void __thiscall testing::internal::ExpectationBase::UntypedTimes(class testing::Cardinality const &)" (?UntypedTimes@ExpectationBase@internal@testing@@IAEXABVCardinality@3@@Z) referenced in function "public: class testing::internal::TypedExpectation<int __cdecl(class webrtc::EncodedImageCallback *)> & __thiscall testing::internal::TypedExpectation<int __cdecl(class webrtc::EncodedImageCallback *)>::Times(class testing::Cardinality const &)" (?Times@?$TypedExpectation@$$A6AHPAVEncodedImageCallback@webrtc@@@Z@internal@testing@@QAEAAV123@ABVCardinality@3@@Z)
     1>videoprocessor_unittest.obj : error LNK2019: unresolved external symbol "class testing::internal::FailureReporterInterface * __cdecl testing::internal::GetFailureReporter(void)" (?GetFailureReporter@internal@testing@@YAPAVFailureReporterInterface@12@XZ) referenced in function "void __cdecl testing::internal::Expect(bool,char const *,int,class std::basic_string<char,struct std::char_traits<char>,class std::allocator<char> > const &)" (?Expect@internal@testing@@YAX_NPBDHABV?$basic_string@DU?$char_traits@D@std@@V?$allocator@D@2@@std@@@Z)
     1>videoprocessor_unittest.obj : error LNK2001: unresolved external symbol "class testing::internal::Mutex testing::internal::g_linked_ptr_mutex" (?g_linked_ptr_mutex@internal@testing@@3VMutex@12@A)
     1>videoprocessor_unittest.obj : error LNK2019: unresolved external symbol "public: __thiscall testing::Expectation::~Expectation(void)" (??1Expectation@testing@@QAE@XZ) referenced in function "protected: class testing::internal::TypedExpectation<int __cdecl(struct webrtc::VideoCodec const *,int,unsigned int)> & __thiscall testing::internal::FunctionMockerBase<int __cdecl(struct webrtc::VideoCodec const *,int,unsigned int)>::AddNewExpectation(char const *,int,class std::basic_string<char,struct std::char_traits<char>,class std::allocator<char> > const &,class std::tr1::tuple<class testing::Matcher<struct webrtc::VideoCodec const *>,class testing::Matcher<int>,class testing::Matcher<unsigned int>,struct std::tr1::_Nil,struct std::tr1::_Nil,struct std::tr1::_Nil,struct std::tr1::_Nil,struct std::tr1::_Nil,struct std::tr1::_Nil,struct std::tr1::_Nil> const &)" (?AddNewExpectation@?$FunctionMockerBase@$$A6AHPBUVideoCodec@webrtc@@HI@Z@internal@testing@@IAEAAV?$TypedExpectation@$$A6AHPBUVideoCodec@webrtc@@HI@Z@23@PBDHABV?$basic_string@DU?$char_traits@D@std@@V?$allocator@D@2@@std@@ABV?$tuple@V?$Matcher@PBUVideoCodec@webrtc@@@testing@@V?$Matcher@H@2@V?$Matcher@I@2@U_Nil@tr1@std@@U567@U567@U567@U567@U567@U567@@tr1@6@@Z)
     1>videoprocessor_unittest.obj : error LNK2019: unresolved external symbol "public: void __thiscall testing::Sequence::AddExpectation(class testing::Expectation const &)const " (?AddExpectation@Sequence@testing@@QBEXABVExpectation@2@@Z) referenced in function "protected: class testing::internal::TypedExpectation<int __cdecl(struct webrtc::VideoCodec const *,int,unsigned int)> & __thiscall testing::internal::FunctionMockerBase<int __cdecl(struct webrtc::VideoCodec const *,int,unsigned int)>::AddNewExpectation(char const *,int,class std::basic_string<char,struct std::char_traits<char>,class std::allocator<char> > const &,class std::tr1::tuple<class testing::Matcher<struct webrtc::VideoCodec const *>,class testing::Matcher<int>,class testing::Matcher<unsigned int>,struct std::tr1::_Nil,struct std::tr1::_Nil,struct std::tr1::_Nil,struct std::tr1::_Nil,struct std::tr1::_Nil,struct std::tr1::_Nil,struct std::tr1::_Nil> const &)" (?AddNewExpectation@?$FunctionMockerBase@$$A6AHPBUVideoCodec@webrtc@@HI@Z@internal@testing@@IAEAAV?$TypedExpectation@$$A6AHPBUVideoCodec@webrtc@@HI@Z@23@PBDHABV?$basic_string@DU?$char_traits@D@std@@V?$allocator@D@2@@std@@ABV?$tuple@V?$Matcher@PBUVideoCodec@webrtc@@@testing@@V?$Matcher@H@2@V?$Matcher@I@2@U_Nil@tr1@std@@U567@U567@U567@U567@U567@U567@@tr1@6@@Z)
     1>videoprocessor_unittest.obj : error LNK2019: unresolved external symbol "private: __thiscall testing::Expectation::Expectation(class testing::internal::linked_ptr<class testing::internal::ExpectationBase> const &)" (??0Expectation@testing@@AAE@ABV?$linked_ptr@VExpectationBase@internal@testing@@@internal@1@@Z) referenced in function "protected: class testing::internal::TypedExpectation<int __cdecl(struct webrtc::VideoCodec const *,int,unsigned int)> & __thiscall testing::internal::FunctionMockerBase<int __cdecl(struct webrtc::VideoCodec const *,int,unsigned int)>::AddNewExpectation(char const *,int,class std::basic_string<char,struct std::char_traits<char>,class std::allocator<char> > const &,class std::tr1::tuple<class testing::Matcher<struct webrtc::VideoCodec const *>,class testing::Matcher<int>,class testing::Matcher<unsigned int>,struct std::tr1::_Nil,struct std::tr1::_Nil,struct std::tr1::_Nil,struct std::tr1::_Nil,struct std::tr1::_Nil,struct std::tr1::_Nil,struct std::tr1::_Nil> const &)" (?AddNewExpectation@?$FunctionMockerBase@$$A6AHPBUVideoCodec@webrtc@@HI@Z@internal@testing@@IAEAAV?$TypedExpectation@$$A6AHPBUVideoCodec@webrtc@@HI@Z@23@PBDHABV?$basic_string@DU?$char_traits@D@std@@V?$allocator@D@2@@std@@ABV?$tuple@V?$Matcher@PBUVideoCodec@webrtc@@@testing@@V?$Matcher@H@2@V?$Matcher@I@2@U_Nil@tr1@std@@U567@U567@U567@U567@U567@U567@@tr1@6@@Z)
     1>videoprocessor_unittest.obj : error LNK2001: unresolved external symbol "class testing::internal::ThreadLocal<class testing::Sequence *> testing::internal::g_gmock_implicit_sequence" (?g_gmock_implicit_sequence@internal@testing@@3V?$ThreadLocal@PAVSequence@testing@@@12@A)
     1>videoprocessor_unittest.obj : error LNK2019: unresolved external symbol "private: static void __cdecl testing::Mock::RegisterUseByOnCallOrExpectCall(void const *,char const *,int)" (?RegisterUseByOnCallOrExpectCall@Mock@testing@@CAXPBXPBDH@Z) referenced in function "protected: class testing::internal::TypedExpectation<int __cdecl(struct webrtc::VideoCodec const *,int,unsigned int)> & __thiscall testing::internal::FunctionMockerBase<int __cdecl(struct webrtc::VideoCodec const *,int,unsigned int)>::AddNewExpectation(char const *,int,class std::basic_string<char,struct std::char_traits<char>,class std::allocator<char> > const &,class std::tr1::tuple<class testing::Matcher<struct webrtc::VideoCodec const *>,class testing::Matcher<int>,class testing::Matcher<unsigned int>,struct std::tr1::_Nil,struct std::tr1::_Nil,struct std::tr1::_Nil,struct std::tr1::_Nil,struct std::tr1::_Nil,struct std::tr1::_Nil,struct std::tr1::_Nil> const &)" (?AddNewExpectation@?$FunctionMockerBase@$$A6AHPBUVideoCodec@webrtc@@HI@Z@internal@testing@@IAEAAV?$TypedExpectation@$$A6AHPBUVideoCodec@webrtc@@HI@Z@23@PBDHABV?$basic_string@DU?$char_traits@D@std@@V?$allocator@D@2@@std@@ABV?$tuple@V?$Matcher@PBUVideoCodec@webrtc@@@testing@@V?$Matcher@H@2@V?$Matcher@I@2@U_Nil@tr1@std@@U567@U567@U567@U567@U567@U567@@tr1@6@@Z)
     1>videoprocessor_unittest.obj : error LNK2019: unresolved external symbol "public: void const * __thiscall testing::internal::UntypedFunctionMockerBase::MockObject(void)const " (?MockObject@UntypedFunctionMockerBase@internal@testing@@QBEPBXXZ) referenced in function "protected: class testing::internal::TypedExpectation<int __cdecl(struct webrtc::VideoCodec const *,int,unsigned int)> & __thiscall testing::internal::FunctionMockerBase<int __cdecl(struct webrtc::VideoCodec const *,int,unsigned int)>::AddNewExpectation(char const *,int,class std::basic_string<char,struct std::char_traits<char>,class std::allocator<char> > const &,class std::tr1::tuple<class testing::Matcher<struct webrtc::VideoCodec const *>,class testing::Matcher<int>,class testing::Matcher<unsigned int>,struct std::tr1::_Nil,struct std::tr1::_Nil,struct std::tr1::_Nil,struct std::tr1::_Nil,struct std::tr1::_Nil,struct std::tr1::_Nil,struct std::tr1::_Nil> const &)" (?AddNewExpectation@?$FunctionMockerBase@$$A6AHPBUVideoCodec@webrtc@@HI@Z@internal@testing@@IAEAAV?$TypedExpectation@$$A6AHPBUVideoCodec@webrtc@@HI@Z@23@PBDHABV?$basic_string@DU?$char_traits@D@std@@V?$allocator@D@2@@std@@ABV?$tuple@V?$Matcher@PBUVideoCodec@webrtc@@@testing@@V?$Matcher@H@2@V?$Matcher@I@2@U_Nil@tr1@std@@U567@U567@U567@U567@U567@U567@@tr1@6@@Z)
     1>videoprocessor_unittest.obj : error LNK2019: unresolved external symbol "public: __thiscall testing::internal::ExpectationBase::ExpectationBase(char const *,int,class std::basic_string<char,struct std::char_traits<char>,class std::allocator<char> > const &)" (??0ExpectationBase@internal@testing@@QAE@PBDHABV?$basic_string@DU?$char_traits@D@std@@V?$allocator@D@2@@std@@@Z) referenced in function "public: __thiscall testing::internal::TypedExpectation<int __cdecl(struct webrtc::VideoCodec const *,int,unsigned int)>::TypedExpectation<int __cdecl(struct webrtc::VideoCodec const *,int,unsigned int)>(class testing::internal::FunctionMockerBase<int __cdecl(struct webrtc::VideoCodec const *,int,unsigned int)> *,char const *,int,class std::basic_string<char,struct std::char_traits<char>,class std::allocator<char> > const &,class std::tr1::tuple<class testing::Matcher<struct webrtc::VideoCodec const *>,class testing::Matcher<int>,class testing::Matcher<unsigned int>,struct std::tr1::_Nil,struct std::tr1::_Nil,struct std::tr1::_Nil,struct std::tr1::_Nil,struct std::tr1::_Nil,struct std::tr1::_Nil,struct std::tr1::_Nil> const &)" (??0?$TypedExpectation@$$A6AHPBUVideoCodec@webrtc@@HI@Z@internal@testing@@QAE@PAV?$FunctionMockerBase@$$A6AHPBUVideoCodec@webrtc@@HI@Z@12@PBDHABV?$basic_string@DU?$char_traits@D@std@@V?$allocator@D@2@@std@@ABV?$tuple@V?$Matcher@PBUVideoCodec@webrtc@@@testing@@V?$Matcher@H@2@V?$Matcher@I@2@U_Nil@tr1@std@@U567@U567@U567@U567@U567@U567@@tr1@5@@Z)
     1>videoprocessor_unittest.obj : error LNK2019: unresolved external symbol "protected: class testing::Expectation __thiscall testing::internal::UntypedFunctionMockerBase::GetHandleOf(class testing::internal::ExpectationBase *)" (?GetHandleOf@UntypedFunctionMockerBase@internal@testing@@IAE?AVExpectation@3@PAVExpectationBase@23@@Z) referenced in function "private: virtual class testing::Expectation __thiscall testing::internal::TypedExpectation<int __cdecl(struct webrtc::VideoCodec const *,int,unsigned int)>::GetHandle(void)" (?GetHandle@?$TypedExpectation@$$A6AHPBUVideoCodec@webrtc@@HI@Z@internal@testing@@EAE?AVExpectation@3@XZ)
     1>videoprocessor_unittest.obj : error LNK2019: unresolved external symbol "public: virtual __thiscall testing::internal::ExpectationBase::~ExpectationBase(void)" (??1ExpectationBase@internal@testing@@UAE@XZ) referenced in function "public: virtual __thiscall testing::internal::TypedExpectation<int __cdecl(struct webrtc::VideoCodec const *,int,unsigned int)>::~TypedExpectation<int __cdecl(struct webrtc::VideoCodec const *,int,unsigned int)>(void)" (??1?$TypedExpectation@$$A6AHPBUVideoCodec@webrtc@@HI@Z@internal@testing@@UAE@XZ)
     1>videoprocessor_unittest.obj : error LNK2019: unresolved external symbol "protected: void __thiscall testing::internal::ExpectationBase::CheckActionCountIfNotDone(void)const " (?CheckActionCountIfNotDone@ExpectationBase@internal@testing@@IBEXXZ) referenced in function "public: virtual __thiscall testing::internal::TypedExpectation<int __cdecl(struct webrtc::VideoCodec const *,int,unsigned int)>::~TypedExpectation<int __cdecl(struct webrtc::VideoCodec const *,int,unsigned int)>(void)" (??1?$TypedExpectation@$$A6AHPBUVideoCodec@webrtc@@HI@Z@internal@testing@@UAE@XZ)
     1>videoprocessor_unittest.obj : error LNK2019: unresolved external symbol "public: virtual __thiscall webrtc::test::Stats::~Stats(void)" (??1Stats@test@webrtc@@UAE@XZ) referenced in function "protected: virtual __thiscall webrtc::test::VideoProcessorTest::~VideoProcessorTest(void)" (??1VideoProcessorTest@test@webrtc@@MAE@XZ)
     1>videoprocessor_unittest.obj : error LNK2019: unresolved external symbol "public: void __thiscall testing::internal::UntypedFunctionMockerBase::SetOwnerAndName(void const *,char const *)" (?SetOwnerAndName@UntypedFunctionMockerBase@internal@testing@@QAEXPBXPBD@Z) referenced in function "public: virtual int __thiscall webrtc::MockVideoEncoder::Version(char *,int)const " (?Version@MockVideoEncoder@webrtc@@UBEHPADH@Z)
     1>videoprocessor_unittest.obj : error LNK2019: unresolved external symbol "public: __thiscall testing::internal::UntypedFunctionMockerBase::UntypedFunctionMockerBase(void)" (??0UntypedFunctionMockerBase@internal@testing@@QAE@XZ) referenced in function "public: __thiscall testing::internal::FunctionMockerBase<int __cdecl(class webrtc::EncodedImage *)>::FunctionMockerBase<int __cdecl(class webrtc::EncodedImage *)>(void)" (??0?$FunctionMockerBase@$$A6AHPAVEncodedImage@webrtc@@@Z@internal@testing@@QAE@XZ)
     1>videoprocessor_unittest.obj : error LNK2019: unresolved external symbol "public: virtual __thiscall testing::internal::UntypedFunctionMockerBase::~UntypedFunctionMockerBase(void)" (??1UntypedFunctionMockerBase@internal@testing@@UAE@XZ) referenced in function "public: virtual __thiscall testing::internal::FunctionMockerBase<int __cdecl(class webrtc::EncodedImage *)>::~FunctionMockerBase<int __cdecl(class webrtc::EncodedImage *)>(void)" (??1?$FunctionMockerBase@$$A6AHPAVEncodedImage@webrtc@@@Z@internal@testing@@UAE@XZ)
     1>videoprocessor_unittest.obj : error LNK2019: unresolved external symbol "private: static void __cdecl testing::Mock::UnregisterLocked(class testing::internal::UntypedFunctionMockerBase *)" (?UnregisterLocked@Mock@testing@@CAXPAVUntypedFunctionMockerBase@internal@2@@Z) referenced in function "public: virtual __thiscall testing::internal::FunctionMockerBase<int __cdecl(class webrtc::EncodedImage *)>::~FunctionMockerBase<int __cdecl(class webrtc::EncodedImage *)>(void)" (??1?$FunctionMockerBase@$$A6AHPAVEncodedImage@webrtc@@@Z@internal@testing@@UAE@XZ)
     1>videoprocessor_unittest.obj : error LNK2019: unresolved external symbol "public: bool __thiscall testing::internal::UntypedFunctionMockerBase::VerifyAndClearExpectationsLocked(void)" (?VerifyAndClearExpectationsLocked@UntypedFunctionMockerBase@internal@testing@@QAE_NXZ) referenced in function "public: virtual __thiscall testing::internal::FunctionMockerBase<int __cdecl(class webrtc::EncodedImage *)>::~FunctionMockerBase<int __cdecl(class webrtc::EncodedImage *)>(void)" (??1?$FunctionMockerBase@$$A6AHPAVEncodedImage@webrtc@@@Z@internal@testing@@UAE@XZ)
     1>videoprocessor_unittest.obj : error LNK2001: unresolved external symbol "class testing::internal::Mutex testing::internal::g_gmock_mutex" (?g_gmock_mutex@internal@testing@@3VMutex@12@A)
     1>videoprocessor_unittest.obj : error LNK2019: unresolved external symbol "public: char const * __thiscall testing::internal::UntypedFunctionMockerBase::Name(void)const " (?Name@UntypedFunctionMockerBase@internal@testing@@QBEPBDXZ) referenced in function "private: virtual void __thiscall testing::internal::FunctionMockerBase<int __cdecl(class webrtc::EncodedImage *)>::UntypedDescribeUninterestingCall(void const *,class std::basic_ostream<char,struct std::char_traits<char> > *)const " (?UntypedDescribeUninterestingCall@?$FunctionMockerBase@$$A6AHPAVEncodedImage@webrtc@@@Z@internal@testing@@EBEXPBXPAV?$basic_ostream@DU?$char_traits@D@std@@@std@@@Z)
     1>videoprocessor_unittest.obj : error LNK2019: unresolved external symbol "public: class testing::internal::UntypedActionResultHolderBase const * __thiscall testing::internal::UntypedFunctionMockerBase::UntypedInvokeWith(void const *)" (?UntypedInvokeWith@UntypedFunctionMockerBase@internal@testing@@QAEPBVUntypedActionResultHolderBase@23@PBX@Z) referenced in function "protected: int __thiscall testing::internal::FunctionMockerBase<int __cdecl(class webrtc::EncodedImage *)>::InvokeWith(class std::tr1::tuple<class webrtc::EncodedImage *,struct std::tr1::_Nil,struct std::tr1::_Nil,struct std::tr1::_Nil,struct std::tr1::_Nil,struct std::tr1::_Nil,struct std::tr1::_Nil,struct std::tr1::_Nil,struct std::tr1::_Nil,struct std::tr1::_Nil> const &)" (?InvokeWith@?$FunctionMockerBase@$$A6AHPAVEncodedImage@webrtc@@@Z@internal@testing@@IAEHABV?$tuple@PAVEncodedImage@webrtc@@U_Nil@tr1@std@@U345@U345@U345@U345@U345@U345@U345@U345@@tr1@std@@@Z)
     1>videoprocessor_unittest.obj : error LNK2019: unresolved external symbol "class std::basic_string<char,struct std::char_traits<char>,class std::allocator<char> > __cdecl testing::internal::FormatFileLocation(char const *,int)" (?FormatFileLocation@internal@testing@@YA?AV?$basic_string@DU?$char_traits@D@std@@V?$allocator@D@2@@std@@PBDH@Z) referenced in function "private: void __thiscall testing::internal::FunctionMockerBase<int __cdecl(class webrtc::EncodedImage *)>::DescribeDefaultActionTo(class std::tr1::tuple<class webrtc::EncodedImage *,struct std::tr1::_Nil,struct std::tr1::_Nil,struct std::tr1::_Nil,struct std::tr1::_Nil,struct std::tr1::_Nil,struct std::tr1::_Nil,struct std::tr1::_Nil,struct std::tr1::_Nil,struct std::tr1::_Nil> const &,class std::basic_ostream<char,struct std::char_traits<char> > *)const " (?DescribeDefaultActionTo@?$FunctionMockerBase@$$A6AHPAVEncodedImage@webrtc@@@Z@internal@testing@@ABEXABV?$tuple@PAVEncodedImage@webrtc@@U_Nil@tr1@std@@U345@U345@U345@U345@U345@U345@U345@U345@@tr1@std@@PAV?$basic_ostream@DU?$char_traits@D@std@@@6@@Z)
     1>videoprocessor_unittest.obj : error LNK2019: unresolved external symbol "protected: void __thiscall testing::internal::ExpectationBase::RetireAllPreRequisites(void)" (?RetireAllPreRequisites@ExpectationBase@internal@testing@@IAEXXZ) referenced in function "private: class testing::Action<int __cdecl(struct webrtc::VideoCodec const *,int,unsigned int)> const * __thiscall testing::internal::TypedExpectation<int __cdecl(struct webrtc::VideoCodec const *,int,unsigned int)>::GetActionForArguments(class testing::internal::FunctionMockerBase<int __cdecl(struct webrtc::VideoCodec const *,int,unsigned int)> const *,class std::tr1::tuple<struct webrtc::VideoCodec const *,int,unsigned int,struct std::tr1::_Nil,struct std::tr1::_Nil,struct std::tr1::_Nil,struct std::tr1::_Nil,struct std::tr1::_Nil,struct std::tr1::_Nil,struct std::tr1::_Nil> const &,class std::basic_ostream<char,struct std::char_traits<char> > *,class std::basic_ostream<char,struct std::char_traits<char> > *)" (?GetActionForArguments@?$TypedExpectation@$$A6AHPBUVideoCodec@webrtc@@HI@Z@internal@testing@@AAEPBV?$Action@$$A6AHPBUVideoCodec@webrtc@@HI@Z@3@PBV?$FunctionMockerBase@$$A6AHPBUVideoCodec@webrtc@@HI@Z@23@ABV?$tuple@PBUVideoCodec@webrtc@@HIU_Nil@tr1@std@@U345@U345@U345@U345@U345@U345@@tr1@std@@PAV?$basic_ostream@DU?$char_traits@D@std@@@8@2@Z)
     1>videoprocessor_unittest.obj : error LNK2019: unresolved external symbol "public: void __thiscall testing::internal::ExpectationBase::DescribeCallCountTo(class std::basic_ostream<char,struct std::char_traits<char> > *)const " (?DescribeCallCountTo@ExpectationBase@internal@testing@@QBEXPAV?$basic_ostream@DU?$char_traits@D@std@@@std@@@Z) referenced in function "private: class testing::Action<int __cdecl(struct webrtc::VideoCodec const *,int,unsigned int)> const * __thiscall testing::internal::TypedExpectation<int __cdecl(struct webrtc::VideoCodec const *,int,unsigned int)>::GetActionForArguments(class testing::internal::FunctionMockerBase<int __cdecl(struct webrtc::VideoCodec const *,int,unsigned int)> const *,class std::tr1::tuple<struct webrtc::VideoCodec const *,int,unsigned int,struct std::tr1::_Nil,struct std::tr1::_Nil,struct std::tr1::_Nil,struct std::tr1::_Nil,struct std::tr1::_Nil,struct std::tr1::_Nil,struct std::tr1::_Nil> const &,class std::basic_ostream<char,struct std::char_traits<char> > *,class std::basic_ostream<char,struct std::char_traits<char> > *)" (?GetActionForArguments@?$TypedExpectation@$$A6AHPBUVideoCodec@webrtc@@HI@Z@internal@testing@@AAEPBV?$Action@$$A6AHPBUVideoCodec@webrtc@@HI@Z@3@PBV?$FunctionMockerBase@$$A6AHPBUVideoCodec@webrtc@@HI@Z@23@ABV?$tuple@PBUVideoCodec@webrtc@@HIU_Nil@tr1@std@@U345@U345@U345@U345@U345@U345@@tr1@std@@PAV?$basic_ostream@DU?$char_traits@D@std@@@8@2@Z)
     1>videoprocessor_unittest.obj : error LNK2019: unresolved external symbol "protected: bool __thiscall testing::internal::ExpectationBase::AllPrerequisitesAreSatisfied(void)const " (?AllPrerequisitesAreSatisfied@ExpectationBase@internal@testing@@IBE_NXZ) referenced in function "private: bool __thiscall testing::internal::TypedExpectation<int __cdecl(struct webrtc::VideoCodec const *,int,unsigned int)>::ShouldHandleArguments(class std::tr1::tuple<struct webrtc::VideoCodec const *,int,unsigned int,struct std::tr1::_Nil,struct std::tr1::_Nil,struct std::tr1::_Nil,struct std::tr1::_Nil,struct std::tr1::_Nil,struct std::tr1::_Nil,struct std::tr1::_Nil> const &)const " (?ShouldHandleArguments@?$TypedExpectation@$$A6AHPBUVideoCodec@webrtc@@HI@Z@internal@testing@@ABE_NABV?$tuple@PBUVideoCodec@webrtc@@HIU_Nil@tr1@std@@U345@U345@U345@U345@U345@U345@@tr1@std@@@Z)
     1>videoprocessor_unittest.obj : error LNK2019: unresolved external symbol "void __cdecl testing::internal::Log(enum testing::internal::LogSeverity,class std::basic_string<char,struct std::char_traits<char>,class std::allocator<char> > const &,int)" (?Log@internal@testing@@YAXW4LogSeverity@12@ABV?$basic_string@DU?$char_traits@D@std@@V?$allocator@D@2@@std@@H@Z) referenced in function "private: class testing::Action<int __cdecl(struct webrtc::VideoCodec const *,int,unsigned int)> const & __thiscall testing::internal::TypedExpectation<int __cdecl(struct webrtc::VideoCodec const *,int,unsigned int)>::GetCurrentAction(class testing::internal::FunctionMockerBase<int __cdecl(struct webrtc::VideoCodec const *,int,unsigned int)> const *,class std::tr1::tuple<struct webrtc::VideoCodec const *,int,unsigned int,struct std::tr1::_Nil,struct std::tr1::_Nil,struct std::tr1::_Nil,struct std::tr1::_Nil,struct std::tr1::_Nil,struct std::tr1::_Nil,struct std::tr1::_Nil> const &)const " (?GetCurrentAction@?$TypedExpectation@$$A6AHPBUVideoCodec@webrtc@@HI@Z@internal@testing@@ABEABV?$Action@$$A6AHPBUVideoCodec@webrtc@@HI@Z@3@PBV?$FunctionMockerBase@$$A6AHPBUVideoCodec@webrtc@@HI@Z@23@ABV?$tuple@PBUVideoCodec@webrtc@@HIU_Nil@tr1@std@@U345@U345@U345@U345@U345@U345@@tr1@std@@@Z)
     1>videoprocessor_unittest.obj : error LNK2019: unresolved external symbol "protected: void __thiscall testing::internal::ExpectationBase::FindUnsatisfiedPrerequisites(class testing::ExpectationSet *)const " (?FindUnsatisfiedPrerequisites@ExpectationBase@internal@testing@@IBEXPAVExpectationSet@3@@Z) referenced in function "private: void __thiscall testing::internal::TypedExpectation<int __cdecl(struct webrtc::VideoCodec const *,int,unsigned int)>::ExplainMatchResultTo(class std::tr1::tuple<struct webrtc::VideoCodec const *,int,unsigned int,struct std::tr1::_Nil,struct std::tr1::_Nil,struct std::tr1::_Nil,struct std::tr1::_Nil,struct std::tr1::_Nil,struct std::tr1::_Nil,struct std::tr1::_Nil> const &,class std::basic_ostream<char,struct std::char_traits<char> > *)const " (?ExplainMatchResultTo@?$TypedExpectation@$$A6AHPBUVideoCodec@webrtc@@HI@Z@internal@testing@@ABEXABV?$tuple@PBUVideoCodec@webrtc@@HIU_Nil@tr1@std@@U345@U345@U345@U345@U345@U345@@tr1@std@@PAV?$basic_ostream@DU?$char_traits@D@std@@@6@@Z)
     1>videoprocessor_unittest.obj : error LNK2019: unresolved external symbol "void __cdecl testing::internal::PrintTo(char const *,class std::basic_ostream<char,struct std::char_traits<char> > *)" (?PrintTo@internal@testing@@YAXPBDPAV?$basic_ostream@DU?$char_traits@D@std@@@std@@@Z) referenced in function "void __cdecl testing::internal::PrintTo(char *,class std::basic_ostream<char,struct std::char_traits<char> > *)" (?PrintTo@internal@testing@@YAXPADPAV?$basic_ostream@DU?$char_traits@D@std@@@std@@@Z)
     1>videoprocessor_unittest.obj : error LNK2019: unresolved external symbol "void __cdecl testing::internal2::PrintBytesInObjectTo(unsigned char const *,unsigned int,class std::basic_ostream<char,struct std::char_traits<char> > *)" (?PrintBytesInObjectTo@internal2@testing@@YAXPBEIPAV?$basic_ostream@DU?$char_traits@D@std@@@std@@@Z) referenced in function "public: static void __cdecl testing::internal2::TypeWithoutFormatter<class webrtc::RawImage,2>::PrintValue(class webrtc::RawImage const &,class std::basic_ostream<char,struct std::char_traits<char> > *)" (?PrintValue@?$TypeWithoutFormatter@VRawImage@webrtc@@$01@internal2@testing@@SAXABVRawImage@webrtc@@PAV?$basic_ostream@DU?$char_traits@D@std@@@std@@@Z)
     1>packet_manipulator_unittest.obj : error LNK2019: unresolved external symbol "public: virtual __thiscall webrtc::test::PacketManipulatorImpl::~PacketManipulatorImpl(void)" (??1PacketManipulatorImpl@test@webrtc@@UAE@XZ) referenced in function "private: virtual void __thiscall webrtc::test::PacketManipulatorTest_Constructor_Test::TestBody(void)" (?TestBody@PacketManipulatorTest_Constructor_Test@test@webrtc@@EAEXXZ)
     1>packet_manipulator_unittest.obj : error LNK2019: unresolved external symbol "public: __thiscall webrtc::test::PacketManipulatorImpl::PacketManipulatorImpl(class webrtc::test::PacketReader *,struct webrtc::test::NetworkingConfig const &,bool)" (??0PacketManipulatorImpl@test@webrtc@@QAE@PAVPacketReader@12@ABUNetworkingConfig@12@_N@Z) referenced in function "private: virtual void __thiscall webrtc::test::PacketManipulatorTest_Constructor_Test::TestBody(void)" (?TestBody@PacketManipulatorTest_Constructor_Test@test@webrtc@@EAEXXZ)
     1>packet_manipulator_unittest.obj : error LNK2019: unresolved external symbol "public: virtual int __thiscall webrtc::test::PacketManipulatorImpl::ManipulatePackets(class webrtc::EncodedImage *)" (?ManipulatePackets@PacketManipulatorImpl@test@webrtc@@UAEHPAVEncodedImage@3@@Z) referenced in function "private: virtual void __thiscall webrtc::test::PacketManipulatorTest_DropNone_Test::TestBody(void)" (?TestBody@PacketManipulatorTest_DropNone_Test@test@webrtc@@EAEXXZ)
     1>packet_manipulator_unittest.obj : error LNK2019: unresolved external symbol "class testing::internal::String __cdecl testing::internal::GetBoolAssertionFailureMessage(class testing::AssertionResult const &,char const *,char const *,char const *)" (?GetBoolAssertionFailureMessage@internal@testing@@YA?AVString@12@ABVAssertionResult@2@PBD11@Z) referenced in function "public: void __thiscall webrtc::test::PredictivePacketManipulatorImpl::AddRandomResult(double)" (?AddRandomResult@PredictivePacketManipulatorImpl@test@webrtc@@QAEXN@Z)
     1>packet_manipulator_unittest.obj : error LNK2019: unresolved external symbol "public: __thiscall testing::AssertionResult::AssertionResult(class testing::AssertionResult const &)" (??0AssertionResult@testing@@QAE@ABV01@@Z) referenced in function "class testing::AssertionResult __cdecl testing::internal::CmpHelperGT<unsigned int,unsigned int>(char const *,char const *,unsigned int const &,unsigned int const &)" (??$CmpHelperGT@II@internal@testing@@YA?AVAssertionResult@1@PBD0ABI1@Z)
     1>packet_manipulator_unittest.obj : error LNK2019: unresolved external symbol "class testing::AssertionResult __cdecl testing::AssertionFailure(void)" (?AssertionFailure@testing@@YA?AVAssertionResult@1@XZ) referenced in function "class testing::AssertionResult __cdecl testing::internal::CmpHelperGT<unsigned int,unsigned int>(char const *,char const *,unsigned int const &,unsigned int const &)" (??$CmpHelperGT@II@internal@testing@@YA?AVAssertionResult@1@PBD0ABI1@Z)
     1>packet_manipulator_unittest.obj : error LNK2019: unresolved external symbol "class testing::internal::String __cdecl testing::internal::StringStreamToString(class std::basic_stringstream<char,struct std::char_traits<char>,class std::allocator<char> > *)" (?StringStreamToString@internal@testing@@YA?AVString@12@PAV?$basic_stringstream@DU?$char_traits@D@std@@V?$allocator@D@2@@std@@@Z) referenced in function "public: class testing::internal::String __thiscall testing::Message::GetString(void)const " (?GetString@Message@testing@@QBE?AVString@internal@2@XZ)
     1>packet_manipulator_unittest.obj : error LNK2019: unresolved external symbol "public: __thiscall webrtc::test::PacketReader::PacketReader(void)" (??0PacketReader@test@webrtc@@QAE@XZ) referenced in function "protected: __thiscall webrtc::test::PacketManipulatorTest::PacketManipulatorTest(void)" (??0PacketManipulatorTest@test@webrtc@@IAE@XZ)
     1>packet_manipulator_unittest.obj : error LNK2019: unresolved external symbol "public: virtual __thiscall webrtc::test::PacketReader::~PacketReader(void)" (??1PacketReader@test@webrtc@@UAE@XZ) referenced in function "protected: virtual __thiscall webrtc::test::PacketManipulatorTest::~PacketManipulatorTest(void)" (??1PacketManipulatorTest@test@webrtc@@MAE@XZ)
     1>LIBCMTD.lib(crt0.obj) : error LNK2019: unresolved external symbol _main referenced in function ___tmainCRTStartup
     1>../..\build\Debug\video_codecs_test_framework_unittests.exe : fatal error LNK1120: 60 unresolved externals
     1>Done Building Project "C:\cygwin\home\nsinha\trunk\src\modules\video_codecs_test_framework_unittests.vcxproj" (build target(s)) -- FAILED.

Build FAILED.

Time Elapsed 00:00:06.82
